#
# A fatal error has been detected by the Java Runtime Environment:
#
#  Internal Error (/wf/tortugo-jdk/src/hotspot/share/asm/assembler.hpp:237), pid=924428, tid=924446
#  assert(assm->inst_mark() == nullptr) failed: overlapping instructions
#
# JRE version: OpenJDK Runtime Environment (22.0) (fastdebug build 22-internal-adhoc.cesar.tortugo-jdk)
# Java VM: OpenJDK Server VM (fastdebug 22-internal-adhoc.cesar.tortugo-jdk, mixed mode, tiered, g1 gc, linux-x86)
# Problematic frame:
# V  [libjvm.so+0x4a9847]  Assembler::jccb_0(Assembler::Condition, Label&, char const*, int)+0x127
#
# Core dump will be written. Default location: Core dumps may be processed with "/usr/share/apport/apport -p%p -s%s -c%c -d%d -P%P -u%u -g%g -- %E" (or dumping to /wf/tortugo-jdk/make/core.924428)
#
# If you would like to submit a bug report, please visit:
#   https://bugreport.java.com/bugreport/crash.jsp
#

---------------  S U M M A R Y ------------

Command Line: -Xms64M -Xmx768M --add-exports=java.base/jdk.internal.module=ALL-UNNAMED build.tools.jigsaw.AddPackagesAttribute /wf/tortugo-jdk/build/linux-x86-server-fastdebug/jdk

Host: desktop, AMD Ryzen 7 1800X Eight-Core Processor, 16 cores, 62G, Ubuntu 22.04.3 LTS
Time: Tue Oct  3 10:00:32 2023 PDT elapsed time: 0.092070 seconds (0d 0h 0m 0s)

---------------  T H R E A D  ---------------

Current thread (0xb4da1c60):  JavaThread "C2 CompilerThread0" daemon [_thread_in_vm, id=924446, stack(0xb4740000,0xb4800000) (768K)]

Stack: [0xb4740000,0xb4800000],  sp=0xb47fd770,  free space=757k
Native frames: (J=compiled Java code, j=interpreted, Vv=VM code, C=native code)
V  [libjvm.so+0x4a9847]  Assembler::jccb_0(Assembler::Condition, Label&, char const*, int)+0x127  (assembler.hpp:237)
V  [libjvm.so+0x284741]  jmpCon_shortNode::emit(C2_MacroAssembler*, PhaseRegAlloc*) const+0xa1  (x86_32.ad:12777)
V  [libjvm.so+0x1183ad5]  PhaseOutput::fill_buffer(C2_MacroAssembler*, unsigned int*)+0x845  (output.cpp:1670)
V  [libjvm.so+0x1186a14]  PhaseOutput::Output()+0x694  (output.cpp:362)
V  [libjvm.so+0x845e9b]  Compile::Code_Gen()+0x63b  (compile.cpp:2989)
V  [libjvm.so+0x846ce3]  Compile::Compile(ciEnv*, TypeFunc const* (*)(), unsigned char*, char const*, int, bool, bool, DirectiveSet*)+0xcc3  (compile.cpp:985)
V  [libjvm.so+0x127c695]  OptoRuntime::generate_stub(ciEnv*, TypeFunc const* (*)(), unsigned char*, char const*, int, bool, bool)+0xe5  (runtime.cpp:187)
V  [libjvm.so+0x127d05e]  OptoRuntime::generate(ciEnv*)+0x3e  (runtime.cpp:149)
V  [libjvm.so+0x6ad58f]  C2Compiler::init_c2_runtime()+0x9f  (c2compiler.cpp:87)
V  [libjvm.so+0x6ad6ed]  C2Compiler::initialize()+0x9d  (c2compiler.cpp:100)
V  [libjvm.so+0x84ed15]  CompileBroker::init_compiler_runtime()+0x135  (compileBroker.cpp:1753)
V  [libjvm.so+0x85654d]  CompileBroker::compiler_thread_loop()+0x17d  (compileBroker.cpp:1895)
V  [libjvm.so+0x877714]  CompilerThread::thread_entry(JavaThread*, JavaThread*)+0x34  (compilerThread.cpp:58)
V  [libjvm.so+0xc6dbb2]  JavaThread::thread_main_inner()+0xe2  (javaThread.cpp:720)
V  [libjvm.so+0x14ce4ae]  Thread::call_run()+0xbe  (thread.cpp:220)
V  [libjvm.so+0x115d254]  thread_native_entry(Thread*)+0x144  (os_linux.cpp:786)
C  [libc.so.6+0x86b91]
Registers:
EAX=0xf7edb000, EBX=0xf7adfa70, ECX=0xee28178b, EDX=0xb4512ed8
ESP=0xb47fd770, EBP=0xb47fd798, ESI=0xb47fda54, EDI=0x00000000
EIP=0xf64a9847, EFLAGS=0x00010286, CR2=0x00000000f7edb000


Register to memory mapping:

EAX=0xf7edb000 in mmap'd memory region [0xf7edb000 - 0xf7edc000], tag mtInternal
EBX=0xf7adfa70: <offset 0x01adfa70> in /wf/tortugo-jdk/build/linux-x86-server-fastdebug/jdk/lib/server/libjvm.so at 0xf6000000
ECX=0xee28178b is at code_begin+43 in 
[CodeBlob (0xee281708)]
Framesize: 0
BufferBlob (0xee281708) used for Compile::Fill_buffer
EDX=0xb4512ed8 points into unknown readable memory: 0xffffffff | ff ff ff ff
ESP=0xb47fd770 is pointing into the stack for thread: 0xb4da1c60
EBP=0xb47fd798 is pointing into the stack for thread: 0xb4da1c60
ESI=0xb47fda54 is pointing into the stack for thread: 0xb4da1c60
EDI=0x0 is null

Top of Stack: (sp=0xb47fd770)
0xb47fd770:   abababab 000031e9 f761a51c 00000005
0xb47fd780:   abababab abababab f64a972b f7adfa70
0xb47fd790:   f7b41964 f7adfa70 b47fd7e8 f6284741
0xb47fd7a0:   b47fda54 00000005 b4512ed8 f761a51c
0xb47fd7b0:   000031e9 b47fdb80 f717d78b f7adfa70
0xb47fd7c0:   b47fdb80 b431a9ac b47fd7e8 b4512ed8
0xb47fd7d0:   b47fdcc4 b431a9ac f623808d f7adfa70
0xb47fd7e0:   b47fda54 b431c78c b47fda18 f7183ad5
0xb47fd7f0:   b431c78c b47fda54 b47fdb80 ee281760
0xb47fd800:   00000002 f7631954 baadbabe 00000000
0xb47fd810:   f7a7f6e0 f7789fc0 f7789778 00000004
0xb47fd820:   000001c0 f7aeb86c 0000005b ffffffff
0xb47fd830:   f6317330 00000030 f63170d0 f7a7f6d8
0xb47fd840:   00000010 00000000 0000001d f7b48dd8
0xb47fd850:   b4512d30 00000000 b4511ce0 f7ae1e64
0xb47fd860:   b4512d18 00000001 00000000 00000035
0xb47fd870:   00d20380 0000005d f7ae2b45 00000000
0xb47fd880:   00000000 b4512d78 b4512d68 b4512d58
0xb47fd890:   b4512d48 b4512d88 00000004 b47fd8f8
0xb47fd8a0:   0000001c b431bcb0 00000001 ee281760
0xb47fd8b0:   ee2817bd b47fda54 f7b41964 b47fdcc4
0xb47fd8c0:   b431c78c b431ab70 f74e8e2b b47fe554
0xb47fd8d0:   00000000 00000000 b47fd918 f6836908
0xb47fd8e0:   b47fd9cc fffffffe fffffffe f7adfa70
0xb47fd8f0:   ffffffff f7b41964 ffff0000 00000000
0xb47fd900:   00000000 b431bcb0 f683688b f7adfa00
0xb47fd910:   b47fe554 f7789f64 00000000 b47fe554
0xb47fd920:   00000000 f7789f64 00000000 b4511df0
0xb47fd930:   f7adfa70 f7b54b24 b47fd988 f7aeb86c
0xb47fd940:   f7642250 00000018 f7b48cb8 f7ae2df2
0xb47fd950:   b4511f50 f7b48dcd b47fdb80 f7aec260
0xb47fd960:   00000018 b47fd9b8 0000017e 00000000 

Instructions: (pc=0xf64a9847)
0xf64a9747:   e0 8b 45 18 89 45 dc 85 c9 8b 46 04 78 73 57 8b
0xf64a9757:   48 08 51 52 50 e8 af 0d 35 00 89 c1 8b 46 04 8b
0xf64a9767:   76 0c 83 c4 10 8b 50 08 8d 7a 02 89 7d d8 89 cf
0xf64a9777:   2b 7d d8 85 f6 74 0a 85 ff 0f 88 a2 00 00 00 01
0xf64a9787:   f7 8d b3 f4 1e 06 00 8b 36 85 f6 7f 11 89 fe 83
0xf64a9797:   ee 80 81 fe ff 00 00 00 0f 87 c4 00 00 00 29 d1
0xf64a97a7:   8b 55 e4 8d 65 f4 83 e9 02 81 e1 ff 00 00 00 83
0xf64a97b7:   ca 70 5b 5e 5f 5d e9 4e 92 ff ff 8d b6 00 00 00
0xf64a97c7:   00 8d 8b f4 1e 06 00 8b 39 85 ff 7e 64 8b 48 08
0xf64a97d7:   83 ec 0c 89 48 04 8b 45 dc 8b 4e 04 8b 7d e0 50
0xf64a97e7:   57 8b 39 8b 41 08 29 f8 0f be 79 28 c1 e0 02 09
0xf64a97f7:   f8 50 8b 41 2c 50 52 e8 4d 8b ff ff 8b 55 e4 8b
0xf64a9807:   46 04 83 c4 20 83 ca 70 31 c9 e8 fa 91 ff ff 8b
0xf64a9817:   46 04 c7 40 04 00 00 00 00 8d 65 f4 5b 5e 5f 5d
0xf64a9827:   c3 f7 de 01 f7 e9 57 ff ff ff 8d b4 26 00 00 00
0xf64a9837:   00 8b 48 04 85 c9 74 95 8d 83 90 24 00 00 8b 00
0xf64a9847:   c6 00 58 8d 83 a2 c1 b5 ff 50 8d 83 bc c1 b5 ff
0xf64a9857:   50 8d 83 64 9b b4 ff 68 ed 00 00 00 50 e8 97 06
0xf64a9867:   43 00 8d 83 90 24 00 00 8b 00 c6 00 58 50 50 8d
0xf64a9877:   83 a0 a1 b5 ff ff 75 dc ff 75 e0 50 8d 83 12 96
0xf64a9887:   b5 ff 50 8d 83 b0 99 b5 ff 68 a6 09 00 00 50 e8
0xf64a9897:   65 06 43 00 90 8d 74 26 00 55 89 e5 57 56 e8 2e
0xf64a98a7:   50 e7 ff 81 c7 c6 61 63 01 53 83 ec 4c 8d 97 f4
0xf64a98b7:   1e 06 00 8b 75 08 65 a1 14 00 00 00 89 45 e4 8b
0xf64a98c7:   46 04 8b 5d 0c 8b 0a 85 c9 0f 8e da 00 00 00 8b
0xf64a98d7:   48 08 89 55 b4 89 48 04 8d 55 d0 8b 03 8d 4b 18
0xf64a98e7:   89 45 b8 8b 43 04 89 45 bc 8b 43 08 89 45 c0 8b
0xf64a98f7:   43 0c 89 45 c4 8b 43 10 89 45 c8 8a 43 14 88 45
0xf64a9907:   cc 50 50 89 4d b0 8b 43 18 89 55 ac 52 51 ff 50
0xf64a9917:   08 8b 46 04 83 c4 10 8b 50 08 8b 48 08 41 c6 02
0xf64a9927:   ff 8b 55 b4 8b 12 85 d2 0f 8e b3 00 00 00 89 48
0xf64a9937:   08 8b 55 b0 8b 03 89 45 b8 8b 43 04 89 45 bc 8b 


Stack slot to memory mapping:

stack at sp + 0 slots: 0xabababab is an unknown value
stack at sp + 1 slots: 0x000031e9 is an unknown value
stack at sp + 2 slots: 0xf761a51c: <offset 0x0161a51c> in /wf/tortugo-jdk/build/linux-x86-server-fastdebug/jdk/lib/server/libjvm.so at 0xf6000000
stack at sp + 3 slots: 0x00000005 is an unknown value
stack at sp + 4 slots: 0xabababab is an unknown value
stack at sp + 5 slots: 0xabababab is an unknown value
stack at sp + 6 slots: 0xf64a972b: <offset 0x004a972b> in /wf/tortugo-jdk/build/linux-x86-server-fastdebug/jdk/lib/server/libjvm.so at 0xf6000000
stack at sp + 7 slots: 0xf7adfa70: <offset 0x01adfa70> in /wf/tortugo-jdk/build/linux-x86-server-fastdebug/jdk/lib/server/libjvm.so at 0xf6000000

Lock stack of current Java thread (top to bottom):


---------------  P R O C E S S  ---------------

uid  : 1000 euid : 1000 gid  : 1000 egid : 1000

umask: 0002 (-------w-)

Threads class SMR info:
_java_thread_list=0xb4387230, length=10, elements={
0xf5d19560, 0xb4d9b350, 0xb4d9c6b0, 0xb4d9de60,
0xb4d9f200, 0xb4da0520, 0xb4da1c60, 0xb4da30c0,
0xb2c19f20, 0xb4386520
}
_java_thread_list_alloc_cnt=11, _java_thread_list_free_cnt=9, _java_thread_list_max=10, _nested_thread_list_max=0
_tlh_cnt=19, _tlh_times=0, avg_tlh_time=0.00, _tlh_time_max=0
_delete_lock_wait_cnt=0, _delete_lock_wait_max=0
_to_delete_list_cnt=0, _to_delete_list_max=1

Java Threads: ( => current thread )
  0xf5d19560 JavaThread "main"                                      [_thread_blocked, id=924433, stack(0xf7e40000,0xf7e90000) (320K)]
  0xb4d9b350 JavaThread "Reference Handler"                  daemon [_thread_blocked, id=924441, stack(0xb572f000,0xb577f000) (320K)]
  0xb4d9c6b0 JavaThread "Finalizer"                          daemon [_thread_blocked, id=924442, stack(0xb552f000,0xb557f000) (320K)]
  0xb4d9de60 JavaThread "Signal Dispatcher"                  daemon [_thread_blocked, id=924443, stack(0xb522f000,0xb527f000) (320K)]
  0xb4d9f200 JavaThread "Service Thread"                     daemon [_thread_blocked, id=924444, stack(0xb502f000,0xb507f000) (320K)]
  0xb4da0520 JavaThread "Monitor Deflation Thread"           daemon [_thread_blocked, id=924445, stack(0xb4e2f000,0xb4e7f000) (320K)]
=>0xb4da1c60 JavaThread "C2 CompilerThread0"                 daemon [_thread_in_vm, id=924446, stack(0xb4740000,0xb4800000) (768K)]
  0xb4da30c0 JavaThread "C1 CompilerThread0"                 daemon [_thread_blocked, id=924447, stack(0xb4440000,0xb4500000) (768K)]
  0xb2c19f20 JavaThread "Common-Cleaner"                     daemon [_thread_blocked, id=924448, stack(0xb418e000,0xb41de000) (320K)]
  0xb4386520 JavaThread "C2 CompilerThread1"                 daemon [_thread_blocked, id=924449, stack(0xb40ce000,0xb418e000) (768K)]
Total: 10

Other Threads:
  0xb4d46380 VMThread "VM Thread"                                   [id=924440, stack(0xb4e80000,0xb4f00000) (512K)] _threads_hazard_ptr=0xb4387230, _nested_threads_hazard_ptr_cnt=0
  0xb54502e0 WatcherThread "VM Periodic Task Thread"                [id=924439, stack(0xb5080000,0xb5100000) (512K)]
  0xe6b25660 WorkerThread "GC Thread#0"                             [id=924434, stack(0xe6a80000,0xe6b00000) (512K)]
  0xe6b29c40 ConcurrentGCThread "G1 Main Marker"                    [id=924435, stack(0xb5a80000,0xb5b00000) (512K)]
  0xe6b2ab10 WorkerThread "G1 Conc#0"                               [id=924436, stack(0xb5780000,0xb5800000) (512K)]
  0xb5443c90 ConcurrentGCThread "G1 Refine#0"                       [id=924437, stack(0xb5580000,0xb5600000) (512K)]
  0xb5444b80 ConcurrentGCThread "G1 Service"                        [id=924438, stack(0xb5280000,0xb5300000) (512K)]
Total: 7

Threads with active compile tasks:
C1 CompilerThread0     1238  481       2       sun.nio.fs.UnixSecureDirectoryStream::<init> (26 bytes)
Total: 1

VM state: synchronizing (normal execution)

VM Mutex/Monitor currently owned by a thread:  ([mutex/lock_event])
[0xf7b55718] Threads_lock - owner thread: 0xb4d46380
[0xf7b55650] Heap_lock - owner thread: 0xf5d19560

GC Precious Log:
 CardTable entry size: 512
 Card Set container configuration: InlinePtr #cards 2 size 4 Array Of Cards #cards 10 size 32 Howl #buckets 4 coarsen threshold 1843 Howl Bitmap #cards 512 size 72 coarsen threshold 460 Card regions per heap region 1 cards per card region 2048
 CPUs: 16 total, 16 available
 Memory: 64222M
 Large Page Support: Disabled
 NUMA Support: Disabled
 Compressed Oops: Disabled
 Heap Region Size: 1M
 Heap Min Capacity: 64M
 Heap Initial Capacity: 64M
 Heap Max Capacity: 768M
 Pre-touch: Disabled
 Parallel Workers: 13
 Concurrent Workers: 3
 Concurrent Refinement Workers: 13
 Periodic GC: Disabled

Heap:
 garbage-first heap   total reserved 786432K, committed 65536K, used 23552K [0xb6a00000, 0xe6a00000)
  region size 1024K, 23 young (23552K), 0 survivors (0K)
 Metaspace       used 4886K, committed 4928K, reserved 16384K

Heap Regions: E=young(eden), S=young(survivor), O=old, HS=humongous(starts), HC=humongous(continues), CS=collection set, F=free, TAMS=top-at-mark-start, PB=parsable bottom
|   0|0xb6a00000, 0xb6a00000, 0xb6b00000|  0%| F|  |TAMS 0xb6a00000| PB 0xb6a00000| Untracked 
|   1|0xb6b00000, 0xb6b00000, 0xb6c00000|  0%| F|  |TAMS 0xb6b00000| PB 0xb6b00000| Untracked 
|   2|0xb6c00000, 0xb6c00000, 0xb6d00000|  0%| F|  |TAMS 0xb6c00000| PB 0xb6c00000| Untracked 
|   3|0xb6d00000, 0xb6d00000, 0xb6e00000|  0%| F|  |TAMS 0xb6d00000| PB 0xb6d00000| Untracked 
|   4|0xb6e00000, 0xb6e00000, 0xb6f00000|  0%| F|  |TAMS 0xb6e00000| PB 0xb6e00000| Untracked 
|   5|0xb6f00000, 0xb6f00000, 0xb7000000|  0%| F|  |TAMS 0xb6f00000| PB 0xb6f00000| Untracked 
|   6|0xb7000000, 0xb7000000, 0xb7100000|  0%| F|  |TAMS 0xb7000000| PB 0xb7000000| Untracked 
|   7|0xb7100000, 0xb7100000, 0xb7200000|  0%| F|  |TAMS 0xb7100000| PB 0xb7100000| Untracked 
|   8|0xb7200000, 0xb7200000, 0xb7300000|  0%| F|  |TAMS 0xb7200000| PB 0xb7200000| Untracked 
|   9|0xb7300000, 0xb7300000, 0xb7400000|  0%| F|  |TAMS 0xb7300000| PB 0xb7300000| Untracked 
|  10|0xb7400000, 0xb7400000, 0xb7500000|  0%| F|  |TAMS 0xb7400000| PB 0xb7400000| Untracked 
|  11|0xb7500000, 0xb7500000, 0xb7600000|  0%| F|  |TAMS 0xb7500000| PB 0xb7500000| Untracked 
|  12|0xb7600000, 0xb7600000, 0xb7700000|  0%| F|  |TAMS 0xb7600000| PB 0xb7600000| Untracked 
|  13|0xb7700000, 0xb7700000, 0xb7800000|  0%| F|  |TAMS 0xb7700000| PB 0xb7700000| Untracked 
|  14|0xb7800000, 0xb7800000, 0xb7900000|  0%| F|  |TAMS 0xb7800000| PB 0xb7800000| Untracked 
|  15|0xb7900000, 0xb7900000, 0xb7a00000|  0%| F|  |TAMS 0xb7900000| PB 0xb7900000| Untracked 
|  16|0xb7a00000, 0xb7a00000, 0xb7b00000|  0%| F|  |TAMS 0xb7a00000| PB 0xb7a00000| Untracked 
|  17|0xb7b00000, 0xb7b00000, 0xb7c00000|  0%| F|  |TAMS 0xb7b00000| PB 0xb7b00000| Untracked 
|  18|0xb7c00000, 0xb7c00000, 0xb7d00000|  0%| F|  |TAMS 0xb7c00000| PB 0xb7c00000| Untracked 
|  19|0xb7d00000, 0xb7d00000, 0xb7e00000|  0%| F|  |TAMS 0xb7d00000| PB 0xb7d00000| Untracked 
|  20|0xb7e00000, 0xb7e00000, 0xb7f00000|  0%| F|  |TAMS 0xb7e00000| PB 0xb7e00000| Untracked 
|  21|0xb7f00000, 0xb7f00000, 0xb8000000|  0%| F|  |TAMS 0xb7f00000| PB 0xb7f00000| Untracked 
|  22|0xb8000000, 0xb8000000, 0xb8100000|  0%| F|  |TAMS 0xb8000000| PB 0xb8000000| Untracked 
|  23|0xb8100000, 0xb8100000, 0xb8200000|  0%| F|  |TAMS 0xb8100000| PB 0xb8100000| Untracked 
|  24|0xb8200000, 0xb8200000, 0xb8300000|  0%| F|  |TAMS 0xb8200000| PB 0xb8200000| Untracked 
|  25|0xb8300000, 0xb8300000, 0xb8400000|  0%| F|  |TAMS 0xb8300000| PB 0xb8300000| Untracked 
|  26|0xb8400000, 0xb8400000, 0xb8500000|  0%| F|  |TAMS 0xb8400000| PB 0xb8400000| Untracked 
|  27|0xb8500000, 0xb8500000, 0xb8600000|  0%| F|  |TAMS 0xb8500000| PB 0xb8500000| Untracked 
|  28|0xb8600000, 0xb8600000, 0xb8700000|  0%| F|  |TAMS 0xb8600000| PB 0xb8600000| Untracked 
|  29|0xb8700000, 0xb8700000, 0xb8800000|  0%| F|  |TAMS 0xb8700000| PB 0xb8700000| Untracked 
|  30|0xb8800000, 0xb8800000, 0xb8900000|  0%| F|  |TAMS 0xb8800000| PB 0xb8800000| Untracked 
|  31|0xb8900000, 0xb8900000, 0xb8a00000|  0%| F|  |TAMS 0xb8900000| PB 0xb8900000| Untracked 
|  32|0xb8a00000, 0xb8a00000, 0xb8b00000|  0%| F|  |TAMS 0xb8a00000| PB 0xb8a00000| Untracked 
|  33|0xb8b00000, 0xb8b00000, 0xb8c00000|  0%| F|  |TAMS 0xb8b00000| PB 0xb8b00000| Untracked 
|  34|0xb8c00000, 0xb8c00000, 0xb8d00000|  0%| F|  |TAMS 0xb8c00000| PB 0xb8c00000| Untracked 
|  35|0xb8d00000, 0xb8d00000, 0xb8e00000|  0%| F|  |TAMS 0xb8d00000| PB 0xb8d00000| Untracked 
|  36|0xb8e00000, 0xb8e00000, 0xb8f00000|  0%| F|  |TAMS 0xb8e00000| PB 0xb8e00000| Untracked 
|  37|0xb8f00000, 0xb8f00000, 0xb9000000|  0%| F|  |TAMS 0xb8f00000| PB 0xb8f00000| Untracked 
|  38|0xb9000000, 0xb9000000, 0xb9100000|  0%| F|  |TAMS 0xb9000000| PB 0xb9000000| Untracked 
|  39|0xb9100000, 0xb9100000, 0xb9200000|  0%| F|  |TAMS 0xb9100000| PB 0xb9100000| Untracked 
|  40|0xb9200000, 0xb9200000, 0xb9300000|  0%| F|  |TAMS 0xb9200000| PB 0xb9200000| Untracked 
|  41|0xb9300000, 0xb9400000, 0xb9400000|100%| E|CS|TAMS 0xb9300000| PB 0xb9300000| Complete 
|  42|0xb9400000, 0xb9500000, 0xb9500000|100%| E|CS|TAMS 0xb9400000| PB 0xb9400000| Complete 
|  43|0xb9500000, 0xb9600000, 0xb9600000|100%| E|CS|TAMS 0xb9500000| PB 0xb9500000| Complete 
|  44|0xb9600000, 0xb9700000, 0xb9700000|100%| E|CS|TAMS 0xb9600000| PB 0xb9600000| Complete 
|  45|0xb9700000, 0xb9800000, 0xb9800000|100%| E|CS|TAMS 0xb9700000| PB 0xb9700000| Complete 
|  46|0xb9800000, 0xb9900000, 0xb9900000|100%| E|CS|TAMS 0xb9800000| PB 0xb9800000| Complete 
|  47|0xb9900000, 0xb9a00000, 0xb9a00000|100%| E|CS|TAMS 0xb9900000| PB 0xb9900000| Complete 
|  48|0xb9a00000, 0xb9b00000, 0xb9b00000|100%| E|CS|TAMS 0xb9a00000| PB 0xb9a00000| Complete 
|  49|0xb9b00000, 0xb9c00000, 0xb9c00000|100%| E|CS|TAMS 0xb9b00000| PB 0xb9b00000| Complete 
|  50|0xb9c00000, 0xb9d00000, 0xb9d00000|100%| E|CS|TAMS 0xb9c00000| PB 0xb9c00000| Complete 
|  51|0xb9d00000, 0xb9e00000, 0xb9e00000|100%| E|CS|TAMS 0xb9d00000| PB 0xb9d00000| Complete 
|  52|0xb9e00000, 0xb9f00000, 0xb9f00000|100%| E|CS|TAMS 0xb9e00000| PB 0xb9e00000| Complete 
|  53|0xb9f00000, 0xba000000, 0xba000000|100%| E|CS|TAMS 0xb9f00000| PB 0xb9f00000| Complete 
|  54|0xba000000, 0xba100000, 0xba100000|100%| E|CS|TAMS 0xba000000| PB 0xba000000| Complete 
|  55|0xba100000, 0xba200000, 0xba200000|100%| E|CS|TAMS 0xba100000| PB 0xba100000| Complete 
|  56|0xba200000, 0xba300000, 0xba300000|100%| E|CS|TAMS 0xba200000| PB 0xba200000| Complete 
|  57|0xba300000, 0xba400000, 0xba400000|100%| E|CS|TAMS 0xba300000| PB 0xba300000| Complete 
|  58|0xba400000, 0xba500000, 0xba500000|100%| E|CS|TAMS 0xba400000| PB 0xba400000| Complete 
|  59|0xba500000, 0xba600000, 0xba600000|100%| E|CS|TAMS 0xba500000| PB 0xba500000| Complete 
|  60|0xba600000, 0xba700000, 0xba700000|100%| E|CS|TAMS 0xba600000| PB 0xba600000| Complete 
|  61|0xba700000, 0xba800000, 0xba800000|100%| E|CS|TAMS 0xba700000| PB 0xba700000| Complete 
|  62|0xba800000, 0xba900000, 0xba900000|100%| E|CS|TAMS 0xba800000| PB 0xba800000| Complete 
|  63|0xba900000, 0xbaa00000, 0xbaa00000|100%| E|CS|TAMS 0xba900000| PB 0xba900000| Complete 

Card table byte_map: [0xb6700000,0xb6880000] _byte_map_base: 0xb614b000

Marking Bits: (CMBitMap*) 0xe6b262e8
 Bits: [0xb5b00000, 0xb6700000)

Polling page: 0xf7ed9000

Metaspace:

Usage:
    4.77 MB used.

Virtual space:
     16.00 MB reserved,       4.81 MB ( 30%) committed,  1 nodes.

Chunk freelists:
10.94 MB

MaxMetaspaceSize: unlimited
No class space
Initial GC threshold: 16.00 MB
Current GC threshold: 16.00 MB
CDS: off
 - commit_granule_bytes: 65536.
 - commit_granule_words: 16384.
 - virtual_space_node_default_size: 4194304.
 - enlarge_chunks_in_place: 1.
 - use_allocation_guard: 0.


Internal statistics:

num_allocs: 46281.
num_deallocs: 35.
num_allocs_from_deallocated_blocks: 67.
num_chunks_retired: 1.
num_allocs_failed_limit: 0.
num_arena_births: 31.
num_arena_deaths: 0.
num_vsnodes_births: 1.
num_vsnodes_deaths: 0.
num_space_committed: 77.
num_space_uncommitted: 0.
num_chunks_returned_to_freelist: 0.
num_chunks_taken_from_freelist: 32.
num_chunk_merges: 0.
num_chunk_splits: 30.
num_chunks_enlarged: 56.
num_inconsistent_stats: 0.

CodeHeap 'non-profiled nmethods': size=120172Kb used=58Kb max_used=58Kb free=120113Kb
 bounds [0xee7a5000, 0xee9e5000, 0xf5d00000]
CodeHeap 'profiled nmethods': size=120172Kb used=812Kb max_used=812Kb free=119359Kb
 bounds [0xe6d00000, 0xe6f40000, 0xee25b000]
CodeHeap 'non-nmethods': size=5416Kb used=990Kb max_used=990Kb free=4425Kb
 bounds [0xee25b000, 0xee49b000, 0xee7a5000]
 total_blobs=1036 nmethods=440 adapters=526
 compilation: enabled
              stopped_count=0, restarted_count=0
 full_count=0

Compilation events (1 events):
Event: 0.088 Thread 0xb4da30c0    1       3       java.lang.Object::<init> (1 bytes)

GC Heap History (0 events):
No events

Dll operation events (1 events):
Event: 0.002 Loaded shared library /wf/tortugo-jdk/build/linux-x86-server-fastdebug/jdk/lib/libjava.so

Deoptimization events (0 events):
No events

Classes loaded (20 events):
Event: 0.085 Loading class java/util/Collections$EmptyMap
Event: 0.085 Loading class java/util/Collections$EmptyMap done
Event: 0.085 Loading class java/lang/IllegalArgumentException
Event: 0.085 Loading class java/lang/IllegalArgumentException done
Event: 0.086 Loading class java/lang/invoke/MethodHandleStatics
Event: 0.086 Loading class java/lang/invoke/MethodHandleStatics done
Event: 0.086 Loading class java/lang/reflect/ClassFileFormatVersion
Event: 0.087 Loading class java/lang/reflect/ClassFileFormatVersion done
Event: 0.087 Loading class sun/security/action/GetPropertyAction
Event: 0.087 Loading class sun/security/action/GetPropertyAction done
Event: 0.087 Loading class jdk/internal/util/ClassFileDumper
Event: 0.087 Loading class jdk/internal/util/ClassFileDumper done
Event: 0.088 Loading class java/util/HexFormat
Event: 0.088 Loading class java/util/HexFormat done
Event: 0.088 Loading class java/util/HexFormat$Case
Event: 0.088 Loading class java/util/HexFormat$Case done
Event: 0.088 Loading class java/lang/Character$CharacterCache
Event: 0.088 Loading class java/lang/Character$CharacterCache done
Event: 0.088 Loading class java/util/concurrent/atomic/AtomicInteger
Event: 0.088 Loading class java/util/concurrent/atomic/AtomicInteger done

Classes unloaded (0 events):
No events

Classes redefined (0 events):
No events

Internal exceptions (0 events):
No events

ZGC Phase Switch (0 events):
No events

VM Operations (0 events):
No events

Events (16 events):
Event: 0.002 Protecting memory [0xf7e40000,0xf7e44000] with protection modes 0
Event: 0.008 Thread 0xf5d19560 Thread added: 0xf5d19560
Event: 0.083 Thread 0xb4d9b350 Thread added: 0xb4d9b350
Event: 0.083 Protecting memory [0xb572f000,0xb5733000] with protection modes 0
Event: 0.083 Thread 0xb4d9c6b0 Thread added: 0xb4d9c6b0
Event: 0.083 Protecting memory [0xb552f000,0xb5533000] with protection modes 0
Event: 0.085 Thread 0xb4d9de60 Thread added: 0xb4d9de60
Event: 0.085 Protecting memory [0xb522f000,0xb5233000] with protection modes 0
Event: 0.086 Thread 0xb4d9f200 Thread added: 0xb4d9f200
Event: 0.086 Protecting memory [0xb502f000,0xb5033000] with protection modes 0
Event: 0.086 Thread 0xb4da0520 Thread added: 0xb4da0520
Event: 0.086 Protecting memory [0xb4e2f000,0xb4e33000] with protection modes 0
Event: 0.086 Thread 0xb4da1c60 Thread added: 0xb4da1c60
Event: 0.086 Protecting memory [0xb4740000,0xb4744000] with protection modes 0
Event: 0.086 Thread 0xb4da30c0 Thread added: 0xb4da30c0
Event: 0.086 Protecting memory [0xb4440000,0xb4444000] with protection modes 0


Dynamic libraries:
5659c000-5659d000 r--p 00000000 fd:01 12754026                           /wf/tortugo-jdk/build/linux-x86-server-fastdebug/jdk/bin/java
5659d000-5659e000 r-xp 00001000 fd:01 12754026                           /wf/tortugo-jdk/build/linux-x86-server-fastdebug/jdk/bin/java
5659e000-5659f000 r--p 00002000 fd:01 12754026                           /wf/tortugo-jdk/build/linux-x86-server-fastdebug/jdk/bin/java
5659f000-565a0000 r--p 00002000 fd:01 12754026                           /wf/tortugo-jdk/build/linux-x86-server-fastdebug/jdk/bin/java
565a0000-565a1000 rw-p 00003000 fd:01 12754026                           /wf/tortugo-jdk/build/linux-x86-server-fastdebug/jdk/bin/java
57a69000-57a8b000 rw-p 00000000 00:00 0                                  [heap]
b2209000-b2600000 rw-p 00000000 00:00 0 
b2600000-b278a000 rw-p 00000000 00:00 0 
b278a000-b2800000 ---p 00000000 00:00 0 
b2800000-b2894000 rw-p 00000000 00:00 0 
b2894000-b2900000 ---p 00000000 00:00 0 
b2900000-b29f9000 rw-p 00000000 00:00 0 
b29f9000-b2a00000 ---p 00000000 00:00 0 
b2a00000-b2a21000 rw-p 00000000 00:00 0 
b2a21000-b2b00000 ---p 00000000 00:00 0 
b2b00000-b2b21000 rw-p 00000000 00:00 0 
b2b21000-b2c00000 ---p 00000000 00:00 0 
b2c00000-b2cfb000 rw-p 00000000 00:00 0 
b2cfb000-b2d00000 ---p 00000000 00:00 0 
b2d31000-b33f0000 rw-p 00000000 00:00 0 
b33f0000-b3410000 rw-p 00000000 00:00 0 
b3410000-b3500000 ---p 00000000 00:00 0 
b3500000-b35c0000 rw-p 00000000 00:00 0 
b35c0000-b4000000 ---p 00000000 00:00 0 
b40ce000-b40d2000 ---p 00000000 00:00 0 
b40d2000-b418e000 rw-p 00000000 00:00 0 
b418e000-b4192000 ---p 00000000 00:00 0 
b4192000-b4300000 rw-p 00000000 00:00 0 
b4300000-b43fa000 rw-p 00000000 00:00 0 
b43fa000-b4400000 ---p 00000000 00:00 0 
b4440000-b4444000 ---p 00000000 00:00 0 
b4444000-b4500000 rw-p 00000000 00:00 0 
b4500000-b453e000 rw-p 00000000 00:00 0 
b453e000-b4600000 ---p 00000000 00:00 0 
b4600000-b4621000 rw-p 00000000 00:00 0 
b4621000-b4700000 ---p 00000000 00:00 0 
b4740000-b4744000 ---p 00000000 00:00 0 
b4744000-b4800000 rw-p 00000000 00:00 0 
b4800000-b4821000 rw-p 00000000 00:00 0 
b4821000-b4900000 ---p 00000000 00:00 0 
b4900000-b4921000 rw-p 00000000 00:00 0 
b4921000-b4a00000 ---p 00000000 00:00 0 
b4a00000-b4a21000 rw-p 00000000 00:00 0 
b4a21000-b4b00000 ---p 00000000 00:00 0 
b4b00000-b4b21000 rw-p 00000000 00:00 0 
b4b21000-b4c00000 ---p 00000000 00:00 0 
b4c00000-b4c21000 rw-p 00000000 00:00 0 
b4c21000-b4d00000 ---p 00000000 00:00 0 
b4d00000-b4e00000 rw-p 00000000 00:00 0 
b4e2f000-b4e33000 ---p 00000000 00:00 0 
b4e33000-b4e7f000 rw-p 00000000 00:00 0 
b4e7f000-b4e80000 ---p 00000000 00:00 0 
b4e80000-b4f00000 rw-p 00000000 00:00 0 
b4f00000-b4f21000 rw-p 00000000 00:00 0 
b4f21000-b5000000 ---p 00000000 00:00 0 
b502f000-b5033000 ---p 00000000 00:00 0 
b5033000-b507f000 rw-p 00000000 00:00 0 
b507f000-b5080000 ---p 00000000 00:00 0 
b5080000-b5100000 rw-p 00000000 00:00 0 
b5100000-b5121000 rw-p 00000000 00:00 0 
b5121000-b5200000 ---p 00000000 00:00 0 
b522f000-b5233000 ---p 00000000 00:00 0 
b5233000-b527f000 rw-p 00000000 00:00 0 
b527f000-b5280000 ---p 00000000 00:00 0 
b5280000-b5300000 rw-p 00000000 00:00 0 
b5300000-b5321000 rw-p 00000000 00:00 0 
b5321000-b5400000 ---p 00000000 00:00 0 
b5400000-b5500000 rw-p 00000000 00:00 0 
b552f000-b5533000 ---p 00000000 00:00 0 
b5533000-b557f000 rw-p 00000000 00:00 0 
b557f000-b5580000 ---p 00000000 00:00 0 
b5580000-b5600000 rw-p 00000000 00:00 0 
b5600000-b5621000 rw-p 00000000 00:00 0 
b5621000-b5700000 ---p 00000000 00:00 0 
b572f000-b5733000 ---p 00000000 00:00 0 
b5733000-b577f000 rw-p 00000000 00:00 0 
b577f000-b5780000 ---p 00000000 00:00 0 
b5780000-b5800000 rw-p 00000000 00:00 0 
b5800000-b5821000 rw-p 00000000 00:00 0 
b5821000-b5900000 ---p 00000000 00:00 0 
b5900000-b5921000 rw-p 00000000 00:00 0 
b5921000-b5a00000 ---p 00000000 00:00 0 
b5a24000-b5a7f000 rw-p 00000000 00:00 0 
b5a7f000-b5a80000 ---p 00000000 00:00 0 
b5a80000-b5c00000 rw-p 00000000 00:00 0 
b5c00000-b6700000 ---p 00000000 00:00 0 
b6700000-b6720000 rw-p 00000000 00:00 0 
b6720000-b6880000 ---p 00000000 00:00 0 
b6880000-b68a0000 rw-p 00000000 00:00 0 
b68a0000-b6a00000 ---p 00000000 00:00 0 
b6a00000-baa00000 rw-p 00000000 00:00 0 
baa00000-e6a00000 ---p 00000000 00:00 0 
e6a30000-e6a32000 r--p 00000000 fd:01 12631496                           /wf/tortugo-jdk/build/linux-x86-server-fastdebug/jdk/lib/libnet.so
e6a32000-e6a3a000 r-xp 00002000 fd:01 12631496                           /wf/tortugo-jdk/build/linux-x86-server-fastdebug/jdk/lib/libnet.so
e6a3a000-e6a3c000 r--p 0000a000 fd:01 12631496                           /wf/tortugo-jdk/build/linux-x86-server-fastdebug/jdk/lib/libnet.so
e6a3c000-e6a3d000 ---p 0000c000 fd:01 12631496                           /wf/tortugo-jdk/build/linux-x86-server-fastdebug/jdk/lib/libnet.so
e6a3d000-e6a3e000 r--p 0000c000 fd:01 12631496                           /wf/tortugo-jdk/build/linux-x86-server-fastdebug/jdk/lib/libnet.so
e6a3e000-e6a3f000 rw-p 0000d000 fd:01 12631496                           /wf/tortugo-jdk/build/linux-x86-server-fastdebug/jdk/lib/libnet.so
e6a3f000-e6a7f000 rw-p 00000000 00:00 0 
e6a7f000-e6a80000 ---p 00000000 00:00 0 
e6a80000-e6b00000 rw-p 00000000 00:00 0 
e6b00000-e6bf5000 rw-p 00000000 00:00 0 
e6bf5000-e6c00000 ---p 00000000 00:00 0 
e6c01000-e6c06000 r--p 00000000 fd:01 12631502                           /wf/tortugo-jdk/build/linux-x86-server-fastdebug/jdk/lib/libnio.so
e6c06000-e6c0f000 r-xp 00005000 fd:01 12631502                           /wf/tortugo-jdk/build/linux-x86-server-fastdebug/jdk/lib/libnio.so
e6c0f000-e6c13000 r--p 0000e000 fd:01 12631502                           /wf/tortugo-jdk/build/linux-x86-server-fastdebug/jdk/lib/libnio.so
e6c13000-e6c14000 r--p 00011000 fd:01 12631502                           /wf/tortugo-jdk/build/linux-x86-server-fastdebug/jdk/lib/libnio.so
e6c14000-e6c15000 rw-p 00012000 fd:01 12631502                           /wf/tortugo-jdk/build/linux-x86-server-fastdebug/jdk/lib/libnio.so
e6c15000-e6c1a000 rw-p 00000000 00:00 0 
e6c1a000-e6d00000 ---p 00000000 00:00 0 
e6d00000-e6f40000 rwxp 00000000 00:00 0 
e6f40000-ee25b000 ---p 00000000 00:00 0 
ee25b000-ee49b000 rwxp 00000000 00:00 0 
ee49b000-ee7a5000 ---p 00000000 00:00 0 
ee7a5000-ee9e5000 rwxp 00000000 00:00 0 
ee9e5000-f5d00000 ---p 00000000 00:00 0 
f5d00000-f5df5000 rw-p 00000000 00:00 0 
f5df5000-f5e00000 ---p 00000000 00:00 0 
f5e0d000-f5e12000 rw-p 00000000 00:00 0 
f5e12000-f5ef8000 ---p 00000000 00:00 0 
f5ef8000-f5f03000 r--p 00000000 fd:01 24518165                           /usr/lib/i386-linux-gnu/libm.so.6
f5f03000-f5fc5000 r-xp 0000b000 fd:01 24518165                           /usr/lib/i386-linux-gnu/libm.so.6
f5fc5000-f5ffe000 r--p 000cd000 fd:01 24518165                           /usr/lib/i386-linux-gnu/libm.so.6
f5ffe000-f5fff000 r--p 00105000 fd:01 24518165                           /usr/lib/i386-linux-gnu/libm.so.6
f5fff000-f6000000 rw-p 00106000 fd:01 24518165                           /usr/lib/i386-linux-gnu/libm.so.6
f6000000-f61f9000 r--p 00000000 fd:01 12752523                           /wf/tortugo-jdk/build/linux-x86-server-fastdebug/jdk/lib/server/libjvm.so
f61f9000-f7617000 r-xp 001f9000 fd:01 12752523                           /wf/tortugo-jdk/build/linux-x86-server-fastdebug/jdk/lib/server/libjvm.so
f7617000-f7a74000 r--p 01617000 fd:01 12752523                           /wf/tortugo-jdk/build/linux-x86-server-fastdebug/jdk/lib/server/libjvm.so
f7a74000-f7a75000 ---p 01a74000 fd:01 12752523                           /wf/tortugo-jdk/build/linux-x86-server-fastdebug/jdk/lib/server/libjvm.so
f7a75000-f7ae0000 r--p 01a74000 fd:01 12752523                           /wf/tortugo-jdk/build/linux-x86-server-fastdebug/jdk/lib/server/libjvm.so
f7ae0000-f7af9000 rw-p 01adf000 fd:01 12752523                           /wf/tortugo-jdk/build/linux-x86-server-fastdebug/jdk/lib/server/libjvm.so
f7af9000-f7b75000 rw-p 00000000 00:00 0 
f7b77000-f7bbd000 rw-p 00000000 00:00 0 
f7bbd000-f7bc6000 r--p 00000000 fd:01 12631486                           /wf/tortugo-jdk/build/linux-x86-server-fastdebug/jdk/lib/libjava.so
f7bc6000-f7bd6000 r-xp 00009000 fd:01 12631486                           /wf/tortugo-jdk/build/linux-x86-server-fastdebug/jdk/lib/libjava.so
f7bd6000-f7bdc000 r--p 00019000 fd:01 12631486                           /wf/tortugo-jdk/build/linux-x86-server-fastdebug/jdk/lib/libjava.so
f7bdc000-f7bdd000 ---p 0001f000 fd:01 12631486                           /wf/tortugo-jdk/build/linux-x86-server-fastdebug/jdk/lib/libjava.so
f7bdd000-f7bde000 r--p 0001f000 fd:01 12631486                           /wf/tortugo-jdk/build/linux-x86-server-fastdebug/jdk/lib/libjava.so
f7bde000-f7bdf000 rw-p 00020000 fd:01 12631486                           /wf/tortugo-jdk/build/linux-x86-server-fastdebug/jdk/lib/libjava.so
f7bdf000-f7be1000 r--p 00000000 fd:01 12631499                           /wf/tortugo-jdk/build/linux-x86-server-fastdebug/jdk/lib/libjimage.so
f7be1000-f7bf5000 r-xp 00002000 fd:01 12631499                           /wf/tortugo-jdk/build/linux-x86-server-fastdebug/jdk/lib/libjimage.so
f7bf5000-f7bfd000 r--p 00016000 fd:01 12631499                           /wf/tortugo-jdk/build/linux-x86-server-fastdebug/jdk/lib/libjimage.so
f7bfd000-f7bfe000 ---p 0001e000 fd:01 12631499                           /wf/tortugo-jdk/build/linux-x86-server-fastdebug/jdk/lib/libjimage.so
f7bfe000-f7bff000 r--p 0001e000 fd:01 12631499                           /wf/tortugo-jdk/build/linux-x86-server-fastdebug/jdk/lib/libjimage.so
f7bff000-f7c00000 rw-p 0001f000 fd:01 12631499                           /wf/tortugo-jdk/build/linux-x86-server-fastdebug/jdk/lib/libjimage.so
f7c00000-f7c20000 r--p 00000000 fd:01 24518162                           /usr/lib/i386-linux-gnu/libc.so.6
f7c20000-f7da2000 r-xp 00020000 fd:01 24518162                           /usr/lib/i386-linux-gnu/libc.so.6
f7da2000-f7e27000 r--p 001a2000 fd:01 24518162                           /usr/lib/i386-linux-gnu/libc.so.6
f7e27000-f7e28000 ---p 00227000 fd:01 24518162                           /usr/lib/i386-linux-gnu/libc.so.6
f7e28000-f7e2a000 r--p 00227000 fd:01 24518162                           /usr/lib/i386-linux-gnu/libc.so.6
f7e2a000-f7e2b000 rw-p 00229000 fd:01 24518162                           /usr/lib/i386-linux-gnu/libc.so.6
f7e2b000-f7e35000 rw-p 00000000 00:00 0 
f7e40000-f7e44000 ---p 00000000 00:00 0 
f7e44000-f7e92000 rw-p 00000000 00:00 0 
f7e92000-f7e94000 r--p 00000000 fd:01 12631479                           /wf/tortugo-jdk/build/linux-x86-server-fastdebug/jdk/lib/libjli.so
f7e94000-f7e9e000 r-xp 00002000 fd:01 12631479                           /wf/tortugo-jdk/build/linux-x86-server-fastdebug/jdk/lib/libjli.so
f7e9e000-f7ea1000 r--p 0000c000 fd:01 12631479                           /wf/tortugo-jdk/build/linux-x86-server-fastdebug/jdk/lib/libjli.so
f7ea1000-f7ea2000 ---p 0000f000 fd:01 12631479                           /wf/tortugo-jdk/build/linux-x86-server-fastdebug/jdk/lib/libjli.so
f7ea2000-f7ea3000 r--p 0000f000 fd:01 12631479                           /wf/tortugo-jdk/build/linux-x86-server-fastdebug/jdk/lib/libjli.so
f7ea3000-f7ea4000 rw-p 00010000 fd:01 12631479                           /wf/tortugo-jdk/build/linux-x86-server-fastdebug/jdk/lib/libjli.so
f7ea4000-f7ea6000 r--p 00000000 fd:01 24528740                           /usr/lib/i386-linux-gnu/libz.so.1.2.11
f7ea6000-f7eb8000 r-xp 00002000 fd:01 24528740                           /usr/lib/i386-linux-gnu/libz.so.1.2.11
f7eb8000-f7ec0000 r--p 00014000 fd:01 24528740                           /usr/lib/i386-linux-gnu/libz.so.1.2.11
f7ec0000-f7ec1000 r--p 0001b000 fd:01 24528740                           /usr/lib/i386-linux-gnu/libz.so.1.2.11
f7ec1000-f7ec2000 rw-p 0001c000 fd:01 24528740                           /usr/lib/i386-linux-gnu/libz.so.1.2.11
f7ec6000-f7ecb000 rw-p 00000000 00:00 0 
f7ecb000-f7ed1000 ---p 00000000 00:00 0 
f7ed1000-f7ed9000 rw-s 00000000 fd:01 28839395                           /tmp/hsperfdata_cesar/924428
f7ed9000-f7eda000 ---p 00000000 00:00 0 
f7eda000-f7edb000 r--p 00000000 00:00 0 
f7edb000-f7edc000 rwxp 00000000 00:00 0 
f7edc000-f7ede000 rw-p 00000000 00:00 0 
f7ede000-f7ee2000 r--p 00000000 00:00 0                                  [vvar]
f7ee2000-f7ee4000 r-xp 00000000 00:00 0                                  [vdso]
f7ee4000-f7ee5000 r--p 00000000 fd:01 24518159                           /usr/lib/i386-linux-gnu/ld-linux.so.2
f7ee5000-f7f0a000 r-xp 00001000 fd:01 24518159                           /usr/lib/i386-linux-gnu/ld-linux.so.2
f7f0a000-f7f19000 r--p 00026000 fd:01 24518159                           /usr/lib/i386-linux-gnu/ld-linux.so.2
f7f19000-f7f1b000 r--p 00034000 fd:01 24518159                           /usr/lib/i386-linux-gnu/ld-linux.so.2
f7f1b000-f7f1c000 rw-p 00036000 fd:01 24518159                           /usr/lib/i386-linux-gnu/ld-linux.so.2
ffcaa000-ffcab000 rwxp 00000000 00:00 0 
ffcdd000-ffcff000 rw-p 00000000 00:00 0                                  [stack]
Total number of mappings: 181


VM Arguments:
jvm_args: -Xms64M -Xmx768M --add-exports=java.base/jdk.internal.module=ALL-UNNAMED 
java_command: build.tools.jigsaw.AddPackagesAttribute /wf/tortugo-jdk/build/linux-x86-server-fastdebug/jdk
java_class_path (initial): /wf/tortugo-jdk/build/linux-x86-server-fastdebug/buildtools/tools_jigsaw_classes
Launcher Type: SUN_STANDARD

[Global flags]
     intx CICompilerCount                          = 3                                         {product} {ergonomic}     Number of compiler threads to run
     uint ConcGCThreads                            = 3                                         {product} {ergonomic}     Number of threads concurrent gc will use
     uint G1ConcRefinementThreads                  = 13                                        {product} {ergonomic}     The number of parallel remembered set update threads. Will be set ergonomically by default.
   size_t G1HeapRegionSize                         = 1048576                                   {product} {ergonomic}     Size of the G1 regions.
   size_t InitialHeapSize                          = 67108864                                  {product} {command line}  Initial heap size (in bytes); zero means use ergonomics
   size_t MarkStackSize                            = 65536                                     {product} {ergonomic}     Size of marking stack
   size_t MaxHeapSize                              = 805306368                                 {product} {command line}  Maximum heap size (in bytes)
   size_t MaxNewSize                               = 482344960                                 {product} {ergonomic}     Maximum new generation size (in bytes), max_uintx means set ergonomically
   size_t MinHeapDeltaBytes                        = 1048576                                   {product} {ergonomic}     The minimum change in heap space due to GC (in bytes)
   size_t MinHeapSize                              = 67108864                                  {product} {command line}  Minimum heap size (in bytes); zero means use ergonomics
    uintx NonNMethodCodeHeapSize                   = 5544422                                {pd product} {ergonomic}     Size of code heap with non-nmethods (in bytes)
    uintx NonProfiledCodeHeapSize                  = 123056909                              {pd product} {ergonomic}     Size of code heap with non-profiled methods (in bytes)
    uintx ProfiledCodeHeapSize                     = 123056909                              {pd product} {ergonomic}     Size of code heap with profiled methods (in bytes)
    uintx ReservedCodeCacheSize                    = 251658240                              {pd product} {ergonomic}     Reserved code cache size (in bytes) - maximum code cache size
     bool SegmentedCodeCache                       = true                                      {product} {ergonomic}     Use a segmented code cache
   size_t SoftMaxHeapSize                          = 805306368                              {manageable} {ergonomic}     Soft limit for maximum heap size (in bytes)
     bool THPStackMitigation                       = false                                  {diagnostic} {ergonomic}     If THPs are unconditionally enabled on the system (mode "always"), the JVM will prevent THP from forming in thread stacks. When disabled, the absence of this mitigationallows THPs to form in thread stacks.
     bool UseG1GC                                  = true                                      {product} {ergonomic}     Use the Garbage-First garbage collector

Logging:
Log output configuration:
 #0: stdout all=warning uptime,level,tags foldmultilines=false
 #1: stderr all=off uptime,level,tags foldmultilines=false

Environment Variables:
CLASSPATH=
PATH=/usr/local/lib/nodejs/node-v18.17.0-linux-x64/bin:/usr/local/lib/nodejs/node-v18.17.0-linux-x64/bin:/home/cesar/.local/bin:/usr/local/sbin:/usr/local/bin:/usr/sbin:/usr/bin:/sbin:/bin:/usr/games:/usr/local/games:/snap/bin:/snap/bin
USERNAME=cesar
SHELL=/bin/bash
DISPLAY=:1
LANG=en_US.UTF-8
LC_ALL=C
LC_NUMERIC=en_CA.UTF-8
LC_TIME=en_CA.UTF-8
TERM=xterm-kitty

Active Locale:
LC_ALL=C
LC_COLLATE=C
LC_CTYPE=C
LC_MESSAGES=C
LC_MONETARY=C
LC_NUMERIC=C
LC_TIME=C

Signal Handlers:
   SIGSEGV: crash_handler in libjvm.so, mask=11100100010111111101111111111110, flags=SA_RESTART|SA_SIGINFO, unblocked
    SIGBUS: crash_handler in libjvm.so, mask=11100100010111111101111111111110, flags=SA_RESTART|SA_SIGINFO, unblocked
    SIGFPE: crash_handler in libjvm.so, mask=11100100010111111101111111111110, flags=SA_RESTART|SA_SIGINFO, unblocked
   SIGPIPE: javaSignalHandler in libjvm.so, mask=11100100010111111101111111111110, flags=SA_RESTART|SA_SIGINFO, unblocked
   SIGXFSZ: javaSignalHandler in libjvm.so, mask=11100100010111111101111111111110, flags=SA_RESTART|SA_SIGINFO, unblocked
    SIGILL: crash_handler in libjvm.so, mask=11100100010111111101111111111110, flags=SA_RESTART|SA_SIGINFO, unblocked
   SIGUSR2: SR_handler in libjvm.so, mask=00000000000000000000000000000000, flags=SA_RESTART|SA_SIGINFO, unblocked
    SIGHUP: UserHandler in libjvm.so, mask=11100100010111111101111111111110, flags=SA_RESTART|SA_SIGINFO, unblocked
    SIGINT: UserHandler in libjvm.so, mask=11100100010111111101111111111110, flags=SA_RESTART|SA_SIGINFO, unblocked
   SIGTERM: UserHandler in libjvm.so, mask=11100100010111111101111111111110, flags=SA_RESTART|SA_SIGINFO, unblocked
   SIGQUIT: UserHandler in libjvm.so, mask=11100100010111111101111111111110, flags=SA_RESTART|SA_SIGINFO, blocked
   SIGTRAP: crash_handler in libjvm.so, mask=11100100010111111101111111111110, flags=SA_RESTART|SA_SIGINFO, unblocked


Native Memory Tracking:

(Omitting categories weighting less than 1KB)

Total: reserved=1091407KB, committed=96619KB
       malloc: 16967KB #46588
       mmap:   reserved=1074440KB, committed=79652KB

-                 Java Heap (reserved=786432KB, committed=65536KB)
                            (mmap: reserved=786432KB, committed=65536KB, largest_committed=65536KB) 
 
-                     Class (reserved=52KB, committed=52KB)
                            (classes #907)
                            (  instance classes #801, array classes #106)
                            (malloc=52KB #2156) (at peak) 
                            (  Metadata:   )
                            (    reserved=16384KB, committed=4928KB)
                            (    used=4886KB)
                            (    waste=42KB =0.85%)
 
-                    Thread (reserved=8169KB, committed=525KB)
                            (threads #17)
                            (stack: reserved=8128KB, committed=484KB, largest_committed=52KB)
                            (malloc=24KB #107) (peak=28KB #111) 
                            (arena=18KB #31) (peak=161KB #30)
 
-                      Code (reserved=248086KB, committed=7374KB)
                            (malloc=402KB #21190) (peak=402KB #21194) 
                            (mmap: reserved=247684KB, committed=6972KB, largest_committed=2304KB) 
                            (arena=0KB #0) (peak=1KB #1)
 
-                        GC (reserved=17759KB, committed=3679KB)
                            (malloc=1995KB #525) (at peak) 
                            (mmap: reserved=15764KB, committed=1684KB, largest_committed=1024KB) 
 
-                 GCCardSet (reserved=7KB, committed=7KB)
                            (malloc=7KB #195) (at peak) 
 
-                  Compiler (reserved=509KB, committed=509KB)
                            (malloc=8KB #117) (at peak) 
                            (arena=500KB #13) (peak=2683KB #13)
 
-                  Internal (reserved=8881KB, committed=8881KB)
                            (malloc=8841KB #19195) (peak=8841KB #19196) 
                            (mmap: reserved=40KB, committed=40KB, largest_committed=32KB) 
 
-                     Other (reserved=10KB, committed=10KB)
                            (malloc=10KB #2) (at peak) 
 
-                    Symbol (reserved=2139KB, committed=2139KB)
                            (malloc=180KB #1677) (at peak) 
                            (arena=1959KB #1) (at peak)
 
-    Native Memory Tracking (reserved=731KB, committed=731KB)
                            (malloc=3KB #60) (at peak) 
                            (tracking overhead=728KB)
 
-               Arena Chunk (reserved=2113KB, committed=2113KB)
                            (malloc=2113KB #175) (peak=4662KB #177) 
 
-                    Module (reserved=8KB, committed=8KB)
                            (malloc=8KB #103) (peak=10KB #92) 
 
-                 Safepoint (reserved=8KB, committed=8KB)
                            (mmap: reserved=8KB, committed=8KB, largest_committed=8KB) 
 
-           Synchronization (reserved=100KB, committed=100KB)
                            (malloc=100KB #1023) (at peak) 
 
-            Serviceability (reserved=8KB, committed=8KB)
                            (malloc=8KB #9) (peak=9KB #11) 
 
-                 Metaspace (reserved=16389KB, committed=4933KB)
                            (malloc=5KB #6) (at peak) 
                            (mmap: reserved=16384KB, committed=4928KB, largest_committed=64KB) 
 
-           Object Monitors (reserved=5KB, committed=5KB)
                            (malloc=5KB #28) (at peak) 
 
Preinit state:entries: 327 (primary: 323, empties: 7868), sum bytes: 6591, longest chain length: 2
pre-init mallocs: 362, pre-init reallocs: 2, pre-init frees: 35
MallocLimit: unset

Periodic native trim disabled

---------------  S Y S T E M  ---------------

OS:
DISTRIB_ID=Ubuntu
DISTRIB_RELEASE=22.04
DISTRIB_CODENAME=jammy
DISTRIB_DESCRIPTION="Ubuntu 22.04.3 LTS"
uname: Linux desktop 6.2.0-33-generic #33~22.04.1-Ubuntu SMP PREEMPT_DYNAMIC Thu Sep  7 10:33:52 UTC 2 x86_64
OS uptime: 3 days 20:13 hours
libc: glibc 2.35 NPTL 2.35 
rlimit (soft/hard): STACK 8192k/infinity , CORE 0k/infinity , NPROC 256033/256033 , NOFILE 1048576/1048576 , AS infinity/infinity , CPU infinity/infinity , DATA infinity/infinity , FSIZE infinity/infinity , MEMLOCK infinity/infinity
load average: 11.21 11.86 6.42

/proc/meminfo:
MemTotal:       65763428 kB
MemFree:         5424632 kB
MemAvailable:   31258668 kB
Buffers:         2826648 kB
Cached:         22509736 kB
SwapCached:         2308 kB
Active:         14263236 kB
Inactive:       43465712 kB
Active(anon):      31136 kB
Inactive(anon): 32755948 kB
Active(file):   14232100 kB
Inactive(file): 10709764 kB
Unevictable:        2160 kB
Mlocked:            2160 kB
SwapTotal:       1998844 kB
SwapFree:        1937660 kB
Zswap:                 0 kB
Zswapped:              0 kB
Dirty:            144620 kB
Writeback:             0 kB
AnonPages:      32392668 kB
Mapped:          1436688 kB
Shmem:            399236 kB
KReclaimable:    1631784 kB
Slab:            2058068 kB
SReclaimable:    1631784 kB
SUnreclaim:       426284 kB
KernelStack:       47792 kB
PageTables:       182988 kB
SecPageTables:         0 kB
NFS_Unstable:          0 kB
Bounce:                0 kB
WritebackTmp:          0 kB
CommitLimit:    34880556 kB
Committed_AS:   55866440 kB
VmallocTotal:   34359738367 kB
VmallocUsed:      144044 kB
VmallocChunk:          0 kB
Percpu:            21312 kB
HardwareCorrupted:     0 kB
AnonHugePages:         0 kB
ShmemHugePages:        0 kB
ShmemPmdMapped:        0 kB
FileHugePages:         0 kB
FilePmdMapped:         0 kB
HugePages_Total:       0
HugePages_Free:        0
HugePages_Rsvd:        0
HugePages_Surp:        0
Hugepagesize:       2048 kB
Hugetlb:               0 kB
DirectMap4k:     1786236 kB
DirectMap2M:    19111936 kB
DirectMap1G:    47185920 kB

/sys/kernel/mm/transparent_hugepage/enabled: always [madvise] never
/sys/kernel/mm/transparent_hugepage/defrag (defrag/compaction efforts parameter): always defer defer+madvise [madvise] never

Process Memory:
Virtual Size: 1141248K (peak: 1141248K)
Resident Set Size: 78080K (peak: 78080K) (anon: 59264K, file: 18816K, shmem: 0K)
Swapped out: 0K
C-Heap outstanding allocations: 18088K, retained: 1887K
glibc malloc tunables: (default)

/proc/sys/kernel/threads-max (system-wide limit on the number of threads): 512067
/proc/sys/vm/max_map_count (maximum number of memory map areas a process may have): 65530
/proc/sys/kernel/pid_max (system-wide limit on number of process identifiers): 4194304

container (cgroup) information:
container_type: cgroupv2
cpu_cpuset_cpus: not supported
cpu_memory_nodes: not supported
active_processor_count: 16
cpu_quota: not supported
cpu_period: not supported
cpu_shares: not supported
memory_limit_in_bytes: unlimited
memory_and_swap_limit_in_bytes: unlimited
memory_soft_limit_in_bytes: unlimited
memory_usage_in_bytes: 14092552 k
memory_max_usage_in_bytes: not supported
memory_swap_current_in_bytes: 6768 k
memory_swap_max_limit_in_bytes: unlimited
maximum number of tasks: 76810
current number of tasks: 251

Steal ticks since vm start: 0
Steal ticks percentage since vm start:  0.000

CPU: total 16 (initial active 16) (16 cores per cpu, 2 threads per core) family 23 model 1 stepping 1 microcode 0x8001137, cx8, cmov, fxsr, ht, mmx, 3dnowpref, sse, sse2, sse3, ssse3, sse4a, sse4.1, sse4.2, popcnt, lzcnt, tsc, tscinvbit, avx, avx2, aes, clmul, bmi1, bmi2, adx, sha, fma, vzeroupper, clflush, clflushopt, rdtscp, f16c
CPU Model and flags from /proc/cpuinfo:
model name	: AMD Ryzen 7 1800X Eight-Core Processor
flags		: fpu vme de pse tsc msr pae mce cx8 apic sep mtrr pge mca cmov pat pse36 clflush mmx fxsr sse sse2 ht syscall nx mmxext fxsr_opt pdpe1gb rdtscp lm constant_tsc rep_good nopl nonstop_tsc cpuid extd_apicid aperfmperf rapl pni pclmulqdq monitor ssse3 fma cx16 sse4_1 sse4_2 movbe popcnt aes xsave avx f16c rdrand lahf_lm cmp_legacy svm extapic cr8_legacy abm sse4a misalignsse 3dnowprefetch osvw skinit wdt tce topoext perfctr_core perfctr_nb bpext perfctr_llc mwaitx cpb hw_pstate ssbd ibpb vmmcall fsgsbase bmi1 avx2 smep bmi2 rdseed adx smap clflushopt sha_ni xsaveopt xsavec xgetbv1 clzero irperf xsaveerptr arat npt lbrv svm_lock nrip_save tsc_scale vmcb_clean flushbyasid decodeassists pausefilter pfthreshold avic v_vmsave_vmload vgif overflow_recov succor smca sev

Online cpus: 0-15
Offline cpus: 
cache level: 1
cache type: Data
cache size: 32K
cache coherency line size: 64
cache level: 1
cache type: Instruction
cache size: 64K
cache coherency line size: 64
cache level: 2
cache type: Unified
cache size: 512K
cache coherency line size: 64
cache level: 3
cache type: Unified
cache size: 8192K
cache coherency line size: 64
BIOS frequency limitation: 3600000
Frequency switch latency (ns): 0
Available cpu frequencies: 3600000 3200000 2200000 
Maximum cpu frequency: 3600000
Minimum cpu frequency: 2200000
Current cpu frequency: 2960020
Available governors: conservative ondemand userspace powersave performance schedutil 
Current governor: schedutil
Core performance/turbo boost: 1

Memory: 4k page, physical 65763428k(31258668k free), swap 1998844k(1937660k free)
Page Sizes: 4k

vm_info: OpenJDK Server VM (fastdebug 22-internal-adhoc.cesar.tortugo-jdk) for linux-x86 JRE (22-internal-adhoc.cesar.tortugo-jdk), built on 2023-10-03T16:48:56Z by "cesar" with gcc 11.4.0

END.
