#
# A fatal error has been detected by the Java Runtime Environment:
#
#  Internal Error (/wf/tortugo-jdk/src/hotspot/share/opto/output.cpp:1812), pid=521323, tid=521347
#  assert(masm->inst_mark() == nullptr) failed: should be.
#
# JRE version: OpenJDK Runtime Environment (22.0) (slowdebug build 22-internal-adhoc.cesar.tortugo-jdk)
# Java VM: OpenJDK 64-Bit Server VM (slowdebug 22-internal-adhoc.cesar.tortugo-jdk, mixed mode, tiered, compressed oops, compressed class ptrs, g1 gc, linux-amd64)
# Problematic frame:
# V  [libjvm.so+0x134485d]  PhaseOutput::fill_buffer(C2_MacroAssembler*, unsigned int*)+0x2427
#
# Core dump will be written. Default location: Core dumps may be processed with "/usr/share/apport/apport -p%p -s%s -c%c -d%d -P%P -u%u -g%g -- %E" (or dumping to /wf/tortugo-jdk/make/core.521323)
#
# If you would like to submit a bug report, please visit:
#   https://bugreport.java.com/bugreport/crash.jsp
#

---------------  S U M M A R Y ------------

Command Line: -Xms64M -Xmx1600M --add-exports=java.base/jdk.internal.module=ALL-UNNAMED build.tools.jigsaw.AddPackagesAttribute /wf/tortugo-jdk/build/linux-x86_64-server-slowdebug/jdk

Host: desktop, AMD Ryzen 7 1800X Eight-Core Processor, 16 cores, 62G, Ubuntu 22.04.3 LTS
Time: Mon Oct  2 14:18:57 2023 PDT elapsed time: 1.439383 seconds (0d 0h 0m 1s)

---------------  T H R E A D  ---------------

Current thread (0x00007f81ec01a490):  JavaThread "C2 CompilerThread1" daemon [_thread_in_native, id=521347, stack(0x00007f823cc30000,0x00007f823cd30000) (1024K)]


Current CompileTask:
C2:   1439  157   !   4       sun.nio.fs.UnixPath::initOffsets (189 bytes)

Stack: [0x00007f823cc30000,0x00007f823cd30000],  sp=0x00007f823cd2bb70,  free space=1006k
Native frames: (J=compiled Java code, j=interpreted, Vv=VM code, C=native code)
V  [libjvm.so+0x134485d]  PhaseOutput::fill_buffer(C2_MacroAssembler*, unsigned int*)+0x2427  (output.cpp:1812)
V  [libjvm.so+0x133e040]  PhaseOutput::Output()+0x73c  (output.cpp:362)
V  [libjvm.so+0x96decb]  Compile::Code_Gen()+0x4ab  (compile.cpp:2989)
V  [libjvm.so+0x964029]  Compile::Compile(ciEnv*, ciMethod*, int, Options, DirectiveSet*)+0x1803  (compile.cpp:887)
V  [libjvm.so+0x829801]  C2Compiler::compile_method(ciEnv*, ciMethod*, int, bool, DirectiveSet*)+0x203  (c2compiler.cpp:119)
V  [libjvm.so+0x985afe]  CompileBroker::invoke_compiler_on_method(CompileTask*)+0x9f0  (compileBroker.cpp:2282)
V  [libjvm.so+0x984590]  CompileBroker::compiler_thread_loop()+0x412  (compileBroker.cpp:1943)
V  [libjvm.so+0x9a9023]  CompilerThread::thread_entry(JavaThread*, JavaThread*)+0x8d  (compilerThread.cpp:58)
V  [libjvm.so+0xe0a1de]  JavaThread::thread_main_inner()+0x16c  (javaThread.cpp:720)
V  [libjvm.so+0xe0a06f]  JavaThread::run()+0x1db  (javaThread.cpp:705)
V  [libjvm.so+0x164e82b]  Thread::call_run()+0x1bd  (thread.cpp:220)
V  [libjvm.so+0x13202ea]  thread_native_entry(Thread*)+0x1cf  (os_linux.cpp:786)
Registers:
RAX=0x00007f8259c14000, RBX=0x00007f825004d8b0, RCX=0x00000000ffffff89, RDX=0x0000000000000280
RSP=0x00007f823cd2bb70, RBP=0x00007f823cd2bf10, RSI=0x00007f823cd2c388, RDI=0x00007f823cd2c3f8
R8 =0x00007f820813fbf0, R9 =0x0000000000000000, R10=0x00007f81f00573e0, R11=0x998784974b3de6b9
R12=0x00007f82574af7b2, R13=0x00007f81f8038f38, R14=0x00007f8259894850, R15=0x00007f823ce2e4c0
RIP=0x00007f825814485d, EFLAGS=0x0000000000010202, CSGSFS=0x002b000000000033, ERR=0x0000000000000006
  TRAPNO=0x000000000000000e


Register to memory mapping:

RAX=0x00007f8259c14000 in mmap'd memory region [0x00007f8259c14000 - 0x00007f8259c15000], tag mtInternal
RBX=0x00007f825004d8b0 into live malloced block starting at 0x00007f825004d8b0, size 8, tag mtGC
RCX=0x00000000ffffff89 is an unallocated location in the heap
RDX=0x0000000000000280 is an unknown value
RSP=0x00007f823cd2bb70 is pointing into the stack for thread: 0x00007f81ec01a490
RBP=0x00007f823cd2bf10 is pointing into the stack for thread: 0x00007f81ec01a490
RSI=0x00007f823cd2c388 is pointing into the stack for thread: 0x00007f81ec01a490
RDI=0x00007f823cd2c3f8 is pointing into the stack for thread: 0x00007f81ec01a490
R8 =0x00007f820813fbf0 into live malloced block starting at 0x00007f820813f5a0, size 32744, tag mtChunk
R9 =0x0 is null
R10=0x00007f81f00573e0 points into unknown readable memory: 0x0000000000000030 | 30 00 00 00 00 00 00 00
R11=0x998784974b3de6b9 is an unknown value
R12=0x00007f82574af7b2: <offset 0x00000000006af7b2> in /wf/tortugo-jdk/build/linux-x86_64-server-slowdebug/jdk/lib/server/libjvm.so at 0x00007f8256e00000
R13=0x00007f81f8038f38 points into unknown readable memory: 0x00007f82595f8f78 | 78 8f 5f 59 82 7f 00 00
R14=0x00007f8259894850: <offset 0x0000000000094850> in /lib/x86_64-linux-gnu/libc.so.6 at 0x00007f8259800000
R15=0x00007f823ce2e4c0 is pointing into the stack for thread: 0x00007f81f4100e20

Top of Stack: (sp=0x00007f823cd2bb70)
0x00007f823cd2bb70:   00007f81fc009cf8 00007f81f80b1fc0
0x00007f823cd2bb80:   00007f823cd2bf80 00007f823cd2c370
0x00007f823cd2bb90:   0000000000d2bbb0 0000097800000001
0x00007f823cd2bba0:   0000095c0000097d 000000a2ffffffff
0x00007f823cd2bbb0:   00000002000000a1 0000000000000002
0x00007f823cd2bbc0:   00007f82fffffb65 000000010000001a
0x00007f823cd2bbd0:   0000000400000008 000000a1000000a1
0x00007f823cd2bbe0:   0000000100000000 00000002000004ae
0x00007f823cd2bbf0:   0000097dffffff89 0000000100000000
0x00007f823cd2bc00:   00007f8100000001 0000000500000048
0x00007f823cd2bc10:   0000097d00000002 0000ffff00000000
0x00007f823cd2bc20:   00000000000b37d0 00007f8200000002
0x00007f823cd2bc30:   00007f81ec01a490 0000000000000000
0x00007f823cd2bc40:   0000000000000000 00007f8208222508
0x00007f823cd2bc50:   00007f81f008da00 00007f81f80e5930
0x00007f823cd2bc60:   00007f81f80e5bb8 00007f81fc1998a0
0x00007f823cd2bc70:   00007f81fc199b28 00007f81fc199db0
0x00007f823cd2bc80:   00007f81fc19a038 00007f81fc19a2c0
0x00007f823cd2bc90:   00007f825004d8b0 00007f81f00dbe28
0x00007f823cd2bca0:   00007f81f00c5010 00007f81f00dbe28
0x00007f823cd2bcb0:   00007f81f41819c0 00007f81f4181d80
0x00007f823cd2bcc0:   00007f81f008b8a8 0000000000000000
0x00007f823cd2bcd0:   000000083cd2bd20 0000000000000001
0x00007f823cd2bce0:   00007f81f80e1c68 00007f81f41818b0
0x00007f823cd2bcf0:   000000083cd2bd10 00007f81f00be6b0
0x00007f823cd2bd00:   00007f823cd2bd40 00007f825723c609
0x00007f823cd2bd10:   00007f81f008b8a8 00007f81f008b8a8
0x00007f823cd2bd20:   00007f823cd2d940 0000000000000000
0x00007f823cd2bd30:   0000000a0000097d 00007f81f00d2d20
0x00007f823cd2bd40:   00007f823cd2bd60 00007f82574d16e8
0x00007f823cd2bd50:   00007f81f008aee0 00007f81f00d2d00
0x00007f823cd2bd60:   00007f823cd2bdf0 00007f82574da747 

Instructions: (pc=0x00007f825814485d)
0x00007f825814475d:   ff 83 85 c8 fc ff ff 01 8b 85 c8 fc ff ff 3b 85
0x00007f825814476d:   cc fc ff ff 0f 82 d2 fd ff ff 48 8b 85 70 fc ff
0x00007f825814477d:   ff 48 89 c7 e8 46 9a 0f ff 48 89 c7 e8 18 e1 5e
0x00007f825814478d:   ff 83 f0 01 84 c0 74 27 48 8b 85 78 fc ff ff 48
0x00007f825814479d:   8b 40 08 48 8d 15 fc 87 c2 00 48 89 d6 48 89 c7
0x00007f82581447ad:   e8 88 e6 62 ff bb 00 00 00 00 e9 4f 06 00 00 e8
0x00007f82581447bd:   53 b8 02 ff 48 89 c7 e8 01 be 2e ff 48 89 85 80
0x00007f82581447cd:   fd ff ff 48 8b 9d 80 fd ff ff 48 8b 85 80 fd ff
0x00007f82581447dd:   ff 48 8b 00 48 05 50 01 00 00 4c 8b 20 48 8b 85
0x00007f82581447ed:   70 fc ff ff 48 89 c7 e8 d3 99 0f ff 48 89 c6 48
0x00007f82581447fd:   89 df 41 ff d4 48 8b 85 78 fc ff ff 48 8b 40 08
0x00007f825814480d:   48 89 c7 e8 cb d7 4e ff 84 c0 74 0a bb 00 00 00
0x00007f825814481d:   00 e9 e8 05 00 00 e8 b3 2f 02 ff 83 f0 01 84 c0
0x00007f825814482d:   74 1b 48 8b 85 70 fc ff ff 48 89 c7 e8 32 9a 0f
0x00007f825814483d:   ff 48 85 c0 74 07 b8 01 00 00 00 eb 05 b8 00 00
0x00007f825814484d:   00 00 84 c0 74 3a 48 8d 05 0e a9 5a 01 48 8b 00
0x00007f825814485d:   c6 00 58 48 8d 05 7b 8b c2 00 48 89 c1 48 8d 05
0x00007f825814486d:   7f 8b c2 00 48 89 c2 be 14 07 00 00 48 8d 05 f8
0x00007f825814487d:   7b c2 00 48 89 c7 b8 00 00 00 00 e8 e5 78 6c ff
0x00007f825814488d:   48 8b 85 78 fc ff ff 48 8d 90 40 02 00 00 48 8b
0x00007f825814489d:   85 70 fc ff ff 48 89 c6 48 89 d7 e8 7d 0a 4c ff
0x00007f82581448ad:   48 8b 85 78 fc ff ff 48 8b 40 08 48 89 c7 e8 20
0x00007f82581448bd:   d7 4e ff 84 c0 74 0a bb 00 00 00 00 e9 3d 05 00
0x00007f82581448cd:   00 48 8b 85 70 fc ff ff 48 89 c7 e8 3b 99 0f ff
0x00007f82581448dd:   89 c7 e8 4b 7e 00 00 48 8b bd 78 fd ff ff 48 8b
0x00007f82581448ed:   8d 48 fd ff ff 48 8b 95 50 fd ff ff 8b b5 88 fc
0x00007f82581448fd:   ff ff 48 8b 85 78 fc ff ff 49 89 f8 48 89 c7 e8
0x00007f825814490d:   29 05 00 00 48 8b 85 78 fc ff ff 48 8b 40 08 48
0x00007f825814491d:   89 c7 e8 20 cf 0f ff 48 85 c0 0f 95 c0 84 c0 0f
0x00007f825814492d:   84 e6 00 00 00 48 8b 85 78 fc ff ff 48 8d 98 9c
0x00007f825814493d:   02 00 00 48 8b 85 70 fc ff ff 48 89 c7 e8 33 b7
0x00007f825814494d:   03 ff 89 c2 be 04 00 00 00 48 89 df e8 ea 91 0f 


Stack slot to memory mapping:

stack at sp + 0 slots: 0x00007f81fc009cf8 into live malloced block starting at 0x00007f81fc0093d0, size 32744, tag mtChunk
stack at sp + 1 slots: 0x00007f81f80b1fc0 points into unknown readable memory: 0x0000001000000000 | 00 00 00 00 10 00 00 00
stack at sp + 2 slots: 0x00007f823cd2bf80 is pointing into the stack for thread: 0x00007f81ec01a490
stack at sp + 3 slots: 0x00007f823cd2c370 is pointing into the stack for thread: 0x00007f81ec01a490
stack at sp + 4 slots: 0x0000000000d2bbb0 is an unknown value
stack at sp + 5 slots: 0x0000097800000001 is an unknown value
stack at sp + 6 slots: 0x0000095c0000097d is an unknown value
stack at sp + 7 slots: 0x000000a2ffffffff is an unknown value

Lock stack of current Java thread (top to bottom):


---------------  P R O C E S S  ---------------

uid  : 1000 euid : 1000 gid  : 1000 egid : 1000

umask: 0002 (-------w-)

Threads class SMR info:
_java_thread_list=0x00007f81fc4c34c0, length=19, elements={
0x00007f825002abd0, 0x00007f82502d74a0, 0x00007f82502d8cf0, 0x00007f82502dac60,
0x00007f82502e4670, 0x00007f82502e5e80, 0x00007f82502e7ca0, 0x00007f82502e9650,
0x00007f8250326bd0, 0x00007f81fc09c360, 0x00007f81f40cb470, 0x00007f81f4100e20,
0x00007f81ec01a490, 0x00007f81f41a4f10, 0x00007f81ec0ba6d0, 0x00007f81f41ec080,
0x00007f81fc2dd800, 0x00007f81f426b2b0, 0x00007f81fc4c35f0
}
_java_thread_list_alloc_cnt=20, _java_thread_list_free_cnt=18, _java_thread_list_max=19, _nested_thread_list_max=0
_tlh_cnt=50, _tlh_times=10, avg_tlh_time=0.20, _tlh_time_max=5
_delete_lock_wait_cnt=0, _delete_lock_wait_max=0
_to_delete_list_cnt=0, _to_delete_list_max=1

Java Threads: ( => current thread )
  0x00007f825002abd0 JavaThread "main"                              [_thread_in_vm, id=521328, stack(0x00007f8256d00000,0x00007f8256e00000) (1024K)]
  0x00007f82502d74a0 JavaThread "Reference Handler"          daemon [_thread_blocked, id=521336, stack(0x00007f8254116000,0x00007f8254216000) (1024K)]
  0x00007f82502d8cf0 JavaThread "Finalizer"                  daemon [_thread_blocked, id=521337, stack(0x00007f8254016000,0x00007f8254116000) (1024K)]
  0x00007f82502dac60 JavaThread "Signal Dispatcher"          daemon [_thread_blocked, id=521338, stack(0x00007f823d600000,0x00007f823d700000) (1024K)]
  0x00007f82502e4670 JavaThread "Service Thread"             daemon [_thread_blocked, id=521339, stack(0x00007f823d500000,0x00007f823d600000) (1024K)]
  0x00007f82502e5e80 JavaThread "Monitor Deflation Thread"   daemon [_thread_blocked, id=521340, stack(0x00007f823d400000,0x00007f823d500000) (1024K)]
  0x00007f82502e7ca0 JavaThread "C2 CompilerThread0"         daemon [_thread_in_native, id=521341, stack(0x00007f823d300000,0x00007f823d400000) (1024K)]
  0x00007f82502e9650 JavaThread "C1 CompilerThread0"         daemon [_thread_blocked, id=521342, stack(0x00007f823d200000,0x00007f823d300000) (1024K)]
  0x00007f8250326bd0 JavaThread "Common-Cleaner"             daemon [_thread_blocked, id=521343, stack(0x00007f823d030000,0x00007f823d130000) (1024K)]
  0x00007f81fc09c360 JavaThread "C1 CompilerThread1"         daemon [_thread_blocked, id=521344, stack(0x00007f823cf30000,0x00007f823d030000) (1024K)]
  0x00007f81f40cb470 JavaThread "C1 CompilerThread2"         daemon [_thread_blocked, id=521345, stack(0x00007f823ce30000,0x00007f823cf30000) (1024K)]
  0x00007f81f4100e20 JavaThread "C1 CompilerThread3"         daemon [_thread_blocked, id=521346, stack(0x00007f823cd30000,0x00007f823ce30000) (1024K)]
=>0x00007f81ec01a490 JavaThread "C2 CompilerThread1"         daemon [_thread_in_native, id=521347, stack(0x00007f823cc30000,0x00007f823cd30000) (1024K)]
  0x00007f81f41a4f10 JavaThread "C2 CompilerThread2"         daemon [_thread_in_native, id=521348, stack(0x00007f823cb30000,0x00007f823cc30000) (1024K)]
  0x00007f81ec0ba6d0 JavaThread "C2 CompilerThread3"         daemon [_thread_in_native, id=521349, stack(0x00007f823c2e6000,0x00007f823c3e6000) (1024K)]
  0x00007f81f41ec080 JavaThread "C2 CompilerThread4"         daemon [_thread_in_native, id=521350, stack(0x00007f823c1e6000,0x00007f823c2e6000) (1024K)]
  0x00007f81fc2dd800 JavaThread "C2 CompilerThread5"         daemon [_thread_in_native, id=521351, stack(0x00007f823c0e6000,0x00007f823c1e6000) (1024K)]
  0x00007f81f426b2b0 JavaThread "C2 CompilerThread6"         daemon [_thread_in_native, id=521352, stack(0x00007f81eb08b000,0x00007f81eb18b000) (1024K)]
  0x00007f81fc4c35f0 JavaThread "C2 CompilerThread7"         daemon [_thread_in_native, id=521354, stack(0x00007f81eae8a000,0x00007f81eaf8a000) (1024K)]
Total: 19

Other Threads:
  0x00007f825025bed0 VMThread "VM Thread"                           [id=521335, stack(0x00007f8254217000,0x00007f8254317000) (1024K)]
  0x00007f8250115b00 WatcherThread "VM Periodic Task Thread"        [id=521334, stack(0x00007f8254318000,0x00007f8254418000) (1024K)]
  0x00007f825007d7f0 WorkerThread "GC Thread#0"                     [id=521329, stack(0x00007f8255647000,0x00007f8255747000) (1024K)]
  0x00007f821c00a200 WorkerThread "GC Thread#1"                     [id=521353, stack(0x00007f81eaf8b000,0x00007f81eb08b000) (1024K)]
  0x00007f825008ba20 ConcurrentGCThread "G1 Main Marker"            [id=521330, stack(0x00007f8255546000,0x00007f8255646000) (1024K)]
  0x00007f825008cc50 WorkerThread "G1 Conc#0"                       [id=521331, stack(0x00007f8255445000,0x00007f8255545000) (1024K)]
  0x00007f8250100230 ConcurrentGCThread "G1 Refine#0"               [id=521332, stack(0x00007f8254637000,0x00007f8254737000) (1024K)]
  0x00007f8250101470 ConcurrentGCThread "G1 Service"                [id=521333, stack(0x00007f8254536000,0x00007f8254636000) (1024K)]
Total: 8

Threads with active compile tasks:
C2 CompilerThread0     3411  201       4       sun.nio.fs.UnixPath::getName (106 bytes)
C2 CompilerThread1     3411  157   !   4       sun.nio.fs.UnixPath::initOffsets (189 bytes)
C2 CompilerThread2     3411  371       4       java.lang.StringLatin1::replace (198 bytes)
C2 CompilerThread3     3411  458       4       sun.nio.fs.UnixPath::relativize (408 bytes)
C2 CompilerThread4     3411  376       4       sun.nio.fs.UnixPath::hasDotOrDotDot (69 bytes)
C2 CompilerThread5     3411  378       4       java.util.Arrays::copyOfRange (82 bytes)
C2 CompilerThread6     3411  599       4       java.nio.file.FileTreeIterator::fetchNextIfNeeded (65 bytes)
C2 CompilerThread7     3411  589   !   4       sun.nio.fs.UnixDirectoryStream$UnixDirectoryIterator::readNextEntry (185 bytes)
Total: 8

VM state: not at safepoint (normal execution)

VM Mutex/Monitor currently owned by a thread: None

Heap address: 0x000000009c000000, size: 1600 MB, Compressed Oops mode: 32-bit

CDS archive(s) not mapped
Compressed class space mapped at: 0x0000000042000000-0x0000000082000000, reserved size: 1073741824
Narrow klass base: 0x0000000000000000, Narrow klass shift: 0, Narrow klass range: 0x82000000

GC Precious Log:
 CardTable entry size: 512
 Card Set container configuration: InlinePtr #cards 5 size 8 Array Of Cards #cards 12 size 40 Howl #buckets 4 coarsen threshold 1843 Howl Bitmap #cards 512 size 80 coarsen threshold 460 Card regions per heap region 1 cards per card region 2048
 CPUs: 16 total, 16 available
 Memory: 64222M
 Large Page Support: Disabled
 NUMA Support: Disabled
 Compressed Oops: Enabled (32-bit)
 Heap Region Size: 1M
 Heap Min Capacity: 64M
 Heap Initial Capacity: 64M
 Heap Max Capacity: 1600M
 Pre-touch: Disabled
 Parallel Workers: 13
 Concurrent Workers: 3
 Concurrent Refinement Workers: 13
 Periodic GC: Disabled

Heap:
 garbage-first heap   total reserved 1638400K, committed 65536K, used 11845K [0x000000009c000000, 0x0000000100000000)
  region size 1024K, 13 young (13312K), 1 survivors (1024K)
 Metaspace       used 7003K, committed 7168K, reserved 1114112K
  class space    used 556K, committed 640K, reserved 1048576K

Heap Regions: E=young(eden), S=young(survivor), O=old, HS=humongous(starts), HC=humongous(continues), CS=collection set, F=free, TAMS=top-at-mark-start, PB=parsable bottom
|   0|0x000000009c000000, 0x000000009c000000, 0x000000009c100000|  0%| F|  |TAMS 0x000000009c000000| PB 0x000000009c000000| Untracked 
|   1|0x000000009c100000, 0x000000009c100000, 0x000000009c200000|  0%| F|  |TAMS 0x000000009c100000| PB 0x000000009c100000| Untracked 
|   2|0x000000009c200000, 0x000000009c200000, 0x000000009c300000|  0%| F|  |TAMS 0x000000009c200000| PB 0x000000009c200000| Untracked 
|   3|0x000000009c300000, 0x000000009c300000, 0x000000009c400000|  0%| F|  |TAMS 0x000000009c300000| PB 0x000000009c300000| Untracked 
|   4|0x000000009c400000, 0x000000009c400000, 0x000000009c500000|  0%| F|  |TAMS 0x000000009c400000| PB 0x000000009c400000| Untracked 
|   5|0x000000009c500000, 0x000000009c500000, 0x000000009c600000|  0%| F|  |TAMS 0x000000009c500000| PB 0x000000009c500000| Untracked 
|   6|0x000000009c600000, 0x000000009c600000, 0x000000009c700000|  0%| F|  |TAMS 0x000000009c600000| PB 0x000000009c600000| Untracked 
|   7|0x000000009c700000, 0x000000009c700000, 0x000000009c800000|  0%| F|  |TAMS 0x000000009c700000| PB 0x000000009c700000| Untracked 
|   8|0x000000009c800000, 0x000000009c800000, 0x000000009c900000|  0%| F|  |TAMS 0x000000009c800000| PB 0x000000009c800000| Untracked 
|   9|0x000000009c900000, 0x000000009c900000, 0x000000009ca00000|  0%| F|  |TAMS 0x000000009c900000| PB 0x000000009c900000| Untracked 
|  10|0x000000009ca00000, 0x000000009ca00000, 0x000000009cb00000|  0%| F|  |TAMS 0x000000009ca00000| PB 0x000000009ca00000| Untracked 
|  11|0x000000009cb00000, 0x000000009cb00000, 0x000000009cc00000|  0%| F|  |TAMS 0x000000009cb00000| PB 0x000000009cb00000| Untracked 
|  12|0x000000009cc00000, 0x000000009cc00000, 0x000000009cd00000|  0%| F|  |TAMS 0x000000009cc00000| PB 0x000000009cc00000| Untracked 
|  13|0x000000009cd00000, 0x000000009cd00000, 0x000000009ce00000|  0%| F|  |TAMS 0x000000009cd00000| PB 0x000000009cd00000| Untracked 
|  14|0x000000009ce00000, 0x000000009ce00000, 0x000000009cf00000|  0%| F|  |TAMS 0x000000009ce00000| PB 0x000000009ce00000| Untracked 
|  15|0x000000009cf00000, 0x000000009cf00000, 0x000000009d000000|  0%| F|  |TAMS 0x000000009cf00000| PB 0x000000009cf00000| Untracked 
|  16|0x000000009d000000, 0x000000009d000000, 0x000000009d100000|  0%| F|  |TAMS 0x000000009d000000| PB 0x000000009d000000| Untracked 
|  17|0x000000009d100000, 0x000000009d100000, 0x000000009d200000|  0%| F|  |TAMS 0x000000009d100000| PB 0x000000009d100000| Untracked 
|  18|0x000000009d200000, 0x000000009d200000, 0x000000009d300000|  0%| F|  |TAMS 0x000000009d200000| PB 0x000000009d200000| Untracked 
|  19|0x000000009d300000, 0x000000009d300000, 0x000000009d400000|  0%| F|  |TAMS 0x000000009d300000| PB 0x000000009d300000| Untracked 
|  20|0x000000009d400000, 0x000000009d400000, 0x000000009d500000|  0%| F|  |TAMS 0x000000009d400000| PB 0x000000009d400000| Untracked 
|  21|0x000000009d500000, 0x000000009d500000, 0x000000009d600000|  0%| F|  |TAMS 0x000000009d500000| PB 0x000000009d500000| Untracked 
|  22|0x000000009d600000, 0x000000009d600000, 0x000000009d700000|  0%| F|  |TAMS 0x000000009d600000| PB 0x000000009d600000| Untracked 
|  23|0x000000009d700000, 0x000000009d700000, 0x000000009d800000|  0%| F|  |TAMS 0x000000009d700000| PB 0x000000009d700000| Untracked 
|  24|0x000000009d800000, 0x000000009d800000, 0x000000009d900000|  0%| F|  |TAMS 0x000000009d800000| PB 0x000000009d800000| Untracked 
|  25|0x000000009d900000, 0x000000009d900000, 0x000000009da00000|  0%| F|  |TAMS 0x000000009d900000| PB 0x000000009d900000| Untracked 
|  26|0x000000009da00000, 0x000000009da00000, 0x000000009db00000|  0%| F|  |TAMS 0x000000009da00000| PB 0x000000009da00000| Untracked 
|  27|0x000000009db00000, 0x000000009db00000, 0x000000009dc00000|  0%| F|  |TAMS 0x000000009db00000| PB 0x000000009db00000| Untracked 
|  28|0x000000009dc00000, 0x000000009dc00000, 0x000000009dd00000|  0%| F|  |TAMS 0x000000009dc00000| PB 0x000000009dc00000| Untracked 
|  29|0x000000009dd00000, 0x000000009dd00000, 0x000000009de00000|  0%| F|  |TAMS 0x000000009dd00000| PB 0x000000009dd00000| Untracked 
|  30|0x000000009de00000, 0x000000009de00000, 0x000000009df00000|  0%| F|  |TAMS 0x000000009de00000| PB 0x000000009de00000| Untracked 
|  31|0x000000009df00000, 0x000000009df00000, 0x000000009e000000|  0%| F|  |TAMS 0x000000009df00000| PB 0x000000009df00000| Untracked 
|  32|0x000000009e000000, 0x000000009e000000, 0x000000009e100000|  0%| F|  |TAMS 0x000000009e000000| PB 0x000000009e000000| Untracked 
|  33|0x000000009e100000, 0x000000009e100000, 0x000000009e200000|  0%| F|  |TAMS 0x000000009e100000| PB 0x000000009e100000| Untracked 
|  34|0x000000009e200000, 0x000000009e200000, 0x000000009e300000|  0%| F|  |TAMS 0x000000009e200000| PB 0x000000009e200000| Untracked 
|  35|0x000000009e300000, 0x000000009e300000, 0x000000009e400000|  0%| F|  |TAMS 0x000000009e300000| PB 0x000000009e300000| Untracked 
|  36|0x000000009e400000, 0x000000009e400000, 0x000000009e500000|  0%| F|  |TAMS 0x000000009e400000| PB 0x000000009e400000| Untracked 
|  37|0x000000009e500000, 0x000000009e500000, 0x000000009e600000|  0%| F|  |TAMS 0x000000009e500000| PB 0x000000009e500000| Untracked 
|  38|0x000000009e600000, 0x000000009e691460, 0x000000009e700000| 56%| S|CS|TAMS 0x000000009e600000| PB 0x000000009e600000| Complete 
|  39|0x000000009e700000, 0x000000009e700000, 0x000000009e800000|  0%| F|  |TAMS 0x000000009e700000| PB 0x000000009e700000| Untracked 
|  40|0x000000009e800000, 0x000000009e800000, 0x000000009e900000|  0%| F|  |TAMS 0x000000009e800000| PB 0x000000009e800000| Untracked 
|  41|0x000000009e900000, 0x000000009e900000, 0x000000009ea00000|  0%| F|  |TAMS 0x000000009e900000| PB 0x000000009e900000| Untracked 
|  42|0x000000009ea00000, 0x000000009ea00000, 0x000000009eb00000|  0%| F|  |TAMS 0x000000009ea00000| PB 0x000000009ea00000| Untracked 
|  43|0x000000009eb00000, 0x000000009eb00000, 0x000000009ec00000|  0%| F|  |TAMS 0x000000009eb00000| PB 0x000000009eb00000| Untracked 
|  44|0x000000009ec00000, 0x000000009ec00000, 0x000000009ed00000|  0%| F|  |TAMS 0x000000009ec00000| PB 0x000000009ec00000| Untracked 
|  45|0x000000009ed00000, 0x000000009ed00000, 0x000000009ee00000|  0%| F|  |TAMS 0x000000009ed00000| PB 0x000000009ed00000| Untracked 
|  46|0x000000009ee00000, 0x000000009ee00000, 0x000000009ef00000|  0%| F|  |TAMS 0x000000009ee00000| PB 0x000000009ee00000| Untracked 
|  47|0x000000009ef00000, 0x000000009ef00000, 0x000000009f000000|  0%| F|  |TAMS 0x000000009ef00000| PB 0x000000009ef00000| Untracked 
|  48|0x000000009f000000, 0x000000009f000000, 0x000000009f100000|  0%| F|  |TAMS 0x000000009f000000| PB 0x000000009f000000| Untracked 
|  49|0x000000009f100000, 0x000000009f100000, 0x000000009f200000|  0%| F|  |TAMS 0x000000009f100000| PB 0x000000009f100000| Untracked 
|  50|0x000000009f200000, 0x000000009f200000, 0x000000009f300000|  0%| F|  |TAMS 0x000000009f200000| PB 0x000000009f200000| Untracked 
|  51|0x000000009f300000, 0x000000009f300000, 0x000000009f400000|  0%| F|  |TAMS 0x000000009f300000| PB 0x000000009f300000| Untracked 
|  52|0x000000009f400000, 0x000000009f476230, 0x000000009f500000| 46%| E|  |TAMS 0x000000009f400000| PB 0x000000009f400000| Complete 
|  53|0x000000009f500000, 0x000000009f600000, 0x000000009f600000|100%| E|CS|TAMS 0x000000009f500000| PB 0x000000009f500000| Complete 
|  54|0x000000009f600000, 0x000000009f700000, 0x000000009f700000|100%| E|CS|TAMS 0x000000009f600000| PB 0x000000009f600000| Complete 
|  55|0x000000009f700000, 0x000000009f800000, 0x000000009f800000|100%| E|CS|TAMS 0x000000009f700000| PB 0x000000009f700000| Complete 
|  56|0x000000009f800000, 0x000000009f900000, 0x000000009f900000|100%| E|CS|TAMS 0x000000009f800000| PB 0x000000009f800000| Complete 
|  57|0x000000009f900000, 0x000000009fa00000, 0x000000009fa00000|100%| E|CS|TAMS 0x000000009f900000| PB 0x000000009f900000| Complete 
|  58|0x000000009fa00000, 0x000000009fb00000, 0x000000009fb00000|100%| E|CS|TAMS 0x000000009fa00000| PB 0x000000009fa00000| Complete 
|  59|0x000000009fb00000, 0x000000009fc00000, 0x000000009fc00000|100%| E|CS|TAMS 0x000000009fb00000| PB 0x000000009fb00000| Complete 
|  60|0x000000009fc00000, 0x000000009fd00000, 0x000000009fd00000|100%| E|CS|TAMS 0x000000009fc00000| PB 0x000000009fc00000| Complete 
|  61|0x000000009fd00000, 0x000000009fe00000, 0x000000009fe00000|100%| E|CS|TAMS 0x000000009fd00000| PB 0x000000009fd00000| Complete 
|  62|0x000000009fe00000, 0x000000009ff00000, 0x000000009ff00000|100%| E|CS|TAMS 0x000000009fe00000| PB 0x000000009fe00000| Complete 
|  63|0x000000009ff00000, 0x00000000a0000000, 0x00000000a0000000|100%| E|CS|TAMS 0x000000009ff00000| PB 0x000000009ff00000| Complete 

Card table byte_map: [0x00007f82557e1000,0x00007f8255b01000] _byte_map_base: 0x00007f8255301000

Marking Bits: (CMBitMap*) 0x00007f825007e530
 Bits: [0x00007f823f700000, 0x00007f8241000000)

Polling page: 0x00007f8259bd9000

Metaspace:

Usage:
  Non-class:      6.30 MB used.
      Class:    556.02 KB used.
       Both:      6.84 MB used.

Virtual space:
  Non-class space:       64.00 MB reserved,       6.38 MB ( 10%) committed,  1 nodes.
      Class space:        1.00 GB reserved,     640.00 KB ( <1%) committed,  1 nodes.
             Both:        1.06 GB reserved,       7.00 MB ( <1%) committed. 

Chunk freelists:
   Non-Class:  9.00 MB
       Class:  15.24 MB
        Both:  24.24 MB

MaxMetaspaceSize: unlimited
CompressedClassSpaceSize: 1.00 GB
Initial GC threshold: 21.00 MB
Current GC threshold: 21.00 MB
CDS: off
 - commit_granule_bytes: 65536.
 - commit_granule_words: 8192.
 - virtual_space_node_default_size: 8388608.
 - enlarge_chunks_in_place: 1.
 - use_allocation_guard: 0.


Internal statistics:

num_allocs: 46367.
num_deallocs: 37.
num_allocs_from_deallocated_blocks: 104.
num_chunks_retired: 13.
num_allocs_failed_limit: 0.
num_arena_births: 62.
num_arena_deaths: 0.
num_vsnodes_births: 2.
num_vsnodes_deaths: 0.
num_space_committed: 112.
num_space_uncommitted: 0.
num_chunks_returned_to_freelist: 0.
num_chunks_taken_from_freelist: 76.
num_chunk_merges: 0.
num_chunk_splits: 48.
num_chunks_enlarged: 56.
num_inconsistent_stats: 0.

CodeHeap 'non-profiled nmethods': size=119168Kb used=258Kb max_used=258Kb free=118910Kb
 bounds [0x00007f8248ba0000, 0x00007f8248e10000, 0x00007f8250000000]
CodeHeap 'profiled nmethods': size=119164Kb used=1105Kb max_used=1105Kb free=118058Kb
 bounds [0x00007f8241000000, 0x00007f8241270000, 0x00007f824845f000]
CodeHeap 'non-nmethods': size=7428Kb used=3190Kb max_used=3768Kb free=4237Kb
 bounds [0x00007f824845f000, 0x00007f824881f000, 0x00007f8248ba0000]
 total_blobs=1310 nmethods=532 adapters=678
 compilation: enabled
              stopped_count=0, restarted_count=0
 full_count=0

Compilation events (20 events):
Event: 1.398 Thread 0x00007f81fc09c360 nmethod 264 0x00007f8241067010 code [0x00007f8241067220, 0x00007f82410674b0]
Event: 1.398 Thread 0x00007f81fc09c360  169       1       sun.nio.fs.NativeBuffer::setOwner (6 bytes)
Event: 1.399 Thread 0x00007f81fc09c360 nmethod 169 0x00007f8248bb1a10 code [0x00007f8248bb1be0, 0x00007f8248bb1d58]
Event: 1.399 Thread 0x00007f81fc09c360  266  s    3       sun.nio.fs.UnixDirectoryStream$UnixDirectoryIterator::hasNext (35 bytes)
Event: 1.401 Thread 0x00007f82502e9650 nmethod 268 0x00007f8241067690 code [0x00007f8241067900, 0x00007f8241067d00]
Event: 1.402 Thread 0x00007f82502e9650  276       3       sun.nio.fs.UnixPath::relativize (408 bytes)
Event: 1.402 Thread 0x00007f81fc09c360 nmethod 266 0x00007f8241067e10 code [0x00007f8241068040, 0x00007f8241068470]
Event: 1.402 Thread 0x00007f81fc09c360  279       3       sun.nio.fs.Util::followLinks (66 bytes)
Event: 1.406 Thread 0x00007f81fc09c360 nmethod 279 0x00007f8241068610 code [0x00007f8241068820, 0x00007f8241068c00]
Event: 1.406 Thread 0x00007f81fc09c360  269       3       jdk.internal.misc.Unsafe::checkSize (32 bytes)
Event: 1.408 Thread 0x00007f81fc09c360 nmethod 269 0x00007f8241068f10 code [0x00007f82410690e0, 0x00007f8241069378]
Event: 1.408 Thread 0x00007f81fc09c360  270   !   3       java.nio.file.FileTreeWalker::next (144 bytes)
Event: 1.412 Thread 0x00007f81f40cb470 nmethod 255 0x00007f8241069510 code [0x00007f8241069a80, 0x00007f824106b610]
Event: 1.413 Thread 0x00007f81f40cb470  294       3       java.util.stream.PipelineHelper::<init> (5 bytes)
Event: 1.414 Thread 0x00007f81f40cb470 nmethod 294 0x00007f824106c190 code [0x00007f824106c340, 0x00007f824106c4c8]
Event: 1.414 Thread 0x00007f81f40cb470  259       3       java.util.HashSet::add (20 bytes)
Event: 1.416 Thread 0x00007f81f40cb470 nmethod 259 0x00007f824106c590 code [0x00007f824106c780, 0x00007f824106c988]
Event: 1.416 Thread 0x00007f81f40cb470  296       3       java.util.stream.AbstractPipeline::isParallel (8 bytes)
Event: 1.417 Thread 0x00007f81f40cb470 nmethod 296 0x00007f824106cb10 code [0x00007f824106cce0, 0x00007f824106ce50]
Event: 1.417 Thread 0x00007f81f40cb470  271       3       jdk.internal.misc.Unsafe::copyMemory (33 bytes)

GC Heap History (0 events):
No events

Dll operation events (4 events):
Event: 0.002 Loaded shared library /wf/tortugo-jdk/build/linux-x86_64-server-slowdebug/jdk/lib/libjava.so
Event: 0.534 Loaded shared library /wf/tortugo-jdk/build/linux-x86_64-server-slowdebug/jdk/lib/libjsvml.so
Event: 0.635 Loaded shared library /wf/tortugo-jdk/build/linux-x86_64-server-slowdebug/jdk/lib/libnio.so
Event: 0.909 Loaded shared library /wf/tortugo-jdk/build/linux-x86_64-server-slowdebug/jdk/lib/libnet.so

Deoptimization events (0 events):
No events

Classes loaded (20 events):
Event: 1.230 Loading class java/util/Collections$UnmodifiableCollection$1
Event: 1.230 Loading class java/util/Collections$UnmodifiableCollection$1 done
Event: 1.231 Loading class java/util/HashMap$Values
Event: 1.232 Loading class java/util/HashMap$Values done
Event: 1.232 Loading class java/util/HashMap$ValueIterator
Event: 1.233 Loading class java/util/HashMap$ValueIterator done
Event: 1.234 Loading class jdk/internal/module/ModuleInfo$Attributes
Event: 1.234 Loading class jdk/internal/module/ModuleInfo$Attributes done
Event: 1.235 Loading class jdk/internal/module/ModuleReferences
Event: 1.236 Loading class jdk/internal/module/ModuleReferences done
Event: 1.236 Loading class java/lang/module/ModuleReader
Event: 1.237 Loading class java/lang/module/ModuleReader done
Event: 1.239 Loading class sun/nio/fs/UnixUriUtils
Event: 1.239 Loading class sun/nio/fs/UnixUriUtils done
Event: 1.241 Loading class java/net/URI$Parser
Event: 1.242 Loading class java/net/URI$Parser done
Event: 1.244 Loading class jdk/internal/module/ModuleReferenceImpl
Event: 1.244 Loading class java/lang/module/ModuleReference
Event: 1.245 Loading class java/lang/module/ModuleReference done
Event: 1.245 Loading class jdk/internal/module/ModuleReferenceImpl done

Classes unloaded (0 events):
No events

Classes redefined (0 events):
No events

Internal exceptions (20 events):
Event: 0.838 Thread 0x00007f825002abd0 Exception <a 'java/lang/NoSuchMethodError'{0x000000009ff4e2b8}: 'java.lang.Object java.lang.invoke.Invokers$Holder.invokeExact_MT(java.lang.Object, java.lang.Object, java.lang.Object, java.lang.Object, java.lang.Object, java.lang.Object, java.lang.Object, java.lang.Object)'> (0x000000009ff4e2b8) 
thrown [/wf/tortugo-jdk/src/hotspot/share/interpreter/linkResolver.cpp, line 773]
Event: 0.862 Thread 0x00007f825002abd0 Exception <a 'java/lang/NoSuchMethodError'{0x000000009ff57828}: 'java.lang.Object java.lang.invoke.DirectMethodHandle$Holder.newInvokeSpecial(java.lang.Object, java.lang.Object, java.lang.Object)'> (0x000000009ff57828) 
thrown [/wf/tortugo-jdk/src/hotspot/share/interpreter/linkResolver.cpp, line 773]
Event: 0.869 Thread 0x00007f825002abd0 Exception <a 'java/lang/NoSuchMethodError'{0x000000009ff5e960}: 'java.lang.Object java.lang.invoke.Invokers$Holder.linkToTargetMethod(java.lang.Object, java.lang.Object, java.lang.Object)'> (0x000000009ff5e960) 
thrown [/wf/tortugo-jdk/src/hotspot/share/interpreter/linkResolver.cpp, line 773]
Event: 0.921 Thread 0x00007f825002abd0 Exception <a 'java/lang/NoSuchMethodError'{0x000000009ff658b8}: 'java.lang.Object java.lang.invoke.DirectMethodHandle$Holder.invokeSpecial(java.lang.Object, java.lang.Object, java.lang.Object)'> (0x000000009ff658b8) 
thrown [/wf/tortugo-jdk/src/hotspot/share/interpreter/linkResolver.cpp, line 773]
Event: 1.015 Thread 0x00007f825002abd0 Exception <a 'java/lang/NoSuchMethodError'{0x000000009fef4ae8}: 'java.lang.Object java.lang.invoke.DirectMethodHandle$Holder.newInvokeSpecial(java.lang.Object, java.lang.Object)'> (0x000000009fef4ae8) 
thrown [/wf/tortugo-jdk/src/hotspot/share/interpreter/linkResolver.cpp, line 773]
Event: 1.017 Thread 0x00007f825002abd0 Exception <a 'java/lang/NoSuchMethodError'{0x000000009fef82c8}: 'java.lang.Object java.lang.invoke.Invokers$Holder.linkToTargetMethod(java.lang.Object, java.lang.Object)'> (0x000000009fef82c8) 
thrown [/wf/tortugo-jdk/src/hotspot/share/interpreter/linkResolver.cpp, line 773]
Event: 1.074 Thread 0x00007f825002abd0 Exception <a 'java/lang/NoSuchMethodError'{0x000000009fd04c10}: 'java.lang.Object java.lang.invoke.DirectMethodHandle$Holder.invokeStatic(java.lang.Object)'> (0x000000009fd04c10) 
thrown [/wf/tortugo-jdk/src/hotspot/share/interpreter/linkResolver.cpp, line 773]
Event: 1.095 Thread 0x00007f825002abd0 Exception <a 'java/lang/NoSuchMethodError'{0x000000009fd0aa48}: 'java.lang.Object java.lang.invoke.DirectMethodHandle$Holder.invokeStatic(java.lang.Object, java.lang.Object, java.lang.Object, java.lang.Object)'> (0x000000009fd0aa48) 
thrown [/wf/tortugo-jdk/src/hotspot/share/interpreter/linkResolver.cpp, line 773]
Event: 1.099 Thread 0x00007f825002abd0 Exception <a 'java/lang/NoSuchMethodError'{0x000000009fd0e930}: 'java.lang.Object java.lang.invoke.DirectMethodHandle$Holder.getReference(java.lang.Object, java.lang.Object)'> (0x000000009fd0e930) 
thrown [/wf/tortugo-jdk/src/hotspot/share/interpreter/linkResolver.cpp, line 773]
Event: 1.106 Thread 0x00007f825002abd0 Exception <a 'java/lang/NoSuchMethodError'{0x000000009fd12b90}: 'java.lang.Object java.lang.invoke.DirectMethodHandle$Holder.invokeSpecial(java.lang.Object, java.lang.Object)'> (0x000000009fd12b90) 
thrown [/wf/tortugo-jdk/src/hotspot/share/interpreter/linkResolver.cpp, line 773]
Event: 1.122 Thread 0x00007f825002abd0 Exception <a 'java/lang/NoSuchMethodError'{0x000000009fd1be88}: 'java.lang.Object java.lang.invoke.Invokers$Holder.invokeExact_MT(java.lang.Object, java.lang.Object, java.lang.Object)'> (0x000000009fd1be88) 
thrown [/wf/tortugo-jdk/src/hotspot/share/interpreter/linkResolver.cpp, line 773]
Event: 1.128 Thread 0x00007f825002abd0 Exception <a 'java/lang/NoSuchMethodError'{0x000000009fd20578}: 'void java.lang.invoke.DirectMethodHandle$Holder.invokeVirtual(java.lang.Object, java.lang.Object)'> (0x000000009fd20578) 
thrown [/wf/tortugo-jdk/src/hotspot/share/interpreter/linkResolver.cpp, line 773]
Event: 1.140 Thread 0x00007f825002abd0 Exception <a 'java/lang/NoSuchMethodError'{0x000000009fd2c258}: 'java.lang.Object java.lang.invoke.DirectMethodHandle$Holder.invokeStatic(java.lang.Object, java.lang.Object)'> (0x000000009fd2c258) 
thrown [/wf/tortugo-jdk/src/hotspot/share/interpreter/linkResolver.cpp, line 773]
Event: 1.143 Thread 0x00007f825002abd0 Exception <a 'java/lang/NoSuchMethodError'{0x000000009fd31748}: 'java.lang.Object java.lang.invoke.DirectMethodHandle$Holder.newInvokeSpecial(java.lang.Object)'> (0x000000009fd31748) 
thrown [/wf/tortugo-jdk/src/hotspot/share/interpreter/linkResolver.cpp, line 773]
Event: 1.144 Thread 0x00007f825002abd0 Exception <a 'java/lang/NoSuchMethodError'{0x000000009fd34bb0}: 'java.lang.Object java.lang.invoke.Invokers$Holder.invokeExact_MT(java.lang.Object, java.lang.Object)'> (0x000000009fd34bb0) 
thrown [/wf/tortugo-jdk/src/hotspot/share/interpreter/linkResolver.cpp, line 773]
Event: 1.147 Thread 0x00007f825002abd0 Exception <a 'java/lang/NoSuchMethodError'{0x000000009fd38218}: 'java.lang.Object java.lang.invoke.LambdaForm$Holder.identity_L(java.lang.Object, java.lang.Object)'> (0x000000009fd38218) 
thrown [/wf/tortugo-jdk/src/hotspot/share/interpreter/linkResolver.cpp, line 773]
Event: 1.150 Thread 0x00007f825002abd0 Exception <a 'java/lang/NoSuchMethodError'{0x000000009fd3ab10}: 'java.lang.Object java.lang.invoke.LambdaForm$Holder.zero_L(java.lang.Object)'> (0x000000009fd3ab10) 
thrown [/wf/tortugo-jdk/src/hotspot/share/interpreter/linkResolver.cpp, line 773]
Event: 1.153 Thread 0x00007f825002abd0 Exception <a 'java/lang/NoSuchMethodError'{0x000000009fd3fdf0}: 'java.lang.Object java.lang.invoke.Invokers$Holder.linkToTargetMethod(java.lang.Object)'> (0x000000009fd3fdf0) 
thrown [/wf/tortugo-jdk/src/hotspot/share/interpreter/linkResolver.cpp, line 773]
Event: 1.157 Thread 0x00007f825002abd0 Exception <a 'java/lang/NoSuchMethodError'{0x000000009fd432c8}: 'java.lang.Object java.lang.invoke.DirectMethodHandle$Holder.invokeInterface(java.lang.Object, java.lang.Object, java.lang.Object)'> (0x000000009fd432c8) 
thrown [/wf/tortugo-jdk/src/hotspot/share/interpreter/linkResolver.cpp, line 773]
Event: 1.184 Thread 0x00007f825002abd0 Exception <a 'java/lang/NoSuchMethodError'{0x000000009fd51910}: 'int java.lang.invoke.DirectMethodHandle$Holder.invokeInterface(java.lang.Object, java.lang.Object, java.lang.Object)'> (0x000000009fd51910) 
thrown [/wf/tortugo-jdk/src/hotspot/share/interpreter/linkResolver.cpp, line 773]

ZGC Phase Switch (0 events):
No events

VM Operations (2 events):
Event: 1.316 Executing VM operation: Cleanup
Event: 1.317 Executing VM operation: Cleanup done

Events (20 events):
Event: 0.526 Thread 0x00007f82502dac60 Thread added: 0x00007f82502dac60
Event: 0.527 Protecting memory [0x00007f823d600000,0x00007f823d604000] with protection modes 0
Event: 0.527 Thread 0x00007f82502e4670 Thread added: 0x00007f82502e4670
Event: 0.527 Protecting memory [0x00007f823d500000,0x00007f823d504000] with protection modes 0
Event: 0.527 Thread 0x00007f82502e5e80 Thread added: 0x00007f82502e5e80
Event: 0.527 Protecting memory [0x00007f823d400000,0x00007f823d404000] with protection modes 0
Event: 0.527 Thread 0x00007f82502e7ca0 Thread added: 0x00007f82502e7ca0
Event: 0.527 Protecting memory [0x00007f823d300000,0x00007f823d304000] with protection modes 0
Event: 0.528 Thread 0x00007f82502e9650 Thread added: 0x00007f82502e9650
Event: 0.528 Protecting memory [0x00007f823d200000,0x00007f823d204000] with protection modes 0
Event: 0.670 Thread 0x00007f8250326bd0 Thread added: 0x00007f8250326bd0
Event: 0.670 Protecting memory [0x00007f823d030000,0x00007f823d034000] with protection modes 0
Event: 1.024 Thread 0x00007f81fc09c360 Thread added: 0x00007f81fc09c360
Event: 1.024 Protecting memory [0x00007f823cf30000,0x00007f823cf34000] with protection modes 0
Event: 1.230 Thread 0x00007f81f40cb470 Thread added: 0x00007f81f40cb470
Event: 1.230 Protecting memory [0x00007f823ce30000,0x00007f823ce34000] with protection modes 0
Event: 1.268 Thread 0x00007f81f4100e20 Thread added: 0x00007f81f4100e20
Event: 1.268 Protecting memory [0x00007f823cd30000,0x00007f823cd34000] with protection modes 0
Event: 1.274 Thread 0x00007f81ec01a490 Thread added: 0x00007f81ec01a490
Event: 1.274 Protecting memory [0x00007f823cc30000,0x00007f823cc34000] with protection modes 0


Dynamic libraries:
42000000-42010000 rw-p 00000000 00:00 0 
42010000-42030000 rw-p 00000000 00:00 0 
42030000-42090000 rw-p 00000000 00:00 0 
42090000-420c0000 ---p 00000000 00:00 0 
420c0000-420d0000 rw-p 00000000 00:00 0 
420d0000-82000000 ---p 00000000 00:00 0 
9c000000-a0000000 rw-p 00000000 00:00 0 
a0000000-100000000 ---p 00000000 00:00 0 
55a9b7c8c000-55a9b7c8d000 r--p 00000000 fd:01 7495264                    /wf/tortugo-jdk/build/linux-x86_64-server-slowdebug/jdk/bin/java
55a9b7c8d000-55a9b7c8e000 r-xp 00001000 fd:01 7495264                    /wf/tortugo-jdk/build/linux-x86_64-server-slowdebug/jdk/bin/java
55a9b7c8e000-55a9b7c8f000 r--p 00002000 fd:01 7495264                    /wf/tortugo-jdk/build/linux-x86_64-server-slowdebug/jdk/bin/java
55a9b7c8f000-55a9b7c90000 r--p 00002000 fd:01 7495264                    /wf/tortugo-jdk/build/linux-x86_64-server-slowdebug/jdk/bin/java
55a9b7c90000-55a9b7c91000 rw-p 00003000 fd:01 7495264                    /wf/tortugo-jdk/build/linux-x86_64-server-slowdebug/jdk/bin/java
55a9b7d20000-55a9b7d67000 rw-p 00000000 00:00 0                          [heap]
7f81cc000000-7f81cc021000 rw-p 00000000 00:00 0 
7f81cc021000-7f81d0000000 ---p 00000000 00:00 0 
7f81d0000000-7f81d0657000 rw-p 00000000 00:00 0 
7f81d0657000-7f81d4000000 ---p 00000000 00:00 0 
7f81d4000000-7f81d4062000 rw-p 00000000 00:00 0 
7f81d4062000-7f81d8000000 ---p 00000000 00:00 0 
7f81d8000000-7f81d8c6f000 rw-p 00000000 00:00 0 
7f81d8c6f000-7f81dc000000 ---p 00000000 00:00 0 
7f81dc000000-7f81dd5ee000 rw-p 00000000 00:00 0 
7f81dd5ee000-7f81e0000000 ---p 00000000 00:00 0 
7f81e0000000-7f81e0267000 rw-p 00000000 00:00 0 
7f81e0267000-7f81e4000000 ---p 00000000 00:00 0 
7f81e4000000-7f81e41d1000 rw-p 00000000 00:00 0 
7f81e41d1000-7f81e8000000 ---p 00000000 00:00 0 
7f81e98c3000-7f81eae8a000 rw-p 00000000 00:00 0 
7f81eae8a000-7f81eae8e000 ---p 00000000 00:00 0 
7f81eae8e000-7f81eaf8a000 rw-p 00000000 00:00 0 
7f81eaf8a000-7f81eaf8b000 ---p 00000000 00:00 0 
7f81eaf8b000-7f81eb08b000 rw-p 00000000 00:00 0 
7f81eb08b000-7f81eb08f000 ---p 00000000 00:00 0 
7f81eb08f000-7f81ec000000 rw-p 00000000 00:00 0 
7f81ec000000-7f81ec1bb000 rw-p 00000000 00:00 0 
7f81ec1bb000-7f81f0000000 ---p 00000000 00:00 0 
7f81f0000000-7f81f0149000 rw-p 00000000 00:00 0 
7f81f0149000-7f81f4000000 ---p 00000000 00:00 0 
7f81f4000000-7f81f43bf000 rw-p 00000000 00:00 0 
7f81f43bf000-7f81f8000000 ---p 00000000 00:00 0 
7f81f8000000-7f81f82dd000 rw-p 00000000 00:00 0 
7f81f82dd000-7f81fc000000 ---p 00000000 00:00 0 
7f81fc000000-7f81fc4df000 rw-p 00000000 00:00 0 
7f81fc4df000-7f8200000000 ---p 00000000 00:00 0 
7f8200000000-7f8200021000 rw-p 00000000 00:00 0 
7f8200021000-7f8204000000 ---p 00000000 00:00 0 
7f8204000000-7f8204021000 rw-p 00000000 00:00 0 
7f8204021000-7f8208000000 ---p 00000000 00:00 0 
7f8208000000-7f82082f0000 rw-p 00000000 00:00 0 
7f82082f0000-7f820c000000 ---p 00000000 00:00 0 
7f820c000000-7f820c021000 rw-p 00000000 00:00 0 
7f820c021000-7f8210000000 ---p 00000000 00:00 0 
7f8210000000-7f8210021000 rw-p 00000000 00:00 0 
7f8210021000-7f8214000000 ---p 00000000 00:00 0 
7f8214000000-7f8214021000 rw-p 00000000 00:00 0 
7f8214021000-7f8218000000 ---p 00000000 00:00 0 
7f8218000000-7f8218021000 rw-p 00000000 00:00 0 
7f8218021000-7f821c000000 ---p 00000000 00:00 0 
7f821c000000-7f821c021000 rw-p 00000000 00:00 0 
7f821c021000-7f8220000000 ---p 00000000 00:00 0 
7f8220000000-7f8220021000 rw-p 00000000 00:00 0 
7f8220021000-7f8224000000 ---p 00000000 00:00 0 
7f8224000000-7f82244f0000 rw-p 00000000 00:00 0 
7f82244f0000-7f8224510000 rw-p 00000000 00:00 0 
7f8224510000-7f8224530000 rw-p 00000000 00:00 0 
7f8224530000-7f8224570000 rw-p 00000000 00:00 0 
7f8224570000-7f8224660000 rw-p 00000000 00:00 0 
7f8224660000-7f8228000000 ---p 00000000 00:00 0 
7f8228000000-7f8228021000 rw-p 00000000 00:00 0 
7f8228021000-7f822c000000 ---p 00000000 00:00 0 
7f822c000000-7f822c021000 rw-p 00000000 00:00 0 
7f822c021000-7f8230000000 ---p 00000000 00:00 0 
7f8230000000-7f8230021000 rw-p 00000000 00:00 0 
7f8230021000-7f8234000000 ---p 00000000 00:00 0 
7f8234000000-7f8234021000 rw-p 00000000 00:00 0 
7f8234021000-7f8238000000 ---p 00000000 00:00 0 
7f8238000000-7f8238024000 rw-p 00000000 00:00 0 
7f8238024000-7f823c000000 ---p 00000000 00:00 0 
7f823c0e6000-7f823c0ea000 ---p 00000000 00:00 0 
7f823c0ea000-7f823c1e6000 rw-p 00000000 00:00 0 
7f823c1e6000-7f823c1ea000 ---p 00000000 00:00 0 
7f823c1ea000-7f823c2e6000 rw-p 00000000 00:00 0 
7f823c2e6000-7f823c2ea000 ---p 00000000 00:00 0 
7f823c2ea000-7f823cb30000 rw-p 00000000 00:00 0 
7f823cb30000-7f823cb34000 ---p 00000000 00:00 0 
7f823cb34000-7f823cc30000 rw-p 00000000 00:00 0 
7f823cc30000-7f823cc34000 ---p 00000000 00:00 0 
7f823cc34000-7f823cd30000 rw-p 00000000 00:00 0 
7f823cd30000-7f823cd34000 ---p 00000000 00:00 0 
7f823cd34000-7f823ce30000 rw-p 00000000 00:00 0 
7f823ce30000-7f823ce34000 ---p 00000000 00:00 0 
7f823ce34000-7f823cf30000 rw-p 00000000 00:00 0 
7f823cf30000-7f823cf34000 ---p 00000000 00:00 0 
7f823cf34000-7f823d030000 rw-p 00000000 00:00 0 
7f823d030000-7f823d034000 ---p 00000000 00:00 0 
7f823d034000-7f823d130000 rw-p 00000000 00:00 0 
7f823d130000-7f823d134000 r--p 00000000 fd:01 2147284                    /wf/tortugo-jdk/build/linux-x86_64-server-slowdebug/jdk/lib/libjsvml.so
7f823d134000-7f823d175000 r-xp 00004000 fd:01 2147284                    /wf/tortugo-jdk/build/linux-x86_64-server-slowdebug/jdk/lib/libjsvml.so
7f823d175000-7f823d1fe000 r--p 00045000 fd:01 2147284                    /wf/tortugo-jdk/build/linux-x86_64-server-slowdebug/jdk/lib/libjsvml.so
7f823d1fe000-7f823d1ff000 r--p 000cd000 fd:01 2147284                    /wf/tortugo-jdk/build/linux-x86_64-server-slowdebug/jdk/lib/libjsvml.so
7f823d1ff000-7f823d200000 rw-p 000ce000 fd:01 2147284                    /wf/tortugo-jdk/build/linux-x86_64-server-slowdebug/jdk/lib/libjsvml.so
7f823d200000-7f823d204000 ---p 00000000 00:00 0 
7f823d204000-7f823d300000 rw-p 00000000 00:00 0 
7f823d300000-7f823d304000 ---p 00000000 00:00 0 
7f823d304000-7f823d400000 rw-p 00000000 00:00 0 
7f823d400000-7f823d404000 ---p 00000000 00:00 0 
7f823d404000-7f823d500000 rw-p 00000000 00:00 0 
7f823d500000-7f823d504000 ---p 00000000 00:00 0 
7f823d504000-7f823d600000 rw-p 00000000 00:00 0 
7f823d600000-7f823d604000 ---p 00000000 00:00 0 
7f823d604000-7f823f800000 rw-p 00000000 00:00 0 
7f823f800000-7f8241000000 ---p 00000000 00:00 0 
7f8241000000-7f8241270000 rwxp 00000000 00:00 0 
7f8241270000-7f824845f000 ---p 00000000 00:00 0 
7f824845f000-7f824881f000 rwxp 00000000 00:00 0 
7f824881f000-7f8248ba0000 ---p 00000000 00:00 0 
7f8248ba0000-7f8248e10000 rwxp 00000000 00:00 0 
7f8248e10000-7f8250000000 ---p 00000000 00:00 0 
7f8250000000-7f825053c000 rw-p 00000000 00:00 0 
7f825053c000-7f8254000000 ---p 00000000 00:00 0 
7f8254016000-7f825401a000 ---p 00000000 00:00 0 
7f825401a000-7f8254116000 rw-p 00000000 00:00 0 
7f8254116000-7f825411a000 ---p 00000000 00:00 0 
7f825411a000-7f8254216000 rw-p 00000000 00:00 0 
7f8254216000-7f8254217000 ---p 00000000 00:00 0 
7f8254217000-7f8254317000 rw-p 00000000 00:00 0 
7f8254317000-7f8254318000 ---p 00000000 00:00 0 
7f8254318000-7f8254535000 rw-p 00000000 00:00 0 
7f8254535000-7f8254536000 ---p 00000000 00:00 0 
7f8254536000-7f8254636000 rw-p 00000000 00:00 0 
7f8254636000-7f8254637000 ---p 00000000 00:00 0 
7f8254637000-7f8255444000 rw-p 00000000 00:00 0 
7f8255444000-7f8255445000 ---p 00000000 00:00 0 
7f8255445000-7f8255545000 rw-p 00000000 00:00 0 
7f8255545000-7f8255546000 ---p 00000000 00:00 0 
7f8255546000-7f8255646000 rw-p 00000000 00:00 0 
7f8255646000-7f8255647000 ---p 00000000 00:00 0 
7f8255647000-7f8255801000 rw-p 00000000 00:00 0 
7f8255801000-7f8255b01000 ---p 00000000 00:00 0 
7f8255b01000-7f8255b21000 rw-p 00000000 00:00 0 
7f8255b21000-7f8255e21000 ---p 00000000 00:00 0 
7f8255e21000-7f8256b33000 rw-p 00000000 00:00 0 
7f8256b33000-7f8256c17000 ---p 00000000 00:00 0 
7f8256c17000-7f8256c1c000 rw-p 00000000 00:00 0 
7f8256c1c000-7f8256d00000 ---p 00000000 00:00 0 
7f8256d00000-7f8256d04000 ---p 00000000 00:00 0 
7f8256d04000-7f8256e00000 rw-p 00000000 00:00 0 
7f8256e00000-7f8257166000 r--p 00000000 fd:01 11180209                   /wf/tortugo-jdk/build/linux-x86_64-server-slowdebug/jdk/lib/server/libjvm.so
7f8257166000-7f82586b6000 r-xp 00366000 fd:01 11180209                   /wf/tortugo-jdk/build/linux-x86_64-server-slowdebug/jdk/lib/server/libjvm.so
7f82586b6000-7f82595de000 r--p 018b6000 fd:01 11180209                   /wf/tortugo-jdk/build/linux-x86_64-server-slowdebug/jdk/lib/server/libjvm.so
7f82595de000-7f82595df000 ---p 027de000 fd:01 11180209                   /wf/tortugo-jdk/build/linux-x86_64-server-slowdebug/jdk/lib/server/libjvm.so
7f82595df000-7f82596e2000 r--p 027de000 fd:01 11180209                   /wf/tortugo-jdk/build/linux-x86_64-server-slowdebug/jdk/lib/server/libjvm.so
7f82596e2000-7f825972e000 rw-p 028e1000 fd:01 11180209                   /wf/tortugo-jdk/build/linux-x86_64-server-slowdebug/jdk/lib/server/libjvm.so
7f825972e000-7f82597e2000 rw-p 00000000 00:00 0 
7f82597ed000-7f82597f0000 r--p 00000000 fd:01 2147239                    /wf/tortugo-jdk/build/linux-x86_64-server-slowdebug/jdk/lib/libnet.so
7f82597f0000-7f82597fb000 r-xp 00003000 fd:01 2147239                    /wf/tortugo-jdk/build/linux-x86_64-server-slowdebug/jdk/lib/libnet.so
7f82597fb000-7f82597fd000 r--p 0000e000 fd:01 2147239                    /wf/tortugo-jdk/build/linux-x86_64-server-slowdebug/jdk/lib/libnet.so
7f82597fd000-7f82597fe000 ---p 00010000 fd:01 2147239                    /wf/tortugo-jdk/build/linux-x86_64-server-slowdebug/jdk/lib/libnet.so
7f82597fe000-7f82597ff000 r--p 00010000 fd:01 2147239                    /wf/tortugo-jdk/build/linux-x86_64-server-slowdebug/jdk/lib/libnet.so
7f82597ff000-7f8259800000 rw-p 00011000 fd:01 2147239                    /wf/tortugo-jdk/build/linux-x86_64-server-slowdebug/jdk/lib/libnet.so
7f8259800000-7f8259828000 r--p 00000000 fd:01 24537309                   /usr/lib/x86_64-linux-gnu/libc.so.6
7f8259828000-7f82599bd000 r-xp 00028000 fd:01 24537309                   /usr/lib/x86_64-linux-gnu/libc.so.6
7f82599bd000-7f8259a15000 r--p 001bd000 fd:01 24537309                   /usr/lib/x86_64-linux-gnu/libc.so.6
7f8259a15000-7f8259a19000 r--p 00214000 fd:01 24537309                   /usr/lib/x86_64-linux-gnu/libc.so.6
7f8259a19000-7f8259a1b000 rw-p 00218000 fd:01 24537309                   /usr/lib/x86_64-linux-gnu/libc.so.6
7f8259a1b000-7f8259a28000 rw-p 00000000 00:00 0 
7f8259a38000-7f8259a3f000 r--p 00000000 fd:01 2147244                    /wf/tortugo-jdk/build/linux-x86_64-server-slowdebug/jdk/lib/libnio.so
7f8259a3f000-7f8259a4b000 r-xp 00007000 fd:01 2147244                    /wf/tortugo-jdk/build/linux-x86_64-server-slowdebug/jdk/lib/libnio.so
7f8259a4b000-7f8259a4e000 r--p 00013000 fd:01 2147244                    /wf/tortugo-jdk/build/linux-x86_64-server-slowdebug/jdk/lib/libnio.so
7f8259a4e000-7f8259a4f000 ---p 00016000 fd:01 2147244                    /wf/tortugo-jdk/build/linux-x86_64-server-slowdebug/jdk/lib/libnio.so
7f8259a4f000-7f8259a50000 r--p 00016000 fd:01 2147244                    /wf/tortugo-jdk/build/linux-x86_64-server-slowdebug/jdk/lib/libnio.so
7f8259a50000-7f8259a51000 rw-p 00017000 fd:01 2147244                    /wf/tortugo-jdk/build/linux-x86_64-server-slowdebug/jdk/lib/libnio.so
7f8259a51000-7f8259a5e000 r--p 00000000 fd:01 2147228                    /wf/tortugo-jdk/build/linux-x86_64-server-slowdebug/jdk/lib/libjava.so
7f8259a5e000-7f8259a75000 r-xp 0000d000 fd:01 2147228                    /wf/tortugo-jdk/build/linux-x86_64-server-slowdebug/jdk/lib/libjava.so
7f8259a75000-7f8259a7b000 r--p 00024000 fd:01 2147228                    /wf/tortugo-jdk/build/linux-x86_64-server-slowdebug/jdk/lib/libjava.so
7f8259a7b000-7f8259a7c000 r--p 00029000 fd:01 2147228                    /wf/tortugo-jdk/build/linux-x86_64-server-slowdebug/jdk/lib/libjava.so
7f8259a7c000-7f8259a7e000 rw-p 0002a000 fd:01 2147228                    /wf/tortugo-jdk/build/linux-x86_64-server-slowdebug/jdk/lib/libjava.so
7f8259a7e000-7f8259a82000 r--p 00000000 fd:01 2147238                    /wf/tortugo-jdk/build/linux-x86_64-server-slowdebug/jdk/lib/libjimage.so
7f8259a82000-7f8259a99000 r-xp 00004000 fd:01 2147238                    /wf/tortugo-jdk/build/linux-x86_64-server-slowdebug/jdk/lib/libjimage.so
7f8259a99000-7f8259aa0000 r--p 0001b000 fd:01 2147238                    /wf/tortugo-jdk/build/linux-x86_64-server-slowdebug/jdk/lib/libjimage.so
7f8259aa0000-7f8259aa1000 ---p 00022000 fd:01 2147238                    /wf/tortugo-jdk/build/linux-x86_64-server-slowdebug/jdk/lib/libjimage.so
7f8259aa1000-7f8259aa3000 r--p 00022000 fd:01 2147238                    /wf/tortugo-jdk/build/linux-x86_64-server-slowdebug/jdk/lib/libjimage.so
7f8259aa3000-7f8259aa4000 rw-p 00024000 fd:01 2147238                    /wf/tortugo-jdk/build/linux-x86_64-server-slowdebug/jdk/lib/libjimage.so
7f8259aa4000-7f8259ab2000 r--p 00000000 fd:01 24537960                   /usr/lib/x86_64-linux-gnu/libm.so.6
7f8259ab2000-7f8259b2e000 r-xp 0000e000 fd:01 24537960                   /usr/lib/x86_64-linux-gnu/libm.so.6
7f8259b2e000-7f8259b89000 r--p 0008a000 fd:01 24537960                   /usr/lib/x86_64-linux-gnu/libm.so.6
7f8259b89000-7f8259b8a000 r--p 000e4000 fd:01 24537960                   /usr/lib/x86_64-linux-gnu/libm.so.6
7f8259b8a000-7f8259b8b000 rw-p 000e5000 fd:01 24537960                   /usr/lib/x86_64-linux-gnu/libm.so.6
7f8259b8b000-7f8259b8d000 rw-p 00000000 00:00 0 
7f8259b8d000-7f8259b90000 r--p 00000000 fd:01 2147217                    /wf/tortugo-jdk/build/linux-x86_64-server-slowdebug/jdk/lib/libjli.so
7f8259b90000-7f8259b9f000 r-xp 00003000 fd:01 2147217                    /wf/tortugo-jdk/build/linux-x86_64-server-slowdebug/jdk/lib/libjli.so
7f8259b9f000-7f8259ba3000 r--p 00012000 fd:01 2147217                    /wf/tortugo-jdk/build/linux-x86_64-server-slowdebug/jdk/lib/libjli.so
7f8259ba3000-7f8259ba4000 r--p 00015000 fd:01 2147217                    /wf/tortugo-jdk/build/linux-x86_64-server-slowdebug/jdk/lib/libjli.so
7f8259ba4000-7f8259ba5000 rw-p 00016000 fd:01 2147217                    /wf/tortugo-jdk/build/linux-x86_64-server-slowdebug/jdk/lib/libjli.so
7f8259ba5000-7f8259ba7000 r--p 00000000 fd:01 24538663                   /usr/lib/x86_64-linux-gnu/libz.so.1.2.11
7f8259ba7000-7f8259bb8000 r-xp 00002000 fd:01 24538663                   /usr/lib/x86_64-linux-gnu/libz.so.1.2.11
7f8259bb8000-7f8259bbe000 r--p 00013000 fd:01 24538663                   /usr/lib/x86_64-linux-gnu/libz.so.1.2.11
7f8259bbe000-7f8259bbf000 ---p 00019000 fd:01 24538663                   /usr/lib/x86_64-linux-gnu/libz.so.1.2.11
7f8259bbf000-7f8259bc0000 r--p 00019000 fd:01 24538663                   /usr/lib/x86_64-linux-gnu/libz.so.1.2.11
7f8259bc0000-7f8259bc1000 rw-p 0001a000 fd:01 24538663                   /usr/lib/x86_64-linux-gnu/libz.so.1.2.11
7f8259bc2000-7f8259bca000 rw-p 00000000 00:00 0 
7f8259bca000-7f8259bd1000 ---p 00000000 00:00 0 
7f8259bd1000-7f8259bd9000 rw-s 00000000 fd:01 28838230                   /tmp/hsperfdata_cesar/521323
7f8259bd9000-7f8259bda000 ---p 00000000 00:00 0 
7f8259bda000-7f8259bdb000 r--p 00000000 00:00 0 
7f8259bdb000-7f8259bdd000 rw-p 00000000 00:00 0 
7f8259bdd000-7f8259bdf000 r--p 00000000 fd:01 24536967                   /usr/lib/x86_64-linux-gnu/ld-linux-x86-64.so.2
7f8259bdf000-7f8259c09000 r-xp 00002000 fd:01 24536967                   /usr/lib/x86_64-linux-gnu/ld-linux-x86-64.so.2
7f8259c09000-7f8259c14000 r--p 0002c000 fd:01 24536967                   /usr/lib/x86_64-linux-gnu/ld-linux-x86-64.so.2
7f8259c14000-7f8259c15000 rwxp 00000000 00:00 0 
7f8259c15000-7f8259c17000 r--p 00037000 fd:01 24536967                   /usr/lib/x86_64-linux-gnu/ld-linux-x86-64.so.2
7f8259c17000-7f8259c19000 rw-p 00039000 fd:01 24536967                   /usr/lib/x86_64-linux-gnu/ld-linux-x86-64.so.2
7ffd695b1000-7ffd695d3000 rw-p 00000000 00:00 0                          [stack]
7ffd695e4000-7ffd695e8000 r--p 00000000 00:00 0                          [vvar]
7ffd695e8000-7ffd695ea000 r-xp 00000000 00:00 0                          [vdso]
ffffffffff600000-ffffffffff601000 --xp 00000000 00:00 0                  [vsyscall]
Total number of mappings: 217


VM Arguments:
jvm_args: -Xms64M -Xmx1600M --add-exports=java.base/jdk.internal.module=ALL-UNNAMED 
java_command: build.tools.jigsaw.AddPackagesAttribute /wf/tortugo-jdk/build/linux-x86_64-server-slowdebug/jdk
java_class_path (initial): /wf/tortugo-jdk/build/linux-x86_64-server-slowdebug/buildtools/tools_jigsaw_classes
Launcher Type: SUN_STANDARD

[Global flags]
     intx CICompilerCount                          = 12                                        {product} {ergonomic}     Number of compiler threads to run
     uint ConcGCThreads                            = 3                                         {product} {ergonomic}     Number of threads concurrent gc will use
     uint G1ConcRefinementThreads                  = 13                                        {product} {ergonomic}     The number of parallel remembered set update threads. Will be set ergonomically by default.
   size_t G1HeapRegionSize                         = 1048576                                   {product} {ergonomic}     Size of the G1 regions.
   size_t InitialHeapSize                          = 67108864                                  {product} {command line}  Initial heap size (in bytes); zero means use ergonomics
   size_t MarkStackSize                            = 4194304                                   {product} {ergonomic}     Size of marking stack
   size_t MaxHeapSize                              = 1677721600                                {product} {command line}  Maximum heap size (in bytes)
   size_t MaxNewSize                               = 1006632960                                {product} {ergonomic}     Maximum new generation size (in bytes), max_uintx means set ergonomically
   size_t MinHeapDeltaBytes                        = 1048576                                   {product} {ergonomic}     The minimum change in heap space due to GC (in bytes)
   size_t MinHeapSize                              = 67108864                                  {product} {command line}  Minimum heap size (in bytes); zero means use ergonomics
    uintx NonNMethodCodeHeapSize                   = 7602480                                {pd product} {ergonomic}     Size of code heap with non-nmethods (in bytes)
    uintx NonProfiledCodeHeapSize                  = 122027880                              {pd product} {ergonomic}     Size of code heap with non-profiled methods (in bytes)
    uintx ProfiledCodeHeapSize                     = 122027880                              {pd product} {ergonomic}     Size of code heap with profiled methods (in bytes)
    uintx ReservedCodeCacheSize                    = 251658240                              {pd product} {ergonomic}     Reserved code cache size (in bytes) - maximum code cache size
     bool SegmentedCodeCache                       = true                                      {product} {ergonomic}     Use a segmented code cache
   size_t SoftMaxHeapSize                          = 1677721600                             {manageable} {ergonomic}     Soft limit for maximum heap size (in bytes)
     bool THPStackMitigation                       = false                                  {diagnostic} {ergonomic}     If THPs are unconditionally enabled on the system (mode "always"), the JVM will prevent THP from forming in thread stacks. When disabled, the absence of this mitigationallows THPs to form in thread stacks.
     bool UseCompressedOops                        = true                           {product lp64_product} {ergonomic}   Use 32-bit object references in 64-bit VM. lp64_product means flag is always constant in 32 bit VM
     bool UseG1GC                                  = true                                      {product} {ergonomic}     Use the Garbage-First garbage collector

Logging:
Log output configuration:
 #0: stdout all=warning uptime,level,tags foldmultilines=false
 #1: stderr all=off uptime,level,tags foldmultilines=false

Environment Variables:
CLASSPATH=
PATH=/usr/local/lib/nodejs/node-v18.17.0-linux-x64/bin:/usr/local/lib/nodejs/node-v18.17.0-linux-x64/bin:/home/cesar/.local/bin:/usr/local/sbin:/usr/local/bin:/usr/sbin:/usr/bin:/sbin:/bin:/usr/games:/usr/local/games:/snap/bin:/snap/bin
USERNAME=cesar
SHELL=/bin/bash
DISPLAY=:1
LANG=en_US.UTF-8
LC_ALL=C
LC_NUMERIC=en_CA.UTF-8
LC_TIME=en_CA.UTF-8
TERM=xterm-kitty

Active Locale:
LC_ALL=C
LC_COLLATE=C
LC_CTYPE=C
LC_MESSAGES=C
LC_MONETARY=C
LC_NUMERIC=C
LC_TIME=C

Signal Handlers:
   SIGSEGV: crash_handler in libjvm.so, mask=11100100010111111101111111111110, flags=SA_RESTART|SA_SIGINFO, unblocked
    SIGBUS: crash_handler in libjvm.so, mask=11100100010111111101111111111110, flags=SA_RESTART|SA_SIGINFO, unblocked
    SIGFPE: crash_handler in libjvm.so, mask=11100100010111111101111111111110, flags=SA_RESTART|SA_SIGINFO, unblocked
   SIGPIPE: javaSignalHandler in libjvm.so, mask=11100100010111111101111111111110, flags=SA_RESTART|SA_SIGINFO, unblocked
   SIGXFSZ: javaSignalHandler in libjvm.so, mask=11100100010111111101111111111110, flags=SA_RESTART|SA_SIGINFO, unblocked
    SIGILL: crash_handler in libjvm.so, mask=11100100010111111101111111111110, flags=SA_RESTART|SA_SIGINFO, unblocked
   SIGUSR2: SR_handler in libjvm.so, mask=00000000000000000000000000000000, flags=SA_RESTART|SA_SIGINFO, unblocked
    SIGHUP: UserHandler in libjvm.so, mask=11100100010111111101111111111110, flags=SA_RESTART|SA_SIGINFO, unblocked
    SIGINT: UserHandler in libjvm.so, mask=11100100010111111101111111111110, flags=SA_RESTART|SA_SIGINFO, unblocked
   SIGTERM: UserHandler in libjvm.so, mask=11100100010111111101111111111110, flags=SA_RESTART|SA_SIGINFO, unblocked
   SIGQUIT: UserHandler in libjvm.so, mask=11100100010111111101111111111110, flags=SA_RESTART|SA_SIGINFO, blocked
   SIGTRAP: crash_handler in libjvm.so, mask=11100100010111111101111111111110, flags=SA_RESTART|SA_SIGINFO, unblocked


Native Memory Tracking:

(Omitting categories weighting less than 1KB)

Total: reserved=3225090KB, committed=250398KB
       malloc: 132842KB #65987
       mmap:   reserved=3092248KB, committed=117556KB

-                 Java Heap (reserved=1638400KB, committed=65536KB)
                            (mmap: reserved=1638400KB, committed=65536KB, largest_committed=65536KB) 
 
-                     Class (reserved=119KB, committed=119KB)
                            (classes #907)
                            (  instance classes #801, array classes #106)
                            (malloc=119KB #2331) (peak=119KB #2333) 
                            (  Metadata:   )
                            (    reserved=65536KB, committed=6528KB)
                            (    used=6447KB)
                            (    waste=81KB =1.24%)
                            (  Class space:)
                            (    reserved=1048576KB, committed=640KB)
                            (    used=556KB)
                            (    waste=84KB =13.12%)
 
-                    Thread (reserved=26731KB, committed=1347KB)
                            (threads #26)
                            (stack: reserved=26624KB, committed=1240KB, largest_committed=120KB)
                            (malloc=55KB #161) (peak=65KB #171) 
                            (arena=52KB #41) (peak=235KB #30)
 
-                      Code (reserved=248700KB, committed=9920KB)
                            (malloc=1016KB #30329) (peak=1016KB #30332) 
                            (mmap: reserved=247684KB, committed=8904KB, largest_committed=2496KB) 
                            (arena=0KB #0) (peak=1KB #1)
 
-                        GC (reserved=92728KB, committed=62008KB)
                            (malloc=27344KB #800) (peak=27382KB #957) 
                            (mmap: reserved=65384KB, committed=34664KB, largest_committed=32768KB) 
 
-                 GCCardSet (reserved=15KB, committed=15KB)
                            (malloc=15KB #195) (at peak) 
 
-                  Compiler (reserved=45958KB, committed=45958KB)
                            (malloc=30KB #117) (peak=44KB #122) 
                            (arena=45928KB #62) (peak=57101KB #64)
 
-                  Internal (reserved=45648KB, committed=45648KB)
                            (malloc=45612KB #27398) (peak=45613KB #27404) 
                            (mmap: reserved=36KB, committed=36KB, largest_committed=32KB) 
 
-                     Other (reserved=10KB, committed=10KB)
                            (malloc=10KB #2) (at peak) 
 
-                    Symbol (reserved=2921KB, committed=2921KB)
                            (malloc=836KB #1706) (at peak) 
                            (arena=2086KB #1) (at peak)
 
-    Native Memory Tracking (reserved=1039KB, committed=1039KB)
                            (malloc=8KB #77) (peak=8KB #79) 
                            (tracking overhead=1031KB)
 
-               Arena Chunk (reserved=8510KB, committed=8510KB)
                            (malloc=8510KB #1657) (peak=59593KB #1638) 
 
-                    Module (reserved=15KB, committed=15KB)
                            (malloc=15KB #103) (peak=19KB #92) 
 
-                 Safepoint (reserved=8KB, committed=8KB)
                            (mmap: reserved=8KB, committed=8KB, largest_committed=8KB) 
 
-           Synchronization (reserved=137KB, committed=137KB)
                            (malloc=137KB #1031) (peak=137KB #1032) 
 
-            Serviceability (reserved=17KB, committed=17KB)
                            (malloc=17KB #9) (peak=17KB #11) 
 
-                 Metaspace (reserved=65549KB, committed=6541KB)
                            (malloc=13KB #10) (at peak) 
                            (mmap: reserved=65536KB, committed=6528KB, largest_committed=64KB) 
 
-      String Deduplication (reserved=1KB, committed=1KB)
                            (malloc=1KB #8) (at peak) 
 
-           Object Monitors (reserved=8KB, committed=8KB)
                            (malloc=8KB #38) (at peak) 
 
-                   Unknown (reserved=1048576KB, committed=640KB)
                            (mmap: reserved=1048576KB, committed=640KB, largest_committed=64KB) 
 
Preinit state:entries: 356 (primary: 356, empties: 7835), sum bytes: 14458, longest chain length: 1
pre-init mallocs: 391, pre-init reallocs: 2, pre-init frees: 35
MallocLimit: unset

Periodic native trim disabled

---------------  S Y S T E M  ---------------

OS:
DISTRIB_ID=Ubuntu
DISTRIB_RELEASE=22.04
DISTRIB_CODENAME=jammy
DISTRIB_DESCRIPTION="Ubuntu 22.04.3 LTS"
uname: Linux desktop 6.2.0-33-generic #33~22.04.1-Ubuntu SMP PREEMPT_DYNAMIC Thu Sep  7 10:33:52 UTC 2 x86_64
OS uptime: 3 days 0:31 hours
libc: glibc 2.35 NPTL 2.35 
rlimit (soft/hard): STACK 8192k/infinity , CORE 0k/infinity , NPROC 256033/256033 , NOFILE 1048576/1048576 , AS infinity/infinity , CPU infinity/infinity , DATA infinity/infinity , FSIZE infinity/infinity , MEMLOCK 8220428k/8220428k
load average: 2.68 2.85 3.95

/proc/meminfo:
MemTotal:       65763428 kB
MemFree:        10958688 kB
MemAvailable:   33614844 kB
Buffers:         2768544 kB
Cached:         19638184 kB
SwapCached:            0 kB
Active:         12071988 kB
Inactive:       40362652 kB
Active(anon):      13776 kB
Inactive(anon): 30420204 kB
Active(file):   12058212 kB
Inactive(file):  9942448 kB
Unevictable:        2064 kB
Mlocked:            2064 kB
SwapTotal:       1998844 kB
SwapFree:        1998844 kB
Zswap:                 0 kB
Zswapped:              0 kB
Dirty:            400072 kB
Writeback:             0 kB
AnonPages:      30030232 kB
Mapped:          1501772 kB
Shmem:            445524 kB
KReclaimable:    1378724 kB
Slab:            1786500 kB
SReclaimable:    1378724 kB
SUnreclaim:       407776 kB
KernelStack:       51680 kB
PageTables:       185780 kB
SecPageTables:         0 kB
NFS_Unstable:          0 kB
Bounce:                0 kB
WritebackTmp:          0 kB
CommitLimit:    34880556 kB
Committed_AS:   56398460 kB
VmallocTotal:   34359738367 kB
VmallocUsed:      147940 kB
VmallocChunk:          0 kB
Percpu:            21632 kB
HardwareCorrupted:     0 kB
AnonHugePages:         0 kB
ShmemHugePages:        0 kB
ShmemPmdMapped:        0 kB
FileHugePages:         0 kB
FilePmdMapped:         0 kB
HugePages_Total:       0
HugePages_Free:        0
HugePages_Rsvd:        0
HugePages_Surp:        0
Hugepagesize:       2048 kB
Hugetlb:               0 kB
DirectMap4k:     1753468 kB
DirectMap2M:    19144704 kB
DirectMap1G:    47185920 kB

/sys/kernel/mm/transparent_hugepage/enabled: always [madvise] never
/sys/kernel/mm/transparent_hugepage/defrag (defrag/compaction efforts parameter): always defer defer+madvise [madvise] never

Process Memory:
Virtual Size: 4983496K (peak: 4983496K)
Resident Set Size: 220472K (peak: 220472K) (anon: 186552K, file: 33920K, shmem: 0K)
Swapped out: 0K
C-Heap outstanding allocations: 134642K, retained: 9541K
glibc malloc tunables: (default)

/proc/sys/kernel/threads-max (system-wide limit on the number of threads): 512067
/proc/sys/vm/max_map_count (maximum number of memory map areas a process may have): 65530
/proc/sys/kernel/pid_max (system-wide limit on number of process identifiers): 4194304

container (cgroup) information:
container_type: cgroupv2
cpu_cpuset_cpus: not supported
cpu_memory_nodes: not supported
active_processor_count: 16
cpu_quota: not supported
cpu_period: not supported
cpu_shares: not supported
memory_limit_in_bytes: unlimited
memory_and_swap_limit_in_bytes: unlimited
memory_soft_limit_in_bytes: unlimited
memory_usage_in_bytes: 11817092 k
memory_max_usage_in_bytes: not supported
memory_swap_current_in_bytes: unlimited
memory_swap_max_limit_in_bytes: unlimited
maximum number of tasks: 76810
current number of tasks: 350

Steal ticks since vm start: 0
Steal ticks percentage since vm start:  0.000

CPU: total 16 (initial active 16) (16 cores per cpu, 2 threads per core) family 23 model 1 stepping 1 microcode 0x8001137, cx8, cmov, fxsr, ht, mmx, 3dnowpref, sse, sse2, sse3, ssse3, sse4a, sse4.1, sse4.2, popcnt, lzcnt, tsc, tscinvbit, avx, avx2, aes, clmul, bmi1, bmi2, adx, sha, fma, vzeroupper, clflush, clflushopt, rdtscp, f16c
CPU Model and flags from /proc/cpuinfo:
model name	: AMD Ryzen 7 1800X Eight-Core Processor
flags		: fpu vme de pse tsc msr pae mce cx8 apic sep mtrr pge mca cmov pat pse36 clflush mmx fxsr sse sse2 ht syscall nx mmxext fxsr_opt pdpe1gb rdtscp lm constant_tsc rep_good nopl nonstop_tsc cpuid extd_apicid aperfmperf rapl pni pclmulqdq monitor ssse3 fma cx16 sse4_1 sse4_2 movbe popcnt aes xsave avx f16c rdrand lahf_lm cmp_legacy svm extapic cr8_legacy abm sse4a misalignsse 3dnowprefetch osvw skinit wdt tce topoext perfctr_core perfctr_nb bpext perfctr_llc mwaitx cpb hw_pstate ssbd ibpb vmmcall fsgsbase bmi1 avx2 smep bmi2 rdseed adx smap clflushopt sha_ni xsaveopt xsavec xgetbv1 clzero irperf xsaveerptr arat npt lbrv svm_lock nrip_save tsc_scale vmcb_clean flushbyasid decodeassists pausefilter pfthreshold avic v_vmsave_vmload vgif overflow_recov succor smca sev

Online cpus: 0-15
Offline cpus: 
cache level: 1
cache type: Data
cache size: 32K
cache coherency line size: 64
cache level: 1
cache type: Instruction
cache size: 64K
cache coherency line size: 64
cache level: 2
cache type: Unified
cache size: 512K
cache coherency line size: 64
cache level: 3
cache type: Unified
cache size: 8192K
cache coherency line size: 64
BIOS frequency limitation: 3600000
Frequency switch latency (ns): 0
Available cpu frequencies: 3600000 3200000 2200000 
Maximum cpu frequency: 3600000
Minimum cpu frequency: 2200000
Current cpu frequency: 3692674
Available governors: conservative ondemand userspace powersave performance schedutil 
Current governor: schedutil
Core performance/turbo boost: 1

Memory: 4k page, physical 65763428k(33614844k free), swap 1998844k(1998844k free)
Page Sizes: 4k

vm_info: OpenJDK 64-Bit Server VM (slowdebug 22-internal-adhoc.cesar.tortugo-jdk) for linux-amd64 JRE (22-internal-adhoc.cesar.tortugo-jdk), built on 2023-09-30T00:26:14Z by "cesar" with gcc 11.4.0

END.
