#
# A fatal error has been detected by the Java Runtime Environment:
#
#  Internal Error (/wf/tortugo-jdk/src/hotspot/share/asm/assembler.hpp:237), pid=516711, tid=516729
#  assert(assm->inst_mark() == nullptr) failed: overlapping instructions
#
# JRE version: OpenJDK Runtime Environment (22.0) (slowdebug build 22-internal-adhoc.cesar.tortugo-jdk)
# Java VM: OpenJDK 64-Bit Server VM (slowdebug 22-internal-adhoc.cesar.tortugo-jdk, mixed mode, tiered, compressed oops, compressed class ptrs, g1 gc, linux-amd64)
# Problematic frame:
# V  [libjvm.so+0x69ed8c]  AbstractAssembler::InstructionMark::InstructionMark(AbstractAssembler*)+0x56
#
# Core dump will be written. Default location: Core dumps may be processed with "/usr/share/apport/apport -p%p -s%s -c%c -d%d -P%P -u%u -g%g -- %E" (or dumping to /wf/tortugo-jdk/make/core.516711)
#
# If you would like to submit a bug report, please visit:
#   https://bugreport.java.com/bugreport/crash.jsp
#

---------------  S U M M A R Y ------------

Command Line: -Xms64M -Xmx1600M --add-exports=java.base/jdk.internal.module=ALL-UNNAMED build.tools.jigsaw.AddPackagesAttribute /wf/tortugo-jdk/build/linux-x86_64-server-slowdebug/jdk

Host: desktop, AMD Ryzen 7 1800X Eight-Core Processor, 16 cores, 62G, Ubuntu 22.04.3 LTS
Time: Mon Oct  2 14:06:49 2023 PDT elapsed time: 1.430500 seconds (0d 0h 0m 1s)

---------------  T H R E A D  ---------------

Current thread (0x00007f5d042efcb0):  JavaThread "C2 CompilerThread0" daemon [_thread_in_native, id=516729, stack(0x00007f5cf1300000,0x00007f5cf1400000) (1024K)]


Current CompileTask:
C2:   1430  155   !   4       sun.nio.fs.UnixPath::initOffsets (189 bytes)

Stack: [0x00007f5cf1300000,0x00007f5cf1400000],  sp=0x00007f5cf13fb940,  free space=1006k
Native frames: (J=compiled Java code, j=interpreted, Vv=VM code, C=native code)
V  [libjvm.so+0x69ed8c]  AbstractAssembler::InstructionMark::InstructionMark(AbstractAssembler*)+0x56  (assembler.hpp:237)
V  [libjvm.so+0x699602]  Assembler::movq(Address, Register)+0x40  (assembler_x86.cpp:13419)
V  [libjvm.so+0x11bf4fa]  MacroAssembler::movptr(Address, Register)+0x50  (macroAssembler_x86.cpp:2569)
V  [libjvm.so+0x805d3a]  C2HandleAnonOMOwnerStub::emit(C2_MacroAssembler&)+0xbc  (c2_CodeStubs_x86.cpp:88)
V  [libjvm.so+0x805420]  C2CodeStubList::emit(C2_MacroAssembler&)+0xf6  (c2_CodeStubs.cpp:48)
V  [libjvm.so+0x1344843]  PhaseOutput::fill_buffer(C2_MacroAssembler*, unsigned int*)+0x240d  (output.cpp:1812)
V  [libjvm.so+0x133e040]  PhaseOutput::Output()+0x73c  (output.cpp:362)
V  [libjvm.so+0x96decb]  Compile::Code_Gen()+0x4ab  (compile.cpp:2989)
V  [libjvm.so+0x964029]  Compile::Compile(ciEnv*, ciMethod*, int, Options, DirectiveSet*)+0x1803  (compile.cpp:887)
V  [libjvm.so+0x829801]  C2Compiler::compile_method(ciEnv*, ciMethod*, int, bool, DirectiveSet*)+0x203  (c2compiler.cpp:119)
V  [libjvm.so+0x985afe]  CompileBroker::invoke_compiler_on_method(CompileTask*)+0x9f0  (compileBroker.cpp:2282)
V  [libjvm.so+0x984590]  CompileBroker::compiler_thread_loop()+0x412  (compileBroker.cpp:1943)
V  [libjvm.so+0x9a9023]  CompilerThread::thread_entry(JavaThread*, JavaThread*)+0x8d  (compilerThread.cpp:58)
V  [libjvm.so+0xe0a1de]  JavaThread::thread_main_inner()+0x16c  (javaThread.cpp:720)
V  [libjvm.so+0xe0a06f]  JavaThread::run()+0x1db  (javaThread.cpp:705)
V  [libjvm.so+0x164e7c1]  Thread::call_run()+0x1bd  (thread.cpp:220)
V  [libjvm.so+0x13202ea]  thread_native_entry(Thread*)+0x1cf  (os_linux.cpp:786)
Registers:
RAX=0x00007f5d0dc60000, RBX=0x00007f5cf13fbf80, RCX=0x00007f5d0c1f4138, RDX=0x00007f5cf13fbf80
RSP=0x00007f5cf13fb940, RBP=0x00007f5cf13fb950, RSI=0x00007f5cf13fbf80, RDI=0x00007f5cf13fc3f8
R8 =0x0000000000000000, R9 =0x0000000000000000, R10=0x00007f5cbc215370, R11=0x882f172003ff0256
R12=0x0000000000000040, R13=0x00007f5cbc10a2b8, R14=0x00007f5d0d894850, R15=0x00007f5d0adfe3a0
RIP=0x00007f5d0b49ed8c, EFLAGS=0x0000000000010202, CSGSFS=0x002b000000000033, ERR=0x0000000000000006
  TRAPNO=0x000000000000000e


Register to memory mapping:

RAX=0x00007f5d0dc60000 in mmap'd memory region [0x00007f5d0dc60000 - 0x00007f5d0dc61000], tag mtInternal
RBX=0x00007f5cf13fbf80 is pointing into the stack for thread: 0x00007f5d042efcb0
RCX=0x00007f5d0c1f4138: <offset 0x00000000013f4138> in /wf/tortugo-jdk/build/linux-x86_64-server-slowdebug/jdk/lib/server/libjvm.so at 0x00007f5d0ae00000
RDX=0x00007f5cf13fbf80 is pointing into the stack for thread: 0x00007f5d042efcb0
RSP=0x00007f5cf13fb940 is pointing into the stack for thread: 0x00007f5d042efcb0
RBP=0x00007f5cf13fb950 is pointing into the stack for thread: 0x00007f5d042efcb0
RSI=0x00007f5cf13fbf80 is pointing into the stack for thread: 0x00007f5d042efcb0
RDI=0x00007f5cf13fc3f8 is pointing into the stack for thread: 0x00007f5d042efcb0
R8 =0x0 is null
R9 =0x0 is null
R10=0x00007f5cbc215370 points into unknown readable memory: 0x0000000000001e90 | 90 1e 00 00 00 00 00 00
R11=0x882f172003ff0256 is an unknown value
R12=0x0000000000000040 is an unknown value
R13=0x00007f5cbc10a2b8 points into unknown readable memory: 0x00007f5d0d5f8f78 | 78 8f 5f 0d 5d 7f 00 00
R14=0x00007f5d0d894850: <offset 0x0000000000094850> in /lib/x86_64-linux-gnu/libc.so.6 at 0x00007f5d0d800000
R15=0x00007f5d0adfe3a0 is pointing into the stack for thread: 0x00007f5d0402abd0

Top of Stack: (sp=0x00007f5cf13fb940)
0x00007f5cf13fb940:   00007f5cf13fbf80 00007f5cf13fb988
0x00007f5cf13fb950:   00007f5cf13fb9f0 00007f5d0b499602
0x00007f5cf13fb960:   00007f5cf13fbad8 0000000ff13fba38
0x00007f5cf13fb970:   00007f5cf13fba20 00007f5cf13fbf80
0x00007f5cf13fb980:   00007f5cf13fba38 00007f5cf13fbf80
0x00007f5cf13fb990:   00007f5cf13fb9b0 00007f5d0c1f415f
0x00007f5cf13fb9a0:   00007f5cf13fba38 00007f5cf13fbad8
0x00007f5cf13fb9b0:   00007f5cf13fb9d0 00007f5d0b23d720
0x00007f5cf13fb9c0:   00007f5cf13fbad8 00007f5cf13fba38
0x00007f5cf13fb9d0:   00007f5cf13fb9f0 8bf800fc2c654c00
0x00007f5cf13fb9e0:   00007f5cf13fbac0 00007f5cf13fbf80
0x00007f5cf13fb9f0:   00007f5cf13fba80 00007f5d0bfbf4fa
0x00007f5cf13fba00:   00007f5cf13fbf80 0000000ff13fbad8
0x00007f5cf13fba10:   00007f5cf13fbac0 00007f5cf13fbf80
0x00007f5cf13fba20:   ffffffff0000000a ffffffffffffffff
0x00007f5cf13fba30:   00007f000000003e 00007f5d0d5f5248
0x00007f5cf13fba40:   0000000000000000 00007f5d00000000
0x00007f5cf13fba50:   00007f5cf13fba80 00007f5cf13fbad8
0x00007f5cf13fba60:   00007f5cf13fba80 8bf800fc2c654c00
0x00007f5cf13fba70:   0000000a0000003e 00007f5cf13fbf80
0x00007f5cf13fba80:   00007f5cf13fbb20 00007f5d0b605d3a
0x00007f5cf13fba90:   00007f5cf13fbf80 00007f5cbc19ff70
0x00007f5cf13fbaa0:   00007f5cf13fbad0 000000000000000a
0x00007f5cf13fbab0:   00002625f13fbad0 00007f5cf13fc388
0x00007f5cf13fbac0:   ffffffff0000000a ffffffffffffffff
0x00007f5cf13fbad0:   00007f000000003e 00007f5d0d5f5248
0x00007f5cf13fbae0:   0000000000000000 00007f5d00000000
0x00007f5cf13fbaf0:   00000002f13fbb10 00007f5cf13fc3f8
0x00007f5cf13fbb00:   00007f5cf13fbb20 8bf800fc2c654c00
0x00007f5cf13fbb10:   00007f5d0404d8b0 00007f5d0b4af7b2
0x00007f5cf13fbb20:   00007f5cf13fbb60 00007f5d0b605420
0x00007f5cf13fbb30:   00007f5cf13fbf80 00007f5cf13fc5b0 

Instructions: (pc=0x00007f5d0b49ed8c)
0x00007f5d0b49ec8c:   f6 ff ff eb 05 b8 00 00 00 00 c9 c3 f3 0f 1e fa
0x00007f5d0b49ec9c:   55 48 89 e5 53 48 83 ec 18 48 89 7d e8 48 89 75
0x00007f5d0b49ecac:   e0 48 8b 45 e8 48 89 c7 e8 fd f4 d9 ff 48 89 c3
0x00007f5d0b49ecbc:   48 8b 45 e8 48 89 c7 e8 2a f5 d9 ff 48 89 c2 48
0x00007f5d0b49eccc:   8b 45 e0 48 89 c6 48 89 df e8 78 09 29 00 48 8b
0x00007f5d0b49ecdc:   5d f8 c9 c3 f3 0f 1e fa 55 48 89 e5 48 89 7d f8
0x00007f5d0b49ecec:   89 75 f4 83 7d f4 00 78 10 81 7d f4 ff 00 00 00
0x00007f5d0b49ecfc:   7f 07 b8 01 00 00 00 eb 05 b8 00 00 00 00 5d c3
0x00007f5d0b49ed0c:   f3 0f 1e fa 55 48 89 e5 48 89 7d f8 89 75 f4 83
0x00007f5d0b49ed1c:   7d f4 00 78 0d 83 7d f4 1f 7f 07 b8 01 00 00 00
0x00007f5d0b49ed2c:   eb 05 b8 00 00 00 00 5d c3 90 f3 0f 1e fa 55 48
0x00007f5d0b49ed3c:   89 e5 48 83 ec 10 48 89 7d f8 48 89 75 f0 48 8b
0x00007f5d0b49ed4c:   45 f8 48 8b 55 f0 48 89 10 e8 81 8a cc ff 83 f0
0x00007f5d0b49ed5c:   01 84 c0 74 18 48 8b 45 f0 48 89 c7 e8 03 f5 d9
0x00007f5d0b49ed6c:   ff 48 85 c0 74 07 b8 01 00 00 00 eb 05 b8 00 00
0x00007f5d0b49ed7c:   00 00 84 c0 74 3a 48 8d 05 df 03 25 02 48 8b 00
0x00007f5d0b49ed8c:   c6 00 58 48 8d 05 5d 19 27 01 48 89 c1 48 8d 05
0x00007f5d0b49ed9c:   70 19 27 01 48 89 c2 be ed 00 00 00 48 8d 05 91
0x00007f5d0b49edac:   19 27 01 48 89 c7 b8 00 00 00 00 e8 b6 d3 36 00
0x00007f5d0b49edbc:   48 8b 45 f8 48 8b 00 48 89 c7 e8 cb f4 d9 ff 90
0x00007f5d0b49edcc:   c9 c3 f3 0f 1e fa 55 48 89 e5 48 83 ec 10 48 89
0x00007f5d0b49eddc:   7d f8 48 8b 45 f8 48 8b 00 48 89 c7 e8 d1 f4 d9
0x00007f5d0b49edec:   ff 90 c9 c3 f3 0f 1e fa 55 48 89 e5 48 89 7d f8
0x00007f5d0b49edfc:   48 8b 45 f8 8b 40 18 5d c3 90 f3 0f 1e fa 55 48
0x00007f5d0b49ee0c:   89 e5 41 54 53 48 83 ec 10 48 89 7d e8 89 75 e4
0x00007f5d0b49ee1c:   89 55 e0 48 8b 45 e8 48 89 c7 e8 8b f3 d9 ff 49
0x00007f5d0b49ee2c:   89 c4 8b 55 e0 48 8b 45 e8 89 d6 48 89 c7 e8 0d
0x00007f5d0b49ee3c:   b1 dd ff 0f b6 d8 8b 55 e4 48 8b 45 e8 89 d6 48
0x00007f5d0b49ee4c:   89 c7 e8 f9 b0 dd ff 0f b6 c0 89 da 89 c6 4c 89
0x00007f5d0b49ee5c:   e7 e8 d4 f7 ff ff 90 48 83 c4 10 5b 41 5c 5d c3
0x00007f5d0b49ee6c:   f3 0f 1e fa 55 48 89 e5 41 55 41 54 53 48 83 ec
0x00007f5d0b49ee7c:   28 48 89 7d d8 89 75 d4 89 55 d0 89 4d cc 48 8b 


Stack slot to memory mapping:

stack at sp + 0 slots: 0x00007f5cf13fbf80 is pointing into the stack for thread: 0x00007f5d042efcb0
stack at sp + 1 slots: 0x00007f5cf13fb988 is pointing into the stack for thread: 0x00007f5d042efcb0
stack at sp + 2 slots: 0x00007f5cf13fb9f0 is pointing into the stack for thread: 0x00007f5d042efcb0
stack at sp + 3 slots: 0x00007f5d0b499602: <offset 0x0000000000699602> in /wf/tortugo-jdk/build/linux-x86_64-server-slowdebug/jdk/lib/server/libjvm.so at 0x00007f5d0ae00000
stack at sp + 4 slots: 0x00007f5cf13fbad8 is pointing into the stack for thread: 0x00007f5d042efcb0
stack at sp + 5 slots: 0x0000000ff13fba38 is an unknown value
stack at sp + 6 slots: 0x00007f5cf13fba20 is pointing into the stack for thread: 0x00007f5d042efcb0
stack at sp + 7 slots: 0x00007f5cf13fbf80 is pointing into the stack for thread: 0x00007f5d042efcb0

Lock stack of current Java thread (top to bottom):


---------------  P R O C E S S  ---------------

uid  : 1000 euid : 1000 gid  : 1000 egid : 1000

umask: 0002 (-------w-)

Threads class SMR info:
_java_thread_list=0x00007f5ca8000ec0, length=16, elements={
0x00007f5d0402abd0, 0x00007f5d042d74a0, 0x00007f5d042d8cf0, 0x00007f5d042dac60,
0x00007f5d042ec680, 0x00007f5d042ede90, 0x00007f5d042efcb0, 0x00007f5d042f1660,
0x00007f5d04326bd0, 0x00007f5cac060a50, 0x00007f5ca821c300, 0x00007f5ca00d63f0,
0x00007f5ca013a080, 0x00007f5c98080350, 0x00007f5ca026a870, 0x00007f5ca8462500
}
_java_thread_list_alloc_cnt=23, _java_thread_list_free_cnt=21, _java_thread_list_max=19, _nested_thread_list_max=0
_tlh_cnt=50, _tlh_times=9, avg_tlh_time=0.18, _tlh_time_max=4
_deleted_thread_cnt=3, _deleted_thread_times=0, avg_deleted_thread_time=0.00, _deleted_thread_time_max=0
_delete_lock_wait_cnt=0, _delete_lock_wait_max=0
_to_delete_list_cnt=0, _to_delete_list_max=1

Java Threads: ( => current thread )
  0x00007f5d0402abd0 JavaThread "main"                              [_thread_in_vm, id=516716, stack(0x00007f5d0ad00000,0x00007f5d0ae00000) (1024K)]
  0x00007f5d042d74a0 JavaThread "Reference Handler"          daemon [_thread_blocked, id=516724, stack(0x00007f5d08157000,0x00007f5d08257000) (1024K)]
  0x00007f5d042d8cf0 JavaThread "Finalizer"                  daemon [_thread_blocked, id=516725, stack(0x00007f5d08057000,0x00007f5d08157000) (1024K)]
  0x00007f5d042dac60 JavaThread "Signal Dispatcher"          daemon [_thread_blocked, id=516726, stack(0x00007f5cf1600000,0x00007f5cf1700000) (1024K)]
  0x00007f5d042ec680 JavaThread "Service Thread"             daemon [_thread_blocked, id=516727, stack(0x00007f5cf1500000,0x00007f5cf1600000) (1024K)]
  0x00007f5d042ede90 JavaThread "Monitor Deflation Thread"   daemon [_thread_blocked, id=516728, stack(0x00007f5cf1400000,0x00007f5cf1500000) (1024K)]
=>0x00007f5d042efcb0 JavaThread "C2 CompilerThread0"         daemon [_thread_in_native, id=516729, stack(0x00007f5cf1300000,0x00007f5cf1400000) (1024K)]
  0x00007f5d042f1660 JavaThread "C1 CompilerThread0"         daemon [_thread_in_vm, id=516730, stack(0x00007f5cf1200000,0x00007f5cf1300000) (1024K)]
  0x00007f5d04326bd0 JavaThread "Common-Cleaner"             daemon [_thread_blocked, id=516731, stack(0x00007f5cf1030000,0x00007f5cf1130000) (1024K)]
  0x00007f5cac060a50 JavaThread "C2 CompilerThread1"         daemon [_thread_in_native, id=516735, stack(0x00007f5cf0c30000,0x00007f5cf0d30000) (1024K)]
  0x00007f5ca821c300 JavaThread "C2 CompilerThread2"         daemon [_thread_in_native, id=516736, stack(0x00007f5cf03e6000,0x00007f5cf04e6000) (1024K)]
  0x00007f5ca00d63f0 JavaThread "C2 CompilerThread3"         daemon [_thread_in_native, id=516737, stack(0x00007f5cf02e6000,0x00007f5cf03e6000) (1024K)]
  0x00007f5ca013a080 JavaThread "C2 CompilerThread4"         daemon [_thread_in_native, id=516738, stack(0x00007f5cf01e6000,0x00007f5cf02e6000) (1024K)]
  0x00007f5c98080350 JavaThread "C2 CompilerThread5"         daemon [_thread_in_native, id=516739, stack(0x00007f5cf00e6000,0x00007f5cf01e6000) (1024K)]
  0x00007f5ca026a870 JavaThread "C2 CompilerThread6"         daemon [_thread_in_native, id=516740, stack(0x00007f5c9f08b000,0x00007f5c9f18b000) (1024K)]
  0x00007f5ca8462500 JavaThread "C2 CompilerThread7"         daemon [_thread_in_native, id=516744, stack(0x00007f5c9ee8a000,0x00007f5c9ef8a000) (1024K)]
Total: 16

Other Threads:
  0x00007f5d0425bed0 VMThread "VM Thread"                           [id=516723, stack(0x00007f5d08258000,0x00007f5d08358000) (1024K)]
  0x00007f5d04115b00 WatcherThread "VM Periodic Task Thread"        [id=516722, stack(0x00007f5d08359000,0x00007f5d08459000) (1024K)]
  0x00007f5d0407d7f0 WorkerThread "GC Thread#0"                     [id=516717, stack(0x00007f5d09647000,0x00007f5d09747000) (1024K)]
  0x00007f5cd000a200 WorkerThread "GC Thread#1"                     [id=516741, stack(0x00007f5c9ef8b000,0x00007f5c9f08b000) (1024K)]
  0x00007f5d0408ba20 ConcurrentGCThread "G1 Main Marker"            [id=516718, stack(0x00007f5d09546000,0x00007f5d09646000) (1024K)]
  0x00007f5d0408cc50 WorkerThread "G1 Conc#0"                       [id=516719, stack(0x00007f5d09445000,0x00007f5d09545000) (1024K)]
  0x00007f5d04100230 ConcurrentGCThread "G1 Refine#0"               [id=516720, stack(0x00007f5d08637000,0x00007f5d08737000) (1024K)]
  0x00007f5d04101470 ConcurrentGCThread "G1 Service"                [id=516721, stack(0x00007f5d08536000,0x00007f5d08636000) (1024K)]
Total: 8

Threads with active compile tasks:
C2 CompilerThread0     3459  155   !   4       sun.nio.fs.UnixPath::initOffsets (189 bytes)
C1 CompilerThread0     3459  602       2       java.net.URI$Parser::scan (76 bytes)
C2 CompilerThread1     3459  209       4       sun.nio.fs.UnixPath::getName (106 bytes)
C2 CompilerThread2     3459  452       4       sun.nio.fs.UnixPath::relativize (408 bytes)
C2 CompilerThread3     3459  371       4       java.util.Arrays::copyOfRange (82 bytes)
C2 CompilerThread4     3459  374       4       sun.nio.fs.UnixPath::hasDotOrDotDot (69 bytes)
C2 CompilerThread5     3459  381       4       java.lang.StringLatin1::newString (24 bytes)
C2 CompilerThread6     3459  597       4       java.nio.file.FileTreeIterator::fetchNextIfNeeded (65 bytes)
C2 CompilerThread7     3459  583   !   4       sun.nio.fs.UnixDirectoryStream$UnixDirectoryIterator::readNextEntry (185 bytes)
Total: 9

VM state: not at safepoint (normal execution)

VM Mutex/Monitor currently owned by a thread: None

Heap address: 0x000000009c000000, size: 1600 MB, Compressed Oops mode: 32-bit

CDS archive(s) not mapped
Compressed class space mapped at: 0x000000001c000000-0x000000005c000000, reserved size: 1073741824
Narrow klass base: 0x0000000000000000, Narrow klass shift: 0, Narrow klass range: 0x5c000000

GC Precious Log:
 CardTable entry size: 512
 Card Set container configuration: InlinePtr #cards 5 size 8 Array Of Cards #cards 12 size 40 Howl #buckets 4 coarsen threshold 1843 Howl Bitmap #cards 512 size 80 coarsen threshold 460 Card regions per heap region 1 cards per card region 2048
 CPUs: 16 total, 16 available
 Memory: 64222M
 Large Page Support: Disabled
 NUMA Support: Disabled
 Compressed Oops: Enabled (32-bit)
 Heap Region Size: 1M
 Heap Min Capacity: 64M
 Heap Initial Capacity: 64M
 Heap Max Capacity: 1600M
 Pre-touch: Disabled
 Parallel Workers: 13
 Concurrent Workers: 3
 Concurrent Refinement Workers: 13
 Periodic GC: Disabled

Heap:
 garbage-first heap   total reserved 1638400K, committed 65536K, used 14939K [0x000000009c000000, 0x0000000100000000)
  region size 1024K, 16 young (16384K), 1 survivors (1024K)
 Metaspace       used 7005K, committed 7168K, reserved 1114112K
  class space    used 556K, committed 640K, reserved 1048576K

Heap Regions: E=young(eden), S=young(survivor), O=old, HS=humongous(starts), HC=humongous(continues), CS=collection set, F=free, TAMS=top-at-mark-start, PB=parsable bottom
|   0|0x000000009c000000, 0x000000009c000000, 0x000000009c100000|  0%| F|  |TAMS 0x000000009c000000| PB 0x000000009c000000| Untracked 
|   1|0x000000009c100000, 0x000000009c100000, 0x000000009c200000|  0%| F|  |TAMS 0x000000009c100000| PB 0x000000009c100000| Untracked 
|   2|0x000000009c200000, 0x000000009c200000, 0x000000009c300000|  0%| F|  |TAMS 0x000000009c200000| PB 0x000000009c200000| Untracked 
|   3|0x000000009c300000, 0x000000009c300000, 0x000000009c400000|  0%| F|  |TAMS 0x000000009c300000| PB 0x000000009c300000| Untracked 
|   4|0x000000009c400000, 0x000000009c400000, 0x000000009c500000|  0%| F|  |TAMS 0x000000009c400000| PB 0x000000009c400000| Untracked 
|   5|0x000000009c500000, 0x000000009c500000, 0x000000009c600000|  0%| F|  |TAMS 0x000000009c500000| PB 0x000000009c500000| Untracked 
|   6|0x000000009c600000, 0x000000009c600000, 0x000000009c700000|  0%| F|  |TAMS 0x000000009c600000| PB 0x000000009c600000| Untracked 
|   7|0x000000009c700000, 0x000000009c700000, 0x000000009c800000|  0%| F|  |TAMS 0x000000009c700000| PB 0x000000009c700000| Untracked 
|   8|0x000000009c800000, 0x000000009c800000, 0x000000009c900000|  0%| F|  |TAMS 0x000000009c800000| PB 0x000000009c800000| Untracked 
|   9|0x000000009c900000, 0x000000009c900000, 0x000000009ca00000|  0%| F|  |TAMS 0x000000009c900000| PB 0x000000009c900000| Untracked 
|  10|0x000000009ca00000, 0x000000009ca00000, 0x000000009cb00000|  0%| F|  |TAMS 0x000000009ca00000| PB 0x000000009ca00000| Untracked 
|  11|0x000000009cb00000, 0x000000009cb00000, 0x000000009cc00000|  0%| F|  |TAMS 0x000000009cb00000| PB 0x000000009cb00000| Untracked 
|  12|0x000000009cc00000, 0x000000009cc00000, 0x000000009cd00000|  0%| F|  |TAMS 0x000000009cc00000| PB 0x000000009cc00000| Untracked 
|  13|0x000000009cd00000, 0x000000009cd00000, 0x000000009ce00000|  0%| F|  |TAMS 0x000000009cd00000| PB 0x000000009cd00000| Untracked 
|  14|0x000000009ce00000, 0x000000009ce00000, 0x000000009cf00000|  0%| F|  |TAMS 0x000000009ce00000| PB 0x000000009ce00000| Untracked 
|  15|0x000000009cf00000, 0x000000009cf00000, 0x000000009d000000|  0%| F|  |TAMS 0x000000009cf00000| PB 0x000000009cf00000| Untracked 
|  16|0x000000009d000000, 0x000000009d000000, 0x000000009d100000|  0%| F|  |TAMS 0x000000009d000000| PB 0x000000009d000000| Untracked 
|  17|0x000000009d100000, 0x000000009d100000, 0x000000009d200000|  0%| F|  |TAMS 0x000000009d100000| PB 0x000000009d100000| Untracked 
|  18|0x000000009d200000, 0x000000009d200000, 0x000000009d300000|  0%| F|  |TAMS 0x000000009d200000| PB 0x000000009d200000| Untracked 
|  19|0x000000009d300000, 0x000000009d300000, 0x000000009d400000|  0%| F|  |TAMS 0x000000009d300000| PB 0x000000009d300000| Untracked 
|  20|0x000000009d400000, 0x000000009d400000, 0x000000009d500000|  0%| F|  |TAMS 0x000000009d400000| PB 0x000000009d400000| Untracked 
|  21|0x000000009d500000, 0x000000009d500000, 0x000000009d600000|  0%| F|  |TAMS 0x000000009d500000| PB 0x000000009d500000| Untracked 
|  22|0x000000009d600000, 0x000000009d600000, 0x000000009d700000|  0%| F|  |TAMS 0x000000009d600000| PB 0x000000009d600000| Untracked 
|  23|0x000000009d700000, 0x000000009d700000, 0x000000009d800000|  0%| F|  |TAMS 0x000000009d700000| PB 0x000000009d700000| Untracked 
|  24|0x000000009d800000, 0x000000009d800000, 0x000000009d900000|  0%| F|  |TAMS 0x000000009d800000| PB 0x000000009d800000| Untracked 
|  25|0x000000009d900000, 0x000000009d900000, 0x000000009da00000|  0%| F|  |TAMS 0x000000009d900000| PB 0x000000009d900000| Untracked 
|  26|0x000000009da00000, 0x000000009da00000, 0x000000009db00000|  0%| F|  |TAMS 0x000000009da00000| PB 0x000000009da00000| Untracked 
|  27|0x000000009db00000, 0x000000009db00000, 0x000000009dc00000|  0%| F|  |TAMS 0x000000009db00000| PB 0x000000009db00000| Untracked 
|  28|0x000000009dc00000, 0x000000009dc00000, 0x000000009dd00000|  0%| F|  |TAMS 0x000000009dc00000| PB 0x000000009dc00000| Untracked 
|  29|0x000000009dd00000, 0x000000009dd00000, 0x000000009de00000|  0%| F|  |TAMS 0x000000009dd00000| PB 0x000000009dd00000| Untracked 
|  30|0x000000009de00000, 0x000000009de00000, 0x000000009df00000|  0%| F|  |TAMS 0x000000009de00000| PB 0x000000009de00000| Untracked 
|  31|0x000000009df00000, 0x000000009df00000, 0x000000009e000000|  0%| F|  |TAMS 0x000000009df00000| PB 0x000000009df00000| Untracked 
|  32|0x000000009e000000, 0x000000009e000000, 0x000000009e100000|  0%| F|  |TAMS 0x000000009e000000| PB 0x000000009e000000| Untracked 
|  33|0x000000009e100000, 0x000000009e100000, 0x000000009e200000|  0%| F|  |TAMS 0x000000009e100000| PB 0x000000009e100000| Untracked 
|  34|0x000000009e200000, 0x000000009e200000, 0x000000009e300000|  0%| F|  |TAMS 0x000000009e200000| PB 0x000000009e200000| Untracked 
|  35|0x000000009e300000, 0x000000009e300000, 0x000000009e400000|  0%| F|  |TAMS 0x000000009e300000| PB 0x000000009e300000| Untracked 
|  36|0x000000009e400000, 0x000000009e400000, 0x000000009e500000|  0%| F|  |TAMS 0x000000009e400000| PB 0x000000009e400000| Untracked 
|  37|0x000000009e500000, 0x000000009e500000, 0x000000009e600000|  0%| F|  |TAMS 0x000000009e500000| PB 0x000000009e500000| Untracked 
|  38|0x000000009e600000, 0x000000009e600000, 0x000000009e700000|  0%| F|  |TAMS 0x000000009e600000| PB 0x000000009e600000| Untracked 
|  39|0x000000009e700000, 0x000000009e796cb8, 0x000000009e800000| 58%| S|CS|TAMS 0x000000009e700000| PB 0x000000009e700000| Complete 
|  40|0x000000009e800000, 0x000000009e800000, 0x000000009e900000|  0%| F|  |TAMS 0x000000009e800000| PB 0x000000009e800000| Untracked 
|  41|0x000000009e900000, 0x000000009e900000, 0x000000009ea00000|  0%| F|  |TAMS 0x000000009e900000| PB 0x000000009e900000| Untracked 
|  42|0x000000009ea00000, 0x000000009ea00000, 0x000000009eb00000|  0%| F|  |TAMS 0x000000009ea00000| PB 0x000000009ea00000| Untracked 
|  43|0x000000009eb00000, 0x000000009eb00000, 0x000000009ec00000|  0%| F|  |TAMS 0x000000009eb00000| PB 0x000000009eb00000| Untracked 
|  44|0x000000009ec00000, 0x000000009ec00000, 0x000000009ed00000|  0%| F|  |TAMS 0x000000009ec00000| PB 0x000000009ec00000| Untracked 
|  45|0x000000009ed00000, 0x000000009ed00000, 0x000000009ee00000|  0%| F|  |TAMS 0x000000009ed00000| PB 0x000000009ed00000| Untracked 
|  46|0x000000009ee00000, 0x000000009ee00000, 0x000000009ef00000|  0%| F|  |TAMS 0x000000009ee00000| PB 0x000000009ee00000| Untracked 
|  47|0x000000009ef00000, 0x000000009ef00000, 0x000000009f000000|  0%| F|  |TAMS 0x000000009ef00000| PB 0x000000009ef00000| Untracked 
|  48|0x000000009f000000, 0x000000009f000000, 0x000000009f100000|  0%| F|  |TAMS 0x000000009f000000| PB 0x000000009f000000| Untracked 
|  49|0x000000009f100000, 0x000000009f1e1e98, 0x000000009f200000| 88%| E|  |TAMS 0x000000009f100000| PB 0x000000009f100000| Complete 
|  50|0x000000009f200000, 0x000000009f300000, 0x000000009f300000|100%| E|CS|TAMS 0x000000009f200000| PB 0x000000009f200000| Complete 
|  51|0x000000009f300000, 0x000000009f400000, 0x000000009f400000|100%| E|CS|TAMS 0x000000009f300000| PB 0x000000009f300000| Complete 
|  52|0x000000009f400000, 0x000000009f500000, 0x000000009f500000|100%| E|CS|TAMS 0x000000009f400000| PB 0x000000009f400000| Complete 
|  53|0x000000009f500000, 0x000000009f600000, 0x000000009f600000|100%| E|CS|TAMS 0x000000009f500000| PB 0x000000009f500000| Complete 
|  54|0x000000009f600000, 0x000000009f700000, 0x000000009f700000|100%| E|CS|TAMS 0x000000009f600000| PB 0x000000009f600000| Complete 
|  55|0x000000009f700000, 0x000000009f800000, 0x000000009f800000|100%| E|CS|TAMS 0x000000009f700000| PB 0x000000009f700000| Complete 
|  56|0x000000009f800000, 0x000000009f900000, 0x000000009f900000|100%| E|CS|TAMS 0x000000009f800000| PB 0x000000009f800000| Complete 
|  57|0x000000009f900000, 0x000000009fa00000, 0x000000009fa00000|100%| E|CS|TAMS 0x000000009f900000| PB 0x000000009f900000| Complete 
|  58|0x000000009fa00000, 0x000000009fb00000, 0x000000009fb00000|100%| E|CS|TAMS 0x000000009fa00000| PB 0x000000009fa00000| Complete 
|  59|0x000000009fb00000, 0x000000009fc00000, 0x000000009fc00000|100%| E|CS|TAMS 0x000000009fb00000| PB 0x000000009fb00000| Complete 
|  60|0x000000009fc00000, 0x000000009fd00000, 0x000000009fd00000|100%| E|CS|TAMS 0x000000009fc00000| PB 0x000000009fc00000| Complete 
|  61|0x000000009fd00000, 0x000000009fe00000, 0x000000009fe00000|100%| E|CS|TAMS 0x000000009fd00000| PB 0x000000009fd00000| Complete 
|  62|0x000000009fe00000, 0x000000009ff00000, 0x000000009ff00000|100%| E|CS|TAMS 0x000000009fe00000| PB 0x000000009fe00000| Complete 
|  63|0x000000009ff00000, 0x00000000a0000000, 0x00000000a0000000|100%| E|CS|TAMS 0x000000009ff00000| PB 0x000000009ff00000| Complete 

Card table byte_map: [0x00007f5d097e1000,0x00007f5d09b01000] _byte_map_base: 0x00007f5d09301000

Marking Bits: (CMBitMap*) 0x00007f5d0407e530
 Bits: [0x00007f5cf3700000, 0x00007f5cf5000000)

Polling page: 0x00007f5d0dc25000

Metaspace:

Usage:
  Non-class:      6.30 MB used.
      Class:    556.02 KB used.
       Both:      6.84 MB used.

Virtual space:
  Non-class space:       64.00 MB reserved,       6.38 MB ( 10%) committed,  1 nodes.
      Class space:        1.00 GB reserved,     640.00 KB ( <1%) committed,  1 nodes.
             Both:        1.06 GB reserved,       7.00 MB ( <1%) committed. 

Chunk freelists:
   Non-Class:  9.00 MB
       Class:  15.24 MB
        Both:  24.24 MB

MaxMetaspaceSize: unlimited
CompressedClassSpaceSize: 1.00 GB
Initial GC threshold: 21.00 MB
Current GC threshold: 21.00 MB
CDS: off
 - commit_granule_bytes: 65536.
 - commit_granule_words: 8192.
 - virtual_space_node_default_size: 8388608.
 - enlarge_chunks_in_place: 1.
 - use_allocation_guard: 0.


Internal statistics:

num_allocs: 46374.
num_deallocs: 35.
num_allocs_from_deallocated_blocks: 98.
num_chunks_retired: 13.
num_allocs_failed_limit: 0.
num_arena_births: 62.
num_arena_deaths: 0.
num_vsnodes_births: 2.
num_vsnodes_deaths: 0.
num_space_committed: 112.
num_space_uncommitted: 0.
num_chunks_returned_to_freelist: 0.
num_chunks_taken_from_freelist: 76.
num_chunk_merges: 0.
num_chunk_splits: 48.
num_chunks_enlarged: 56.
num_inconsistent_stats: 0.

CodeHeap 'non-profiled nmethods': size=119168Kb used=260Kb max_used=260Kb free=118907Kb
 bounds [0x00007f5cfcba0000, 0x00007f5cfce10000, 0x00007f5d04000000]
CodeHeap 'profiled nmethods': size=119164Kb used=1101Kb max_used=1101Kb free=118063Kb
 bounds [0x00007f5cf5000000, 0x00007f5cf5270000, 0x00007f5cfc45f000]
CodeHeap 'non-nmethods': size=7428Kb used=2062Kb max_used=3755Kb free=5365Kb
 bounds [0x00007f5cfc45f000, 0x00007f5cfc80f000, 0x00007f5cfcba0000]
 total_blobs=1305 nmethods=529 adapters=678
 compilation: enabled
              stopped_count=0, restarted_count=0
 full_count=0

Compilation events (20 events):
Event: 1.399 Thread 0x00007f5ca814e820 nmethod 251 0x00007f5cf5063910 code [0x00007f5cf5063ba0, 0x00007f5cf5064250]
Event: 1.399 Thread 0x00007f5ca814e820  164       1       sun.nio.fs.NativeBuffer::owner (5 bytes)
Event: 1.399 Thread 0x00007f5ca814e820 nmethod 164 0x00007f5cfcbb1190 code [0x00007f5cfcbb1340, 0x00007f5cfcbb1448]
Event: 1.399 Thread 0x00007f5ca814e820  167       1       sun.nio.fs.NativeBuffer::setOwner (6 bytes)
Event: 1.400 Thread 0x00007f5ca814e820 nmethod 167 0x00007f5cfcbb1510 code [0x00007f5cfcbb16e0, 0x00007f5cfcbb1858]
Event: 1.400 Thread 0x00007f5ca814e820  254       3       jdk.internal.misc.Unsafe::checkOffset (32 bytes)
Event: 1.401 Thread 0x00007f5d042f1660 nmethod 253 0x00007f5cf5064610 code [0x00007f5cf5064880, 0x00007f5cf5064e18]
Event: 1.401 Thread 0x00007f5d042f1660  173       1       java.nio.file.FileTreeWalker$Event::attributes (5 bytes)
Event: 1.402 Thread 0x00007f5d042f1660 nmethod 173 0x00007f5cfcbb1910 code [0x00007f5cfcbb1ac0, 0x00007f5cfcbb1bc8]
Event: 1.402 Thread 0x00007f5d042f1660  267       3       sun.nio.fs.UnixNativeDispatcher::copyToNativeBuffer (49 bytes)
Event: 1.403 Thread 0x00007f5ca814e820 nmethod 254 0x00007f5cf5065110 code [0x00007f5cf50652e0, 0x00007f5cf5065578]
Event: 1.403 Thread 0x00007f5ca814e820  268       3       sun.nio.fs.NativeBuffers::getNativeBufferFromCache (51 bytes)
Event: 1.405 Thread 0x00007f5ca811bbf0 nmethod 252 0x00007f5cf5065710 code [0x00007f5cf5065ac0, 0x00007f5cf5066870]
Event: 1.405 Thread 0x00007f5ca811bbf0  269       3       sun.nio.fs.NativeBuffer::close (5 bytes)
Event: 1.407 Thread 0x00007f5ca811bbf0 nmethod 269 0x00007f5cf5067110 code [0x00007f5cf50672e0, 0x00007f5cf50674a0]
Event: 1.407 Thread 0x00007f5ca811bbf0  275   !   3       sun.nio.fs.UnixDirectoryStream$UnixDirectoryIterator::readNextEntry (185 bytes)
Event: 1.407 Thread 0x00007f5d042f1660 nmethod 267 0x00007f5cf5067590 code [0x00007f5cf5067820, 0x00007f5cf5067d48]
Event: 1.407 Thread 0x00007f5d042f1660  276       3       java.nio.file.FileTreeWalker$Event::<init> (26 bytes)
Event: 1.408 Thread 0x00007f5ca814e820 nmethod 268 0x00007f5cf5068110 code [0x00007f5cf50683c0, 0x00007f5cf5068b98]
Event: 1.408 Thread 0x00007f5ca814e820  270       3       sun.nio.fs.NativeBuffer::release (5 bytes)

GC Heap History (0 events):
No events

Dll operation events (4 events):
Event: 0.004 Loaded shared library /wf/tortugo-jdk/build/linux-x86_64-server-slowdebug/jdk/lib/libjava.so
Event: 0.557 Loaded shared library /wf/tortugo-jdk/build/linux-x86_64-server-slowdebug/jdk/lib/libjsvml.so
Event: 0.651 Loaded shared library /wf/tortugo-jdk/build/linux-x86_64-server-slowdebug/jdk/lib/libnio.so
Event: 0.940 Loaded shared library /wf/tortugo-jdk/build/linux-x86_64-server-slowdebug/jdk/lib/libnet.so

Deoptimization events (0 events):
No events

Classes loaded (20 events):
Event: 1.257 Loading class java/util/Collections$UnmodifiableCollection$1
Event: 1.257 Loading class java/util/Collections$UnmodifiableCollection$1 done
Event: 1.258 Loading class java/util/HashMap$Values
Event: 1.259 Loading class java/util/HashMap$Values done
Event: 1.259 Loading class java/util/HashMap$ValueIterator
Event: 1.260 Loading class java/util/HashMap$ValueIterator done
Event: 1.261 Loading class jdk/internal/module/ModuleInfo$Attributes
Event: 1.261 Loading class jdk/internal/module/ModuleInfo$Attributes done
Event: 1.262 Loading class jdk/internal/module/ModuleReferences
Event: 1.263 Loading class jdk/internal/module/ModuleReferences done
Event: 1.264 Loading class java/lang/module/ModuleReader
Event: 1.264 Loading class java/lang/module/ModuleReader done
Event: 1.266 Loading class sun/nio/fs/UnixUriUtils
Event: 1.266 Loading class sun/nio/fs/UnixUriUtils done
Event: 1.268 Loading class java/net/URI$Parser
Event: 1.269 Loading class java/net/URI$Parser done
Event: 1.271 Loading class jdk/internal/module/ModuleReferenceImpl
Event: 1.271 Loading class java/lang/module/ModuleReference
Event: 1.271 Loading class java/lang/module/ModuleReference done
Event: 1.272 Loading class jdk/internal/module/ModuleReferenceImpl done

Classes unloaded (0 events):
No events

Classes redefined (0 events):
No events

Internal exceptions (20 events):
Event: 0.866 Thread 0x00007f5d0402abd0 Exception <a 'java/lang/NoSuchMethodError'{0x000000009ff4e2b8}: 'java.lang.Object java.lang.invoke.Invokers$Holder.invokeExact_MT(java.lang.Object, java.lang.Object, java.lang.Object, java.lang.Object, java.lang.Object, java.lang.Object, java.lang.Object, java.lang.Object)'> (0x000000009ff4e2b8) 
thrown [/wf/tortugo-jdk/src/hotspot/share/interpreter/linkResolver.cpp, line 773]
Event: 0.890 Thread 0x00007f5d0402abd0 Exception <a 'java/lang/NoSuchMethodError'{0x000000009ff57828}: 'java.lang.Object java.lang.invoke.DirectMethodHandle$Holder.newInvokeSpecial(java.lang.Object, java.lang.Object, java.lang.Object)'> (0x000000009ff57828) 
thrown [/wf/tortugo-jdk/src/hotspot/share/interpreter/linkResolver.cpp, line 773]
Event: 0.900 Thread 0x00007f5d0402abd0 Exception <a 'java/lang/NoSuchMethodError'{0x000000009ff5e960}: 'java.lang.Object java.lang.invoke.Invokers$Holder.linkToTargetMethod(java.lang.Object, java.lang.Object, java.lang.Object)'> (0x000000009ff5e960) 
thrown [/wf/tortugo-jdk/src/hotspot/share/interpreter/linkResolver.cpp, line 773]
Event: 0.952 Thread 0x00007f5d0402abd0 Exception <a 'java/lang/NoSuchMethodError'{0x000000009ff658b8}: 'java.lang.Object java.lang.invoke.DirectMethodHandle$Holder.invokeSpecial(java.lang.Object, java.lang.Object, java.lang.Object)'> (0x000000009ff658b8) 
thrown [/wf/tortugo-jdk/src/hotspot/share/interpreter/linkResolver.cpp, line 773]
Event: 1.047 Thread 0x00007f5d0402abd0 Exception <a 'java/lang/NoSuchMethodError'{0x000000009fef4ae8}: 'java.lang.Object java.lang.invoke.DirectMethodHandle$Holder.newInvokeSpecial(java.lang.Object, java.lang.Object)'> (0x000000009fef4ae8) 
thrown [/wf/tortugo-jdk/src/hotspot/share/interpreter/linkResolver.cpp, line 773]
Event: 1.049 Thread 0x00007f5d0402abd0 Exception <a 'java/lang/NoSuchMethodError'{0x000000009fef82c8}: 'java.lang.Object java.lang.invoke.Invokers$Holder.linkToTargetMethod(java.lang.Object, java.lang.Object)'> (0x000000009fef82c8) 
thrown [/wf/tortugo-jdk/src/hotspot/share/interpreter/linkResolver.cpp, line 773]
Event: 1.104 Thread 0x00007f5d0402abd0 Exception <a 'java/lang/NoSuchMethodError'{0x000000009fd04c10}: 'java.lang.Object java.lang.invoke.DirectMethodHandle$Holder.invokeStatic(java.lang.Object)'> (0x000000009fd04c10) 
thrown [/wf/tortugo-jdk/src/hotspot/share/interpreter/linkResolver.cpp, line 773]
Event: 1.125 Thread 0x00007f5d0402abd0 Exception <a 'java/lang/NoSuchMethodError'{0x000000009fd0aa48}: 'java.lang.Object java.lang.invoke.DirectMethodHandle$Holder.invokeStatic(java.lang.Object, java.lang.Object, java.lang.Object, java.lang.Object)'> (0x000000009fd0aa48) 
thrown [/wf/tortugo-jdk/src/hotspot/share/interpreter/linkResolver.cpp, line 773]
Event: 1.129 Thread 0x00007f5d0402abd0 Exception <a 'java/lang/NoSuchMethodError'{0x000000009fd0e930}: 'java.lang.Object java.lang.invoke.DirectMethodHandle$Holder.getReference(java.lang.Object, java.lang.Object)'> (0x000000009fd0e930) 
thrown [/wf/tortugo-jdk/src/hotspot/share/interpreter/linkResolver.cpp, line 773]
Event: 1.136 Thread 0x00007f5d0402abd0 Exception <a 'java/lang/NoSuchMethodError'{0x000000009fd12b90}: 'java.lang.Object java.lang.invoke.DirectMethodHandle$Holder.invokeSpecial(java.lang.Object, java.lang.Object)'> (0x000000009fd12b90) 
thrown [/wf/tortugo-jdk/src/hotspot/share/interpreter/linkResolver.cpp, line 773]
Event: 1.151 Thread 0x00007f5d0402abd0 Exception <a 'java/lang/NoSuchMethodError'{0x000000009fd1be88}: 'java.lang.Object java.lang.invoke.Invokers$Holder.invokeExact_MT(java.lang.Object, java.lang.Object, java.lang.Object)'> (0x000000009fd1be88) 
thrown [/wf/tortugo-jdk/src/hotspot/share/interpreter/linkResolver.cpp, line 773]
Event: 1.157 Thread 0x00007f5d0402abd0 Exception <a 'java/lang/NoSuchMethodError'{0x000000009fd20578}: 'void java.lang.invoke.DirectMethodHandle$Holder.invokeVirtual(java.lang.Object, java.lang.Object)'> (0x000000009fd20578) 
thrown [/wf/tortugo-jdk/src/hotspot/share/interpreter/linkResolver.cpp, line 773]
Event: 1.168 Thread 0x00007f5d0402abd0 Exception <a 'java/lang/NoSuchMethodError'{0x000000009fd2c258}: 'java.lang.Object java.lang.invoke.DirectMethodHandle$Holder.invokeStatic(java.lang.Object, java.lang.Object)'> (0x000000009fd2c258) 
thrown [/wf/tortugo-jdk/src/hotspot/share/interpreter/linkResolver.cpp, line 773]
Event: 1.171 Thread 0x00007f5d0402abd0 Exception <a 'java/lang/NoSuchMethodError'{0x000000009fd31748}: 'java.lang.Object java.lang.invoke.DirectMethodHandle$Holder.newInvokeSpecial(java.lang.Object)'> (0x000000009fd31748) 
thrown [/wf/tortugo-jdk/src/hotspot/share/interpreter/linkResolver.cpp, line 773]
Event: 1.173 Thread 0x00007f5d0402abd0 Exception <a 'java/lang/NoSuchMethodError'{0x000000009fd34bb0}: 'java.lang.Object java.lang.invoke.Invokers$Holder.invokeExact_MT(java.lang.Object, java.lang.Object)'> (0x000000009fd34bb0) 
thrown [/wf/tortugo-jdk/src/hotspot/share/interpreter/linkResolver.cpp, line 773]
Event: 1.175 Thread 0x00007f5d0402abd0 Exception <a 'java/lang/NoSuchMethodError'{0x000000009fd38218}: 'java.lang.Object java.lang.invoke.LambdaForm$Holder.identity_L(java.lang.Object, java.lang.Object)'> (0x000000009fd38218) 
thrown [/wf/tortugo-jdk/src/hotspot/share/interpreter/linkResolver.cpp, line 773]
Event: 1.178 Thread 0x00007f5d0402abd0 Exception <a 'java/lang/NoSuchMethodError'{0x000000009fd3ab10}: 'java.lang.Object java.lang.invoke.LambdaForm$Holder.zero_L(java.lang.Object)'> (0x000000009fd3ab10) 
thrown [/wf/tortugo-jdk/src/hotspot/share/interpreter/linkResolver.cpp, line 773]
Event: 1.181 Thread 0x00007f5d0402abd0 Exception <a 'java/lang/NoSuchMethodError'{0x000000009fd3fdf0}: 'java.lang.Object java.lang.invoke.Invokers$Holder.linkToTargetMethod(java.lang.Object)'> (0x000000009fd3fdf0) 
thrown [/wf/tortugo-jdk/src/hotspot/share/interpreter/linkResolver.cpp, line 773]
Event: 1.185 Thread 0x00007f5d0402abd0 Exception <a 'java/lang/NoSuchMethodError'{0x000000009fd432c8}: 'java.lang.Object java.lang.invoke.DirectMethodHandle$Holder.invokeInterface(java.lang.Object, java.lang.Object, java.lang.Object)'> (0x000000009fd432c8) 
thrown [/wf/tortugo-jdk/src/hotspot/share/interpreter/linkResolver.cpp, line 773]
Event: 1.212 Thread 0x00007f5d0402abd0 Exception <a 'java/lang/NoSuchMethodError'{0x000000009fd51910}: 'int java.lang.invoke.DirectMethodHandle$Holder.invokeInterface(java.lang.Object, java.lang.Object, java.lang.Object)'> (0x000000009fd51910) 
thrown [/wf/tortugo-jdk/src/hotspot/share/interpreter/linkResolver.cpp, line 773]

ZGC Phase Switch (0 events):
No events

VM Operations (2 events):
Event: 1.338 Executing VM operation: Cleanup
Event: 1.338 Executing VM operation: Cleanup done

Events (20 events):
Event: 0.547 Thread 0x00007f5d042dac60 Thread added: 0x00007f5d042dac60
Event: 0.547 Protecting memory [0x00007f5cf1600000,0x00007f5cf1604000] with protection modes 0
Event: 0.547 Thread 0x00007f5d042ec680 Thread added: 0x00007f5d042ec680
Event: 0.547 Protecting memory [0x00007f5cf1500000,0x00007f5cf1504000] with protection modes 0
Event: 0.547 Thread 0x00007f5d042ede90 Thread added: 0x00007f5d042ede90
Event: 0.547 Protecting memory [0x00007f5cf1400000,0x00007f5cf1404000] with protection modes 0
Event: 0.547 Thread 0x00007f5d042efcb0 Thread added: 0x00007f5d042efcb0
Event: 0.547 Protecting memory [0x00007f5cf1300000,0x00007f5cf1304000] with protection modes 0
Event: 0.548 Thread 0x00007f5d042f1660 Thread added: 0x00007f5d042f1660
Event: 0.548 Protecting memory [0x00007f5cf1200000,0x00007f5cf1204000] with protection modes 0
Event: 0.687 Thread 0x00007f5d04326bd0 Thread added: 0x00007f5d04326bd0
Event: 0.687 Protecting memory [0x00007f5cf1030000,0x00007f5cf1034000] with protection modes 0
Event: 1.056 Thread 0x00007f5cb0084330 Thread added: 0x00007f5cb0084330
Event: 1.056 Protecting memory [0x00007f5cf0f30000,0x00007f5cf0f34000] with protection modes 0
Event: 1.256 Thread 0x00007f5ca811bbf0 Thread added: 0x00007f5ca811bbf0
Event: 1.256 Protecting memory [0x00007f5cf0e30000,0x00007f5cf0e34000] with protection modes 0
Event: 1.286 Thread 0x00007f5ca814e820 Thread added: 0x00007f5ca814e820
Event: 1.286 Protecting memory [0x00007f5cf0d30000,0x00007f5cf0d34000] with protection modes 0
Event: 1.333 Thread 0x00007f5cac060a50 Thread added: 0x00007f5cac060a50
Event: 1.333 Protecting memory [0x00007f5cf0c30000,0x00007f5cf0c34000] with protection modes 0


Dynamic libraries:
1c000000-1c010000 rw-p 00000000 00:00 0 
1c010000-1c030000 rw-p 00000000 00:00 0 
1c030000-1c090000 rw-p 00000000 00:00 0 
1c090000-1c0c0000 ---p 00000000 00:00 0 
1c0c0000-1c0d0000 rw-p 00000000 00:00 0 
1c0d0000-5c000000 ---p 00000000 00:00 0 
9c000000-a0000000 rw-p 00000000 00:00 0 
a0000000-100000000 ---p 00000000 00:00 0 
5595b18af000-5595b18b0000 r--p 00000000 fd:01 7495264                    /wf/tortugo-jdk/build/linux-x86_64-server-slowdebug/jdk/bin/java
5595b18b0000-5595b18b1000 r-xp 00001000 fd:01 7495264                    /wf/tortugo-jdk/build/linux-x86_64-server-slowdebug/jdk/bin/java
5595b18b1000-5595b18b2000 r--p 00002000 fd:01 7495264                    /wf/tortugo-jdk/build/linux-x86_64-server-slowdebug/jdk/bin/java
5595b18b2000-5595b18b3000 r--p 00002000 fd:01 7495264                    /wf/tortugo-jdk/build/linux-x86_64-server-slowdebug/jdk/bin/java
5595b18b3000-5595b18b4000 rw-p 00003000 fd:01 7495264                    /wf/tortugo-jdk/build/linux-x86_64-server-slowdebug/jdk/bin/java
5595b3146000-5595b318d000 rw-p 00000000 00:00 0                          [heap]
7f5c80000000-7f5c80021000 rw-p 00000000 00:00 0 
7f5c80021000-7f5c84000000 ---p 00000000 00:00 0 
7f5c84000000-7f5c8480e000 rw-p 00000000 00:00 0 
7f5c8480e000-7f5c88000000 ---p 00000000 00:00 0 
7f5c88000000-7f5c88097000 rw-p 00000000 00:00 0 
7f5c88097000-7f5c8c000000 ---p 00000000 00:00 0 
7f5c8c000000-7f5c8cc27000 rw-p 00000000 00:00 0 
7f5c8cc27000-7f5c90000000 ---p 00000000 00:00 0 
7f5c90000000-7f5c900f5000 rw-p 00000000 00:00 0 
7f5c900f5000-7f5c94000000 ---p 00000000 00:00 0 
7f5c94000000-7f5c941d1000 rw-p 00000000 00:00 0 
7f5c941d1000-7f5c98000000 ---p 00000000 00:00 0 
7f5c98000000-7f5c994d5000 rw-p 00000000 00:00 0 
7f5c994d5000-7f5c9c000000 ---p 00000000 00:00 0 
7f5c9d8c3000-7f5c9ee8a000 rw-p 00000000 00:00 0 
7f5c9ee8a000-7f5c9ee8e000 ---p 00000000 00:00 0 
7f5c9ee8e000-7f5c9ef8a000 rw-p 00000000 00:00 0 
7f5c9ef8a000-7f5c9ef8b000 ---p 00000000 00:00 0 
7f5c9ef8b000-7f5c9f08b000 rw-p 00000000 00:00 0 
7f5c9f08b000-7f5c9f08f000 ---p 00000000 00:00 0 
7f5c9f08f000-7f5ca0000000 rw-p 00000000 00:00 0 
7f5ca0000000-7f5ca02eb000 rw-p 00000000 00:00 0 
7f5ca02eb000-7f5ca4000000 ---p 00000000 00:00 0 
7f5ca4000000-7f5ca4191000 rw-p 00000000 00:00 0 
7f5ca4191000-7f5ca8000000 ---p 00000000 00:00 0 
7f5ca8000000-7f5ca847a000 rw-p 00000000 00:00 0 
7f5ca847a000-7f5cac000000 ---p 00000000 00:00 0 
7f5cac000000-7f5cac2a5000 rw-p 00000000 00:00 0 
7f5cac2a5000-7f5cb0000000 ---p 00000000 00:00 0 
7f5cb0000000-7f5cb0373000 rw-p 00000000 00:00 0 
7f5cb0373000-7f5cb4000000 ---p 00000000 00:00 0 
7f5cb4000000-7f5cb4021000 rw-p 00000000 00:00 0 
7f5cb4021000-7f5cb8000000 ---p 00000000 00:00 0 
7f5cb8000000-7f5cb8021000 rw-p 00000000 00:00 0 
7f5cb8021000-7f5cbc000000 ---p 00000000 00:00 0 
7f5cbc000000-7f5cbc2a7000 rw-p 00000000 00:00 0 
7f5cbc2a7000-7f5cc0000000 ---p 00000000 00:00 0 
7f5cc0000000-7f5cc0021000 rw-p 00000000 00:00 0 
7f5cc0021000-7f5cc4000000 ---p 00000000 00:00 0 
7f5cc4000000-7f5cc4021000 rw-p 00000000 00:00 0 
7f5cc4021000-7f5cc8000000 ---p 00000000 00:00 0 
7f5cc8000000-7f5cc8021000 rw-p 00000000 00:00 0 
7f5cc8021000-7f5ccc000000 ---p 00000000 00:00 0 
7f5ccc000000-7f5ccc021000 rw-p 00000000 00:00 0 
7f5ccc021000-7f5cd0000000 ---p 00000000 00:00 0 
7f5cd0000000-7f5cd0021000 rw-p 00000000 00:00 0 
7f5cd0021000-7f5cd4000000 ---p 00000000 00:00 0 
7f5cd4000000-7f5cd4021000 rw-p 00000000 00:00 0 
7f5cd4021000-7f5cd8000000 ---p 00000000 00:00 0 
7f5cd8000000-7f5cd84f0000 rw-p 00000000 00:00 0 
7f5cd84f0000-7f5cd8510000 rw-p 00000000 00:00 0 
7f5cd8510000-7f5cd8530000 rw-p 00000000 00:00 0 
7f5cd8530000-7f5cd8570000 rw-p 00000000 00:00 0 
7f5cd8570000-7f5cd8660000 rw-p 00000000 00:00 0 
7f5cd8660000-7f5cdc000000 ---p 00000000 00:00 0 
7f5cdc000000-7f5cdc021000 rw-p 00000000 00:00 0 
7f5cdc021000-7f5ce0000000 ---p 00000000 00:00 0 
7f5ce0000000-7f5ce0021000 rw-p 00000000 00:00 0 
7f5ce0021000-7f5ce4000000 ---p 00000000 00:00 0 
7f5ce4000000-7f5ce4021000 rw-p 00000000 00:00 0 
7f5ce4021000-7f5ce8000000 ---p 00000000 00:00 0 
7f5ce8000000-7f5ce8021000 rw-p 00000000 00:00 0 
7f5ce8021000-7f5cec000000 ---p 00000000 00:00 0 
7f5cec000000-7f5cec021000 rw-p 00000000 00:00 0 
7f5cec021000-7f5cf0000000 ---p 00000000 00:00 0 
7f5cf00e6000-7f5cf00ea000 ---p 00000000 00:00 0 
7f5cf00ea000-7f5cf01e6000 rw-p 00000000 00:00 0 
7f5cf01e6000-7f5cf01ea000 ---p 00000000 00:00 0 
7f5cf01ea000-7f5cf02e6000 rw-p 00000000 00:00 0 
7f5cf02e6000-7f5cf02ea000 ---p 00000000 00:00 0 
7f5cf02ea000-7f5cf03e6000 rw-p 00000000 00:00 0 
7f5cf03e6000-7f5cf03ea000 ---p 00000000 00:00 0 
7f5cf03ea000-7f5cf0c30000 rw-p 00000000 00:00 0 
7f5cf0c30000-7f5cf0c34000 ---p 00000000 00:00 0 
7f5cf0c34000-7f5cf0d30000 rw-p 00000000 00:00 0 
7f5cf0d30000-7f5cf0d34000 ---p 00000000 00:00 0 
7f5cf0d34000-7f5cf0e30000 rw-p 00000000 00:00 0 
7f5cf0e30000-7f5cf0e34000 ---p 00000000 00:00 0 
7f5cf0e34000-7f5cf0f30000 rw-p 00000000 00:00 0 
7f5cf0f30000-7f5cf0f34000 ---p 00000000 00:00 0 
7f5cf0f34000-7f5cf1030000 rw-p 00000000 00:00 0 
7f5cf1030000-7f5cf1034000 ---p 00000000 00:00 0 
7f5cf1034000-7f5cf1130000 rw-p 00000000 00:00 0 
7f5cf1130000-7f5cf1134000 r--p 00000000 fd:01 2147284                    /wf/tortugo-jdk/build/linux-x86_64-server-slowdebug/jdk/lib/libjsvml.so
7f5cf1134000-7f5cf1175000 r-xp 00004000 fd:01 2147284                    /wf/tortugo-jdk/build/linux-x86_64-server-slowdebug/jdk/lib/libjsvml.so
7f5cf1175000-7f5cf11fe000 r--p 00045000 fd:01 2147284                    /wf/tortugo-jdk/build/linux-x86_64-server-slowdebug/jdk/lib/libjsvml.so
7f5cf11fe000-7f5cf11ff000 r--p 000cd000 fd:01 2147284                    /wf/tortugo-jdk/build/linux-x86_64-server-slowdebug/jdk/lib/libjsvml.so
7f5cf11ff000-7f5cf1200000 rw-p 000ce000 fd:01 2147284                    /wf/tortugo-jdk/build/linux-x86_64-server-slowdebug/jdk/lib/libjsvml.so
7f5cf1200000-7f5cf1204000 ---p 00000000 00:00 0 
7f5cf1204000-7f5cf1300000 rw-p 00000000 00:00 0 
7f5cf1300000-7f5cf1304000 ---p 00000000 00:00 0 
7f5cf1304000-7f5cf1400000 rw-p 00000000 00:00 0 
7f5cf1400000-7f5cf1404000 ---p 00000000 00:00 0 
7f5cf1404000-7f5cf1500000 rw-p 00000000 00:00 0 
7f5cf1500000-7f5cf1504000 ---p 00000000 00:00 0 
7f5cf1504000-7f5cf1600000 rw-p 00000000 00:00 0 
7f5cf1600000-7f5cf1604000 ---p 00000000 00:00 0 
7f5cf1604000-7f5cf3800000 rw-p 00000000 00:00 0 
7f5cf3800000-7f5cf5000000 ---p 00000000 00:00 0 
7f5cf5000000-7f5cf5270000 rwxp 00000000 00:00 0 
7f5cf5270000-7f5cfc45f000 ---p 00000000 00:00 0 
7f5cfc45f000-7f5cfc80f000 rwxp 00000000 00:00 0 
7f5cfc80f000-7f5cfcba0000 ---p 00000000 00:00 0 
7f5cfcba0000-7f5cfce10000 rwxp 00000000 00:00 0 
7f5cfce10000-7f5d04000000 ---p 00000000 00:00 0 
7f5d04000000-7f5d04532000 rw-p 00000000 00:00 0 
7f5d04532000-7f5d08000000 ---p 00000000 00:00 0 
7f5d08057000-7f5d0805b000 ---p 00000000 00:00 0 
7f5d0805b000-7f5d08157000 rw-p 00000000 00:00 0 
7f5d08157000-7f5d0815b000 ---p 00000000 00:00 0 
7f5d0815b000-7f5d08257000 rw-p 00000000 00:00 0 
7f5d08257000-7f5d08258000 ---p 00000000 00:00 0 
7f5d08258000-7f5d08358000 rw-p 00000000 00:00 0 
7f5d08358000-7f5d08359000 ---p 00000000 00:00 0 
7f5d08359000-7f5d08535000 rw-p 00000000 00:00 0 
7f5d08535000-7f5d08536000 ---p 00000000 00:00 0 
7f5d08536000-7f5d08636000 rw-p 00000000 00:00 0 
7f5d08636000-7f5d08637000 ---p 00000000 00:00 0 
7f5d08637000-7f5d09444000 rw-p 00000000 00:00 0 
7f5d09444000-7f5d09445000 ---p 00000000 00:00 0 
7f5d09445000-7f5d09545000 rw-p 00000000 00:00 0 
7f5d09545000-7f5d09546000 ---p 00000000 00:00 0 
7f5d09546000-7f5d09646000 rw-p 00000000 00:00 0 
7f5d09646000-7f5d09647000 ---p 00000000 00:00 0 
7f5d09647000-7f5d09801000 rw-p 00000000 00:00 0 
7f5d09801000-7f5d09b01000 ---p 00000000 00:00 0 
7f5d09b01000-7f5d09b21000 rw-p 00000000 00:00 0 
7f5d09b21000-7f5d09e21000 ---p 00000000 00:00 0 
7f5d09e21000-7f5d0ab33000 rw-p 00000000 00:00 0 
7f5d0ab33000-7f5d0ac17000 ---p 00000000 00:00 0 
7f5d0ac17000-7f5d0ac1c000 rw-p 00000000 00:00 0 
7f5d0ac1c000-7f5d0ad00000 ---p 00000000 00:00 0 
7f5d0ad00000-7f5d0ad04000 ---p 00000000 00:00 0 
7f5d0ad04000-7f5d0ae00000 rw-p 00000000 00:00 0 
7f5d0ae00000-7f5d0b166000 r--p 00000000 fd:01 11180209                   /wf/tortugo-jdk/build/linux-x86_64-server-slowdebug/jdk/lib/server/libjvm.so
7f5d0b166000-7f5d0c6b6000 r-xp 00366000 fd:01 11180209                   /wf/tortugo-jdk/build/linux-x86_64-server-slowdebug/jdk/lib/server/libjvm.so
7f5d0c6b6000-7f5d0d5de000 r--p 018b6000 fd:01 11180209                   /wf/tortugo-jdk/build/linux-x86_64-server-slowdebug/jdk/lib/server/libjvm.so
7f5d0d5de000-7f5d0d5df000 ---p 027de000 fd:01 11180209                   /wf/tortugo-jdk/build/linux-x86_64-server-slowdebug/jdk/lib/server/libjvm.so
7f5d0d5df000-7f5d0d6e2000 r--p 027de000 fd:01 11180209                   /wf/tortugo-jdk/build/linux-x86_64-server-slowdebug/jdk/lib/server/libjvm.so
7f5d0d6e2000-7f5d0d72e000 rw-p 028e1000 fd:01 11180209                   /wf/tortugo-jdk/build/linux-x86_64-server-slowdebug/jdk/lib/server/libjvm.so
7f5d0d72e000-7f5d0d7e2000 rw-p 00000000 00:00 0 
7f5d0d800000-7f5d0d828000 r--p 00000000 fd:01 24537309                   /usr/lib/x86_64-linux-gnu/libc.so.6
7f5d0d828000-7f5d0d9bd000 r-xp 00028000 fd:01 24537309                   /usr/lib/x86_64-linux-gnu/libc.so.6
7f5d0d9bd000-7f5d0da15000 r--p 001bd000 fd:01 24537309                   /usr/lib/x86_64-linux-gnu/libc.so.6
7f5d0da15000-7f5d0da19000 r--p 00214000 fd:01 24537309                   /usr/lib/x86_64-linux-gnu/libc.so.6
7f5d0da19000-7f5d0da1b000 rw-p 00218000 fd:01 24537309                   /usr/lib/x86_64-linux-gnu/libc.so.6
7f5d0da1b000-7f5d0da28000 rw-p 00000000 00:00 0 
7f5d0da30000-7f5d0da33000 r--p 00000000 fd:01 2147239                    /wf/tortugo-jdk/build/linux-x86_64-server-slowdebug/jdk/lib/libnet.so
7f5d0da33000-7f5d0da3e000 r-xp 00003000 fd:01 2147239                    /wf/tortugo-jdk/build/linux-x86_64-server-slowdebug/jdk/lib/libnet.so
7f5d0da3e000-7f5d0da40000 r--p 0000e000 fd:01 2147239                    /wf/tortugo-jdk/build/linux-x86_64-server-slowdebug/jdk/lib/libnet.so
7f5d0da40000-7f5d0da41000 ---p 00010000 fd:01 2147239                    /wf/tortugo-jdk/build/linux-x86_64-server-slowdebug/jdk/lib/libnet.so
7f5d0da41000-7f5d0da42000 r--p 00010000 fd:01 2147239                    /wf/tortugo-jdk/build/linux-x86_64-server-slowdebug/jdk/lib/libnet.so
7f5d0da42000-7f5d0da43000 rw-p 00011000 fd:01 2147239                    /wf/tortugo-jdk/build/linux-x86_64-server-slowdebug/jdk/lib/libnet.so
7f5d0da43000-7f5d0da4a000 r--p 00000000 fd:01 2147244                    /wf/tortugo-jdk/build/linux-x86_64-server-slowdebug/jdk/lib/libnio.so
7f5d0da4a000-7f5d0da56000 r-xp 00007000 fd:01 2147244                    /wf/tortugo-jdk/build/linux-x86_64-server-slowdebug/jdk/lib/libnio.so
7f5d0da56000-7f5d0da59000 r--p 00013000 fd:01 2147244                    /wf/tortugo-jdk/build/linux-x86_64-server-slowdebug/jdk/lib/libnio.so
7f5d0da59000-7f5d0da5a000 ---p 00016000 fd:01 2147244                    /wf/tortugo-jdk/build/linux-x86_64-server-slowdebug/jdk/lib/libnio.so
7f5d0da5a000-7f5d0da5b000 r--p 00016000 fd:01 2147244                    /wf/tortugo-jdk/build/linux-x86_64-server-slowdebug/jdk/lib/libnio.so
7f5d0da5b000-7f5d0da5c000 rw-p 00017000 fd:01 2147244                    /wf/tortugo-jdk/build/linux-x86_64-server-slowdebug/jdk/lib/libnio.so
7f5d0da5c000-7f5d0da9d000 rw-p 00000000 00:00 0 
7f5d0da9d000-7f5d0daaa000 r--p 00000000 fd:01 2147228                    /wf/tortugo-jdk/build/linux-x86_64-server-slowdebug/jdk/lib/libjava.so
7f5d0daaa000-7f5d0dac1000 r-xp 0000d000 fd:01 2147228                    /wf/tortugo-jdk/build/linux-x86_64-server-slowdebug/jdk/lib/libjava.so
7f5d0dac1000-7f5d0dac7000 r--p 00024000 fd:01 2147228                    /wf/tortugo-jdk/build/linux-x86_64-server-slowdebug/jdk/lib/libjava.so
7f5d0dac7000-7f5d0dac8000 r--p 00029000 fd:01 2147228                    /wf/tortugo-jdk/build/linux-x86_64-server-slowdebug/jdk/lib/libjava.so
7f5d0dac8000-7f5d0daca000 rw-p 0002a000 fd:01 2147228                    /wf/tortugo-jdk/build/linux-x86_64-server-slowdebug/jdk/lib/libjava.so
7f5d0daca000-7f5d0dace000 r--p 00000000 fd:01 2147238                    /wf/tortugo-jdk/build/linux-x86_64-server-slowdebug/jdk/lib/libjimage.so
7f5d0dace000-7f5d0dae5000 r-xp 00004000 fd:01 2147238                    /wf/tortugo-jdk/build/linux-x86_64-server-slowdebug/jdk/lib/libjimage.so
7f5d0dae5000-7f5d0daec000 r--p 0001b000 fd:01 2147238                    /wf/tortugo-jdk/build/linux-x86_64-server-slowdebug/jdk/lib/libjimage.so
7f5d0daec000-7f5d0daed000 ---p 00022000 fd:01 2147238                    /wf/tortugo-jdk/build/linux-x86_64-server-slowdebug/jdk/lib/libjimage.so
7f5d0daed000-7f5d0daef000 r--p 00022000 fd:01 2147238                    /wf/tortugo-jdk/build/linux-x86_64-server-slowdebug/jdk/lib/libjimage.so
7f5d0daef000-7f5d0daf0000 rw-p 00024000 fd:01 2147238                    /wf/tortugo-jdk/build/linux-x86_64-server-slowdebug/jdk/lib/libjimage.so
7f5d0daf0000-7f5d0dafe000 r--p 00000000 fd:01 24537960                   /usr/lib/x86_64-linux-gnu/libm.so.6
7f5d0dafe000-7f5d0db7a000 r-xp 0000e000 fd:01 24537960                   /usr/lib/x86_64-linux-gnu/libm.so.6
7f5d0db7a000-7f5d0dbd5000 r--p 0008a000 fd:01 24537960                   /usr/lib/x86_64-linux-gnu/libm.so.6
7f5d0dbd5000-7f5d0dbd6000 r--p 000e4000 fd:01 24537960                   /usr/lib/x86_64-linux-gnu/libm.so.6
7f5d0dbd6000-7f5d0dbd7000 rw-p 000e5000 fd:01 24537960                   /usr/lib/x86_64-linux-gnu/libm.so.6
7f5d0dbd7000-7f5d0dbd9000 rw-p 00000000 00:00 0 
7f5d0dbd9000-7f5d0dbdc000 r--p 00000000 fd:01 2147217                    /wf/tortugo-jdk/build/linux-x86_64-server-slowdebug/jdk/lib/libjli.so
7f5d0dbdc000-7f5d0dbeb000 r-xp 00003000 fd:01 2147217                    /wf/tortugo-jdk/build/linux-x86_64-server-slowdebug/jdk/lib/libjli.so
7f5d0dbeb000-7f5d0dbef000 r--p 00012000 fd:01 2147217                    /wf/tortugo-jdk/build/linux-x86_64-server-slowdebug/jdk/lib/libjli.so
7f5d0dbef000-7f5d0dbf0000 r--p 00015000 fd:01 2147217                    /wf/tortugo-jdk/build/linux-x86_64-server-slowdebug/jdk/lib/libjli.so
7f5d0dbf0000-7f5d0dbf1000 rw-p 00016000 fd:01 2147217                    /wf/tortugo-jdk/build/linux-x86_64-server-slowdebug/jdk/lib/libjli.so
7f5d0dbf1000-7f5d0dbf3000 r--p 00000000 fd:01 24538663                   /usr/lib/x86_64-linux-gnu/libz.so.1.2.11
7f5d0dbf3000-7f5d0dc04000 r-xp 00002000 fd:01 24538663                   /usr/lib/x86_64-linux-gnu/libz.so.1.2.11
7f5d0dc04000-7f5d0dc0a000 r--p 00013000 fd:01 24538663                   /usr/lib/x86_64-linux-gnu/libz.so.1.2.11
7f5d0dc0a000-7f5d0dc0b000 ---p 00019000 fd:01 24538663                   /usr/lib/x86_64-linux-gnu/libz.so.1.2.11
7f5d0dc0b000-7f5d0dc0c000 r--p 00019000 fd:01 24538663                   /usr/lib/x86_64-linux-gnu/libz.so.1.2.11
7f5d0dc0c000-7f5d0dc0d000 rw-p 0001a000 fd:01 24538663                   /usr/lib/x86_64-linux-gnu/libz.so.1.2.11
7f5d0dc0e000-7f5d0dc16000 rw-p 00000000 00:00 0 
7f5d0dc16000-7f5d0dc1d000 ---p 00000000 00:00 0 
7f5d0dc1d000-7f5d0dc25000 rw-s 00000000 fd:01 28838230                   /tmp/hsperfdata_cesar/516711
7f5d0dc25000-7f5d0dc26000 ---p 00000000 00:00 0 
7f5d0dc26000-7f5d0dc27000 r--p 00000000 00:00 0 
7f5d0dc27000-7f5d0dc29000 rw-p 00000000 00:00 0 
7f5d0dc29000-7f5d0dc2b000 r--p 00000000 fd:01 24536967                   /usr/lib/x86_64-linux-gnu/ld-linux-x86-64.so.2
7f5d0dc2b000-7f5d0dc55000 r-xp 00002000 fd:01 24536967                   /usr/lib/x86_64-linux-gnu/ld-linux-x86-64.so.2
7f5d0dc55000-7f5d0dc60000 r--p 0002c000 fd:01 24536967                   /usr/lib/x86_64-linux-gnu/ld-linux-x86-64.so.2
7f5d0dc60000-7f5d0dc61000 rwxp 00000000 00:00 0 
7f5d0dc61000-7f5d0dc63000 r--p 00037000 fd:01 24536967                   /usr/lib/x86_64-linux-gnu/ld-linux-x86-64.so.2
7f5d0dc63000-7f5d0dc65000 rw-p 00039000 fd:01 24536967                   /usr/lib/x86_64-linux-gnu/ld-linux-x86-64.so.2
7ffda2ff6000-7ffda3018000 rw-p 00000000 00:00 0                          [stack]
7ffda30c2000-7ffda30c6000 r--p 00000000 00:00 0                          [vvar]
7ffda30c6000-7ffda30c8000 r-xp 00000000 00:00 0                          [vdso]
ffffffffff600000-ffffffffff601000 --xp 00000000 00:00 0                  [vsyscall]
Total number of mappings: 218


VM Arguments:
jvm_args: -Xms64M -Xmx1600M --add-exports=java.base/jdk.internal.module=ALL-UNNAMED 
java_command: build.tools.jigsaw.AddPackagesAttribute /wf/tortugo-jdk/build/linux-x86_64-server-slowdebug/jdk
java_class_path (initial): /wf/tortugo-jdk/build/linux-x86_64-server-slowdebug/buildtools/tools_jigsaw_classes
Launcher Type: SUN_STANDARD

[Global flags]
     intx CICompilerCount                          = 12                                        {product} {ergonomic}     Number of compiler threads to run
     uint ConcGCThreads                            = 3                                         {product} {ergonomic}     Number of threads concurrent gc will use
     uint G1ConcRefinementThreads                  = 13                                        {product} {ergonomic}     The number of parallel remembered set update threads. Will be set ergonomically by default.
   size_t G1HeapRegionSize                         = 1048576                                   {product} {ergonomic}     Size of the G1 regions.
   size_t InitialHeapSize                          = 67108864                                  {product} {command line}  Initial heap size (in bytes); zero means use ergonomics
   size_t MarkStackSize                            = 4194304                                   {product} {ergonomic}     Size of marking stack
   size_t MaxHeapSize                              = 1677721600                                {product} {command line}  Maximum heap size (in bytes)
   size_t MaxNewSize                               = 1006632960                                {product} {ergonomic}     Maximum new generation size (in bytes), max_uintx means set ergonomically
   size_t MinHeapDeltaBytes                        = 1048576                                   {product} {ergonomic}     The minimum change in heap space due to GC (in bytes)
   size_t MinHeapSize                              = 67108864                                  {product} {command line}  Minimum heap size (in bytes); zero means use ergonomics
    uintx NonNMethodCodeHeapSize                   = 7602480                                {pd product} {ergonomic}     Size of code heap with non-nmethods (in bytes)
    uintx NonProfiledCodeHeapSize                  = 122027880                              {pd product} {ergonomic}     Size of code heap with non-profiled methods (in bytes)
    uintx ProfiledCodeHeapSize                     = 122027880                              {pd product} {ergonomic}     Size of code heap with profiled methods (in bytes)
    uintx ReservedCodeCacheSize                    = 251658240                              {pd product} {ergonomic}     Reserved code cache size (in bytes) - maximum code cache size
     bool SegmentedCodeCache                       = true                                      {product} {ergonomic}     Use a segmented code cache
   size_t SoftMaxHeapSize                          = 1677721600                             {manageable} {ergonomic}     Soft limit for maximum heap size (in bytes)
     bool THPStackMitigation                       = false                                  {diagnostic} {ergonomic}     If THPs are unconditionally enabled on the system (mode "always"), the JVM will prevent THP from forming in thread stacks. When disabled, the absence of this mitigationallows THPs to form in thread stacks.
     bool UseCompressedOops                        = true                           {product lp64_product} {ergonomic}   Use 32-bit object references in 64-bit VM. lp64_product means flag is always constant in 32 bit VM
     bool UseG1GC                                  = true                                      {product} {ergonomic}     Use the Garbage-First garbage collector

Logging:
Log output configuration:
 #0: stdout all=warning uptime,level,tags foldmultilines=false
 #1: stderr all=off uptime,level,tags foldmultilines=false

Environment Variables:
CLASSPATH=
PATH=/usr/local/lib/nodejs/node-v18.17.0-linux-x64/bin:/usr/local/lib/nodejs/node-v18.17.0-linux-x64/bin:/home/cesar/.local/bin:/usr/local/sbin:/usr/local/bin:/usr/sbin:/usr/bin:/sbin:/bin:/usr/games:/usr/local/games:/snap/bin:/snap/bin
USERNAME=cesar
SHELL=/bin/bash
DISPLAY=:1
LANG=en_US.UTF-8
LC_ALL=C
LC_NUMERIC=en_CA.UTF-8
LC_TIME=en_CA.UTF-8
TERM=xterm-kitty

Active Locale:
LC_ALL=C
LC_COLLATE=C
LC_CTYPE=C
LC_MESSAGES=C
LC_MONETARY=C
LC_NUMERIC=C
LC_TIME=C

Signal Handlers:
   SIGSEGV: crash_handler in libjvm.so, mask=11100100010111111101111111111110, flags=SA_RESTART|SA_SIGINFO, unblocked
    SIGBUS: crash_handler in libjvm.so, mask=11100100010111111101111111111110, flags=SA_RESTART|SA_SIGINFO, unblocked
    SIGFPE: crash_handler in libjvm.so, mask=11100100010111111101111111111110, flags=SA_RESTART|SA_SIGINFO, unblocked
   SIGPIPE: javaSignalHandler in libjvm.so, mask=11100100010111111101111111111110, flags=SA_RESTART|SA_SIGINFO, unblocked
   SIGXFSZ: javaSignalHandler in libjvm.so, mask=11100100010111111101111111111110, flags=SA_RESTART|SA_SIGINFO, unblocked
    SIGILL: crash_handler in libjvm.so, mask=11100100010111111101111111111110, flags=SA_RESTART|SA_SIGINFO, unblocked
   SIGUSR2: SR_handler in libjvm.so, mask=00000000000000000000000000000000, flags=SA_RESTART|SA_SIGINFO, unblocked
    SIGHUP: UserHandler in libjvm.so, mask=11100100010111111101111111111110, flags=SA_RESTART|SA_SIGINFO, unblocked
    SIGINT: UserHandler in libjvm.so, mask=11100100010111111101111111111110, flags=SA_RESTART|SA_SIGINFO, unblocked
   SIGTERM: UserHandler in libjvm.so, mask=11100100010111111101111111111110, flags=SA_RESTART|SA_SIGINFO, unblocked
   SIGQUIT: UserHandler in libjvm.so, mask=11100100010111111101111111111110, flags=SA_RESTART|SA_SIGINFO, blocked
   SIGTRAP: crash_handler in libjvm.so, mask=11100100010111111101111111111110, flags=SA_RESTART|SA_SIGINFO, unblocked


Native Memory Tracking:

(Omitting categories weighting less than 1KB)

Total: reserved=3223903KB, committed=251115KB
       malloc: 133703KB #66263
       mmap:   reserved=3090200KB, committed=117412KB

-                 Java Heap (reserved=1638400KB, committed=65536KB)
                            (mmap: reserved=1638400KB, committed=65536KB, largest_committed=65536KB) 
 
-                     Class (reserved=118KB, committed=118KB)
                            (classes #907)
                            (  instance classes #801, array classes #106)
                            (malloc=118KB #2324) (peak=119KB #2324) 
                            (  Metadata:   )
                            (    reserved=65536KB, committed=6528KB)
                            (    used=6451KB)
                            (    waste=77KB =1.18%)
                            (  Class space:)
                            (    reserved=1048576KB, committed=640KB)
                            (    used=556KB)
                            (    waste=84KB =13.12%)
 
-                    Thread (reserved=24677KB, committed=1261KB)
                            (threads #24)
                            (stack: reserved=24576KB, committed=1160KB, largest_committed=120KB)
                            (malloc=50KB #149) (peak=65KB #171) 
                            (arena=51KB #39) (peak=235KB #30)
 
-                      Code (reserved=248705KB, committed=9861KB)
                            (malloc=1021KB #30459) (peak=1021KB #30461) 
                            (mmap: reserved=247684KB, committed=8840KB, largest_committed=2496KB) 
                            (arena=0KB #0) (peak=1KB #1)
 
-                        GC (reserved=92728KB, committed=62008KB)
                            (malloc=27344KB #799) (peak=27382KB #960) 
                            (mmap: reserved=65384KB, committed=34664KB, largest_committed=32768KB) 
 
-                 GCCardSet (reserved=15KB, committed=15KB)
                            (malloc=15KB #195) (at peak) 
 
-                  Compiler (reserved=44093KB, committed=44093KB)
                            (malloc=31KB #123) (peak=44KB #120) 
                            (arena=44062KB #61) (peak=57526KB #63)
 
-                  Internal (reserved=45652KB, committed=45652KB)
                            (malloc=45616KB #27532) (peak=45616KB #27533) 
                            (mmap: reserved=36KB, committed=36KB, largest_committed=32KB) 
 
-                     Other (reserved=10KB, committed=10KB)
                            (malloc=10KB #2) (at peak) 
 
-                    Symbol (reserved=2921KB, committed=2921KB)
                            (malloc=836KB #1706) (at peak) 
                            (arena=2086KB #1) (at peak)
 
-    Native Memory Tracking (reserved=1043KB, committed=1043KB)
                            (malloc=8KB #73) (peak=8KB #79) 
                            (tracking overhead=1035KB)
 
-               Arena Chunk (reserved=11228KB, committed=11228KB)
                            (malloc=11228KB #1675) (peak=59695KB #1713) 
 
-                    Module (reserved=15KB, committed=15KB)
                            (malloc=15KB #103) (peak=19KB #92) 
 
-                 Safepoint (reserved=8KB, committed=8KB)
                            (mmap: reserved=8KB, committed=8KB, largest_committed=8KB) 
 
-           Synchronization (reserved=138KB, committed=138KB)
                            (malloc=138KB #1038) (at peak) 
 
-            Serviceability (reserved=17KB, committed=17KB)
                            (malloc=17KB #9) (peak=17KB #11) 
 
-                 Metaspace (reserved=65549KB, committed=6541KB)
                            (malloc=13KB #10) (at peak) 
                            (mmap: reserved=65536KB, committed=6528KB, largest_committed=64KB) 
 
-      String Deduplication (reserved=1KB, committed=1KB)
                            (malloc=1KB #8) (at peak) 
 
-           Object Monitors (reserved=9KB, committed=9KB)
                            (malloc=9KB #43) (at peak) 
 
-                   Unknown (reserved=1048576KB, committed=640KB)
                            (mmap: reserved=1048576KB, committed=640KB, largest_committed=64KB) 
 
Preinit state:entries: 356 (primary: 356, empties: 7835), sum bytes: 14458, longest chain length: 1
pre-init mallocs: 391, pre-init reallocs: 2, pre-init frees: 35
MallocLimit: unset

Periodic native trim disabled

---------------  S Y S T E M  ---------------

OS:
DISTRIB_ID=Ubuntu
DISTRIB_RELEASE=22.04
DISTRIB_CODENAME=jammy
DISTRIB_DESCRIPTION="Ubuntu 22.04.3 LTS"
uname: Linux desktop 6.2.0-33-generic #33~22.04.1-Ubuntu SMP PREEMPT_DYNAMIC Thu Sep  7 10:33:52 UTC 2 x86_64
OS uptime: 3 days 0:19 hours
libc: glibc 2.35 NPTL 2.35 
rlimit (soft/hard): STACK 8192k/infinity , CORE 0k/infinity , NPROC 256033/256033 , NOFILE 1048576/1048576 , AS infinity/infinity , CPU infinity/infinity , DATA infinity/infinity , FSIZE infinity/infinity , MEMLOCK 8220428k/8220428k
load average: 17.34 14.53 6.61

/proc/meminfo:
MemTotal:       65763428 kB
MemFree:         9389356 kB
MemAvailable:   31840788 kB
Buffers:         2767240 kB
Cached:         19445536 kB
SwapCached:            0 kB
Active:         11145316 kB
Inactive:       42847336 kB
Active(anon):      13780 kB
Inactive(anon): 32179348 kB
Active(file):   11131536 kB
Inactive(file): 10667988 kB
Unevictable:        2064 kB
Mlocked:            2064 kB
SwapTotal:       1998844 kB
SwapFree:        1998844 kB
Zswap:                 0 kB
Zswapped:              0 kB
Dirty:            217116 kB
Writeback:            68 kB
AnonPages:      31781856 kB
Mapped:          1536044 kB
Shmem:            450244 kB
KReclaimable:    1375136 kB
Slab:            1782472 kB
SReclaimable:    1375136 kB
SUnreclaim:       407336 kB
KernelStack:       52640 kB
PageTables:       189996 kB
SecPageTables:         0 kB
NFS_Unstable:          0 kB
Bounce:                0 kB
WritebackTmp:          0 kB
CommitLimit:    34880556 kB
Committed_AS:   58201796 kB
VmallocTotal:   34359738367 kB
VmallocUsed:      149020 kB
VmallocChunk:          0 kB
Percpu:            21632 kB
HardwareCorrupted:     0 kB
AnonHugePages:         0 kB
ShmemHugePages:        0 kB
ShmemPmdMapped:        0 kB
FileHugePages:         0 kB
FilePmdMapped:         0 kB
HugePages_Total:       0
HugePages_Free:        0
HugePages_Rsvd:        0
HugePages_Surp:        0
Hugepagesize:       2048 kB
Hugetlb:               0 kB
DirectMap4k:     1749372 kB
DirectMap2M:    19148800 kB
DirectMap1G:    47185920 kB

/sys/kernel/mm/transparent_hugepage/enabled: always [madvise] never
/sys/kernel/mm/transparent_hugepage/defrag (defrag/compaction efforts parameter): always defer defer+madvise [madvise] never

Process Memory:
Virtual Size: 4983496K (peak: 4983496K)
Resident Set Size: 219160K (peak: 219160K) (anon: 185112K, file: 34048K, shmem: 0K)
Swapped out: 0K
C-Heap outstanding allocations: 132622K, retained: 11129K
glibc malloc tunables: (default)

/proc/sys/kernel/threads-max (system-wide limit on the number of threads): 512067
/proc/sys/vm/max_map_count (maximum number of memory map areas a process may have): 65530
/proc/sys/kernel/pid_max (system-wide limit on number of process identifiers): 4194304

container (cgroup) information:
container_type: cgroupv2
cpu_cpuset_cpus: not supported
cpu_memory_nodes: not supported
active_processor_count: 16
cpu_quota: not supported
cpu_period: not supported
cpu_shares: not supported
memory_limit_in_bytes: unlimited
memory_and_swap_limit_in_bytes: unlimited
memory_soft_limit_in_bytes: unlimited
memory_usage_in_bytes: 13238388 k
memory_max_usage_in_bytes: not supported
memory_swap_current_in_bytes: unlimited
memory_swap_max_limit_in_bytes: unlimited
maximum number of tasks: 76810
current number of tasks: 372

Steal ticks since vm start: 0
Steal ticks percentage since vm start:  0.000

CPU: total 16 (initial active 16) (16 cores per cpu, 2 threads per core) family 23 model 1 stepping 1 microcode 0x8001137, cx8, cmov, fxsr, ht, mmx, 3dnowpref, sse, sse2, sse3, ssse3, sse4a, sse4.1, sse4.2, popcnt, lzcnt, tsc, tscinvbit, avx, avx2, aes, clmul, bmi1, bmi2, adx, sha, fma, vzeroupper, clflush, clflushopt, rdtscp, f16c
CPU Model and flags from /proc/cpuinfo:
model name	: AMD Ryzen 7 1800X Eight-Core Processor
flags		: fpu vme de pse tsc msr pae mce cx8 apic sep mtrr pge mca cmov pat pse36 clflush mmx fxsr sse sse2 ht syscall nx mmxext fxsr_opt pdpe1gb rdtscp lm constant_tsc rep_good nopl nonstop_tsc cpuid extd_apicid aperfmperf rapl pni pclmulqdq monitor ssse3 fma cx16 sse4_1 sse4_2 movbe popcnt aes xsave avx f16c rdrand lahf_lm cmp_legacy svm extapic cr8_legacy abm sse4a misalignsse 3dnowprefetch osvw skinit wdt tce topoext perfctr_core perfctr_nb bpext perfctr_llc mwaitx cpb hw_pstate ssbd ibpb vmmcall fsgsbase bmi1 avx2 smep bmi2 rdseed adx smap clflushopt sha_ni xsaveopt xsavec xgetbv1 clzero irperf xsaveerptr arat npt lbrv svm_lock nrip_save tsc_scale vmcb_clean flushbyasid decodeassists pausefilter pfthreshold avic v_vmsave_vmload vgif overflow_recov succor smca sev

Online cpus: 0-15
Offline cpus: 
cache level: 1
cache type: Data
cache size: 32K
cache coherency line size: 64
cache level: 1
cache type: Instruction
cache size: 64K
cache coherency line size: 64
cache level: 2
cache type: Unified
cache size: 512K
cache coherency line size: 64
cache level: 3
cache type: Unified
cache size: 8192K
cache coherency line size: 64
BIOS frequency limitation: 3600000
Frequency switch latency (ns): 0
Available cpu frequencies: 3600000 3200000 2200000 
Maximum cpu frequency: 3600000
Minimum cpu frequency: 2200000
Current cpu frequency: 3607659
Available governors: conservative ondemand userspace powersave performance schedutil 
Current governor: schedutil
Core performance/turbo boost: 1

Memory: 4k page, physical 65763428k(31840788k free), swap 1998844k(1998844k free)
Page Sizes: 4k

vm_info: OpenJDK 64-Bit Server VM (slowdebug 22-internal-adhoc.cesar.tortugo-jdk) for linux-amd64 JRE (22-internal-adhoc.cesar.tortugo-jdk), built on 2023-09-30T00:26:14Z by "cesar" with gcc 11.4.0

END.
