#
# A fatal error has been detected by the Java Runtime Environment:
#
#  Internal Error (/wf/tortugo-jdk/src/hotspot/share/asm/assembler.hpp:237), pid=456290, tid=456308
#  assert(assm->inst_mark() == nullptr) failed: overlapping instructions
#
# JRE version: OpenJDK Runtime Environment (22.0) (fastdebug build 22-internal-adhoc.cesar.tortugo-jdk)
# Java VM: OpenJDK 64-Bit Server VM (fastdebug 22-internal-adhoc.cesar.tortugo-jdk, mixed mode, tiered, compressed oops, compressed class ptrs, g1 gc, linux-amd64)
# Problematic frame:
# V  [libjvm.so+0x6bc147]  Assembler::movq(Address, Register)+0x157
#
# Core dump will be written. Default location: Core dumps may be processed with "/usr/share/apport/apport -p%p -s%s -c%c -d%d -P%P -u%u -g%g -- %E" (or dumping to /wf/tortugo-jdk/make/core.456290)
#
# If you would like to submit a bug report, please visit:
#   https://bugreport.java.com/bugreport/crash.jsp
#

---------------  S U M M A R Y ------------

Command Line: -Xms64M -Xmx1600M --add-exports=java.base/jdk.internal.module=ALL-UNNAMED build.tools.jigsaw.AddPackagesAttribute /wf/tortugo-jdk/build/linux-x86_64-server-fastdebug/jdk

Host: desktop, AMD Ryzen 7 1800X Eight-Core Processor, 16 cores, 62G, Ubuntu 22.04.3 LTS
Time: Mon Oct  2 11:58:36 2023 PDT elapsed time: 0.347006 seconds (0d 0h 0m 0s)

---------------  T H R E A D  ---------------

Current thread (0x00007f32082e7ca0):  JavaThread "C2 CompilerThread0" daemon [_thread_in_native, id=456308, stack(0x00007f31df77d000,0x00007f31df87d000) (1024K)]


Current CompileTask:
C2:    347  161   !   4       sun.nio.fs.UnixPath::initOffsets (189 bytes)

Stack: [0x00007f31df77d000,0x00007f31df87d000],  sp=0x00007f31df8789f0,  free space=1006k
Native frames: (J=compiled Java code, j=interpreted, Vv=VM code, C=native code)
V  [libjvm.so+0x6bc147]  Assembler::movq(Address, Register)+0x157  (assembler.hpp:237)
V  [libjvm.so+0x132f7c9]  MacroAssembler::movptr(Address, Register)+0x69  (macroAssembler_x86.cpp:2569)
V  [libjvm.so+0x838b63]  C2HandleAnonOMOwnerStub::emit(C2_MacroAssembler&)+0x93  (c2_CodeStubs_x86.cpp:88)
V  [libjvm.so+0x838325]  C2CodeStubList::emit(C2_MacroAssembler&)+0x95  (c2_CodeStubs.cpp:48)
V  [libjvm.so+0x1517839]  PhaseOutput::fill_buffer(C2_MacroAssembler*, unsigned int*)+0x2019  (output.cpp:1812)
V  [libjvm.so+0x15194bb]  PhaseOutput::Output()+0xb7b  (output.cpp:362)
V  [libjvm.so+0xa084c3]  Compile::Code_Gen()+0x483  (compile.cpp:2989)
V  [libjvm.so+0xa0d94e]  Compile::Compile(ciEnv*, ciMethod*, int, Options, DirectiveSet*)+0x1c5e  (compile.cpp:887)
V  [libjvm.so+0x85ff2b]  C2Compiler::compile_method(ciEnv*, ciMethod*, int, bool, DirectiveSet*)+0x13b  (c2compiler.cpp:119)
V  [libjvm.so+0xa1a020]  CompileBroker::invoke_compiler_on_method(CompileTask*)+0xa10  (compileBroker.cpp:2282)
V  [libjvm.so+0xa1adc8]  CompileBroker::compiler_thread_loop()+0x4f8  (compileBroker.cpp:1943)
V  [libjvm.so+0xeecd1e]  JavaThread::thread_main_inner()+0xee  (javaThread.cpp:720)
V  [libjvm.so+0x190469e]  Thread::call_run()+0xbe  (thread.cpp:220)
V  [libjvm.so+0x14ededa]  thread_native_entry(Thread*)+0x12a  (os_linux.cpp:786)
Registers:
RAX=0x00007f320f92d000, RBX=0x00007f31df878a90, RCX=0x00007f320eddd6b6, RDX=0x00007f320edde3d0
RSP=0x00007f31df8789f0, RBP=0x00007f31df878a80, RSI=0x00000000000000ed, RDI=0x00007f320edb9a58
R8 =0x00007f31df878aa8, R9 =0x0000000000000463, R10=0x00007f31df879340, R11=0x0000000000000000
R12=0x00007f31df878f20, R13=0x000000000000000f, R14=0x00007f31df878a90, R15=0x0000000000000000
RIP=0x00007f320d8bc147, EFLAGS=0x0000000000010206, CSGSFS=0x002b000000000033, ERR=0x0000000000000006
  TRAPNO=0x000000000000000e


Register to memory mapping:

RAX=0x00007f320f92d000 in mmap'd memory region [0x00007f320f92d000 - 0x00007f320f92e000], tag mtInternal
RBX=0x00007f31df878a90 is pointing into the stack for thread: 0x00007f32082e7ca0
RCX=0x00007f320eddd6b6: <offset 0x0000000001bdd6b6> in /wf/tortugo-jdk/build/linux-x86_64-server-fastdebug/jdk/lib/server/libjvm.so at 0x00007f320d200000
RDX=0x00007f320edde3d0: <offset 0x0000000001bde3d0> in /wf/tortugo-jdk/build/linux-x86_64-server-fastdebug/jdk/lib/server/libjvm.so at 0x00007f320d200000
RSP=0x00007f31df8789f0 is pointing into the stack for thread: 0x00007f32082e7ca0
RBP=0x00007f31df878a80 is pointing into the stack for thread: 0x00007f32082e7ca0
RSI=0x00000000000000ed is an unknown value
RDI=0x00007f320edb9a58: <offset 0x0000000001bb9a58> in /wf/tortugo-jdk/build/linux-x86_64-server-fastdebug/jdk/lib/server/libjvm.so at 0x00007f320d200000
R8 =0x00007f31df878aa8 is pointing into the stack for thread: 0x00007f32082e7ca0
R9 =0x0000000000000463 is an unknown value
R10=0x00007f31df879340 is pointing into the stack for thread: 0x00007f32082e7ca0
R11=0x0 is null
R12=0x00007f31df878f20 is pointing into the stack for thread: 0x00007f32082e7ca0
R13=0x000000000000000f is an unknown value
R14=0x00007f31df878a90 is pointing into the stack for thread: 0x00007f32082e7ca0
R15=0x0 is null

Top of Stack: (sp=0x00007f31df8789f0)
0x00007f31df8789f0:   abababababababab abababababababab
0x00007f31df878a00:   abababababababab abababababababab
0x00007f31df878a10:   abababababababab abababababababab
0x00007f31df878a20:   abababababababab abababababababab
0x00007f31df878a30:   abababababababab abababababababab
0x00007f31df878a40:   abababababababab 0bd4d522b10a8900
0x00007f31df878a50:   abababababababab 00007f31a8072d40
0x00007f31df878a60:   00007f31df878f20 000000000000000f
0x00007f31df878a70:   00007f31df878a90 0000000000000000
0x00007f31df878a80:   00007f31df878b00 00007f320e52f7c9
0x00007f31df878a90:   ffffffff0000000a ffffffffffffffff
0x00007f31df878aa0:   ababab000000003e 00007f320f290b20
0x00007f31df878ab0:   0000000000000000 00007f3100000000
0x00007f31df878ac0:   000000000000021c 00007f320f3eb784
0x00007f31df878ad0:   00007f31df878b40 0bd4d522b10a8900
0x00007f31df878ae0:   abababababababab 00007f31df878f20
0x00007f31df878af0:   00007f320f290b20 00007f31df878b10
0x00007f31df878b00:   00007f31df878b90 00007f320da38b63
0x00007f31df878b10:   ffffffff0000000a ffffffffffffffff
0x00007f31df878b20:   00007f000000003e 00007f320f290b20
0x00007f31df878b30:   0000000000000000 0000000000000000
0x00007f31df878b40:   00007f31df878be0 00007f320e7095b5
0x00007f31df878b50:   0000000000000000 0bd4d522b10a8900
0x00007f31df878b60:   0000000000000000 0000000000000002
0x00007f31df878b70:   0000000000000010 00007f31df878f20
0x00007f31df878b80:   0000000000000024 00007f31a8072d40
0x00007f31df878b90:   00007f31df878be0 00007f320da38325
0x00007f31df878ba0:   00007f31df879550 000000000000097d
0x00007f31df878bb0:   00007f320f2907f0 00007f320ef42790
0x00007f31df878bc0:   00007f31b81f8560 00007f31b81f7b40
0x00007f31df878bd0:   00007f31df879310 00007f31b81f8560
0x00007f31df878be0:   00007f31df878ef0 00007f320e717839 

Instructions: (pc=0x00007f320d8bc147)
0x00007f320d8bc047:   4c 89 f6 48 89 50 08 8b 03 4c 89 ff 89 45 80 8b
0x00007f320d8bc057:   43 04 89 45 84 8b 43 08 89 45 88 48 8b 43 0c 48
0x00007f320d8bc067:   89 45 8c 0f b6 43 14 88 45 94 48 8b 43 18 ff 50
0x00007f320d8bc077:   10 48 8b b5 78 ff ff ff 44 89 ea 4c 89 e7 e8 16
0x00007f320d8bc087:   c4 fd ff 49 8b 7c 24 08 ba 89 00 00 00 0f be f0
0x00007f320d8bc097:   e8 a4 da f7 ff 8b 03 4c 89 f6 4c 89 ff 89 45 80
0x00007f320d8bc0a7:   8b 43 04 89 45 84 8b 43 08 89 45 88 48 8b 43 0c
0x00007f320d8bc0b7:   48 89 45 8c 0f b6 43 14 88 45 94 48 8b 43 18 ff
0x00007f320d8bc0c7:   50 10 48 83 ec 08 8b 55 80 44 8b 4d 90 41 56 44
0x00007f320d8bc0d7:   8b 45 8c 44 89 ee 4c 89 e7 8b 4d 84 e8 28 07 f8
0x00007f320d8bc0e7:   ff 49 8b 44 24 08 48 c7 40 08 00 00 00 00 58 5a
0x00007f320d8bc0f7:   48 8b 45 c8 64 48 2b 04 25 28 00 00 00 75 4b 48
0x00007f320d8bc107:   8d 65 d8 5b 41 5c 41 5d 41 5e 41 5f 5d c3 0f 1f
0x00007f320d8bc117:   00 48 83 78 08 00 0f 84 0d ff ff ff 48 8d 05 86
0x00007f320d8bc127:   4f ab 01 48 8d 0d 85 15 52 01 48 8d 15 98 22 52
0x00007f320d8bc137:   01 be ed 00 00 00 48 8d 3d 14 d9 4f 01 48 8b 00
0x00007f320d8bc147:   c6 00 58 31 c0 e8 7f 26 40 00 e8 fa 91 c3 ff 66
0x00007f320d8bc157:   2e 0f 1f 84 00 00 00 00 00 f3 0f 1e fa 55 48 89
0x00007f320d8bc167:   e5 41 57 41 56 41 89 d6 41 55 41 54 49 89 fc 53
0x00007f320d8bc177:   48 89 f3 48 83 ec 68 48 8d 0d ff f5 b2 01 64 48
0x00007f320d8bc187:   8b 04 25 28 00 00 00 48 89 45 c8 48 8b 47 08 8b
0x00007f320d8bc197:   39 85 ff 0f 8e 10 01 00 00 48 8b 50 10 4c 8d 4d
0x00007f320d8bc1a7:   80 4c 8d 7d 98 4c 8d 6b 18 4c 89 8d 78 ff ff ff
0x00007f320d8bc1b7:   4c 89 fe 48 89 50 08 8b 03 4c 89 ef 89 45 80 8b
0x00007f320d8bc1c7:   43 04 89 45 84 8b 43 08 89 45 88 48 8b 43 0c 48
0x00007f320d8bc1d7:   89 45 8c 0f b6 43 14 88 45 94 48 8b 43 18 ff 50
0x00007f320d8bc1e7:   10 48 8b b5 78 ff ff ff 4c 89 e7 e8 c9 c5 fd ff
0x00007f320d8bc1f7:   49 8b 7c 24 08 ba c7 00 00 00 0f be f0 e8 37 d9
0x00007f320d8bc207:   f7 ff 8b 03 4c 89 fe 4c 89 ef 89 45 80 8b 43 04
0x00007f320d8bc217:   89 45 84 8b 43 08 89 45 88 48 8b 43 0c 48 89 45
0x00007f320d8bc227:   8c 0f b6 43 14 88 45 94 48 8b 43 18 ff 50 10 6a
0x00007f320d8bc237:   04 44 8b 4d 90 31 f6 8b 4d 84 8b 55 80 41 57 4c 


Stack slot to memory mapping:

stack at sp + 0 slots: 0xabababababababab is an unknown value
stack at sp + 1 slots: 0xabababababababab is an unknown value
stack at sp + 2 slots: 0xabababababababab is an unknown value
stack at sp + 3 slots: 0xabababababababab is an unknown value
stack at sp + 4 slots: 0xabababababababab is an unknown value
stack at sp + 5 slots: 0xabababababababab is an unknown value
stack at sp + 6 slots: 0xabababababababab is an unknown value
stack at sp + 7 slots: 0xabababababababab is an unknown value

Lock stack of current Java thread (top to bottom):


---------------  P R O C E S S  ---------------

uid  : 1000 euid : 1000 gid  : 1000 egid : 1000

umask: 0002 (-------w-)

Threads class SMR info:
_java_thread_list=0x00007f320852c390, length=20, elements={
0x00007f320802abd0, 0x00007f32082d74a0, 0x00007f32082d8cf0, 0x00007f32082dac60,
0x00007f32082e4670, 0x00007f32082e5e80, 0x00007f32082e7ca0, 0x00007f32082e9650,
0x00007f320833ec30, 0x00007f31b80fbd70, 0x00007f31b823f2f0, 0x00007f31b82410f0,
0x00007f31b00083f0, 0x00007f31b8357230, 0x00007f31a001e830, 0x00007f31a0022390,
0x00007f3194001490, 0x00007f3194002a30, 0x00007f31a82933c0, 0x00007f320852c610
}
_java_thread_list_alloc_cnt=21, _java_thread_list_free_cnt=19, _java_thread_list_max=20, _nested_thread_list_max=0
_tlh_cnt=84, _tlh_times=14, avg_tlh_time=0.17, _tlh_time_max=4
_delete_lock_wait_cnt=0, _delete_lock_wait_max=0
_to_delete_list_cnt=0, _to_delete_list_max=1

Java Threads: ( => current thread )
  0x00007f320802abd0 JavaThread "main"                              [_thread_in_vm, id=456295, stack(0x00007f320d100000,0x00007f320d200000) (1024K)]
  0x00007f32082d74a0 JavaThread "Reference Handler"          daemon [_thread_blocked, id=456303, stack(0x00007f31dfc7d000,0x00007f31dfd7d000) (1024K)]
  0x00007f32082d8cf0 JavaThread "Finalizer"                  daemon [_thread_blocked, id=456304, stack(0x00007f31dfb7d000,0x00007f31dfc7d000) (1024K)]
  0x00007f32082dac60 JavaThread "Signal Dispatcher"          daemon [_thread_blocked, id=456305, stack(0x00007f31dfa7d000,0x00007f31dfb7d000) (1024K)]
  0x00007f32082e4670 JavaThread "Service Thread"             daemon [_thread_blocked, id=456306, stack(0x00007f31df97d000,0x00007f31dfa7d000) (1024K)]
  0x00007f32082e5e80 JavaThread "Monitor Deflation Thread"   daemon [_thread_blocked, id=456307, stack(0x00007f31df87d000,0x00007f31df97d000) (1024K)]
=>0x00007f32082e7ca0 JavaThread "C2 CompilerThread0"         daemon [_thread_in_native, id=456308, stack(0x00007f31df77d000,0x00007f31df87d000) (1024K)]
  0x00007f32082e9650 JavaThread "C1 CompilerThread0"         daemon [_thread_blocked, id=456309, stack(0x00007f31df67d000,0x00007f31df77d000) (1024K)]
  0x00007f320833ec30 JavaThread "Common-Cleaner"             daemon [_thread_blocked, id=456310, stack(0x00007f31df4ad000,0x00007f31df5ad000) (1024K)]
  0x00007f31b80fbd70 JavaThread "C1 CompilerThread1"         daemon [_thread_blocked, id=456311, stack(0x00007f31df3ad000,0x00007f31df4ad000) (1024K)]
  0x00007f31b823f2f0 JavaThread "C1 CompilerThread2"         daemon [_thread_blocked, id=456312, stack(0x00007f31df2ad000,0x00007f31df3ad000) (1024K)]
  0x00007f31b82410f0 JavaThread "C1 CompilerThread3"         daemon [_thread_blocked, id=456313, stack(0x00007f31df1ad000,0x00007f31df2ad000) (1024K)]
  0x00007f31b00083f0 JavaThread "C2 CompilerThread1"         daemon [_thread_in_native, id=456314, stack(0x00007f31df0ad000,0x00007f31df1ad000) (1024K)]
  0x00007f31b8357230 JavaThread "C2 CompilerThread2"         daemon [_thread_in_native, id=456315, stack(0x00007f31dea7e000,0x00007f31deb7e000) (1024K)]
  0x00007f31a001e830 JavaThread "C2 CompilerThread3"         daemon [_thread_in_native, id=456316, stack(0x00007f31de97e000,0x00007f31dea7e000) (1024K)]
  0x00007f31a0022390 JavaThread "C2 CompilerThread4"         daemon [_thread_in_native, id=456317, stack(0x00007f31de87e000,0x00007f31de97e000) (1024K)]
  0x00007f3194001490 JavaThread "C2 CompilerThread5"         daemon [_thread_in_native, id=456318, stack(0x00007f31de77e000,0x00007f31de87e000) (1024K)]
  0x00007f3194002a30 JavaThread "C2 CompilerThread6"         daemon [_thread_in_native, id=456319, stack(0x00007f31de67e000,0x00007f31de77e000) (1024K)]
  0x00007f31a82933c0 JavaThread "C2 CompilerThread7"         daemon [_thread_in_native, id=456321, stack(0x00007f31de47d000,0x00007f31de57d000) (1024K)]
  0x00007f320852c610 JavaThread "Notification Thread"        daemon [_thread_blocked, id=456322, stack(0x00007f31de37d000,0x00007f31de47d000) (1024K)]
Total: 20

Other Threads:
  0x00007f320825bed0 VMThread "VM Thread"                           [id=456302, stack(0x00007f31dfd7e000,0x00007f31dfe7e000) (1024K)]
  0x00007f3208115b00 WatcherThread "VM Periodic Task Thread"        [id=456301, stack(0x00007f31dfe7f000,0x00007f31dff7f000) (1024K)]
  0x00007f320807d7f0 WorkerThread "GC Thread#0"                     [id=456296, stack(0x00007f320c121000,0x00007f320c221000) (1024K)]
  0x00007f31cc00a200 WorkerThread "GC Thread#1"                     [id=456320, stack(0x00007f31de57e000,0x00007f31de67e000) (1024K)]
  0x00007f320808ba20 ConcurrentGCThread "G1 Main Marker"            [id=456297, stack(0x00007f320c020000,0x00007f320c120000) (1024K)]
  0x00007f320808cc50 WorkerThread "G1 Conc#0"                       [id=456298, stack(0x00007f31f6fc0000,0x00007f31f70c0000) (1024K)]
  0x00007f3208100230 ConcurrentGCThread "G1 Refine#0"               [id=456299, stack(0x00007f31f41b2000,0x00007f31f42b2000) (1024K)]
  0x00007f3208101470 ConcurrentGCThread "G1 Service"                [id=456300, stack(0x00007f31f40b1000,0x00007f31f41b1000) (1024K)]
Total: 8

Threads with active compile tasks:
C2 CompilerThread0     2110  161   !   4       sun.nio.fs.UnixPath::initOffsets (189 bytes)
C2 CompilerThread1     2110  230       4       sun.nio.fs.UnixPath::getName (106 bytes)
C2 CompilerThread2     2110  419       4       sun.nio.fs.UnixPath::relativize (408 bytes)
C2 CompilerThread3     2110  381       4       java.util.Arrays::copyOfRange (82 bytes)
C2 CompilerThread4     2110  376       4       sun.nio.fs.UnixPath::hasDotOrDotDot (69 bytes)
C2 CompilerThread5     2111  385       4       java.lang.StringLatin1::newString (24 bytes)
C2 CompilerThread6     2111  567   !   4       sun.nio.fs.UnixDirectoryStream$UnixDirectoryIterator::readNextEntry (185 bytes)
C2 CompilerThread7     2111  596       4       java.util.stream.ReferencePipeline$2$1::accept (27 bytes)
Total: 8

VM state: not at safepoint (normal execution)

VM Mutex/Monitor currently owned by a thread:  ([mutex/lock_event])
[0x00007f320f414358] CodeCache_lock - owner thread: 0x00007f320802abd0
[0x00007f320f4141c0] Compile_lock - owner thread: 0x00007f320802abd0

Heap address: 0x000000009c000000, size: 1600 MB, Compressed Oops mode: 32-bit

CDS archive(s) not mapped
Compressed class space mapped at: 0x0000000048000000-0x0000000088000000, reserved size: 1073741824
Narrow klass base: 0x0000000000000000, Narrow klass shift: 0, Narrow klass range: 0x88000000

GC Precious Log:
 CardTable entry size: 512
 Card Set container configuration: InlinePtr #cards 5 size 8 Array Of Cards #cards 12 size 40 Howl #buckets 4 coarsen threshold 1843 Howl Bitmap #cards 512 size 80 coarsen threshold 460 Card regions per heap region 1 cards per card region 2048
 CPUs: 16 total, 16 available
 Memory: 64222M
 Large Page Support: Disabled
 NUMA Support: Disabled
 Compressed Oops: Enabled (32-bit)
 Heap Region Size: 1M
 Heap Min Capacity: 64M
 Heap Initial Capacity: 64M
 Heap Max Capacity: 1600M
 Pre-touch: Disabled
 Parallel Workers: 13
 Concurrent Workers: 3
 Concurrent Refinement Workers: 13
 Periodic GC: Disabled

Heap:
 garbage-first heap   total reserved 1638400K, committed 82944K, used 21504K [0x000000009c000000, 0x0000000100000000)
  region size 1024K, 22 young (22528K), 1 survivors (1024K)
 Metaspace       used 8055K, committed 8256K, reserved 1114112K
  class space    used 670K, committed 768K, reserved 1048576K

Heap Regions: E=young(eden), S=young(survivor), O=old, HS=humongous(starts), HC=humongous(continues), CS=collection set, F=free, TAMS=top-at-mark-start, PB=parsable bottom
|   0|0x000000009c000000, 0x000000009c000000, 0x000000009c100000|  0%| F|  |TAMS 0x000000009c000000| PB 0x000000009c000000| Untracked 
|   1|0x000000009c100000, 0x000000009c100000, 0x000000009c200000|  0%| F|  |TAMS 0x000000009c100000| PB 0x000000009c100000| Untracked 
|   2|0x000000009c200000, 0x000000009c200000, 0x000000009c300000|  0%| F|  |TAMS 0x000000009c200000| PB 0x000000009c200000| Untracked 
|   3|0x000000009c300000, 0x000000009c300000, 0x000000009c400000|  0%| F|  |TAMS 0x000000009c300000| PB 0x000000009c300000| Untracked 
|   4|0x000000009c400000, 0x000000009c400000, 0x000000009c500000|  0%| F|  |TAMS 0x000000009c400000| PB 0x000000009c400000| Untracked 
|   5|0x000000009c500000, 0x000000009c500000, 0x000000009c600000|  0%| F|  |TAMS 0x000000009c500000| PB 0x000000009c500000| Untracked 
|   6|0x000000009c600000, 0x000000009c600000, 0x000000009c700000|  0%| F|  |TAMS 0x000000009c600000| PB 0x000000009c600000| Untracked 
|   7|0x000000009c700000, 0x000000009c700000, 0x000000009c800000|  0%| F|  |TAMS 0x000000009c700000| PB 0x000000009c700000| Untracked 
|   8|0x000000009c800000, 0x000000009c800000, 0x000000009c900000|  0%| F|  |TAMS 0x000000009c800000| PB 0x000000009c800000| Untracked 
|   9|0x000000009c900000, 0x000000009c900000, 0x000000009ca00000|  0%| F|  |TAMS 0x000000009c900000| PB 0x000000009c900000| Untracked 
|  10|0x000000009ca00000, 0x000000009ca00000, 0x000000009cb00000|  0%| F|  |TAMS 0x000000009ca00000| PB 0x000000009ca00000| Untracked 
|  11|0x000000009cb00000, 0x000000009cb00000, 0x000000009cc00000|  0%| F|  |TAMS 0x000000009cb00000| PB 0x000000009cb00000| Untracked 
|  12|0x000000009cc00000, 0x000000009cc00000, 0x000000009cd00000|  0%| F|  |TAMS 0x000000009cc00000| PB 0x000000009cc00000| Untracked 
|  13|0x000000009cd00000, 0x000000009cd00000, 0x000000009ce00000|  0%| F|  |TAMS 0x000000009cd00000| PB 0x000000009cd00000| Untracked 
|  14|0x000000009ce00000, 0x000000009ce00000, 0x000000009cf00000|  0%| F|  |TAMS 0x000000009ce00000| PB 0x000000009ce00000| Untracked 
|  15|0x000000009cf00000, 0x000000009cf00000, 0x000000009d000000|  0%| F|  |TAMS 0x000000009cf00000| PB 0x000000009cf00000| Untracked 
|  16|0x000000009d000000, 0x000000009d000000, 0x000000009d100000|  0%| F|  |TAMS 0x000000009d000000| PB 0x000000009d000000| Untracked 
|  17|0x000000009d100000, 0x000000009d100000, 0x000000009d200000|  0%| F|  |TAMS 0x000000009d100000| PB 0x000000009d100000| Untracked 
|  18|0x000000009d200000, 0x000000009d200000, 0x000000009d300000|  0%| F|  |TAMS 0x000000009d200000| PB 0x000000009d200000| Untracked 
|  19|0x000000009d300000, 0x000000009d300000, 0x000000009d400000|  0%| F|  |TAMS 0x000000009d300000| PB 0x000000009d300000| Untracked 
|  20|0x000000009d400000, 0x000000009d400000, 0x000000009d500000|  0%| F|  |TAMS 0x000000009d400000| PB 0x000000009d400000| Untracked 
|  21|0x000000009d500000, 0x000000009d500000, 0x000000009d600000|  0%| F|  |TAMS 0x000000009d500000| PB 0x000000009d500000| Untracked 
|  22|0x000000009d600000, 0x000000009d600000, 0x000000009d700000|  0%| F|  |TAMS 0x000000009d600000| PB 0x000000009d600000| Untracked 
|  23|0x000000009d700000, 0x000000009d700000, 0x000000009d800000|  0%| F|  |TAMS 0x000000009d700000| PB 0x000000009d700000| Untracked 
|  24|0x000000009d800000, 0x000000009d800000, 0x000000009d900000|  0%| F|  |TAMS 0x000000009d800000| PB 0x000000009d800000| Untracked 
|  25|0x000000009d900000, 0x000000009d900000, 0x000000009da00000|  0%| F|  |TAMS 0x000000009d900000| PB 0x000000009d900000| Untracked 
|  26|0x000000009da00000, 0x000000009db00000, 0x000000009db00000|100%| S|CS|TAMS 0x000000009da00000| PB 0x000000009da00000| Complete 
|  27|0x000000009db00000, 0x000000009db00000, 0x000000009dc00000|  0%| F|  |TAMS 0x000000009db00000| PB 0x000000009db00000| Untracked 
|  28|0x000000009dc00000, 0x000000009dc00000, 0x000000009dd00000|  0%| F|  |TAMS 0x000000009dc00000| PB 0x000000009dc00000| Untracked 
|  29|0x000000009dd00000, 0x000000009dd00000, 0x000000009de00000|  0%| F|  |TAMS 0x000000009dd00000| PB 0x000000009dd00000| Untracked 
|  30|0x000000009de00000, 0x000000009de00000, 0x000000009df00000|  0%| F|  |TAMS 0x000000009de00000| PB 0x000000009de00000| Untracked 
|  31|0x000000009df00000, 0x000000009df00000, 0x000000009e000000|  0%| F|  |TAMS 0x000000009df00000| PB 0x000000009df00000| Untracked 
|  32|0x000000009e000000, 0x000000009e000000, 0x000000009e100000|  0%| F|  |TAMS 0x000000009e000000| PB 0x000000009e000000| Untracked 
|  33|0x000000009e100000, 0x000000009e100000, 0x000000009e200000|  0%| F|  |TAMS 0x000000009e100000| PB 0x000000009e100000| Untracked 
|  34|0x000000009e200000, 0x000000009e200000, 0x000000009e300000|  0%| F|  |TAMS 0x000000009e200000| PB 0x000000009e200000| Untracked 
|  35|0x000000009e300000, 0x000000009e300000, 0x000000009e400000|  0%| F|  |TAMS 0x000000009e300000| PB 0x000000009e300000| Untracked 
|  36|0x000000009e400000, 0x000000009e400000, 0x000000009e500000|  0%| F|  |TAMS 0x000000009e400000| PB 0x000000009e400000| Untracked 
|  37|0x000000009e500000, 0x000000009e500000, 0x000000009e600000|  0%| F|  |TAMS 0x000000009e500000| PB 0x000000009e500000| Untracked 
|  38|0x000000009e600000, 0x000000009e600000, 0x000000009e700000|  0%| F|  |TAMS 0x000000009e600000| PB 0x000000009e600000| Untracked 
|  39|0x000000009e700000, 0x000000009e700000, 0x000000009e800000|  0%| F|  |TAMS 0x000000009e700000| PB 0x000000009e700000| Untracked 
|  40|0x000000009e800000, 0x000000009e800000, 0x000000009e900000|  0%| F|  |TAMS 0x000000009e800000| PB 0x000000009e800000| Untracked 
|  41|0x000000009e900000, 0x000000009e900000, 0x000000009ea00000|  0%| F|  |TAMS 0x000000009e900000| PB 0x000000009e900000| Untracked 
|  42|0x000000009ea00000, 0x000000009ea00000, 0x000000009eb00000|  0%| F|  |TAMS 0x000000009ea00000| PB 0x000000009ea00000| Untracked 
|  43|0x000000009eb00000, 0x000000009eb00000, 0x000000009ec00000|  0%| F|  |TAMS 0x000000009eb00000| PB 0x000000009eb00000| Untracked 
|  44|0x000000009ec00000, 0x000000009ec00000, 0x000000009ed00000|  0%| F|  |TAMS 0x000000009ec00000| PB 0x000000009ec00000| Untracked 
|  45|0x000000009ed00000, 0x000000009ed00000, 0x000000009ee00000|  0%| F|  |TAMS 0x000000009ed00000| PB 0x000000009ed00000| Untracked 
|  46|0x000000009ee00000, 0x000000009ee00000, 0x000000009ef00000|  0%| F|  |TAMS 0x000000009ee00000| PB 0x000000009ee00000| Untracked 
|  47|0x000000009ef00000, 0x000000009ef00000, 0x000000009f000000|  0%| F|  |TAMS 0x000000009ef00000| PB 0x000000009ef00000| Untracked 
|  48|0x000000009f000000, 0x000000009f000000, 0x000000009f100000|  0%| F|  |TAMS 0x000000009f000000| PB 0x000000009f000000| Untracked 
|  49|0x000000009f100000, 0x000000009f100000, 0x000000009f200000|  0%| F|  |TAMS 0x000000009f100000| PB 0x000000009f100000| Untracked 
|  50|0x000000009f200000, 0x000000009f200000, 0x000000009f300000|  0%| F|  |TAMS 0x000000009f200000| PB 0x000000009f200000| Untracked 
|  51|0x000000009f300000, 0x000000009f300000, 0x000000009f400000|  0%| F|  |TAMS 0x000000009f300000| PB 0x000000009f300000| Untracked 
|  52|0x000000009f400000, 0x000000009f400000, 0x000000009f500000|  0%| F|  |TAMS 0x000000009f400000| PB 0x000000009f400000| Untracked 
|  53|0x000000009f500000, 0x000000009f500000, 0x000000009f600000|  0%| F|  |TAMS 0x000000009f500000| PB 0x000000009f500000| Untracked 
|  54|0x000000009f600000, 0x000000009f600000, 0x000000009f700000|  0%| F|  |TAMS 0x000000009f600000| PB 0x000000009f600000| Untracked 
|  55|0x000000009f700000, 0x000000009f700000, 0x000000009f800000|  0%| F|  |TAMS 0x000000009f700000| PB 0x000000009f700000| Untracked 
|  56|0x000000009f800000, 0x000000009f800000, 0x000000009f900000|  0%| F|  |TAMS 0x000000009f800000| PB 0x000000009f800000| Untracked 
|  57|0x000000009f900000, 0x000000009f900000, 0x000000009fa00000|  0%| F|  |TAMS 0x000000009f900000| PB 0x000000009f900000| Untracked 
|  58|0x000000009fa00000, 0x000000009fa00000, 0x000000009fb00000|  0%| F|  |TAMS 0x000000009fa00000| PB 0x000000009fa00000| Untracked 
|  59|0x000000009fb00000, 0x000000009fb00000, 0x000000009fc00000|  0%| F|  |TAMS 0x000000009fb00000| PB 0x000000009fb00000| Untracked 
|  60|0x000000009fc00000, 0x000000009fc80800, 0x000000009fd00000| 50%| E|  |TAMS 0x000000009fc00000| PB 0x000000009fc00000| Complete 
|  61|0x000000009fd00000, 0x000000009fe00000, 0x000000009fe00000|100%| E|CS|TAMS 0x000000009fd00000| PB 0x000000009fd00000| Complete 
|  62|0x000000009fe00000, 0x000000009ff00000, 0x000000009ff00000|100%| E|CS|TAMS 0x000000009fe00000| PB 0x000000009fe00000| Complete 
|  63|0x000000009ff00000, 0x00000000a0000000, 0x00000000a0000000|100%| E|CS|TAMS 0x000000009ff00000| PB 0x000000009ff00000| Complete 
|  64|0x00000000a0000000, 0x00000000a0100000, 0x00000000a0100000|100%| E|CS|TAMS 0x00000000a0000000| PB 0x00000000a0000000| Complete 
|  65|0x00000000a0100000, 0x00000000a0200000, 0x00000000a0200000|100%| E|CS|TAMS 0x00000000a0100000| PB 0x00000000a0100000| Complete 
|  66|0x00000000a0200000, 0x00000000a0300000, 0x00000000a0300000|100%| E|CS|TAMS 0x00000000a0200000| PB 0x00000000a0200000| Complete 
|  67|0x00000000a0300000, 0x00000000a0400000, 0x00000000a0400000|100%| E|CS|TAMS 0x00000000a0300000| PB 0x00000000a0300000| Complete 
|  68|0x00000000a0400000, 0x00000000a0500000, 0x00000000a0500000|100%| E|CS|TAMS 0x00000000a0400000| PB 0x00000000a0400000| Complete 
|  69|0x00000000a0500000, 0x00000000a0600000, 0x00000000a0600000|100%| E|CS|TAMS 0x00000000a0500000| PB 0x00000000a0500000| Complete 
|  70|0x00000000a0600000, 0x00000000a0700000, 0x00000000a0700000|100%| E|CS|TAMS 0x00000000a0600000| PB 0x00000000a0600000| Complete 
|  71|0x00000000a0700000, 0x00000000a0800000, 0x00000000a0800000|100%| E|CS|TAMS 0x00000000a0700000| PB 0x00000000a0700000| Complete 
|  72|0x00000000a0800000, 0x00000000a0900000, 0x00000000a0900000|100%| E|CS|TAMS 0x00000000a0800000| PB 0x00000000a0800000| Complete 
|  73|0x00000000a0900000, 0x00000000a0a00000, 0x00000000a0a00000|100%| E|CS|TAMS 0x00000000a0900000| PB 0x00000000a0900000| Complete 
|  74|0x00000000a0a00000, 0x00000000a0b00000, 0x00000000a0b00000|100%| E|CS|TAMS 0x00000000a0a00000| PB 0x00000000a0a00000| Complete 
|  75|0x00000000a0b00000, 0x00000000a0c00000, 0x00000000a0c00000|100%| E|CS|TAMS 0x00000000a0b00000| PB 0x00000000a0b00000| Complete 
|  76|0x00000000a0c00000, 0x00000000a0d00000, 0x00000000a0d00000|100%| E|CS|TAMS 0x00000000a0c00000| PB 0x00000000a0c00000| Complete 
|  77|0x00000000a0d00000, 0x00000000a0e00000, 0x00000000a0e00000|100%| E|CS|TAMS 0x00000000a0d00000| PB 0x00000000a0d00000| Complete 
|  78|0x00000000a0e00000, 0x00000000a0f00000, 0x00000000a0f00000|100%| E|CS|TAMS 0x00000000a0e00000| PB 0x00000000a0e00000| Complete 
|  79|0x00000000a0f00000, 0x00000000a1000000, 0x00000000a1000000|100%| E|CS|TAMS 0x00000000a0f00000| PB 0x00000000a0f00000| Complete 
|  80|0x00000000a1000000, 0x00000000a1100000, 0x00000000a1100000|100%| E|CS|TAMS 0x00000000a1000000| PB 0x00000000a1000000| Complete 

Card table byte_map: [0x00007f31f89c0000,0x00007f31f8ce0000] _byte_map_base: 0x00007f31f84e0000

Marking Bits: (CMBitMap*) 0x00007f320807e530
 Bits: [0x00007f31f70c0000, 0x00007f31f89c0000)

Polling page: 0x00007f320f8f2000

Metaspace:

Usage:
  Non-class:      7.22 MB used.
      Class:    671.84 KB used.
       Both:      7.87 MB used.

Virtual space:
  Non-class space:       64.00 MB reserved,       7.31 MB ( 11%) committed,  1 nodes.
      Class space:        1.00 GB reserved,     768.00 KB ( <1%) committed,  1 nodes.
             Both:        1.06 GB reserved,       8.06 MB ( <1%) committed. 

Chunk freelists:
   Non-Class:  8.48 MB
       Class:  15.23 MB
        Both:  23.71 MB

MaxMetaspaceSize: unlimited
CompressedClassSpaceSize: 1.00 GB
Initial GC threshold: 21.00 MB
Current GC threshold: 21.00 MB
CDS: off
 - commit_granule_bytes: 65536.
 - commit_granule_words: 8192.
 - virtual_space_node_default_size: 8388608.
 - enlarge_chunks_in_place: 1.
 - use_allocation_guard: 0.


Internal statistics:

num_allocs: 52557.
num_deallocs: 41.
num_allocs_from_deallocated_blocks: 142.
num_chunks_retired: 14.
num_allocs_failed_limit: 0.
num_arena_births: 72.
num_arena_deaths: 0.
num_vsnodes_births: 2.
num_vsnodes_deaths: 0.
num_space_committed: 129.
num_space_uncommitted: 0.
num_chunks_returned_to_freelist: 0.
num_chunks_taken_from_freelist: 87.
num_chunk_merges: 0.
num_chunk_splits: 55.
num_chunks_enlarged: 66.
num_inconsistent_stats: 0.

CodeHeap 'non-profiled nmethods': size=119168Kb used=411Kb max_used=411Kb free=118756Kb
 bounds [0x00007f3200ba0000, 0x00007f3200e10000, 0x00007f3208000000]
CodeHeap 'profiled nmethods': size=119164Kb used=1456Kb max_used=1456Kb free=117707Kb
 bounds [0x00007f31f9000000, 0x00007f31f9270000, 0x00007f320045f000]
CodeHeap 'non-nmethods': size=7428Kb used=3835Kb max_used=3835Kb free=3592Kb
 bounds [0x00007f320045f000, 0x00007f320082f000, 0x00007f3200ba0000]
 total_blobs=1591 nmethods=796 adapters=690
 compilation: enabled
              stopped_count=0, restarted_count=0
 full_count=0

Compilation events (20 events):
Event: 0.337 Thread 0x00007f31b823f2f0 nmethod 307 0x00007f31f908c090 code [0x00007f31f908c2e0, 0x00007f31f908c6d0]
Event: 0.337 Thread 0x00007f31b823f2f0  295       3       java.util.stream.ReferencePipeline$Head::<init> (8 bytes)
Event: 0.337 Thread 0x00007f32082e9650 nmethod 302 0x00007f31f908c890 code [0x00007f31f908ca80, 0x00007f31f908cd08]
Event: 0.337 Thread 0x00007f32082e9650  313       3       java.nio.file.Files::readAttributes (11 bytes)
Event: 0.337 Thread 0x00007f31b823f2f0 nmethod 295 0x00007f31f908cf10 code [0x00007f31f908d0e0, 0x00007f31f908d2a0]
Event: 0.337 Thread 0x00007f31b823f2f0  314       3       sun.nio.fs.LinuxFileSystemProvider::readAttributes (35 bytes)
Event: 0.338 Thread 0x00007f32082e9650 nmethod 313 0x00007f31f908d390 code [0x00007f31f908d5c0, 0x00007f31f908d8d8]
Event: 0.338 Thread 0x00007f32082e9650  315       3       sun.nio.fs.UnixFileSystemProvider::readAttributes (63 bytes)
Event: 0.338 Thread 0x00007f31b823f2f0 nmethod 314 0x00007f31f908db10 code [0x00007f31f908dd20, 0x00007f31f908e0f8]
Event: 0.338 Thread 0x00007f31b823f2f0  316       3       sun.nio.fs.LinuxFileSystemProvider::getFileAttributeView (52 bytes)
Event: 0.341 Thread 0x00007f32082e9650 nmethod 315 0x00007f31f908e310 code [0x00007f31f908e720, 0x00007f31f908f958]
Event: 0.341 Thread 0x00007f32082e9650  335       3       sun.nio.fs.UnixPath::resolve (103 bytes)
Event: 0.341 Thread 0x00007f31b823f2f0 nmethod 316 0x00007f31f9090410 code [0x00007f31f90906c0, 0x00007f31f9091188]
Event: 0.341 Thread 0x00007f31b823f2f0  322       3       sun.nio.fs.UnixDirectoryStream$UnixDirectoryIterator::next (5 bytes)
Event: 0.341 Thread 0x00007f31b80fbd70 nmethod 287 0x00007f31f9091810 code [0x00007f31f90920a0, 0x00007f31f9094c48]
Event: 0.342 Thread 0x00007f31b823f2f0 nmethod 322 0x00007f31f9096790 code [0x00007f31f9096940, 0x00007f31f9096aa0]
Event: 0.342 Thread 0x00007f31b823f2f0  317       3       sun.nio.fs.UnixFileSystemProvider::getFileAttributeView (68 bytes)
Event: 0.342 Thread 0x00007f31b80fbd70  318       3       sun.nio.fs.UnixFileAttributeViews::createBasicView (10 bytes)
Event: 0.342 Thread 0x00007f32082e9650 nmethod 335 0x00007f31f9096b90 code [0x00007f31f9096e40, 0x00007f31f90975c0]
Event: 0.342 Thread 0x00007f32082e9650  319       3       sun.nio.fs.UnixFileAttributeViews$Basic::<init> (15 bytes)

GC Heap History (0 events):
No events

Dll operation events (4 events):
Event: 0.002 Loaded shared library /wf/tortugo-jdk/build/linux-x86_64-server-fastdebug/jdk/lib/libjava.so
Event: 0.118 Loaded shared library /wf/tortugo-jdk/build/linux-x86_64-server-fastdebug/jdk/lib/libjsvml.so
Event: 0.145 Loaded shared library /wf/tortugo-jdk/build/linux-x86_64-server-fastdebug/jdk/lib/libnio.so
Event: 0.207 Loaded shared library /wf/tortugo-jdk/build/linux-x86_64-server-fastdebug/jdk/lib/libnet.so

Deoptimization events (0 events):
No events

Classes loaded (20 events):
Event: 0.288 Loading class java/util/Collections$UnmodifiableCollection$1
Event: 0.288 Loading class java/util/Collections$UnmodifiableCollection$1 done
Event: 0.288 Loading class java/util/HashMap$Values
Event: 0.288 Loading class java/util/HashMap$Values done
Event: 0.288 Loading class java/util/HashMap$ValueIterator
Event: 0.288 Loading class java/util/HashMap$ValueIterator done
Event: 0.289 Loading class jdk/internal/module/ModuleInfo$Attributes
Event: 0.289 Loading class jdk/internal/module/ModuleInfo$Attributes done
Event: 0.289 Loading class jdk/internal/module/ModuleReferences
Event: 0.289 Loading class jdk/internal/module/ModuleReferences done
Event: 0.290 Loading class java/lang/module/ModuleReader
Event: 0.290 Loading class java/lang/module/ModuleReader done
Event: 0.290 Loading class sun/nio/fs/UnixUriUtils
Event: 0.291 Loading class sun/nio/fs/UnixUriUtils done
Event: 0.291 Loading class java/net/URI$Parser
Event: 0.291 Loading class java/net/URI$Parser done
Event: 0.291 Loading class jdk/internal/module/ModuleReferenceImpl
Event: 0.292 Loading class java/lang/module/ModuleReference
Event: 0.292 Loading class java/lang/module/ModuleReference done
Event: 0.292 Loading class jdk/internal/module/ModuleReferenceImpl done

Classes unloaded (0 events):
No events

Classes redefined (0 events):
No events

Internal exceptions (20 events):
Event: 0.190 Thread 0x00007f320802abd0 Exception <a 'java/lang/NoSuchMethodError'{0x000000009ff4e2b8}: 'java.lang.Object java.lang.invoke.Invokers$Holder.invokeExact_MT(java.lang.Object, java.lang.Object, java.lang.Object, java.lang.Object, java.lang.Object, java.lang.Object, java.lang.Object, java.lang.Object)'> (0x000000009ff4e2b8) 
thrown [/wf/tortugo-jdk/src/hotspot/share/interpreter/linkResolver.cpp, line 773]
Event: 0.196 Thread 0x00007f320802abd0 Exception <a 'java/lang/NoSuchMethodError'{0x000000009ff57828}: 'java.lang.Object java.lang.invoke.DirectMethodHandle$Holder.newInvokeSpecial(java.lang.Object, java.lang.Object, java.lang.Object)'> (0x000000009ff57828) 
thrown [/wf/tortugo-jdk/src/hotspot/share/interpreter/linkResolver.cpp, line 773]
Event: 0.198 Thread 0x00007f320802abd0 Exception <a 'java/lang/NoSuchMethodError'{0x000000009ff5e960}: 'java.lang.Object java.lang.invoke.Invokers$Holder.linkToTargetMethod(java.lang.Object, java.lang.Object, java.lang.Object)'> (0x000000009ff5e960) 
thrown [/wf/tortugo-jdk/src/hotspot/share/interpreter/linkResolver.cpp, line 773]
Event: 0.210 Thread 0x00007f320802abd0 Exception <a 'java/lang/NoSuchMethodError'{0x000000009ff658b8}: 'java.lang.Object java.lang.invoke.DirectMethodHandle$Holder.invokeSpecial(java.lang.Object, java.lang.Object, java.lang.Object)'> (0x000000009ff658b8) 
thrown [/wf/tortugo-jdk/src/hotspot/share/interpreter/linkResolver.cpp, line 773]
Event: 0.232 Thread 0x00007f320802abd0 Exception <a 'java/lang/NoSuchMethodError'{0x000000009fef4ae8}: 'java.lang.Object java.lang.invoke.DirectMethodHandle$Holder.newInvokeSpecial(java.lang.Object, java.lang.Object)'> (0x000000009fef4ae8) 
thrown [/wf/tortugo-jdk/src/hotspot/share/interpreter/linkResolver.cpp, line 773]
Event: 0.233 Thread 0x00007f320802abd0 Exception <a 'java/lang/NoSuchMethodError'{0x000000009fef82c8}: 'java.lang.Object java.lang.invoke.Invokers$Holder.linkToTargetMethod(java.lang.Object, java.lang.Object)'> (0x000000009fef82c8) 
thrown [/wf/tortugo-jdk/src/hotspot/share/interpreter/linkResolver.cpp, line 773]
Event: 0.246 Thread 0x00007f320802abd0 Exception <a 'java/lang/NoSuchMethodError'{0x000000009fd04c10}: 'java.lang.Object java.lang.invoke.DirectMethodHandle$Holder.invokeStatic(java.lang.Object)'> (0x000000009fd04c10) 
thrown [/wf/tortugo-jdk/src/hotspot/share/interpreter/linkResolver.cpp, line 773]
Event: 0.251 Thread 0x00007f320802abd0 Exception <a 'java/lang/NoSuchMethodError'{0x000000009fd0aa48}: 'java.lang.Object java.lang.invoke.DirectMethodHandle$Holder.invokeStatic(java.lang.Object, java.lang.Object, java.lang.Object, java.lang.Object)'> (0x000000009fd0aa48) 
thrown [/wf/tortugo-jdk/src/hotspot/share/interpreter/linkResolver.cpp, line 773]
Event: 0.252 Thread 0x00007f320802abd0 Exception <a 'java/lang/NoSuchMethodError'{0x000000009fd0e930}: 'java.lang.Object java.lang.invoke.DirectMethodHandle$Holder.getReference(java.lang.Object, java.lang.Object)'> (0x000000009fd0e930) 
thrown [/wf/tortugo-jdk/src/hotspot/share/interpreter/linkResolver.cpp, line 773]
Event: 0.254 Thread 0x00007f320802abd0 Exception <a 'java/lang/NoSuchMethodError'{0x000000009fd12b90}: 'java.lang.Object java.lang.invoke.DirectMethodHandle$Holder.invokeSpecial(java.lang.Object, java.lang.Object)'> (0x000000009fd12b90) 
thrown [/wf/tortugo-jdk/src/hotspot/share/interpreter/linkResolver.cpp, line 773]
Event: 0.258 Thread 0x00007f320802abd0 Exception <a 'java/lang/NoSuchMethodError'{0x000000009fd1be88}: 'java.lang.Object java.lang.invoke.Invokers$Holder.invokeExact_MT(java.lang.Object, java.lang.Object, java.lang.Object)'> (0x000000009fd1be88) 
thrown [/wf/tortugo-jdk/src/hotspot/share/interpreter/linkResolver.cpp, line 773]
Event: 0.260 Thread 0x00007f320802abd0 Exception <a 'java/lang/NoSuchMethodError'{0x000000009fd20578}: 'void java.lang.invoke.DirectMethodHandle$Holder.invokeVirtual(java.lang.Object, java.lang.Object)'> (0x000000009fd20578) 
thrown [/wf/tortugo-jdk/src/hotspot/share/interpreter/linkResolver.cpp, line 773]
Event: 0.263 Thread 0x00007f320802abd0 Exception <a 'java/lang/NoSuchMethodError'{0x000000009fd2c258}: 'java.lang.Object java.lang.invoke.DirectMethodHandle$Holder.invokeStatic(java.lang.Object, java.lang.Object)'> (0x000000009fd2c258) 
thrown [/wf/tortugo-jdk/src/hotspot/share/interpreter/linkResolver.cpp, line 773]
Event: 0.264 Thread 0x00007f320802abd0 Exception <a 'java/lang/NoSuchMethodError'{0x000000009fd31748}: 'java.lang.Object java.lang.invoke.DirectMethodHandle$Holder.newInvokeSpecial(java.lang.Object)'> (0x000000009fd31748) 
thrown [/wf/tortugo-jdk/src/hotspot/share/interpreter/linkResolver.cpp, line 773]
Event: 0.264 Thread 0x00007f320802abd0 Exception <a 'java/lang/NoSuchMethodError'{0x000000009fd34bb0}: 'java.lang.Object java.lang.invoke.Invokers$Holder.invokeExact_MT(java.lang.Object, java.lang.Object)'> (0x000000009fd34bb0) 
thrown [/wf/tortugo-jdk/src/hotspot/share/interpreter/linkResolver.cpp, line 773]
Event: 0.265 Thread 0x00007f320802abd0 Exception <a 'java/lang/NoSuchMethodError'{0x000000009fd38218}: 'java.lang.Object java.lang.invoke.LambdaForm$Holder.identity_L(java.lang.Object, java.lang.Object)'> (0x000000009fd38218) 
thrown [/wf/tortugo-jdk/src/hotspot/share/interpreter/linkResolver.cpp, line 773]
Event: 0.266 Thread 0x00007f320802abd0 Exception <a 'java/lang/NoSuchMethodError'{0x000000009fd3ab10}: 'java.lang.Object java.lang.invoke.LambdaForm$Holder.zero_L(java.lang.Object)'> (0x000000009fd3ab10) 
thrown [/wf/tortugo-jdk/src/hotspot/share/interpreter/linkResolver.cpp, line 773]
Event: 0.267 Thread 0x00007f320802abd0 Exception <a 'java/lang/NoSuchMethodError'{0x000000009fd3fdf0}: 'java.lang.Object java.lang.invoke.Invokers$Holder.linkToTargetMethod(java.lang.Object)'> (0x000000009fd3fdf0) 
thrown [/wf/tortugo-jdk/src/hotspot/share/interpreter/linkResolver.cpp, line 773]
Event: 0.268 Thread 0x00007f320802abd0 Exception <a 'java/lang/NoSuchMethodError'{0x000000009fd432c8}: 'java.lang.Object java.lang.invoke.DirectMethodHandle$Holder.invokeInterface(java.lang.Object, java.lang.Object, java.lang.Object)'> (0x000000009fd432c8) 
thrown [/wf/tortugo-jdk/src/hotspot/share/interpreter/linkResolver.cpp, line 773]
Event: 0.275 Thread 0x00007f320802abd0 Exception <a 'java/lang/NoSuchMethodError'{0x000000009fd51948}: 'int java.lang.invoke.DirectMethodHandle$Holder.invokeInterface(java.lang.Object, java.lang.Object, java.lang.Object)'> (0x000000009fd51948) 
thrown [/wf/tortugo-jdk/src/hotspot/share/interpreter/linkResolver.cpp, line 773]

ZGC Phase Switch (0 events):
No events

VM Operations (0 events):
No events

Events (20 events):
Event: 0.116 Thread 0x00007f32082dac60 Thread added: 0x00007f32082dac60
Event: 0.116 Protecting memory [0x00007f31dfa7d000,0x00007f31dfa81000] with protection modes 0
Event: 0.116 Thread 0x00007f32082e4670 Thread added: 0x00007f32082e4670
Event: 0.116 Protecting memory [0x00007f31df97d000,0x00007f31df981000] with protection modes 0
Event: 0.116 Thread 0x00007f32082e5e80 Thread added: 0x00007f32082e5e80
Event: 0.116 Protecting memory [0x00007f31df87d000,0x00007f31df881000] with protection modes 0
Event: 0.116 Thread 0x00007f32082e7ca0 Thread added: 0x00007f32082e7ca0
Event: 0.116 Protecting memory [0x00007f31df77d000,0x00007f31df781000] with protection modes 0
Event: 0.117 Thread 0x00007f32082e9650 Thread added: 0x00007f32082e9650
Event: 0.117 Protecting memory [0x00007f31df67d000,0x00007f31df681000] with protection modes 0
Event: 0.154 Thread 0x00007f320833ec30 Thread added: 0x00007f320833ec30
Event: 0.154 Protecting memory [0x00007f31df4ad000,0x00007f31df4b1000] with protection modes 0
Event: 0.267 Thread 0x00007f31b80fbd70 Thread added: 0x00007f31b80fbd70
Event: 0.267 Protecting memory [0x00007f31df3ad000,0x00007f31df3b1000] with protection modes 0
Event: 0.300 Thread 0x00007f31b823f2f0 Thread added: 0x00007f31b823f2f0
Event: 0.300 Protecting memory [0x00007f31df2ad000,0x00007f31df2b1000] with protection modes 0
Event: 0.301 Thread 0x00007f31b82410f0 Thread added: 0x00007f31b82410f0
Event: 0.301 Protecting memory [0x00007f31df1ad000,0x00007f31df1b1000] with protection modes 0
Event: 0.322 Thread 0x00007f31b00083f0 Thread added: 0x00007f31b00083f0
Event: 0.322 Protecting memory [0x00007f31df0ad000,0x00007f31df0b1000] with protection modes 0


Dynamic libraries:
48000000-48010000 rw-p 00000000 00:00 0 
48010000-48030000 rw-p 00000000 00:00 0 
48030000-48090000 rw-p 00000000 00:00 0 
48090000-480c0000 ---p 00000000 00:00 0 
480c0000-480f0000 rw-p 00000000 00:00 0 
480f0000-88000000 ---p 00000000 00:00 0 
9c000000-a1100000 rw-p 00000000 00:00 0 
a1100000-100000000 ---p 00000000 00:00 0 
5589abad6000-5589abad7000 r--p 00000000 fd:01 11957457                   /wf/tortugo-jdk/build/linux-x86_64-server-fastdebug/jdk/bin/java
5589abad7000-5589abad8000 r-xp 00001000 fd:01 11957457                   /wf/tortugo-jdk/build/linux-x86_64-server-fastdebug/jdk/bin/java
5589abad8000-5589abad9000 r--p 00002000 fd:01 11957457                   /wf/tortugo-jdk/build/linux-x86_64-server-fastdebug/jdk/bin/java
5589abad9000-5589abada000 r--p 00002000 fd:01 11957457                   /wf/tortugo-jdk/build/linux-x86_64-server-fastdebug/jdk/bin/java
5589abada000-5589abadb000 rw-p 00003000 fd:01 11957457                   /wf/tortugo-jdk/build/linux-x86_64-server-fastdebug/jdk/bin/java
5589ad5ab000-5589ad5f2000 rw-p 00000000 00:00 0                          [heap]
7f317c000000-7f317c021000 rw-p 00000000 00:00 0 
7f317c021000-7f3180000000 ---p 00000000 00:00 0 
7f3184000000-7f3184021000 rw-p 00000000 00:00 0 
7f3184021000-7f3188000000 ---p 00000000 00:00 0 
7f3188000000-7f3188af8000 rw-p 00000000 00:00 0 
7f3188af8000-7f318c000000 ---p 00000000 00:00 0 
7f318c000000-7f318c0c5000 rw-p 00000000 00:00 0 
7f318c0c5000-7f3190000000 ---p 00000000 00:00 0 
7f3190000000-7f3190801000 rw-p 00000000 00:00 0 
7f3190801000-7f3194000000 ---p 00000000 00:00 0 
7f3194000000-7f3194149000 rw-p 00000000 00:00 0 
7f3194149000-7f3198000000 ---p 00000000 00:00 0 
7f3198000000-7f3198381000 rw-p 00000000 00:00 0 
7f3198381000-7f319c000000 ---p 00000000 00:00 0 
7f319c000000-7f319c0b9000 rw-p 00000000 00:00 0 
7f319c0b9000-7f31a0000000 ---p 00000000 00:00 0 
7f31a0000000-7f31a1aac000 rw-p 00000000 00:00 0 
7f31a1aac000-7f31a4000000 ---p 00000000 00:00 0 
7f31a4000000-7f31a4332000 rw-p 00000000 00:00 0 
7f31a4332000-7f31a8000000 ---p 00000000 00:00 0 
7f31a8000000-7f31a82e2000 rw-p 00000000 00:00 0 
7f31a82e2000-7f31ac000000 ---p 00000000 00:00 0 
7f31ac000000-7f31ac021000 rw-p 00000000 00:00 0 
7f31ac021000-7f31b0000000 ---p 00000000 00:00 0 
7f31b0000000-7f31b0452000 rw-p 00000000 00:00 0 
7f31b0452000-7f31b4000000 ---p 00000000 00:00 0 
7f31b4000000-7f31b41ec000 rw-p 00000000 00:00 0 
7f31b41ec000-7f31b8000000 ---p 00000000 00:00 0 
7f31b8000000-7f31b8572000 rw-p 00000000 00:00 0 
7f31b8572000-7f31bc000000 ---p 00000000 00:00 0 
7f31bc000000-7f31bc021000 rw-p 00000000 00:00 0 
7f31bc021000-7f31c0000000 ---p 00000000 00:00 0 
7f31c0000000-7f31c0021000 rw-p 00000000 00:00 0 
7f31c0021000-7f31c4000000 ---p 00000000 00:00 0 
7f31c4000000-7f31c4021000 rw-p 00000000 00:00 0 
7f31c4021000-7f31c8000000 ---p 00000000 00:00 0 
7f31c8000000-7f31c8021000 rw-p 00000000 00:00 0 
7f31c8021000-7f31cc000000 ---p 00000000 00:00 0 
7f31cc000000-7f31cc021000 rw-p 00000000 00:00 0 
7f31cc021000-7f31d0000000 ---p 00000000 00:00 0 
7f31d0000000-7f31d0021000 rw-p 00000000 00:00 0 
7f31d0021000-7f31d4000000 ---p 00000000 00:00 0 
7f31d4000000-7f31d44f0000 rw-p 00000000 00:00 0 
7f31d44f0000-7f31d4510000 rw-p 00000000 00:00 0 
7f31d4510000-7f31d4530000 rw-p 00000000 00:00 0 
7f31d4530000-7f31d4570000 rw-p 00000000 00:00 0 
7f31d4570000-7f31d46f0000 rw-p 00000000 00:00 0 
7f31d46f0000-7f31d4710000 rw-p 00000000 00:00 0 
7f31d4710000-7f31d4780000 ---p 00000000 00:00 0 
7f31d4780000-7f31d47c0000 rw-p 00000000 00:00 0 
7f31d47c0000-7f31d8000000 ---p 00000000 00:00 0 
7f31d8000000-7f31d8021000 rw-p 00000000 00:00 0 
7f31d8021000-7f31dc000000 ---p 00000000 00:00 0 
7f31dde47000-7f31de37d000 rw-p 00000000 00:00 0 
7f31de37d000-7f31de381000 ---p 00000000 00:00 0 
7f31de381000-7f31de47d000 rw-p 00000000 00:00 0 
7f31de47d000-7f31de481000 ---p 00000000 00:00 0 
7f31de481000-7f31de57d000 rw-p 00000000 00:00 0 
7f31de57d000-7f31de57e000 ---p 00000000 00:00 0 
7f31de57e000-7f31de67e000 rw-p 00000000 00:00 0 
7f31de67e000-7f31de682000 ---p 00000000 00:00 0 
7f31de682000-7f31de77e000 rw-p 00000000 00:00 0 
7f31de77e000-7f31de782000 ---p 00000000 00:00 0 
7f31de782000-7f31de87e000 rw-p 00000000 00:00 0 
7f31de87e000-7f31de882000 ---p 00000000 00:00 0 
7f31de882000-7f31de97e000 rw-p 00000000 00:00 0 
7f31de97e000-7f31de982000 ---p 00000000 00:00 0 
7f31de982000-7f31dea7e000 rw-p 00000000 00:00 0 
7f31dea7e000-7f31dea82000 ---p 00000000 00:00 0 
7f31dea82000-7f31df0ad000 rw-p 00000000 00:00 0 
7f31df0ad000-7f31df0b1000 ---p 00000000 00:00 0 
7f31df0b1000-7f31df1ad000 rw-p 00000000 00:00 0 
7f31df1ad000-7f31df1b1000 ---p 00000000 00:00 0 
7f31df1b1000-7f31df2ad000 rw-p 00000000 00:00 0 
7f31df2ad000-7f31df2b1000 ---p 00000000 00:00 0 
7f31df2b1000-7f31df3ad000 rw-p 00000000 00:00 0 
7f31df3ad000-7f31df3b1000 ---p 00000000 00:00 0 
7f31df3b1000-7f31df4ad000 rw-p 00000000 00:00 0 
7f31df4ad000-7f31df4b1000 ---p 00000000 00:00 0 
7f31df4b1000-7f31df5ad000 rw-p 00000000 00:00 0 
7f31df5ad000-7f31df5b1000 r--p 00000000 fd:01 4236333                    /wf/tortugo-jdk/build/linux-x86_64-server-fastdebug/jdk/lib/libjsvml.so
7f31df5b1000-7f31df5f2000 r-xp 00004000 fd:01 4236333                    /wf/tortugo-jdk/build/linux-x86_64-server-fastdebug/jdk/lib/libjsvml.so
7f31df5f2000-7f31df67b000 r--p 00045000 fd:01 4236333                    /wf/tortugo-jdk/build/linux-x86_64-server-fastdebug/jdk/lib/libjsvml.so
7f31df67b000-7f31df67c000 r--p 000cd000 fd:01 4236333                    /wf/tortugo-jdk/build/linux-x86_64-server-fastdebug/jdk/lib/libjsvml.so
7f31df67c000-7f31df67d000 rw-p 000ce000 fd:01 4236333                    /wf/tortugo-jdk/build/linux-x86_64-server-fastdebug/jdk/lib/libjsvml.so
7f31df67d000-7f31df681000 ---p 00000000 00:00 0 
7f31df681000-7f31df77d000 rw-p 00000000 00:00 0 
7f31df77d000-7f31df781000 ---p 00000000 00:00 0 
7f31df781000-7f31df87d000 rw-p 00000000 00:00 0 
7f31df87d000-7f31df881000 ---p 00000000 00:00 0 
7f31df881000-7f31df97d000 rw-p 00000000 00:00 0 
7f31df97d000-7f31df981000 ---p 00000000 00:00 0 
7f31df981000-7f31dfa7d000 rw-p 00000000 00:00 0 
7f31dfa7d000-7f31dfa81000 ---p 00000000 00:00 0 
7f31dfa81000-7f31dfb7d000 rw-p 00000000 00:00 0 
7f31dfb7d000-7f31dfb81000 ---p 00000000 00:00 0 
7f31dfb81000-7f31dfc7d000 rw-p 00000000 00:00 0 
7f31dfc7d000-7f31dfc81000 ---p 00000000 00:00 0 
7f31dfc81000-7f31dfd7d000 rw-p 00000000 00:00 0 
7f31dfd7d000-7f31dfd7e000 ---p 00000000 00:00 0 
7f31dfd7e000-7f31dfe7e000 rw-p 00000000 00:00 0 
7f31dfe7e000-7f31dfe7f000 ---p 00000000 00:00 0 
7f31dfe7f000-7f31e0000000 rw-p 00000000 00:00 0 
7f31e0000000-7f31e0021000 rw-p 00000000 00:00 0 
7f31e0021000-7f31e4000000 ---p 00000000 00:00 0 
7f31e4000000-7f31e4021000 rw-p 00000000 00:00 0 
7f31e4021000-7f31e8000000 ---p 00000000 00:00 0 
7f31e8000000-7f31e8021000 rw-p 00000000 00:00 0 
7f31e8021000-7f31ec000000 ---p 00000000 00:00 0 
7f31ec000000-7f31ec021000 rw-p 00000000 00:00 0 
7f31ec021000-7f31f0000000 ---p 00000000 00:00 0 
7f31f0000000-7f31f0021000 rw-p 00000000 00:00 0 
7f31f0021000-7f31f4000000 ---p 00000000 00:00 0 
7f31f4014000-7f31f40b0000 rw-p 00000000 00:00 0 
7f31f40b0000-7f31f40b1000 ---p 00000000 00:00 0 
7f31f40b1000-7f31f41b1000 rw-p 00000000 00:00 0 
7f31f41b1000-7f31f41b2000 ---p 00000000 00:00 0 
7f31f41b2000-7f31f6fbf000 rw-p 00000000 00:00 0 
7f31f6fbf000-7f31f6fc0000 ---p 00000000 00:00 0 
7f31f6fc0000-7f31f7204000 rw-p 00000000 00:00 0 
7f31f7204000-7f31f89c0000 ---p 00000000 00:00 0 
7f31f89c0000-7f31f89e9000 rw-p 00000000 00:00 0 
7f31f89e9000-7f31f8ce0000 ---p 00000000 00:00 0 
7f31f8ce0000-7f31f8d09000 rw-p 00000000 00:00 0 
7f31f8d09000-7f31f9000000 ---p 00000000 00:00 0 
7f31f9000000-7f31f9270000 rwxp 00000000 00:00 0 
7f31f9270000-7f320045f000 ---p 00000000 00:00 0 
7f320045f000-7f320082f000 rwxp 00000000 00:00 0 
7f320082f000-7f3200ba0000 ---p 00000000 00:00 0 
7f3200ba0000-7f3200e10000 rwxp 00000000 00:00 0 
7f3200e10000-7f3208000000 ---p 00000000 00:00 0 
7f3208000000-7f32085a7000 rw-p 00000000 00:00 0 
7f32085a7000-7f320c000000 ---p 00000000 00:00 0 
7f320c01f000-7f320c020000 ---p 00000000 00:00 0 
7f320c020000-7f320c120000 rw-p 00000000 00:00 0 
7f320c120000-7f320c121000 ---p 00000000 00:00 0 
7f320c121000-7f320cf33000 rw-p 00000000 00:00 0 
7f320cf33000-7f320d017000 ---p 00000000 00:00 0 
7f320d017000-7f320d01c000 rw-p 00000000 00:00 0 
7f320d01c000-7f320d100000 ---p 00000000 00:00 0 
7f320d100000-7f320d104000 ---p 00000000 00:00 0 
7f320d104000-7f320d200000 rw-p 00000000 00:00 0 
7f320d200000-7f320d4f5000 r--p 00000000 fd:01 8951928                    /wf/tortugo-jdk/build/linux-x86_64-server-fastdebug/jdk/lib/server/libjvm.so
7f320d4f5000-7f320edb5000 r-xp 002f5000 fd:01 8951928                    /wf/tortugo-jdk/build/linux-x86_64-server-fastdebug/jdk/lib/server/libjvm.so
7f320edb5000-7f320f27b000 r--p 01bb5000 fd:01 8951928                    /wf/tortugo-jdk/build/linux-x86_64-server-fastdebug/jdk/lib/server/libjvm.so
7f320f27b000-7f320f27c000 ---p 0207b000 fd:01 8951928                    /wf/tortugo-jdk/build/linux-x86_64-server-fastdebug/jdk/lib/server/libjvm.so
7f320f27c000-7f320f36c000 r--p 0207b000 fd:01 8951928                    /wf/tortugo-jdk/build/linux-x86_64-server-fastdebug/jdk/lib/server/libjvm.so
7f320f36c000-7f320f39e000 rw-p 0216b000 fd:01 8951928                    /wf/tortugo-jdk/build/linux-x86_64-server-fastdebug/jdk/lib/server/libjvm.so
7f320f39e000-7f320f44b000 rw-p 00000000 00:00 0 
7f320f47f000-7f320f519000 rw-p 00000000 00:00 0 
7f320f519000-7f320f527000 r--p 00000000 fd:01 24537960                   /usr/lib/x86_64-linux-gnu/libm.so.6
7f320f527000-7f320f5a3000 r-xp 0000e000 fd:01 24537960                   /usr/lib/x86_64-linux-gnu/libm.so.6
7f320f5a3000-7f320f5fe000 r--p 0008a000 fd:01 24537960                   /usr/lib/x86_64-linux-gnu/libm.so.6
7f320f5fe000-7f320f5ff000 r--p 000e4000 fd:01 24537960                   /usr/lib/x86_64-linux-gnu/libm.so.6
7f320f5ff000-7f320f600000 rw-p 000e5000 fd:01 24537960                   /usr/lib/x86_64-linux-gnu/libm.so.6
7f320f600000-7f320f628000 r--p 00000000 fd:01 24537309                   /usr/lib/x86_64-linux-gnu/libc.so.6
7f320f628000-7f320f7bd000 r-xp 00028000 fd:01 24537309                   /usr/lib/x86_64-linux-gnu/libc.so.6
7f320f7bd000-7f320f815000 r--p 001bd000 fd:01 24537309                   /usr/lib/x86_64-linux-gnu/libc.so.6
7f320f815000-7f320f819000 r--p 00214000 fd:01 24537309                   /usr/lib/x86_64-linux-gnu/libc.so.6
7f320f819000-7f320f81b000 rw-p 00218000 fd:01 24537309                   /usr/lib/x86_64-linux-gnu/libc.so.6
7f320f81b000-7f320f828000 rw-p 00000000 00:00 0 
7f320f840000-7f320f843000 r--p 00000000 fd:01 4236294                    /wf/tortugo-jdk/build/linux-x86_64-server-fastdebug/jdk/lib/libnet.so
7f320f843000-7f320f84b000 r-xp 00003000 fd:01 4236294                    /wf/tortugo-jdk/build/linux-x86_64-server-fastdebug/jdk/lib/libnet.so
7f320f84b000-7f320f84d000 r--p 0000b000 fd:01 4236294                    /wf/tortugo-jdk/build/linux-x86_64-server-fastdebug/jdk/lib/libnet.so
7f320f84d000-7f320f84e000 r--p 0000c000 fd:01 4236294                    /wf/tortugo-jdk/build/linux-x86_64-server-fastdebug/jdk/lib/libnet.so
7f320f84e000-7f320f84f000 rw-p 0000d000 fd:01 4236294                    /wf/tortugo-jdk/build/linux-x86_64-server-fastdebug/jdk/lib/libnet.so
7f320f84f000-7f320f855000 r--p 00000000 fd:01 4236301                    /wf/tortugo-jdk/build/linux-x86_64-server-fastdebug/jdk/lib/libnio.so
7f320f855000-7f320f85e000 r-xp 00006000 fd:01 4236301                    /wf/tortugo-jdk/build/linux-x86_64-server-fastdebug/jdk/lib/libnio.so
7f320f85e000-7f320f862000 r--p 0000f000 fd:01 4236301                    /wf/tortugo-jdk/build/linux-x86_64-server-fastdebug/jdk/lib/libnio.so
7f320f862000-7f320f863000 r--p 00012000 fd:01 4236301                    /wf/tortugo-jdk/build/linux-x86_64-server-fastdebug/jdk/lib/libnio.so
7f320f863000-7f320f864000 rw-p 00013000 fd:01 4236301                    /wf/tortugo-jdk/build/linux-x86_64-server-fastdebug/jdk/lib/libnio.so
7f320f864000-7f320f870000 r--p 00000000 fd:01 4236285                    /wf/tortugo-jdk/build/linux-x86_64-server-fastdebug/jdk/lib/libjava.so
7f320f870000-7f320f87f000 r-xp 0000c000 fd:01 4236285                    /wf/tortugo-jdk/build/linux-x86_64-server-fastdebug/jdk/lib/libjava.so
7f320f87f000-7f320f885000 r--p 0001b000 fd:01 4236285                    /wf/tortugo-jdk/build/linux-x86_64-server-fastdebug/jdk/lib/libjava.so
7f320f885000-7f320f886000 r--p 00020000 fd:01 4236285                    /wf/tortugo-jdk/build/linux-x86_64-server-fastdebug/jdk/lib/libjava.so
7f320f886000-7f320f887000 rw-p 00021000 fd:01 4236285                    /wf/tortugo-jdk/build/linux-x86_64-server-fastdebug/jdk/lib/libjava.so
7f320f887000-7f320f888000 rw-p 00000000 00:00 0 
7f320f888000-7f320f88c000 r--p 00000000 fd:01 4236297                    /wf/tortugo-jdk/build/linux-x86_64-server-fastdebug/jdk/lib/libjimage.so
7f320f88c000-7f320f8a0000 r-xp 00004000 fd:01 4236297                    /wf/tortugo-jdk/build/linux-x86_64-server-fastdebug/jdk/lib/libjimage.so
7f320f8a0000-7f320f8a6000 r--p 00018000 fd:01 4236297                    /wf/tortugo-jdk/build/linux-x86_64-server-fastdebug/jdk/lib/libjimage.so
7f320f8a6000-7f320f8a7000 ---p 0001e000 fd:01 4236297                    /wf/tortugo-jdk/build/linux-x86_64-server-fastdebug/jdk/lib/libjimage.so
7f320f8a7000-7f320f8a9000 r--p 0001e000 fd:01 4236297                    /wf/tortugo-jdk/build/linux-x86_64-server-fastdebug/jdk/lib/libjimage.so
7f320f8a9000-7f320f8aa000 rw-p 00020000 fd:01 4236297                    /wf/tortugo-jdk/build/linux-x86_64-server-fastdebug/jdk/lib/libjimage.so
7f320f8aa000-7f320f8ac000 rw-p 00000000 00:00 0 
7f320f8ac000-7f320f8ae000 r--p 00000000 fd:01 4236277                    /wf/tortugo-jdk/build/linux-x86_64-server-fastdebug/jdk/lib/libjli.so
7f320f8ae000-7f320f8b8000 r-xp 00002000 fd:01 4236277                    /wf/tortugo-jdk/build/linux-x86_64-server-fastdebug/jdk/lib/libjli.so
7f320f8b8000-7f320f8bb000 r--p 0000c000 fd:01 4236277                    /wf/tortugo-jdk/build/linux-x86_64-server-fastdebug/jdk/lib/libjli.so
7f320f8bb000-7f320f8bc000 ---p 0000f000 fd:01 4236277                    /wf/tortugo-jdk/build/linux-x86_64-server-fastdebug/jdk/lib/libjli.so
7f320f8bc000-7f320f8bd000 r--p 0000f000 fd:01 4236277                    /wf/tortugo-jdk/build/linux-x86_64-server-fastdebug/jdk/lib/libjli.so
7f320f8bd000-7f320f8be000 rw-p 00010000 fd:01 4236277                    /wf/tortugo-jdk/build/linux-x86_64-server-fastdebug/jdk/lib/libjli.so
7f320f8be000-7f320f8c0000 r--p 00000000 fd:01 24538663                   /usr/lib/x86_64-linux-gnu/libz.so.1.2.11
7f320f8c0000-7f320f8d1000 r-xp 00002000 fd:01 24538663                   /usr/lib/x86_64-linux-gnu/libz.so.1.2.11
7f320f8d1000-7f320f8d7000 r--p 00013000 fd:01 24538663                   /usr/lib/x86_64-linux-gnu/libz.so.1.2.11
7f320f8d7000-7f320f8d8000 ---p 00019000 fd:01 24538663                   /usr/lib/x86_64-linux-gnu/libz.so.1.2.11
7f320f8d8000-7f320f8d9000 r--p 00019000 fd:01 24538663                   /usr/lib/x86_64-linux-gnu/libz.so.1.2.11
7f320f8d9000-7f320f8da000 rw-p 0001a000 fd:01 24538663                   /usr/lib/x86_64-linux-gnu/libz.so.1.2.11
7f320f8db000-7f320f8e3000 rw-p 00000000 00:00 0 
7f320f8e3000-7f320f8ea000 ---p 00000000 00:00 0 
7f320f8ea000-7f320f8f2000 rw-s 00000000 fd:01 28839369                   /tmp/hsperfdata_cesar/456290
7f320f8f2000-7f320f8f3000 ---p 00000000 00:00 0 
7f320f8f3000-7f320f8f4000 r--p 00000000 00:00 0 
7f320f8f4000-7f320f8f6000 rw-p 00000000 00:00 0 
7f320f8f6000-7f320f8f8000 r--p 00000000 fd:01 24536967                   /usr/lib/x86_64-linux-gnu/ld-linux-x86-64.so.2
7f320f8f8000-7f320f922000 r-xp 00002000 fd:01 24536967                   /usr/lib/x86_64-linux-gnu/ld-linux-x86-64.so.2
7f320f922000-7f320f92d000 r--p 0002c000 fd:01 24536967                   /usr/lib/x86_64-linux-gnu/ld-linux-x86-64.so.2
7f320f92d000-7f320f92e000 rwxp 00000000 00:00 0 
7f320f92e000-7f320f930000 r--p 00037000 fd:01 24536967                   /usr/lib/x86_64-linux-gnu/ld-linux-x86-64.so.2
7f320f930000-7f320f932000 rw-p 00039000 fd:01 24536967                   /usr/lib/x86_64-linux-gnu/ld-linux-x86-64.so.2
7fff3cb79000-7fff3cb9b000 rw-p 00000000 00:00 0                          [stack]
7fff3cba0000-7fff3cba4000 r--p 00000000 00:00 0                          [vvar]
7fff3cba4000-7fff3cba6000 r-xp 00000000 00:00 0                          [vdso]
ffffffffff600000-ffffffffff601000 --xp 00000000 00:00 0                  [vsyscall]
Total number of mappings: 226


VM Arguments:
jvm_args: -Xms64M -Xmx1600M --add-exports=java.base/jdk.internal.module=ALL-UNNAMED 
java_command: build.tools.jigsaw.AddPackagesAttribute /wf/tortugo-jdk/build/linux-x86_64-server-fastdebug/jdk
java_class_path (initial): /wf/tortugo-jdk/build/linux-x86_64-server-fastdebug/buildtools/tools_jigsaw_classes
Launcher Type: SUN_STANDARD

[Global flags]
     intx CICompilerCount                          = 12                                        {product} {ergonomic}     Number of compiler threads to run
     uint ConcGCThreads                            = 3                                         {product} {ergonomic}     Number of threads concurrent gc will use
     uint G1ConcRefinementThreads                  = 13                                        {product} {ergonomic}     The number of parallel remembered set update threads. Will be set ergonomically by default.
   size_t G1HeapRegionSize                         = 1048576                                   {product} {ergonomic}     Size of the G1 regions.
   size_t InitialHeapSize                          = 67108864                                  {product} {command line}  Initial heap size (in bytes); zero means use ergonomics
   size_t MarkStackSize                            = 4194304                                   {product} {ergonomic}     Size of marking stack
   size_t MaxHeapSize                              = 1677721600                                {product} {command line}  Maximum heap size (in bytes)
   size_t MaxNewSize                               = 1006632960                                {product} {ergonomic}     Maximum new generation size (in bytes), max_uintx means set ergonomically
   size_t MinHeapDeltaBytes                        = 1048576                                   {product} {ergonomic}     The minimum change in heap space due to GC (in bytes)
   size_t MinHeapSize                              = 67108864                                  {product} {command line}  Minimum heap size (in bytes); zero means use ergonomics
    uintx NonNMethodCodeHeapSize                   = 7602480                                {pd product} {ergonomic}     Size of code heap with non-nmethods (in bytes)
    uintx NonProfiledCodeHeapSize                  = 122027880                              {pd product} {ergonomic}     Size of code heap with non-profiled methods (in bytes)
    uintx ProfiledCodeHeapSize                     = 122027880                              {pd product} {ergonomic}     Size of code heap with profiled methods (in bytes)
    uintx ReservedCodeCacheSize                    = 251658240                              {pd product} {ergonomic}     Reserved code cache size (in bytes) - maximum code cache size
     bool SegmentedCodeCache                       = true                                      {product} {ergonomic}     Use a segmented code cache
   size_t SoftMaxHeapSize                          = 1677721600                             {manageable} {ergonomic}     Soft limit for maximum heap size (in bytes)
     bool THPStackMitigation                       = false                                  {diagnostic} {ergonomic}     If THPs are unconditionally enabled on the system (mode "always"), the JVM will prevent THP from forming in thread stacks. When disabled, the absence of this mitigationallows THPs to form in thread stacks.
     bool UseCompressedOops                        = true                           {product lp64_product} {ergonomic}   Use 32-bit object references in 64-bit VM. lp64_product means flag is always constant in 32 bit VM
     bool UseG1GC                                  = true                                      {product} {ergonomic}     Use the Garbage-First garbage collector

Logging:
Log output configuration:
 #0: stdout all=warning uptime,level,tags foldmultilines=false
 #1: stderr all=off uptime,level,tags foldmultilines=false

Environment Variables:
CLASSPATH=
PATH=/usr/local/lib/nodejs/node-v18.17.0-linux-x64/bin:/usr/local/lib/nodejs/node-v18.17.0-linux-x64/bin:/home/cesar/.local/bin:/usr/local/sbin:/usr/local/bin:/usr/sbin:/usr/bin:/sbin:/bin:/usr/games:/usr/local/games:/snap/bin:/snap/bin
USERNAME=cesar
SHELL=/bin/bash
DISPLAY=:1
LANG=en_US.UTF-8
LC_ALL=C
LC_NUMERIC=en_CA.UTF-8
LC_TIME=en_CA.UTF-8
TERM=xterm-kitty

Active Locale:
LC_ALL=C
LC_COLLATE=C
LC_CTYPE=C
LC_MESSAGES=C
LC_MONETARY=C
LC_NUMERIC=C
LC_TIME=C

Signal Handlers:
   SIGSEGV: crash_handler in libjvm.so, mask=11100100010111111101111111111110, flags=SA_RESTART|SA_SIGINFO, unblocked
    SIGBUS: crash_handler in libjvm.so, mask=11100100010111111101111111111110, flags=SA_RESTART|SA_SIGINFO, unblocked
    SIGFPE: crash_handler in libjvm.so, mask=11100100010111111101111111111110, flags=SA_RESTART|SA_SIGINFO, unblocked
   SIGPIPE: javaSignalHandler in libjvm.so, mask=11100100010111111101111111111110, flags=SA_RESTART|SA_SIGINFO, unblocked
   SIGXFSZ: javaSignalHandler in libjvm.so, mask=11100100010111111101111111111110, flags=SA_RESTART|SA_SIGINFO, unblocked
    SIGILL: crash_handler in libjvm.so, mask=11100100010111111101111111111110, flags=SA_RESTART|SA_SIGINFO, unblocked
   SIGUSR2: SR_handler in libjvm.so, mask=00000000000000000000000000000000, flags=SA_RESTART|SA_SIGINFO, unblocked
    SIGHUP: UserHandler in libjvm.so, mask=11100100010111111101111111111110, flags=SA_RESTART|SA_SIGINFO, unblocked
    SIGINT: UserHandler in libjvm.so, mask=11100100010111111101111111111110, flags=SA_RESTART|SA_SIGINFO, unblocked
   SIGTERM: UserHandler in libjvm.so, mask=11100100010111111101111111111110, flags=SA_RESTART|SA_SIGINFO, unblocked
   SIGQUIT: UserHandler in libjvm.so, mask=11100100010111111101111111111110, flags=SA_RESTART|SA_SIGINFO, blocked
   SIGTRAP: crash_handler in libjvm.so, mask=11100100010111111101111111111110, flags=SA_RESTART|SA_SIGINFO, unblocked


Native Memory Tracking:

(Omitting categories weighting less than 1KB)

Total: reserved=3199318KB, committed=241498KB
       malloc: 105022KB #87197
       mmap:   reserved=3094296KB, committed=136476KB

-                 Java Heap (reserved=1638400KB, committed=82944KB)
                            (mmap: reserved=1638400KB, committed=82944KB, largest_committed=65536KB) 
 
-                     Class (reserved=154KB, committed=154KB)
                            (classes #1108)
                            (  instance classes #983, array classes #125)
                            (malloc=154KB #3032) (peak=154KB #3031) 
                            (  Metadata:   )
                            (    reserved=65536KB, committed=7488KB)
                            (    used=7414KB)
                            (    waste=74KB =0.98%)
                            (  Class space:)
                            (    reserved=1048576KB, committed=768KB)
                            (    used=676KB)
                            (    waste=92KB =11.92%)
 
-                    Thread (reserved=28903KB, committed=1487KB)
                            (threads #28)
                            (stack: reserved=28672KB, committed=1256KB, largest_committed=120KB)
                            (malloc=59KB #173) (peak=68KB #177) 
                            (arena=171KB #44) (peak=235KB #30)
 
-                      Code (reserved=248987KB, committed=10271KB)
                            (malloc=1303KB #38805) (peak=1303KB #38809) 
                            (mmap: reserved=247684KB, committed=8968KB, largest_committed=2496KB) 
                            (arena=0KB #0) (peak=1KB #1)
 
-                        GC (reserved=92780KB, committed=62404KB)
                            (malloc=27396KB #917) (peak=27397KB #915) 
                            (mmap: reserved=65384KB, committed=35008KB, largest_committed=32768KB) 
 
-                 GCCardSet (reserved=19KB, committed=19KB)
                            (malloc=19KB #246) (at peak) 
 
-                  Compiler (reserved=46697KB, committed=46697KB)
                            (malloc=34KB #154) (peak=48KB #159) 
                            (arena=46663KB #62) (peak=63913KB #65)
 
-                  Internal (reserved=12043KB, committed=12043KB)
                            (malloc=12007KB #35566) (peak=12007KB #35566) 
                            (mmap: reserved=36KB, committed=36KB, largest_committed=32KB) 
 
-                     Other (reserved=10KB, committed=10KB)
                            (malloc=10KB #2) (at peak) 
 
-                    Symbol (reserved=3289KB, committed=3289KB)
                            (malloc=915KB #2816) (at peak) 
                            (arena=2374KB #1) (at peak)
 
-    Native Memory Tracking (reserved=1371KB, committed=1371KB)
                            (malloc=8KB #82) (at peak) 
                            (tracking overhead=1362KB)
 
-               Arena Chunk (reserved=12116KB, committed=12116KB)
                            (malloc=12116KB #1870) (peak=66085KB #1895) 
 
-                    Module (reserved=199KB, committed=199KB)
                            (malloc=199KB #2079) (at peak) 
 
-                 Safepoint (reserved=8KB, committed=8KB)
                            (mmap: reserved=8KB, committed=8KB, largest_committed=8KB) 
 
-           Synchronization (reserved=170KB, committed=170KB)
                            (malloc=170KB #1270) (at peak) 
 
-            Serviceability (reserved=17KB, committed=17KB)
                            (malloc=17KB #9) (peak=17KB #13) 
 
-                 Metaspace (reserved=65549KB, committed=7501KB)
                            (malloc=13KB #10) (at peak) 
                            (mmap: reserved=65536KB, committed=7488KB, largest_committed=64KB) 
 
-      String Deduplication (reserved=1KB, committed=1KB)
                            (malloc=1KB #8) (at peak) 
 
-           Object Monitors (reserved=29KB, committed=29KB)
                            (malloc=29KB #143) (at peak) 
 
-                   Unknown (reserved=1048576KB, committed=768KB)
                            (mmap: reserved=1048576KB, committed=768KB, largest_committed=64KB) 
 
Preinit state:entries: 356 (primary: 356, empties: 7835), sum bytes: 14458, longest chain length: 1
pre-init mallocs: 391, pre-init reallocs: 2, pre-init frees: 35
MallocLimit: unset

Periodic native trim disabled

---------------  S Y S T E M  ---------------

OS:
DISTRIB_ID=Ubuntu
DISTRIB_RELEASE=22.04
DISTRIB_CODENAME=jammy
DISTRIB_DESCRIPTION="Ubuntu 22.04.3 LTS"
uname: Linux desktop 6.2.0-33-generic #33~22.04.1-Ubuntu SMP PREEMPT_DYNAMIC Thu Sep  7 10:33:52 UTC 2 x86_64
OS uptime: 2 days 22:11 hours
libc: glibc 2.35 NPTL 2.35 
rlimit (soft/hard): STACK 8192k/infinity , CORE 0k/infinity , NPROC 256033/256033 , NOFILE 1048576/1048576 , AS infinity/infinity , CPU infinity/infinity , DATA infinity/infinity , FSIZE infinity/infinity , MEMLOCK 8220428k/8220428k
load average: 1.14 1.71 4.99

/proc/meminfo:
MemTotal:       65763428 kB
MemFree:        13284764 kB
MemAvailable:   33131692 kB
Buffers:         2752004 kB
Cached:         17057384 kB
SwapCached:            0 kB
Active:          9879164 kB
Inactive:       40390308 kB
Active(anon):      13756 kB
Inactive(anon): 30898584 kB
Active(file):    9865408 kB
Inactive(file):  9491724 kB
Unevictable:        2064 kB
Mlocked:            2064 kB
SwapTotal:       1998844 kB
SwapFree:        1998844 kB
Zswap:                 0 kB
Zswapped:              0 kB
Dirty:              1820 kB
Writeback:             0 kB
AnonPages:      30462556 kB
Mapped:          1525684 kB
Shmem:            520352 kB
KReclaimable:    1213024 kB
Slab:            1609052 kB
SReclaimable:    1213024 kB
SUnreclaim:       396028 kB
KernelStack:       53616 kB
PageTables:       191852 kB
SecPageTables:         0 kB
NFS_Unstable:          0 kB
Bounce:                0 kB
WritebackTmp:          0 kB
CommitLimit:    34880556 kB
Committed_AS:   58253008 kB
VmallocTotal:   34359738367 kB
VmallocUsed:      149884 kB
VmallocChunk:          0 kB
Percpu:            21632 kB
HardwareCorrupted:     0 kB
AnonHugePages:         0 kB
ShmemHugePages:        0 kB
ShmemPmdMapped:        0 kB
FileHugePages:         0 kB
FilePmdMapped:         0 kB
HugePages_Total:       0
HugePages_Free:        0
HugePages_Rsvd:        0
HugePages_Surp:        0
Hugepagesize:       2048 kB
Hugetlb:               0 kB
DirectMap4k:     1749372 kB
DirectMap2M:    19148800 kB
DirectMap1G:    47185920 kB

/sys/kernel/mm/transparent_hugepage/enabled: always [madvise] never
/sys/kernel/mm/transparent_hugepage/defrag (defrag/compaction efforts parameter): always defer defer+madvise [madvise] never

Process Memory:
Virtual Size: 5008252K (peak: 5068452K)
Resident Set Size: 219920K (peak: 219920K) (anon: 192272K, file: 27648K, shmem: 0K)
Swapped out: 0K
C-Heap outstanding allocations: 107089K, retained: 10858K
glibc malloc tunables: (default)

/proc/sys/kernel/threads-max (system-wide limit on the number of threads): 512067
/proc/sys/vm/max_map_count (maximum number of memory map areas a process may have): 65530
/proc/sys/kernel/pid_max (system-wide limit on number of process identifiers): 4194304

container (cgroup) information:
container_type: cgroupv2
cpu_cpuset_cpus: not supported
cpu_memory_nodes: not supported
active_processor_count: 16
cpu_quota: not supported
cpu_period: not supported
cpu_shares: not supported
memory_limit_in_bytes: unlimited
memory_and_swap_limit_in_bytes: unlimited
memory_soft_limit_in_bytes: unlimited
memory_usage_in_bytes: 9314832 k
memory_max_usage_in_bytes: not supported
memory_swap_current_in_bytes: unlimited
memory_swap_max_limit_in_bytes: unlimited
maximum number of tasks: 76810
current number of tasks: 376

Steal ticks since vm start: 0
Steal ticks percentage since vm start:  0.000

CPU: total 16 (initial active 16) (16 cores per cpu, 2 threads per core) family 23 model 1 stepping 1 microcode 0x8001137, cx8, cmov, fxsr, ht, mmx, 3dnowpref, sse, sse2, sse3, ssse3, sse4a, sse4.1, sse4.2, popcnt, lzcnt, tsc, tscinvbit, avx, avx2, aes, clmul, bmi1, bmi2, adx, sha, fma, vzeroupper, clflush, clflushopt, rdtscp, f16c
CPU Model and flags from /proc/cpuinfo:
model name	: AMD Ryzen 7 1800X Eight-Core Processor
flags		: fpu vme de pse tsc msr pae mce cx8 apic sep mtrr pge mca cmov pat pse36 clflush mmx fxsr sse sse2 ht syscall nx mmxext fxsr_opt pdpe1gb rdtscp lm constant_tsc rep_good nopl nonstop_tsc cpuid extd_apicid aperfmperf rapl pni pclmulqdq monitor ssse3 fma cx16 sse4_1 sse4_2 movbe popcnt aes xsave avx f16c rdrand lahf_lm cmp_legacy svm extapic cr8_legacy abm sse4a misalignsse 3dnowprefetch osvw skinit wdt tce topoext perfctr_core perfctr_nb bpext perfctr_llc mwaitx cpb hw_pstate ssbd ibpb vmmcall fsgsbase bmi1 avx2 smep bmi2 rdseed adx smap clflushopt sha_ni xsaveopt xsavec xgetbv1 clzero irperf xsaveerptr arat npt lbrv svm_lock nrip_save tsc_scale vmcb_clean flushbyasid decodeassists pausefilter pfthreshold avic v_vmsave_vmload vgif overflow_recov succor smca sev

Online cpus: 0-15
Offline cpus: 
cache level: 1
cache type: Data
cache size: 32K
cache coherency line size: 64
cache level: 1
cache type: Instruction
cache size: 64K
cache coherency line size: 64
cache level: 2
cache type: Unified
cache size: 512K
cache coherency line size: 64
cache level: 3
cache type: Unified
cache size: 8192K
cache coherency line size: 64
BIOS frequency limitation: 3600000
Frequency switch latency (ns): 0
Available cpu frequencies: 3600000 3200000 2200000 
Maximum cpu frequency: 3600000
Minimum cpu frequency: 2200000
Current cpu frequency: 2860320
Available governors: conservative ondemand userspace powersave performance schedutil 
Current governor: schedutil
Core performance/turbo boost: 1

Memory: 4k page, physical 65763428k(33131692k free), swap 1998844k(1998844k free)
Page Sizes: 4k

vm_info: OpenJDK 64-Bit Server VM (fastdebug 22-internal-adhoc.cesar.tortugo-jdk) for linux-amd64 JRE (22-internal-adhoc.cesar.tortugo-jdk), built on 2023-09-30T00:26:44Z by "cesar" with gcc 11.4.0

END.
