#
# A fatal error has been detected by the Java Runtime Environment:
#
#  Internal Error (/wf/tortugo-jdk/src/hotspot/share/asm/assembler.hpp:237), pid=451669, tid=451687
#  assert(assm->inst_mark() == nullptr) failed: overlapping instructions
#
# JRE version: OpenJDK Runtime Environment (22.0) (fastdebug build 22-internal-adhoc.cesar.tortugo-jdk)
# Java VM: OpenJDK 64-Bit Server VM (fastdebug 22-internal-adhoc.cesar.tortugo-jdk, mixed mode, tiered, compressed oops, compressed class ptrs, g1 gc, linux-amd64)
# Problematic frame:
# V  [libjvm.so+0x6bc147]  Assembler::movq(Address, Register)+0x157
#
# Core dump will be written. Default location: Core dumps may be processed with "/usr/share/apport/apport -p%p -s%s -c%c -d%d -P%P -u%u -g%g -- %E" (or dumping to /wf/tortugo-jdk/make/core.451669)
#
# If you would like to submit a bug report, please visit:
#   https://bugreport.java.com/bugreport/crash.jsp
#

---------------  S U M M A R Y ------------

Command Line: -Xms64M -Xmx1600M --add-exports=java.base/jdk.internal.module=ALL-UNNAMED build.tools.jigsaw.AddPackagesAttribute /wf/tortugo-jdk/build/linux-x86_64-server-fastdebug/jdk

Host: desktop, AMD Ryzen 7 1800X Eight-Core Processor, 16 cores, 62G, Ubuntu 22.04.3 LTS
Time: Mon Oct  2 11:42:00 2023 PDT elapsed time: 0.325495 seconds (0d 0h 0m 0s)

---------------  T H R E A D  ---------------

Current thread (0x00007fc3282e7a60):  JavaThread "C2 CompilerThread0" daemon [_thread_in_native, id=451687, stack(0x00007fc31867c000,0x00007fc31877c000) (1024K)]


Current CompileTask:
C2:    325  162   !   4       sun.nio.fs.UnixPath::initOffsets (189 bytes)

Stack: [0x00007fc31867c000,0x00007fc31877c000],  sp=0x00007fc3187779f0,  free space=1006k
Native frames: (J=compiled Java code, j=interpreted, Vv=VM code, C=native code)
V  [libjvm.so+0x6bc147]  Assembler::movq(Address, Register)+0x157  (assembler.hpp:237)
V  [libjvm.so+0x132f7c9]  MacroAssembler::movptr(Address, Register)+0x69  (macroAssembler_x86.cpp:2569)
V  [libjvm.so+0x838b63]  C2HandleAnonOMOwnerStub::emit(C2_MacroAssembler&)+0x93  (c2_CodeStubs_x86.cpp:88)
V  [libjvm.so+0x838325]  C2CodeStubList::emit(C2_MacroAssembler&)+0x95  (c2_CodeStubs.cpp:48)
V  [libjvm.so+0x1517839]  PhaseOutput::fill_buffer(C2_MacroAssembler*, unsigned int*)+0x2019  (output.cpp:1812)
V  [libjvm.so+0x15194bb]  PhaseOutput::Output()+0xb7b  (output.cpp:362)
V  [libjvm.so+0xa084c3]  Compile::Code_Gen()+0x483  (compile.cpp:2989)
V  [libjvm.so+0xa0d94e]  Compile::Compile(ciEnv*, ciMethod*, int, Options, DirectiveSet*)+0x1c5e  (compile.cpp:887)
V  [libjvm.so+0x85ff2b]  C2Compiler::compile_method(ciEnv*, ciMethod*, int, bool, DirectiveSet*)+0x13b  (c2compiler.cpp:119)
V  [libjvm.so+0xa1a020]  CompileBroker::invoke_compiler_on_method(CompileTask*)+0xa10  (compileBroker.cpp:2282)
V  [libjvm.so+0xa1adc8]  CompileBroker::compiler_thread_loop()+0x4f8  (compileBroker.cpp:1943)
V  [libjvm.so+0xeecd1e]  JavaThread::thread_main_inner()+0xee  (javaThread.cpp:720)
V  [libjvm.so+0x190469e]  Thread::call_run()+0xbe  (thread.cpp:220)
V  [libjvm.so+0x14ededa]  thread_native_entry(Thread*)+0x12a  (os_linux.cpp:786)
Registers:
RAX=0x00007fc33280f000, RBX=0x00007fc318777a90, RCX=0x00007fc331bdd6b6, RDX=0x00007fc331bde3d0
RSP=0x00007fc3187779f0, RBP=0x00007fc318777a80, RSI=0x00000000000000ed, RDI=0x00007fc331bb9a58
R8 =0x00007fc318777aa8, R9 =0x0000000000000464, R10=0x00007fc318778340, R11=0x0000000000000000
R12=0x00007fc318777f20, R13=0x000000000000000f, R14=0x00007fc318777a90, R15=0x0000000000000000
RIP=0x00007fc3306bc147, EFLAGS=0x0000000000010206, CSGSFS=0x002b000000000033, ERR=0x0000000000000006
  TRAPNO=0x000000000000000e


Register to memory mapping:

RAX=0x00007fc33280f000 in mmap'd memory region [0x00007fc33280f000 - 0x00007fc332810000], tag mtInternal
RBX=0x00007fc318777a90 is pointing into the stack for thread: 0x00007fc3282e7a60
RCX=0x00007fc331bdd6b6: <offset 0x0000000001bdd6b6> in /wf/tortugo-jdk/build/linux-x86_64-server-fastdebug/jdk/lib/server/libjvm.so at 0x00007fc330000000
RDX=0x00007fc331bde3d0: <offset 0x0000000001bde3d0> in /wf/tortugo-jdk/build/linux-x86_64-server-fastdebug/jdk/lib/server/libjvm.so at 0x00007fc330000000
RSP=0x00007fc3187779f0 is pointing into the stack for thread: 0x00007fc3282e7a60
RBP=0x00007fc318777a80 is pointing into the stack for thread: 0x00007fc3282e7a60
RSI=0x00000000000000ed is an unknown value
RDI=0x00007fc331bb9a58: <offset 0x0000000001bb9a58> in /wf/tortugo-jdk/build/linux-x86_64-server-fastdebug/jdk/lib/server/libjvm.so at 0x00007fc330000000
R8 =0x00007fc318777aa8 is pointing into the stack for thread: 0x00007fc3282e7a60
R9 =0x0000000000000464 is an unknown value
R10=0x00007fc318778340 is pointing into the stack for thread: 0x00007fc3282e7a60
R11=0x0 is null
R12=0x00007fc318777f20 is pointing into the stack for thread: 0x00007fc3282e7a60
R13=0x000000000000000f is an unknown value
R14=0x00007fc318777a90 is pointing into the stack for thread: 0x00007fc3282e7a60
R15=0x0 is null

Top of Stack: (sp=0x00007fc3187779f0)
0x00007fc3187779f0:   abababababababab abababababababab
0x00007fc318777a00:   abababababababab abababababababab
0x00007fc318777a10:   abababababababab abababababababab
0x00007fc318777a20:   abababababababab abababababababab
0x00007fc318777a30:   abababababababab abababababababab
0x00007fc318777a40:   abababababababab e9b4996da1eeb300
0x00007fc318777a50:   abababababababab 00007fc328450ff0
0x00007fc318777a60:   00007fc318777f20 000000000000000f
0x00007fc318777a70:   00007fc318777a90 0000000000000000
0x00007fc318777a80:   00007fc318777b00 00007fc33132f7c9
0x00007fc318777a90:   ffffffff0000000a ffffffffffffffff
0x00007fc318777aa0:   ababab000000003e 00007fc332090b20
0x00007fc318777ab0:   0000000000000000 00007fc200000000
0x00007fc318777ac0:   000000000000021c 00007fc3321eb784
0x00007fc318777ad0:   00007fc318777b40 e9b4996da1eeb300
0x00007fc318777ae0:   abababababababab 00007fc318777f20
0x00007fc318777af0:   00007fc332090b20 00007fc318777b10
0x00007fc318777b00:   00007fc318777b90 00007fc330838b63
0x00007fc318777b10:   ffffffff0000000a ffffffffffffffff
0x00007fc318777b20:   00007f000000003e 00007fc332090b20
0x00007fc318777b30:   0000000000000000 0000000000000000
0x00007fc318777b40:   00007fc318777be0 00007fc3315095b5
0x00007fc318777b50:   0000000000000000 e9b4996da1eeb300
0x00007fc318777b60:   0000000000000000 0000000000000002
0x00007fc318777b70:   0000000000000010 00007fc318777f20
0x00007fc318777b80:   0000000000000024 00007fc328450ff0
0x00007fc318777b90:   00007fc318777be0 00007fc330838325
0x00007fc318777ba0:   00007fc318778550 0000000000000981
0x00007fc318777bb0:   00007fc3320907f0 00007fc331d42790
0x00007fc318777bc0:   00007fc328404c40 00007fc328404220
0x00007fc318777bd0:   00007fc318778310 00007fc328404c40
0x00007fc318777be0:   00007fc318777ef0 00007fc331517839 

Instructions: (pc=0x00007fc3306bc147)
0x00007fc3306bc047:   4c 89 f6 48 89 50 08 8b 03 4c 89 ff 89 45 80 8b
0x00007fc3306bc057:   43 04 89 45 84 8b 43 08 89 45 88 48 8b 43 0c 48
0x00007fc3306bc067:   89 45 8c 0f b6 43 14 88 45 94 48 8b 43 18 ff 50
0x00007fc3306bc077:   10 48 8b b5 78 ff ff ff 44 89 ea 4c 89 e7 e8 16
0x00007fc3306bc087:   c4 fd ff 49 8b 7c 24 08 ba 89 00 00 00 0f be f0
0x00007fc3306bc097:   e8 a4 da f7 ff 8b 03 4c 89 f6 4c 89 ff 89 45 80
0x00007fc3306bc0a7:   8b 43 04 89 45 84 8b 43 08 89 45 88 48 8b 43 0c
0x00007fc3306bc0b7:   48 89 45 8c 0f b6 43 14 88 45 94 48 8b 43 18 ff
0x00007fc3306bc0c7:   50 10 48 83 ec 08 8b 55 80 44 8b 4d 90 41 56 44
0x00007fc3306bc0d7:   8b 45 8c 44 89 ee 4c 89 e7 8b 4d 84 e8 28 07 f8
0x00007fc3306bc0e7:   ff 49 8b 44 24 08 48 c7 40 08 00 00 00 00 58 5a
0x00007fc3306bc0f7:   48 8b 45 c8 64 48 2b 04 25 28 00 00 00 75 4b 48
0x00007fc3306bc107:   8d 65 d8 5b 41 5c 41 5d 41 5e 41 5f 5d c3 0f 1f
0x00007fc3306bc117:   00 48 83 78 08 00 0f 84 0d ff ff ff 48 8d 05 86
0x00007fc3306bc127:   4f ab 01 48 8d 0d 85 15 52 01 48 8d 15 98 22 52
0x00007fc3306bc137:   01 be ed 00 00 00 48 8d 3d 14 d9 4f 01 48 8b 00
0x00007fc3306bc147:   c6 00 58 31 c0 e8 7f 26 40 00 e8 fa 91 c3 ff 66
0x00007fc3306bc157:   2e 0f 1f 84 00 00 00 00 00 f3 0f 1e fa 55 48 89
0x00007fc3306bc167:   e5 41 57 41 56 41 89 d6 41 55 41 54 49 89 fc 53
0x00007fc3306bc177:   48 89 f3 48 83 ec 68 48 8d 0d ff f5 b2 01 64 48
0x00007fc3306bc187:   8b 04 25 28 00 00 00 48 89 45 c8 48 8b 47 08 8b
0x00007fc3306bc197:   39 85 ff 0f 8e 10 01 00 00 48 8b 50 10 4c 8d 4d
0x00007fc3306bc1a7:   80 4c 8d 7d 98 4c 8d 6b 18 4c 89 8d 78 ff ff ff
0x00007fc3306bc1b7:   4c 89 fe 48 89 50 08 8b 03 4c 89 ef 89 45 80 8b
0x00007fc3306bc1c7:   43 04 89 45 84 8b 43 08 89 45 88 48 8b 43 0c 48
0x00007fc3306bc1d7:   89 45 8c 0f b6 43 14 88 45 94 48 8b 43 18 ff 50
0x00007fc3306bc1e7:   10 48 8b b5 78 ff ff ff 4c 89 e7 e8 c9 c5 fd ff
0x00007fc3306bc1f7:   49 8b 7c 24 08 ba c7 00 00 00 0f be f0 e8 37 d9
0x00007fc3306bc207:   f7 ff 8b 03 4c 89 fe 4c 89 ef 89 45 80 8b 43 04
0x00007fc3306bc217:   89 45 84 8b 43 08 89 45 88 48 8b 43 0c 48 89 45
0x00007fc3306bc227:   8c 0f b6 43 14 88 45 94 48 8b 43 18 ff 50 10 6a
0x00007fc3306bc237:   04 44 8b 4d 90 31 f6 8b 4d 84 8b 55 80 41 57 4c 


Stack slot to memory mapping:

stack at sp + 0 slots: 0xabababababababab is an unknown value
stack at sp + 1 slots: 0xabababababababab is an unknown value
stack at sp + 2 slots: 0xabababababababab is an unknown value
stack at sp + 3 slots: 0xabababababababab is an unknown value
stack at sp + 4 slots: 0xabababababababab is an unknown value
stack at sp + 5 slots: 0xabababababababab is an unknown value
stack at sp + 6 slots: 0xabababababababab is an unknown value
stack at sp + 7 slots: 0xabababababababab is an unknown value

Lock stack of current Java thread (top to bottom):


---------------  P R O C E S S  ---------------

uid  : 1000 euid : 1000 gid  : 1000 egid : 1000

umask: 0002 (-------w-)

Threads class SMR info:
_java_thread_list=0x00007fc3285761e0, length=20, elements={
0x00007fc32802abd0, 0x00007fc3282d7260, 0x00007fc3282d8ab0, 0x00007fc3282daa20,
0x00007fc3282e4430, 0x00007fc3282e5c40, 0x00007fc3282e7a60, 0x00007fc3282e9410,
0x00007fc32833eaa0, 0x00007fc2dc09d760, 0x00007fc2d41895f0, 0x00007fc2dc214bb0,
0x00007fc2dc254fe0, 0x00007fc2dc2c0e20, 0x00007fc2c405f8b0, 0x00007fc2c4060c00,
0x00007fc2c41a4620, 0x00007fc2c41a5c20, 0x00007fc2c41a70d0, 0x00007fc328576460
}
_java_thread_list_alloc_cnt=21, _java_thread_list_free_cnt=19, _java_thread_list_max=20, _nested_thread_list_max=0
_tlh_cnt=80, _tlh_times=14, avg_tlh_time=0.17, _tlh_time_max=3
_delete_lock_wait_cnt=0, _delete_lock_wait_max=0
_to_delete_list_cnt=0, _to_delete_list_max=1

Java Threads: ( => current thread )
  0x00007fc32802abd0 JavaThread "main"                              [_thread_in_vm, id=451674, stack(0x00007fc332300000,0x00007fc332400000) (1024K)]
  0x00007fc3282d7260 JavaThread "Reference Handler"          daemon [_thread_blocked, id=451682, stack(0x00007fc318b7c000,0x00007fc318c7c000) (1024K)]
  0x00007fc3282d8ab0 JavaThread "Finalizer"                  daemon [_thread_blocked, id=451683, stack(0x00007fc318a7c000,0x00007fc318b7c000) (1024K)]
  0x00007fc3282daa20 JavaThread "Signal Dispatcher"          daemon [_thread_blocked, id=451684, stack(0x00007fc31897c000,0x00007fc318a7c000) (1024K)]
  0x00007fc3282e4430 JavaThread "Service Thread"             daemon [_thread_blocked, id=451685, stack(0x00007fc31887c000,0x00007fc31897c000) (1024K)]
  0x00007fc3282e5c40 JavaThread "Monitor Deflation Thread"   daemon [_thread_blocked, id=451686, stack(0x00007fc31877c000,0x00007fc31887c000) (1024K)]
=>0x00007fc3282e7a60 JavaThread "C2 CompilerThread0"         daemon [_thread_in_native, id=451687, stack(0x00007fc31867c000,0x00007fc31877c000) (1024K)]
  0x00007fc3282e9410 JavaThread "C1 CompilerThread0"         daemon [_thread_blocked, id=451688, stack(0x00007fc31857c000,0x00007fc31867c000) (1024K)]
  0x00007fc32833eaa0 JavaThread "Common-Cleaner"             daemon [_thread_blocked, id=451689, stack(0x00007fc3183ac000,0x00007fc3184ac000) (1024K)]
  0x00007fc2dc09d760 JavaThread "C1 CompilerThread1"         daemon [_thread_blocked, id=451690, stack(0x00007fc3182ac000,0x00007fc3183ac000) (1024K)]
  0x00007fc2d41895f0 JavaThread "C1 CompilerThread2"         daemon [_thread_blocked, id=451691, stack(0x00007fc3181ac000,0x00007fc3182ac000) (1024K)]
  0x00007fc2dc214bb0 JavaThread "C2 CompilerThread1"         daemon [_thread_in_native, id=451692, stack(0x00007fc3180ac000,0x00007fc3181ac000) (1024K)]
  0x00007fc2dc254fe0 JavaThread "C1 CompilerThread3"         daemon [_thread_blocked, id=451693, stack(0x00007fc309d31000,0x00007fc309e31000) (1024K)]
  0x00007fc2dc2c0e20 JavaThread "C2 CompilerThread2"         daemon [_thread_in_native, id=451694, stack(0x00007fc3098d1000,0x00007fc3099d1000) (1024K)]
  0x00007fc2c405f8b0 JavaThread "C2 CompilerThread3"         daemon [_thread_in_native, id=451695, stack(0x00007fc3097d1000,0x00007fc3098d1000) (1024K)]
  0x00007fc2c4060c00 JavaThread "C2 CompilerThread4"         daemon [_thread_in_native, id=451696, stack(0x00007fc3096d1000,0x00007fc3097d1000) (1024K)]
  0x00007fc2c41a4620 JavaThread "C2 CompilerThread5"         daemon [_thread_in_native, id=451697, stack(0x00007fc3095d1000,0x00007fc3096d1000) (1024K)]
  0x00007fc2c41a5c20 JavaThread "C2 CompilerThread6"         daemon [_thread_in_native, id=451698, stack(0x00007fc3094d1000,0x00007fc3095d1000) (1024K)]
  0x00007fc2c41a70d0 JavaThread "C2 CompilerThread7"         daemon [_thread_in_native, id=451699, stack(0x00007fc3093d1000,0x00007fc3094d1000) (1024K)]
  0x00007fc328576460 JavaThread "Notification Thread"        daemon [_thread_blocked, id=451730, stack(0x00007fc3091d0000,0x00007fc3092d0000) (1024K)]
Total: 20

Other Threads:
  0x00007fc32825bc90 VMThread "VM Thread"                           [id=451681, stack(0x00007fc318c7d000,0x00007fc318d7d000) (1024K)]
  0x00007fc3281158c0 WatcherThread "VM Periodic Task Thread"        [id=451680, stack(0x00007fc318d7e000,0x00007fc318e7e000) (1024K)]
  0x00007fc32807d7f0 WorkerThread "GC Thread#0"                     [id=451675, stack(0x00007fc32d0e1000,0x00007fc32d1e1000) (1024K)]
  0x00007fc2f000a200 WorkerThread "GC Thread#1"                     [id=451700, stack(0x00007fc3092d1000,0x00007fc3093d1000) (1024K)]
  0x00007fc32808ba20 ConcurrentGCThread "G1 Main Marker"            [id=451676, stack(0x00007fc32cfe0000,0x00007fc32d0e0000) (1024K)]
  0x00007fc32808cc50 WorkerThread "G1 Conc#0"                       [id=451677, stack(0x00007fc32cedf000,0x00007fc32cfdf000) (1024K)]
  0x00007fc328100230 ConcurrentGCThread "G1 Refine#0"               [id=451678, stack(0x00007fc32c0d1000,0x00007fc32c1d1000) (1024K)]
  0x00007fc328101470 ConcurrentGCThread "G1 Service"                [id=451679, stack(0x00007fc318f00000,0x00007fc319000000) (1024K)]
Total: 8

Threads with active compile tasks:
C2 CompilerThread0     2107  162   !   4       sun.nio.fs.UnixPath::initOffsets (189 bytes)
C2 CompilerThread1     2107  246       4       sun.nio.fs.UnixPath::getName (106 bytes)
C2 CompilerThread2     2107  374       4       java.util.Arrays::copyOfRange (82 bytes)
C2 CompilerThread3     2107  369       4       sun.nio.fs.UnixPath::hasDotOrDotDot (69 bytes)
C2 CompilerThread4     2107  366       4       java.lang.StringLatin1::replace (198 bytes)
C2 CompilerThread5     2107  414       4       sun.nio.fs.UnixPath::relativize (408 bytes)
C2 CompilerThread6     2107  378       4       java.lang.StringLatin1::newString (24 bytes)
C2 CompilerThread7     2107  546   !   4       sun.nio.fs.UnixDirectoryStream$UnixDirectoryIterator::readNextEntry (185 bytes)
Total: 8

VM state: not at safepoint (normal execution)

VM Mutex/Monitor currently owned by a thread:  ([mutex/lock_event])
[0x00007fc332216090] AdapterHandlerLibrary_lock - owner thread: 0x0000000000000000

Heap address: 0x000000009c000000, size: 1600 MB, Compressed Oops mode: 32-bit

CDS archive(s) not mapped
Compressed class space mapped at: 0x0000000046000000-0x0000000086000000, reserved size: 1073741824
Narrow klass base: 0x0000000000000000, Narrow klass shift: 0, Narrow klass range: 0x86000000

GC Precious Log:
 CardTable entry size: 512
 Card Set container configuration: InlinePtr #cards 5 size 8 Array Of Cards #cards 12 size 40 Howl #buckets 4 coarsen threshold 1843 Howl Bitmap #cards 512 size 80 coarsen threshold 460 Card regions per heap region 1 cards per card region 2048
 CPUs: 16 total, 16 available
 Memory: 64222M
 Large Page Support: Disabled
 NUMA Support: Disabled
 Compressed Oops: Enabled (32-bit)
 Heap Region Size: 1M
 Heap Min Capacity: 64M
 Heap Initial Capacity: 64M
 Heap Max Capacity: 1600M
 Pre-touch: Disabled
 Parallel Workers: 13
 Concurrent Workers: 3
 Concurrent Refinement Workers: 13
 Periodic GC: Disabled

Heap:
 garbage-first heap   total reserved 1638400K, committed 80896K, used 22607K [0x000000009c000000, 0x0000000100000000)
  region size 1024K, 24 young (24576K), 2 survivors (2048K)
 Metaspace       used 7854K, committed 8064K, reserved 1114112K
  class space    used 629K, committed 704K, reserved 1048576K

Heap Regions: E=young(eden), S=young(survivor), O=old, HS=humongous(starts), HC=humongous(continues), CS=collection set, F=free, TAMS=top-at-mark-start, PB=parsable bottom
|   0|0x000000009c000000, 0x000000009c000000, 0x000000009c100000|  0%| F|  |TAMS 0x000000009c000000| PB 0x000000009c000000| Untracked 
|   1|0x000000009c100000, 0x000000009c100000, 0x000000009c200000|  0%| F|  |TAMS 0x000000009c100000| PB 0x000000009c100000| Untracked 
|   2|0x000000009c200000, 0x000000009c200000, 0x000000009c300000|  0%| F|  |TAMS 0x000000009c200000| PB 0x000000009c200000| Untracked 
|   3|0x000000009c300000, 0x000000009c300000, 0x000000009c400000|  0%| F|  |TAMS 0x000000009c300000| PB 0x000000009c300000| Untracked 
|   4|0x000000009c400000, 0x000000009c400000, 0x000000009c500000|  0%| F|  |TAMS 0x000000009c400000| PB 0x000000009c400000| Untracked 
|   5|0x000000009c500000, 0x000000009c500000, 0x000000009c600000|  0%| F|  |TAMS 0x000000009c500000| PB 0x000000009c500000| Untracked 
|   6|0x000000009c600000, 0x000000009c600000, 0x000000009c700000|  0%| F|  |TAMS 0x000000009c600000| PB 0x000000009c600000| Untracked 
|   7|0x000000009c700000, 0x000000009c700000, 0x000000009c800000|  0%| F|  |TAMS 0x000000009c700000| PB 0x000000009c700000| Untracked 
|   8|0x000000009c800000, 0x000000009c800000, 0x000000009c900000|  0%| F|  |TAMS 0x000000009c800000| PB 0x000000009c800000| Untracked 
|   9|0x000000009c900000, 0x000000009c900000, 0x000000009ca00000|  0%| F|  |TAMS 0x000000009c900000| PB 0x000000009c900000| Untracked 
|  10|0x000000009ca00000, 0x000000009ca00000, 0x000000009cb00000|  0%| F|  |TAMS 0x000000009ca00000| PB 0x000000009ca00000| Untracked 
|  11|0x000000009cb00000, 0x000000009cb00000, 0x000000009cc00000|  0%| F|  |TAMS 0x000000009cb00000| PB 0x000000009cb00000| Untracked 
|  12|0x000000009cc00000, 0x000000009cc00000, 0x000000009cd00000|  0%| F|  |TAMS 0x000000009cc00000| PB 0x000000009cc00000| Untracked 
|  13|0x000000009cd00000, 0x000000009cd00000, 0x000000009ce00000|  0%| F|  |TAMS 0x000000009cd00000| PB 0x000000009cd00000| Untracked 
|  14|0x000000009ce00000, 0x000000009ce00000, 0x000000009cf00000|  0%| F|  |TAMS 0x000000009ce00000| PB 0x000000009ce00000| Untracked 
|  15|0x000000009cf00000, 0x000000009cf00000, 0x000000009d000000|  0%| F|  |TAMS 0x000000009cf00000| PB 0x000000009cf00000| Untracked 
|  16|0x000000009d000000, 0x000000009d000000, 0x000000009d100000|  0%| F|  |TAMS 0x000000009d000000| PB 0x000000009d000000| Untracked 
|  17|0x000000009d100000, 0x000000009d100000, 0x000000009d200000|  0%| F|  |TAMS 0x000000009d100000| PB 0x000000009d100000| Untracked 
|  18|0x000000009d200000, 0x000000009d200000, 0x000000009d300000|  0%| F|  |TAMS 0x000000009d200000| PB 0x000000009d200000| Untracked 
|  19|0x000000009d300000, 0x000000009d300000, 0x000000009d400000|  0%| F|  |TAMS 0x000000009d300000| PB 0x000000009d300000| Untracked 
|  20|0x000000009d400000, 0x000000009d400000, 0x000000009d500000|  0%| F|  |TAMS 0x000000009d400000| PB 0x000000009d400000| Untracked 
|  21|0x000000009d500000, 0x000000009d500000, 0x000000009d600000|  0%| F|  |TAMS 0x000000009d500000| PB 0x000000009d500000| Untracked 
|  22|0x000000009d600000, 0x000000009d600000, 0x000000009d700000|  0%| F|  |TAMS 0x000000009d600000| PB 0x000000009d600000| Untracked 
|  23|0x000000009d700000, 0x000000009d700000, 0x000000009d800000|  0%| F|  |TAMS 0x000000009d700000| PB 0x000000009d700000| Untracked 
|  24|0x000000009d800000, 0x000000009d813fa8, 0x000000009d900000|  7%| S|CS|TAMS 0x000000009d800000| PB 0x000000009d800000| Complete 
|  25|0x000000009d900000, 0x000000009da00000, 0x000000009da00000|100%| S|CS|TAMS 0x000000009d900000| PB 0x000000009d900000| Complete 
|  26|0x000000009da00000, 0x000000009da00000, 0x000000009db00000|  0%| F|  |TAMS 0x000000009da00000| PB 0x000000009da00000| Untracked 
|  27|0x000000009db00000, 0x000000009db00000, 0x000000009dc00000|  0%| F|  |TAMS 0x000000009db00000| PB 0x000000009db00000| Untracked 
|  28|0x000000009dc00000, 0x000000009dc00000, 0x000000009dd00000|  0%| F|  |TAMS 0x000000009dc00000| PB 0x000000009dc00000| Untracked 
|  29|0x000000009dd00000, 0x000000009dd00000, 0x000000009de00000|  0%| F|  |TAMS 0x000000009dd00000| PB 0x000000009dd00000| Untracked 
|  30|0x000000009de00000, 0x000000009de00000, 0x000000009df00000|  0%| F|  |TAMS 0x000000009de00000| PB 0x000000009de00000| Untracked 
|  31|0x000000009df00000, 0x000000009df00000, 0x000000009e000000|  0%| F|  |TAMS 0x000000009df00000| PB 0x000000009df00000| Untracked 
|  32|0x000000009e000000, 0x000000009e000000, 0x000000009e100000|  0%| F|  |TAMS 0x000000009e000000| PB 0x000000009e000000| Untracked 
|  33|0x000000009e100000, 0x000000009e100000, 0x000000009e200000|  0%| F|  |TAMS 0x000000009e100000| PB 0x000000009e100000| Untracked 
|  34|0x000000009e200000, 0x000000009e200000, 0x000000009e300000|  0%| F|  |TAMS 0x000000009e200000| PB 0x000000009e200000| Untracked 
|  35|0x000000009e300000, 0x000000009e300000, 0x000000009e400000|  0%| F|  |TAMS 0x000000009e300000| PB 0x000000009e300000| Untracked 
|  36|0x000000009e400000, 0x000000009e400000, 0x000000009e500000|  0%| F|  |TAMS 0x000000009e400000| PB 0x000000009e400000| Untracked 
|  37|0x000000009e500000, 0x000000009e500000, 0x000000009e600000|  0%| F|  |TAMS 0x000000009e500000| PB 0x000000009e500000| Untracked 
|  38|0x000000009e600000, 0x000000009e600000, 0x000000009e700000|  0%| F|  |TAMS 0x000000009e600000| PB 0x000000009e600000| Untracked 
|  39|0x000000009e700000, 0x000000009e700000, 0x000000009e800000|  0%| F|  |TAMS 0x000000009e700000| PB 0x000000009e700000| Untracked 
|  40|0x000000009e800000, 0x000000009e800000, 0x000000009e900000|  0%| F|  |TAMS 0x000000009e800000| PB 0x000000009e800000| Untracked 
|  41|0x000000009e900000, 0x000000009e900000, 0x000000009ea00000|  0%| F|  |TAMS 0x000000009e900000| PB 0x000000009e900000| Untracked 
|  42|0x000000009ea00000, 0x000000009ea00000, 0x000000009eb00000|  0%| F|  |TAMS 0x000000009ea00000| PB 0x000000009ea00000| Untracked 
|  43|0x000000009eb00000, 0x000000009eb00000, 0x000000009ec00000|  0%| F|  |TAMS 0x000000009eb00000| PB 0x000000009eb00000| Untracked 
|  44|0x000000009ec00000, 0x000000009ec00000, 0x000000009ed00000|  0%| F|  |TAMS 0x000000009ec00000| PB 0x000000009ec00000| Untracked 
|  45|0x000000009ed00000, 0x000000009ed00000, 0x000000009ee00000|  0%| F|  |TAMS 0x000000009ed00000| PB 0x000000009ed00000| Untracked 
|  46|0x000000009ee00000, 0x000000009ee00000, 0x000000009ef00000|  0%| F|  |TAMS 0x000000009ee00000| PB 0x000000009ee00000| Untracked 
|  47|0x000000009ef00000, 0x000000009ef00000, 0x000000009f000000|  0%| F|  |TAMS 0x000000009ef00000| PB 0x000000009ef00000| Untracked 
|  48|0x000000009f000000, 0x000000009f000000, 0x000000009f100000|  0%| F|  |TAMS 0x000000009f000000| PB 0x000000009f000000| Untracked 
|  49|0x000000009f100000, 0x000000009f100000, 0x000000009f200000|  0%| F|  |TAMS 0x000000009f100000| PB 0x000000009f100000| Untracked 
|  50|0x000000009f200000, 0x000000009f200000, 0x000000009f300000|  0%| F|  |TAMS 0x000000009f200000| PB 0x000000009f200000| Untracked 
|  51|0x000000009f300000, 0x000000009f300000, 0x000000009f400000|  0%| F|  |TAMS 0x000000009f300000| PB 0x000000009f300000| Untracked 
|  52|0x000000009f400000, 0x000000009f400000, 0x000000009f500000|  0%| F|  |TAMS 0x000000009f400000| PB 0x000000009f400000| Untracked 
|  53|0x000000009f500000, 0x000000009f500000, 0x000000009f600000|  0%| F|  |TAMS 0x000000009f500000| PB 0x000000009f500000| Untracked 
|  54|0x000000009f600000, 0x000000009f600000, 0x000000009f700000|  0%| F|  |TAMS 0x000000009f600000| PB 0x000000009f600000| Untracked 
|  55|0x000000009f700000, 0x000000009f700000, 0x000000009f800000|  0%| F|  |TAMS 0x000000009f700000| PB 0x000000009f700000| Untracked 
|  56|0x000000009f800000, 0x000000009f800000, 0x000000009f900000|  0%| F|  |TAMS 0x000000009f800000| PB 0x000000009f800000| Untracked 
|  57|0x000000009f900000, 0x000000009f980800, 0x000000009fa00000| 50%| E|  |TAMS 0x000000009f900000| PB 0x000000009f900000| Complete 
|  58|0x000000009fa00000, 0x000000009fb00000, 0x000000009fb00000|100%| E|CS|TAMS 0x000000009fa00000| PB 0x000000009fa00000| Complete 
|  59|0x000000009fb00000, 0x000000009fc00000, 0x000000009fc00000|100%| E|CS|TAMS 0x000000009fb00000| PB 0x000000009fb00000| Complete 
|  60|0x000000009fc00000, 0x000000009fd00000, 0x000000009fd00000|100%| E|CS|TAMS 0x000000009fc00000| PB 0x000000009fc00000| Complete 
|  61|0x000000009fd00000, 0x000000009fe00000, 0x000000009fe00000|100%| E|CS|TAMS 0x000000009fd00000| PB 0x000000009fd00000| Complete 
|  62|0x000000009fe00000, 0x000000009ff00000, 0x000000009ff00000|100%| E|CS|TAMS 0x000000009fe00000| PB 0x000000009fe00000| Complete 
|  63|0x000000009ff00000, 0x00000000a0000000, 0x00000000a0000000|100%| E|CS|TAMS 0x000000009ff00000| PB 0x000000009ff00000| Complete 
|  64|0x00000000a0000000, 0x00000000a0100000, 0x00000000a0100000|100%| E|CS|TAMS 0x00000000a0000000| PB 0x00000000a0000000| Complete 
|  65|0x00000000a0100000, 0x00000000a0200000, 0x00000000a0200000|100%| E|CS|TAMS 0x00000000a0100000| PB 0x00000000a0100000| Complete 
|  66|0x00000000a0200000, 0x00000000a0300000, 0x00000000a0300000|100%| E|CS|TAMS 0x00000000a0200000| PB 0x00000000a0200000| Complete 
|  67|0x00000000a0300000, 0x00000000a0400000, 0x00000000a0400000|100%| E|CS|TAMS 0x00000000a0300000| PB 0x00000000a0300000| Complete 
|  68|0x00000000a0400000, 0x00000000a0500000, 0x00000000a0500000|100%| E|CS|TAMS 0x00000000a0400000| PB 0x00000000a0400000| Complete 
|  69|0x00000000a0500000, 0x00000000a0600000, 0x00000000a0600000|100%| E|CS|TAMS 0x00000000a0500000| PB 0x00000000a0500000| Complete 
|  70|0x00000000a0600000, 0x00000000a0700000, 0x00000000a0700000|100%| E|CS|TAMS 0x00000000a0600000| PB 0x00000000a0600000| Complete 
|  71|0x00000000a0700000, 0x00000000a0800000, 0x00000000a0800000|100%| E|CS|TAMS 0x00000000a0700000| PB 0x00000000a0700000| Complete 
|  72|0x00000000a0800000, 0x00000000a0900000, 0x00000000a0900000|100%| E|CS|TAMS 0x00000000a0800000| PB 0x00000000a0800000| Complete 
|  73|0x00000000a0900000, 0x00000000a0a00000, 0x00000000a0a00000|100%| E|CS|TAMS 0x00000000a0900000| PB 0x00000000a0900000| Complete 
|  74|0x00000000a0a00000, 0x00000000a0b00000, 0x00000000a0b00000|100%| E|CS|TAMS 0x00000000a0a00000| PB 0x00000000a0a00000| Complete 
|  75|0x00000000a0b00000, 0x00000000a0c00000, 0x00000000a0c00000|100%| E|CS|TAMS 0x00000000a0b00000| PB 0x00000000a0b00000| Complete 
|  76|0x00000000a0c00000, 0x00000000a0d00000, 0x00000000a0d00000|100%| E|CS|TAMS 0x00000000a0c00000| PB 0x00000000a0c00000| Complete 
|  77|0x00000000a0d00000, 0x00000000a0e00000, 0x00000000a0e00000|100%| E|CS|TAMS 0x00000000a0d00000| PB 0x00000000a0d00000| Complete 
|  78|0x00000000a0e00000, 0x00000000a0f00000, 0x00000000a0f00000|100%| E|CS|TAMS 0x00000000a0e00000| PB 0x00000000a0e00000| Complete 

Card table byte_map: [0x00007fc32eae1000,0x00007fc32ee01000] _byte_map_base: 0x00007fc32e601000

Marking Bits: (CMBitMap*) 0x00007fc32807e530
 Bits: [0x00007fc32d1e1000, 0x00007fc32eae1000)

Polling page: 0x00007fc3327d4000

Metaspace:

Usage:
  Non-class:      7.06 MB used.
      Class:    630.84 KB used.
       Both:      7.67 MB used.

Virtual space:
  Non-class space:       64.00 MB reserved,       7.19 MB ( 11%) committed,  1 nodes.
      Class space:        1.00 GB reserved,     704.00 KB ( <1%) committed,  1 nodes.
             Both:        1.06 GB reserved,       7.88 MB ( <1%) committed. 

Chunk freelists:
   Non-Class:  8.48 MB
       Class:  15.23 MB
        Both:  23.71 MB

MaxMetaspaceSize: unlimited
CompressedClassSpaceSize: 1.00 GB
Initial GC threshold: 21.00 MB
Current GC threshold: 21.00 MB
CDS: off
 - commit_granule_bytes: 65536.
 - commit_granule_words: 8192.
 - virtual_space_node_default_size: 8388608.
 - enlarge_chunks_in_place: 1.
 - use_allocation_guard: 0.


Internal statistics:

num_allocs: 51152.
num_deallocs: 42.
num_allocs_from_deallocated_blocks: 126.
num_chunks_retired: 14.
num_allocs_failed_limit: 0.
num_arena_births: 72.
num_arena_deaths: 0.
num_vsnodes_births: 2.
num_vsnodes_deaths: 0.
num_space_committed: 126.
num_space_uncommitted: 0.
num_chunks_returned_to_freelist: 0.
num_chunks_taken_from_freelist: 87.
num_chunk_merges: 0.
num_chunk_splits: 55.
num_chunks_enlarged: 66.
num_inconsistent_stats: 0.

CodeHeap 'non-profiled nmethods': size=119168Kb used=350Kb max_used=350Kb free=118817Kb
 bounds [0x00007fc320ba0000, 0x00007fc320e10000, 0x00007fc328000000]
CodeHeap 'profiled nmethods': size=119164Kb used=1449Kb max_used=1449Kb free=117714Kb
 bounds [0x00007fc319000000, 0x00007fc319270000, 0x00007fc32045f000]
CodeHeap 'non-nmethods': size=7428Kb used=3836Kb max_used=3836Kb free=3591Kb
 bounds [0x00007fc32045f000, 0x00007fc32082f000, 0x00007fc320ba0000]
 total_blobs=1547 nmethods=752 adapters=690
 compilation: enabled
              stopped_count=0, restarted_count=0
 full_count=0

Compilation events (20 events):
Event: 0.313 Thread 0x00007fc2d41895f0  256       3       java.util.HashMap::putVal (300 bytes)
Event: 0.313 Thread 0x00007fc3282e9410  249       3       jdk.internal.misc.Unsafe::copyMemory (33 bytes)
Event: 0.316 Thread 0x00007fc3282e9410 nmethod 249 0x00007fc319065c90 code [0x00007fc319065fe0, 0x00007fc319066d70]
Event: 0.316 Thread 0x00007fc3282e9410  258       3       java.util.stream.StreamSupport::stream (19 bytes)
Event: 0.317 Thread 0x00007fc3282e9410 nmethod 258 0x00007fc319067790 code [0x00007fc319067980, 0x00007fc319067db0]
Event: 0.317 Thread 0x00007fc3282e9410  250       3       jdk.internal.misc.Unsafe::putByte (8 bytes)
Event: 0.317 Thread 0x00007fc3282e9410 nmethod 250 0x00007fc319068090 code [0x00007fc319068240, 0x00007fc319068378]
Event: 0.317 Thread 0x00007fc3282e9410  252       3       sun.nio.fs.UnixFileAttributes::<init> (5 bytes)
Event: 0.317 Thread 0x00007fc3282e9410 nmethod 252 0x00007fc319068410 code [0x00007fc3190685c0, 0x00007fc319068748]
Event: 0.317 Thread 0x00007fc3282e9410  254       3       sun.nio.fs.UnixFileAttributes::isDirectory (19 bytes)
Event: 0.317 Thread 0x00007fc3282e9410 nmethod 254 0x00007fc319068810 code [0x00007fc3190689c0, 0x00007fc319068b50]
Event: 0.317 Thread 0x00007fc3282e9410  260       3       java.lang.invoke.VarHandleGuards::guard_LI_I (78 bytes)
Event: 0.318 Thread 0x00007fc2dc214bb0 nmethod 245 0x00007fc320bb3890 code [0x00007fc320bb3a80, 0x00007fc320bb3d58]
Event: 0.318 Thread 0x00007fc2dc214bb0  261       4       java.lang.String::checkIndex (10 bytes)
Event: 0.318 Thread 0x00007fc2d41895f0 nmethod 256 0x00007fc319068c90 code [0x00007fc319069100, 0x00007fc31906a2d8]
Event: 0.318 Thread 0x00007fc2d41895f0  259       3       java.util.AbstractCollection::<init> (5 bytes)
Event: 0.318 Thread 0x00007fc2d41895f0 nmethod 259 0x00007fc31906ad90 code [0x00007fc31906af40, 0x00007fc31906b0c8]
Event: 0.319 Thread 0x00007fc2d41895f0  266       3       java.util.concurrent.locks.ReentrantReadWriteLock$Sync::tryAcquireShared (177 bytes)
Event: 0.319 Thread 0x00007fc2dc214bb0 nmethod 261 0x00007fc320bb4210 code [0x00007fc320bb43c0, 0x00007fc320bb4488]
Event: 0.319 Thread 0x00007fc2dc214bb0  246       4       sun.nio.fs.UnixPath::getName (106 bytes)

GC Heap History (0 events):
No events

Dll operation events (4 events):
Event: 0.002 Loaded shared library /wf/tortugo-jdk/build/linux-x86_64-server-fastdebug/jdk/lib/libjava.so
Event: 0.101 Loaded shared library /wf/tortugo-jdk/build/linux-x86_64-server-fastdebug/jdk/lib/libjsvml.so
Event: 0.122 Loaded shared library /wf/tortugo-jdk/build/linux-x86_64-server-fastdebug/jdk/lib/libnio.so
Event: 0.184 Loaded shared library /wf/tortugo-jdk/build/linux-x86_64-server-fastdebug/jdk/lib/libnet.so

Deoptimization events (0 events):
No events

Classes loaded (20 events):
Event: 0.276 Loading class java/util/Collections$UnmodifiableCollection$1
Event: 0.276 Loading class java/util/Collections$UnmodifiableCollection$1 done
Event: 0.276 Loading class java/util/HashMap$Values
Event: 0.276 Loading class java/util/HashMap$Values done
Event: 0.276 Loading class java/util/HashMap$ValueIterator
Event: 0.276 Loading class java/util/HashMap$ValueIterator done
Event: 0.277 Loading class jdk/internal/module/ModuleInfo$Attributes
Event: 0.277 Loading class jdk/internal/module/ModuleInfo$Attributes done
Event: 0.277 Loading class jdk/internal/module/ModuleReferences
Event: 0.277 Loading class jdk/internal/module/ModuleReferences done
Event: 0.277 Loading class java/lang/module/ModuleReader
Event: 0.277 Loading class java/lang/module/ModuleReader done
Event: 0.278 Loading class sun/nio/fs/UnixUriUtils
Event: 0.278 Loading class sun/nio/fs/UnixUriUtils done
Event: 0.279 Loading class java/net/URI$Parser
Event: 0.279 Loading class java/net/URI$Parser done
Event: 0.279 Loading class jdk/internal/module/ModuleReferenceImpl
Event: 0.280 Loading class java/lang/module/ModuleReference
Event: 0.280 Loading class java/lang/module/ModuleReference done
Event: 0.280 Loading class jdk/internal/module/ModuleReferenceImpl done

Classes unloaded (0 events):
No events

Classes redefined (0 events):
No events

Internal exceptions (20 events):
Event: 0.166 Thread 0x00007fc32802abd0 Exception <a 'java/lang/NoSuchMethodError'{0x000000009ff4e2b8}: 'java.lang.Object java.lang.invoke.Invokers$Holder.invokeExact_MT(java.lang.Object, java.lang.Object, java.lang.Object, java.lang.Object, java.lang.Object, java.lang.Object, java.lang.Object, java.lang.Object)'> (0x000000009ff4e2b8) 
thrown [/wf/tortugo-jdk/src/hotspot/share/interpreter/linkResolver.cpp, line 773]
Event: 0.172 Thread 0x00007fc32802abd0 Exception <a 'java/lang/NoSuchMethodError'{0x000000009ff57828}: 'java.lang.Object java.lang.invoke.DirectMethodHandle$Holder.newInvokeSpecial(java.lang.Object, java.lang.Object, java.lang.Object)'> (0x000000009ff57828) 
thrown [/wf/tortugo-jdk/src/hotspot/share/interpreter/linkResolver.cpp, line 773]
Event: 0.175 Thread 0x00007fc32802abd0 Exception <a 'java/lang/NoSuchMethodError'{0x000000009ff5e960}: 'java.lang.Object java.lang.invoke.Invokers$Holder.linkToTargetMethod(java.lang.Object, java.lang.Object, java.lang.Object)'> (0x000000009ff5e960) 
thrown [/wf/tortugo-jdk/src/hotspot/share/interpreter/linkResolver.cpp, line 773]
Event: 0.187 Thread 0x00007fc32802abd0 Exception <a 'java/lang/NoSuchMethodError'{0x000000009ff658b8}: 'java.lang.Object java.lang.invoke.DirectMethodHandle$Holder.invokeSpecial(java.lang.Object, java.lang.Object, java.lang.Object)'> (0x000000009ff658b8) 
thrown [/wf/tortugo-jdk/src/hotspot/share/interpreter/linkResolver.cpp, line 773]
Event: 0.210 Thread 0x00007fc32802abd0 Exception <a 'java/lang/NoSuchMethodError'{0x000000009fef4ae8}: 'java.lang.Object java.lang.invoke.DirectMethodHandle$Holder.newInvokeSpecial(java.lang.Object, java.lang.Object)'> (0x000000009fef4ae8) 
thrown [/wf/tortugo-jdk/src/hotspot/share/interpreter/linkResolver.cpp, line 773]
Event: 0.211 Thread 0x00007fc32802abd0 Exception <a 'java/lang/NoSuchMethodError'{0x000000009fef82c8}: 'java.lang.Object java.lang.invoke.Invokers$Holder.linkToTargetMethod(java.lang.Object, java.lang.Object)'> (0x000000009fef82c8) 
thrown [/wf/tortugo-jdk/src/hotspot/share/interpreter/linkResolver.cpp, line 773]
Event: 0.225 Thread 0x00007fc32802abd0 Exception <a 'java/lang/NoSuchMethodError'{0x000000009fd04c10}: 'java.lang.Object java.lang.invoke.DirectMethodHandle$Holder.invokeStatic(java.lang.Object)'> (0x000000009fd04c10) 
thrown [/wf/tortugo-jdk/src/hotspot/share/interpreter/linkResolver.cpp, line 773]
Event: 0.230 Thread 0x00007fc32802abd0 Exception <a 'java/lang/NoSuchMethodError'{0x000000009fd0aa48}: 'java.lang.Object java.lang.invoke.DirectMethodHandle$Holder.invokeStatic(java.lang.Object, java.lang.Object, java.lang.Object, java.lang.Object)'> (0x000000009fd0aa48) 
thrown [/wf/tortugo-jdk/src/hotspot/share/interpreter/linkResolver.cpp, line 773]
Event: 0.231 Thread 0x00007fc32802abd0 Exception <a 'java/lang/NoSuchMethodError'{0x000000009fd0e930}: 'java.lang.Object java.lang.invoke.DirectMethodHandle$Holder.getReference(java.lang.Object, java.lang.Object)'> (0x000000009fd0e930) 
thrown [/wf/tortugo-jdk/src/hotspot/share/interpreter/linkResolver.cpp, line 773]
Event: 0.234 Thread 0x00007fc32802abd0 Exception <a 'java/lang/NoSuchMethodError'{0x000000009fd12b90}: 'java.lang.Object java.lang.invoke.DirectMethodHandle$Holder.invokeSpecial(java.lang.Object, java.lang.Object)'> (0x000000009fd12b90) 
thrown [/wf/tortugo-jdk/src/hotspot/share/interpreter/linkResolver.cpp, line 773]
Event: 0.238 Thread 0x00007fc32802abd0 Exception <a 'java/lang/NoSuchMethodError'{0x000000009fd1be88}: 'java.lang.Object java.lang.invoke.Invokers$Holder.invokeExact_MT(java.lang.Object, java.lang.Object, java.lang.Object)'> (0x000000009fd1be88) 
thrown [/wf/tortugo-jdk/src/hotspot/share/interpreter/linkResolver.cpp, line 773]
Event: 0.239 Thread 0x00007fc32802abd0 Exception <a 'java/lang/NoSuchMethodError'{0x000000009fd20578}: 'void java.lang.invoke.DirectMethodHandle$Holder.invokeVirtual(java.lang.Object, java.lang.Object)'> (0x000000009fd20578) 
thrown [/wf/tortugo-jdk/src/hotspot/share/interpreter/linkResolver.cpp, line 773]
Event: 0.243 Thread 0x00007fc32802abd0 Exception <a 'java/lang/NoSuchMethodError'{0x000000009fd2c258}: 'java.lang.Object java.lang.invoke.DirectMethodHandle$Holder.invokeStatic(java.lang.Object, java.lang.Object)'> (0x000000009fd2c258) 
thrown [/wf/tortugo-jdk/src/hotspot/share/interpreter/linkResolver.cpp, line 773]
Event: 0.244 Thread 0x00007fc32802abd0 Exception <a 'java/lang/NoSuchMethodError'{0x000000009fd31748}: 'java.lang.Object java.lang.invoke.DirectMethodHandle$Holder.newInvokeSpecial(java.lang.Object)'> (0x000000009fd31748) 
thrown [/wf/tortugo-jdk/src/hotspot/share/interpreter/linkResolver.cpp, line 773]
Event: 0.244 Thread 0x00007fc32802abd0 Exception <a 'java/lang/NoSuchMethodError'{0x000000009fd34bb0}: 'java.lang.Object java.lang.invoke.Invokers$Holder.invokeExact_MT(java.lang.Object, java.lang.Object)'> (0x000000009fd34bb0) 
thrown [/wf/tortugo-jdk/src/hotspot/share/interpreter/linkResolver.cpp, line 773]
Event: 0.245 Thread 0x00007fc32802abd0 Exception <a 'java/lang/NoSuchMethodError'{0x000000009fd38218}: 'java.lang.Object java.lang.invoke.LambdaForm$Holder.identity_L(java.lang.Object, java.lang.Object)'> (0x000000009fd38218) 
thrown [/wf/tortugo-jdk/src/hotspot/share/interpreter/linkResolver.cpp, line 773]
Event: 0.246 Thread 0x00007fc32802abd0 Exception <a 'java/lang/NoSuchMethodError'{0x000000009fd3ab10}: 'java.lang.Object java.lang.invoke.LambdaForm$Holder.zero_L(java.lang.Object)'> (0x000000009fd3ab10) 
thrown [/wf/tortugo-jdk/src/hotspot/share/interpreter/linkResolver.cpp, line 773]
Event: 0.247 Thread 0x00007fc32802abd0 Exception <a 'java/lang/NoSuchMethodError'{0x000000009fd3fdf0}: 'java.lang.Object java.lang.invoke.Invokers$Holder.linkToTargetMethod(java.lang.Object)'> (0x000000009fd3fdf0) 
thrown [/wf/tortugo-jdk/src/hotspot/share/interpreter/linkResolver.cpp, line 773]
Event: 0.248 Thread 0x00007fc32802abd0 Exception <a 'java/lang/NoSuchMethodError'{0x000000009fd432c8}: 'java.lang.Object java.lang.invoke.DirectMethodHandle$Holder.invokeInterface(java.lang.Object, java.lang.Object, java.lang.Object)'> (0x000000009fd432c8) 
thrown [/wf/tortugo-jdk/src/hotspot/share/interpreter/linkResolver.cpp, line 773]
Event: 0.258 Thread 0x00007fc32802abd0 Exception <a 'java/lang/NoSuchMethodError'{0x000000009fd51948}: 'int java.lang.invoke.DirectMethodHandle$Holder.invokeInterface(java.lang.Object, java.lang.Object, java.lang.Object)'> (0x000000009fd51948) 
thrown [/wf/tortugo-jdk/src/hotspot/share/interpreter/linkResolver.cpp, line 773]

ZGC Phase Switch (0 events):
No events

VM Operations (0 events):
No events

Events (20 events):
Event: 0.097 Thread 0x00007fc3282d8ab0 Thread added: 0x00007fc3282d8ab0
Event: 0.097 Protecting memory [0x00007fc318a7c000,0x00007fc318a80000] with protection modes 0
Event: 0.099 Thread 0x00007fc3282daa20 Thread added: 0x00007fc3282daa20
Event: 0.099 Protecting memory [0x00007fc31897c000,0x00007fc318980000] with protection modes 0
Event: 0.099 Thread 0x00007fc3282e4430 Thread added: 0x00007fc3282e4430
Event: 0.099 Protecting memory [0x00007fc31887c000,0x00007fc318880000] with protection modes 0
Event: 0.099 Thread 0x00007fc3282e5c40 Thread added: 0x00007fc3282e5c40
Event: 0.099 Protecting memory [0x00007fc31877c000,0x00007fc318780000] with protection modes 0
Event: 0.099 Thread 0x00007fc3282e7a60 Thread added: 0x00007fc3282e7a60
Event: 0.099 Protecting memory [0x00007fc31867c000,0x00007fc318680000] with protection modes 0
Event: 0.099 Thread 0x00007fc3282e9410 Thread added: 0x00007fc3282e9410
Event: 0.099 Protecting memory [0x00007fc31857c000,0x00007fc318580000] with protection modes 0
Event: 0.130 Thread 0x00007fc32833eaa0 Thread added: 0x00007fc32833eaa0
Event: 0.130 Protecting memory [0x00007fc3183ac000,0x00007fc3183b0000] with protection modes 0
Event: 0.215 Thread 0x00007fc2dc09d760 Thread added: 0x00007fc2dc09d760
Event: 0.215 Protecting memory [0x00007fc3182ac000,0x00007fc3182b0000] with protection modes 0
Event: 0.285 Thread 0x00007fc2d41895f0 Thread added: 0x00007fc2d41895f0
Event: 0.285 Protecting memory [0x00007fc3181ac000,0x00007fc3181b0000] with protection modes 0
Event: 0.310 Thread 0x00007fc2dc214bb0 Thread added: 0x00007fc2dc214bb0
Event: 0.310 Protecting memory [0x00007fc3180ac000,0x00007fc3180b0000] with protection modes 0


Dynamic libraries:
46000000-46010000 rw-p 00000000 00:00 0 
46010000-46030000 rw-p 00000000 00:00 0 
46030000-46090000 rw-p 00000000 00:00 0 
46090000-460c0000 ---p 00000000 00:00 0 
460c0000-460e0000 rw-p 00000000 00:00 0 
460e0000-86000000 ---p 00000000 00:00 0 
9c000000-a0f00000 rw-p 00000000 00:00 0 
a0f00000-100000000 ---p 00000000 00:00 0 
55fa12d8b000-55fa12d8c000 r--p 00000000 fd:01 11957457                   /wf/tortugo-jdk/build/linux-x86_64-server-fastdebug/jdk/bin/java
55fa12d8c000-55fa12d8d000 r-xp 00001000 fd:01 11957457                   /wf/tortugo-jdk/build/linux-x86_64-server-fastdebug/jdk/bin/java
55fa12d8d000-55fa12d8e000 r--p 00002000 fd:01 11957457                   /wf/tortugo-jdk/build/linux-x86_64-server-fastdebug/jdk/bin/java
55fa12d8e000-55fa12d8f000 r--p 00002000 fd:01 11957457                   /wf/tortugo-jdk/build/linux-x86_64-server-fastdebug/jdk/bin/java
55fa12d8f000-55fa12d90000 rw-p 00003000 fd:01 11957457                   /wf/tortugo-jdk/build/linux-x86_64-server-fastdebug/jdk/bin/java
55fa13278000-55fa132bf000 rw-p 00000000 00:00 0                          [heap]
7fc2a0000000-7fc2a0021000 rw-p 00000000 00:00 0 
7fc2a0021000-7fc2a4000000 ---p 00000000 00:00 0 
7fc2a8000000-7fc2a8da8000 rw-p 00000000 00:00 0 
7fc2a8da8000-7fc2ac000000 ---p 00000000 00:00 0 
7fc2ac000000-7fc2ac021000 rw-p 00000000 00:00 0 
7fc2ac021000-7fc2b0000000 ---p 00000000 00:00 0 
7fc2b0000000-7fc2b1912000 rw-p 00000000 00:00 0 
7fc2b1912000-7fc2b4000000 ---p 00000000 00:00 0 
7fc2b4000000-7fc2b40e8000 rw-p 00000000 00:00 0 
7fc2b40e8000-7fc2b8000000 ---p 00000000 00:00 0 
7fc2b8000000-7fc2b8318000 rw-p 00000000 00:00 0 
7fc2b8318000-7fc2bc000000 ---p 00000000 00:00 0 
7fc2bc000000-7fc2bc1cf000 rw-p 00000000 00:00 0 
7fc2bc1cf000-7fc2c0000000 ---p 00000000 00:00 0 
7fc2c0000000-7fc2c022a000 rw-p 00000000 00:00 0 
7fc2c022a000-7fc2c4000000 ---p 00000000 00:00 0 
7fc2c4000000-7fc2c4258000 rw-p 00000000 00:00 0 
7fc2c4258000-7fc2c8000000 ---p 00000000 00:00 0 
7fc2c8000000-7fc2c82d1000 rw-p 00000000 00:00 0 
7fc2c82d1000-7fc2cc000000 ---p 00000000 00:00 0 
7fc2cc000000-7fc2cc0e4000 rw-p 00000000 00:00 0 
7fc2cc0e4000-7fc2d0000000 ---p 00000000 00:00 0 
7fc2d0000000-7fc2d0021000 rw-p 00000000 00:00 0 
7fc2d0021000-7fc2d4000000 ---p 00000000 00:00 0 
7fc2d4000000-7fc2d4510000 rw-p 00000000 00:00 0 
7fc2d4510000-7fc2d8000000 ---p 00000000 00:00 0 
7fc2d8000000-7fc2d81bc000 rw-p 00000000 00:00 0 
7fc2d81bc000-7fc2dc000000 ---p 00000000 00:00 0 
7fc2dc000000-7fc2dc5c0000 rw-p 00000000 00:00 0 
7fc2dc5c0000-7fc2e0000000 ---p 00000000 00:00 0 
7fc2e0000000-7fc2e0021000 rw-p 00000000 00:00 0 
7fc2e0021000-7fc2e4000000 ---p 00000000 00:00 0 
7fc2e4000000-7fc2e4021000 rw-p 00000000 00:00 0 
7fc2e4021000-7fc2e8000000 ---p 00000000 00:00 0 
7fc2e8000000-7fc2e8021000 rw-p 00000000 00:00 0 
7fc2e8021000-7fc2ec000000 ---p 00000000 00:00 0 
7fc2ec000000-7fc2ec021000 rw-p 00000000 00:00 0 
7fc2ec021000-7fc2f0000000 ---p 00000000 00:00 0 
7fc2f0000000-7fc2f0021000 rw-p 00000000 00:00 0 
7fc2f0021000-7fc2f4000000 ---p 00000000 00:00 0 
7fc2f4000000-7fc2f4021000 rw-p 00000000 00:00 0 
7fc2f4021000-7fc2f8000000 ---p 00000000 00:00 0 
7fc2f8000000-7fc2f84f0000 rw-p 00000000 00:00 0 
7fc2f84f0000-7fc2f8510000 rw-p 00000000 00:00 0 
7fc2f8510000-7fc2f8530000 rw-p 00000000 00:00 0 
7fc2f8530000-7fc2f8570000 rw-p 00000000 00:00 0 
7fc2f8570000-7fc2f86f0000 rw-p 00000000 00:00 0 
7fc2f86f0000-7fc2f8710000 rw-p 00000000 00:00 0 
7fc2f8710000-7fc2f8780000 ---p 00000000 00:00 0 
7fc2f8780000-7fc2f87a0000 rw-p 00000000 00:00 0 
7fc2f87a0000-7fc2fc000000 ---p 00000000 00:00 0 
7fc2fc000000-7fc2fc021000 rw-p 00000000 00:00 0 
7fc2fc021000-7fc300000000 ---p 00000000 00:00 0 
7fc300000000-7fc300021000 rw-p 00000000 00:00 0 
7fc300021000-7fc304000000 ---p 00000000 00:00 0 
7fc304000000-7fc304021000 rw-p 00000000 00:00 0 
7fc304021000-7fc308000000 ---p 00000000 00:00 0 
7fc308c9a000-7fc3091d0000 rw-p 00000000 00:00 0 
7fc3091d0000-7fc3091d4000 ---p 00000000 00:00 0 
7fc3091d4000-7fc3092d0000 rw-p 00000000 00:00 0 
7fc3092d0000-7fc3092d1000 ---p 00000000 00:00 0 
7fc3092d1000-7fc3093d1000 rw-p 00000000 00:00 0 
7fc3093d1000-7fc3093d5000 ---p 00000000 00:00 0 
7fc3093d5000-7fc3094d1000 rw-p 00000000 00:00 0 
7fc3094d1000-7fc3094d5000 ---p 00000000 00:00 0 
7fc3094d5000-7fc3095d1000 rw-p 00000000 00:00 0 
7fc3095d1000-7fc3095d5000 ---p 00000000 00:00 0 
7fc3095d5000-7fc3096d1000 rw-p 00000000 00:00 0 
7fc3096d1000-7fc3096d5000 ---p 00000000 00:00 0 
7fc3096d5000-7fc3097d1000 rw-p 00000000 00:00 0 
7fc3097d1000-7fc3097d5000 ---p 00000000 00:00 0 
7fc3097d5000-7fc3098d1000 rw-p 00000000 00:00 0 
7fc3098d1000-7fc3098d5000 ---p 00000000 00:00 0 
7fc3098d5000-7fc309d31000 rw-p 00000000 00:00 0 
7fc309d31000-7fc309d35000 ---p 00000000 00:00 0 
7fc309d35000-7fc30c000000 rw-p 00000000 00:00 0 
7fc30c000000-7fc30c021000 rw-p 00000000 00:00 0 
7fc30c021000-7fc310000000 ---p 00000000 00:00 0 
7fc310000000-7fc310021000 rw-p 00000000 00:00 0 
7fc310021000-7fc314000000 ---p 00000000 00:00 0 
7fc314000000-7fc314021000 rw-p 00000000 00:00 0 
7fc314021000-7fc318000000 ---p 00000000 00:00 0 
7fc3180ac000-7fc3180b0000 ---p 00000000 00:00 0 
7fc3180b0000-7fc3181ac000 rw-p 00000000 00:00 0 
7fc3181ac000-7fc3181b0000 ---p 00000000 00:00 0 
7fc3181b0000-7fc3182ac000 rw-p 00000000 00:00 0 
7fc3182ac000-7fc3182b0000 ---p 00000000 00:00 0 
7fc3182b0000-7fc3183ac000 rw-p 00000000 00:00 0 
7fc3183ac000-7fc3183b0000 ---p 00000000 00:00 0 
7fc3183b0000-7fc3184ac000 rw-p 00000000 00:00 0 
7fc3184ac000-7fc3184b0000 r--p 00000000 fd:01 4236333                    /wf/tortugo-jdk/build/linux-x86_64-server-fastdebug/jdk/lib/libjsvml.so
7fc3184b0000-7fc3184f1000 r-xp 00004000 fd:01 4236333                    /wf/tortugo-jdk/build/linux-x86_64-server-fastdebug/jdk/lib/libjsvml.so
7fc3184f1000-7fc31857a000 r--p 00045000 fd:01 4236333                    /wf/tortugo-jdk/build/linux-x86_64-server-fastdebug/jdk/lib/libjsvml.so
7fc31857a000-7fc31857b000 r--p 000cd000 fd:01 4236333                    /wf/tortugo-jdk/build/linux-x86_64-server-fastdebug/jdk/lib/libjsvml.so
7fc31857b000-7fc31857c000 rw-p 000ce000 fd:01 4236333                    /wf/tortugo-jdk/build/linux-x86_64-server-fastdebug/jdk/lib/libjsvml.so
7fc31857c000-7fc318580000 ---p 00000000 00:00 0 
7fc318580000-7fc31867c000 rw-p 00000000 00:00 0 
7fc31867c000-7fc318680000 ---p 00000000 00:00 0 
7fc318680000-7fc31877c000 rw-p 00000000 00:00 0 
7fc31877c000-7fc318780000 ---p 00000000 00:00 0 
7fc318780000-7fc31887c000 rw-p 00000000 00:00 0 
7fc31887c000-7fc318880000 ---p 00000000 00:00 0 
7fc318880000-7fc31897c000 rw-p 00000000 00:00 0 
7fc31897c000-7fc318980000 ---p 00000000 00:00 0 
7fc318980000-7fc318a7c000 rw-p 00000000 00:00 0 
7fc318a7c000-7fc318a80000 ---p 00000000 00:00 0 
7fc318a80000-7fc318b7c000 rw-p 00000000 00:00 0 
7fc318b7c000-7fc318b80000 ---p 00000000 00:00 0 
7fc318b80000-7fc318c7c000 rw-p 00000000 00:00 0 
7fc318c7c000-7fc318c7d000 ---p 00000000 00:00 0 
7fc318c7d000-7fc318d7d000 rw-p 00000000 00:00 0 
7fc318d7d000-7fc318d7e000 ---p 00000000 00:00 0 
7fc318d7e000-7fc318eff000 rw-p 00000000 00:00 0 
7fc318eff000-7fc318f00000 ---p 00000000 00:00 0 
7fc318f00000-7fc319000000 rw-p 00000000 00:00 0 
7fc319000000-7fc319270000 rwxp 00000000 00:00 0 
7fc319270000-7fc32045f000 ---p 00000000 00:00 0 
7fc32045f000-7fc32082f000 rwxp 00000000 00:00 0 
7fc32082f000-7fc320ba0000 ---p 00000000 00:00 0 
7fc320ba0000-7fc320e10000 rwxp 00000000 00:00 0 
7fc320e10000-7fc328000000 ---p 00000000 00:00 0 
7fc328000000-7fc3285f4000 rw-p 00000000 00:00 0 
7fc3285f4000-7fc32c000000 ---p 00000000 00:00 0 
7fc32c034000-7fc32c0d0000 rw-p 00000000 00:00 0 
7fc32c0d0000-7fc32c0d1000 ---p 00000000 00:00 0 
7fc32c0d1000-7fc32cede000 rw-p 00000000 00:00 0 
7fc32cede000-7fc32cedf000 ---p 00000000 00:00 0 
7fc32cedf000-7fc32cfdf000 rw-p 00000000 00:00 0 
7fc32cfdf000-7fc32cfe0000 ---p 00000000 00:00 0 
7fc32cfe0000-7fc32d0e0000 rw-p 00000000 00:00 0 
7fc32d0e0000-7fc32d0e1000 ---p 00000000 00:00 0 
7fc32d0e1000-7fc32d31d000 rw-p 00000000 00:00 0 
7fc32d31d000-7fc32eae1000 ---p 00000000 00:00 0 
7fc32eae1000-7fc32eb09000 rw-p 00000000 00:00 0 
7fc32eb09000-7fc32ee01000 ---p 00000000 00:00 0 
7fc32ee01000-7fc32ee29000 rw-p 00000000 00:00 0 
7fc32ee29000-7fc32f121000 ---p 00000000 00:00 0 
7fc32f121000-7fc32fe33000 rw-p 00000000 00:00 0 
7fc32fe33000-7fc32ff17000 ---p 00000000 00:00 0 
7fc32ff17000-7fc32ff1c000 rw-p 00000000 00:00 0 
7fc32ff1c000-7fc330000000 ---p 00000000 00:00 0 
7fc330000000-7fc3302f5000 r--p 00000000 fd:01 8951928                    /wf/tortugo-jdk/build/linux-x86_64-server-fastdebug/jdk/lib/server/libjvm.so
7fc3302f5000-7fc331bb5000 r-xp 002f5000 fd:01 8951928                    /wf/tortugo-jdk/build/linux-x86_64-server-fastdebug/jdk/lib/server/libjvm.so
7fc331bb5000-7fc33207b000 r--p 01bb5000 fd:01 8951928                    /wf/tortugo-jdk/build/linux-x86_64-server-fastdebug/jdk/lib/server/libjvm.so
7fc33207b000-7fc33207c000 ---p 0207b000 fd:01 8951928                    /wf/tortugo-jdk/build/linux-x86_64-server-fastdebug/jdk/lib/server/libjvm.so
7fc33207c000-7fc33216c000 r--p 0207b000 fd:01 8951928                    /wf/tortugo-jdk/build/linux-x86_64-server-fastdebug/jdk/lib/server/libjvm.so
7fc33216c000-7fc33219e000 rw-p 0216b000 fd:01 8951928                    /wf/tortugo-jdk/build/linux-x86_64-server-fastdebug/jdk/lib/server/libjvm.so
7fc33219e000-7fc33224b000 rw-p 00000000 00:00 0 
7fc332266000-7fc332300000 rw-p 00000000 00:00 0 
7fc332300000-7fc332304000 ---p 00000000 00:00 0 
7fc332304000-7fc332400000 rw-p 00000000 00:00 0 
7fc332400000-7fc332428000 r--p 00000000 fd:01 24537309                   /usr/lib/x86_64-linux-gnu/libc.so.6
7fc332428000-7fc3325bd000 r-xp 00028000 fd:01 24537309                   /usr/lib/x86_64-linux-gnu/libc.so.6
7fc3325bd000-7fc332615000 r--p 001bd000 fd:01 24537309                   /usr/lib/x86_64-linux-gnu/libc.so.6
7fc332615000-7fc332619000 r--p 00214000 fd:01 24537309                   /usr/lib/x86_64-linux-gnu/libc.so.6
7fc332619000-7fc33261b000 rw-p 00218000 fd:01 24537309                   /usr/lib/x86_64-linux-gnu/libc.so.6
7fc33261b000-7fc332628000 rw-p 00000000 00:00 0 
7fc33263b000-7fc33263e000 r--p 00000000 fd:01 4236294                    /wf/tortugo-jdk/build/linux-x86_64-server-fastdebug/jdk/lib/libnet.so
7fc33263e000-7fc332646000 r-xp 00003000 fd:01 4236294                    /wf/tortugo-jdk/build/linux-x86_64-server-fastdebug/jdk/lib/libnet.so
7fc332646000-7fc332648000 r--p 0000b000 fd:01 4236294                    /wf/tortugo-jdk/build/linux-x86_64-server-fastdebug/jdk/lib/libnet.so
7fc332648000-7fc332649000 r--p 0000c000 fd:01 4236294                    /wf/tortugo-jdk/build/linux-x86_64-server-fastdebug/jdk/lib/libnet.so
7fc332649000-7fc33264a000 rw-p 0000d000 fd:01 4236294                    /wf/tortugo-jdk/build/linux-x86_64-server-fastdebug/jdk/lib/libnet.so
7fc33264a000-7fc332650000 r--p 00000000 fd:01 4236301                    /wf/tortugo-jdk/build/linux-x86_64-server-fastdebug/jdk/lib/libnio.so
7fc332650000-7fc332659000 r-xp 00006000 fd:01 4236301                    /wf/tortugo-jdk/build/linux-x86_64-server-fastdebug/jdk/lib/libnio.so
7fc332659000-7fc33265d000 r--p 0000f000 fd:01 4236301                    /wf/tortugo-jdk/build/linux-x86_64-server-fastdebug/jdk/lib/libnio.so
7fc33265d000-7fc33265e000 r--p 00012000 fd:01 4236301                    /wf/tortugo-jdk/build/linux-x86_64-server-fastdebug/jdk/lib/libnio.so
7fc33265e000-7fc33265f000 rw-p 00013000 fd:01 4236301                    /wf/tortugo-jdk/build/linux-x86_64-server-fastdebug/jdk/lib/libnio.so
7fc33265f000-7fc33266b000 r--p 00000000 fd:01 4236285                    /wf/tortugo-jdk/build/linux-x86_64-server-fastdebug/jdk/lib/libjava.so
7fc33266b000-7fc33267a000 r-xp 0000c000 fd:01 4236285                    /wf/tortugo-jdk/build/linux-x86_64-server-fastdebug/jdk/lib/libjava.so
7fc33267a000-7fc332680000 r--p 0001b000 fd:01 4236285                    /wf/tortugo-jdk/build/linux-x86_64-server-fastdebug/jdk/lib/libjava.so
7fc332680000-7fc332681000 r--p 00020000 fd:01 4236285                    /wf/tortugo-jdk/build/linux-x86_64-server-fastdebug/jdk/lib/libjava.so
7fc332681000-7fc332682000 rw-p 00021000 fd:01 4236285                    /wf/tortugo-jdk/build/linux-x86_64-server-fastdebug/jdk/lib/libjava.so
7fc332682000-7fc332683000 rw-p 00000000 00:00 0 
7fc332683000-7fc332687000 r--p 00000000 fd:01 4236297                    /wf/tortugo-jdk/build/linux-x86_64-server-fastdebug/jdk/lib/libjimage.so
7fc332687000-7fc33269b000 r-xp 00004000 fd:01 4236297                    /wf/tortugo-jdk/build/linux-x86_64-server-fastdebug/jdk/lib/libjimage.so
7fc33269b000-7fc3326a1000 r--p 00018000 fd:01 4236297                    /wf/tortugo-jdk/build/linux-x86_64-server-fastdebug/jdk/lib/libjimage.so
7fc3326a1000-7fc3326a2000 ---p 0001e000 fd:01 4236297                    /wf/tortugo-jdk/build/linux-x86_64-server-fastdebug/jdk/lib/libjimage.so
7fc3326a2000-7fc3326a4000 r--p 0001e000 fd:01 4236297                    /wf/tortugo-jdk/build/linux-x86_64-server-fastdebug/jdk/lib/libjimage.so
7fc3326a4000-7fc3326a5000 rw-p 00020000 fd:01 4236297                    /wf/tortugo-jdk/build/linux-x86_64-server-fastdebug/jdk/lib/libjimage.so
7fc3326a5000-7fc3326b3000 r--p 00000000 fd:01 24537960                   /usr/lib/x86_64-linux-gnu/libm.so.6
7fc3326b3000-7fc33272f000 r-xp 0000e000 fd:01 24537960                   /usr/lib/x86_64-linux-gnu/libm.so.6
7fc33272f000-7fc33278a000 r--p 0008a000 fd:01 24537960                   /usr/lib/x86_64-linux-gnu/libm.so.6
7fc33278a000-7fc33278b000 r--p 000e4000 fd:01 24537960                   /usr/lib/x86_64-linux-gnu/libm.so.6
7fc33278b000-7fc33278c000 rw-p 000e5000 fd:01 24537960                   /usr/lib/x86_64-linux-gnu/libm.so.6
7fc33278c000-7fc33278e000 rw-p 00000000 00:00 0 
7fc33278e000-7fc332790000 r--p 00000000 fd:01 4236277                    /wf/tortugo-jdk/build/linux-x86_64-server-fastdebug/jdk/lib/libjli.so
7fc332790000-7fc33279a000 r-xp 00002000 fd:01 4236277                    /wf/tortugo-jdk/build/linux-x86_64-server-fastdebug/jdk/lib/libjli.so
7fc33279a000-7fc33279d000 r--p 0000c000 fd:01 4236277                    /wf/tortugo-jdk/build/linux-x86_64-server-fastdebug/jdk/lib/libjli.so
7fc33279d000-7fc33279e000 ---p 0000f000 fd:01 4236277                    /wf/tortugo-jdk/build/linux-x86_64-server-fastdebug/jdk/lib/libjli.so
7fc33279e000-7fc33279f000 r--p 0000f000 fd:01 4236277                    /wf/tortugo-jdk/build/linux-x86_64-server-fastdebug/jdk/lib/libjli.so
7fc33279f000-7fc3327a0000 rw-p 00010000 fd:01 4236277                    /wf/tortugo-jdk/build/linux-x86_64-server-fastdebug/jdk/lib/libjli.so
7fc3327a0000-7fc3327a2000 r--p 00000000 fd:01 24538663                   /usr/lib/x86_64-linux-gnu/libz.so.1.2.11
7fc3327a2000-7fc3327b3000 r-xp 00002000 fd:01 24538663                   /usr/lib/x86_64-linux-gnu/libz.so.1.2.11
7fc3327b3000-7fc3327b9000 r--p 00013000 fd:01 24538663                   /usr/lib/x86_64-linux-gnu/libz.so.1.2.11
7fc3327b9000-7fc3327ba000 ---p 00019000 fd:01 24538663                   /usr/lib/x86_64-linux-gnu/libz.so.1.2.11
7fc3327ba000-7fc3327bb000 r--p 00019000 fd:01 24538663                   /usr/lib/x86_64-linux-gnu/libz.so.1.2.11
7fc3327bb000-7fc3327bc000 rw-p 0001a000 fd:01 24538663                   /usr/lib/x86_64-linux-gnu/libz.so.1.2.11
7fc3327bd000-7fc3327c5000 rw-p 00000000 00:00 0 
7fc3327c5000-7fc3327cc000 ---p 00000000 00:00 0 
7fc3327cc000-7fc3327d4000 rw-s 00000000 fd:01 28838245                   /tmp/hsperfdata_cesar/451669
7fc3327d4000-7fc3327d5000 ---p 00000000 00:00 0 
7fc3327d5000-7fc3327d6000 r--p 00000000 00:00 0 
7fc3327d6000-7fc3327d8000 rw-p 00000000 00:00 0 
7fc3327d8000-7fc3327da000 r--p 00000000 fd:01 24536967                   /usr/lib/x86_64-linux-gnu/ld-linux-x86-64.so.2
7fc3327da000-7fc332804000 r-xp 00002000 fd:01 24536967                   /usr/lib/x86_64-linux-gnu/ld-linux-x86-64.so.2
7fc332804000-7fc33280f000 r--p 0002c000 fd:01 24536967                   /usr/lib/x86_64-linux-gnu/ld-linux-x86-64.so.2
7fc33280f000-7fc332810000 rwxp 00000000 00:00 0 
7fc332810000-7fc332812000 r--p 00037000 fd:01 24536967                   /usr/lib/x86_64-linux-gnu/ld-linux-x86-64.so.2
7fc332812000-7fc332814000 rw-p 00039000 fd:01 24536967                   /usr/lib/x86_64-linux-gnu/ld-linux-x86-64.so.2
7ffdaea69000-7ffdaea8b000 rw-p 00000000 00:00 0                          [stack]
7ffdaeb38000-7ffdaeb3c000 r--p 00000000 00:00 0                          [vvar]
7ffdaeb3c000-7ffdaeb3e000 r-xp 00000000 00:00 0                          [vdso]
ffffffffff600000-ffffffffff601000 --xp 00000000 00:00 0                  [vsyscall]
Total number of mappings: 227


VM Arguments:
jvm_args: -Xms64M -Xmx1600M --add-exports=java.base/jdk.internal.module=ALL-UNNAMED 
java_command: build.tools.jigsaw.AddPackagesAttribute /wf/tortugo-jdk/build/linux-x86_64-server-fastdebug/jdk
java_class_path (initial): /wf/tortugo-jdk/build/linux-x86_64-server-fastdebug/buildtools/tools_jigsaw_classes
Launcher Type: SUN_STANDARD

[Global flags]
     intx CICompilerCount                          = 12                                        {product} {ergonomic}     Number of compiler threads to run
     uint ConcGCThreads                            = 3                                         {product} {ergonomic}     Number of threads concurrent gc will use
     uint G1ConcRefinementThreads                  = 13                                        {product} {ergonomic}     The number of parallel remembered set update threads. Will be set ergonomically by default.
   size_t G1HeapRegionSize                         = 1048576                                   {product} {ergonomic}     Size of the G1 regions.
   size_t InitialHeapSize                          = 67108864                                  {product} {command line}  Initial heap size (in bytes); zero means use ergonomics
   size_t MarkStackSize                            = 4194304                                   {product} {ergonomic}     Size of marking stack
   size_t MaxHeapSize                              = 1677721600                                {product} {command line}  Maximum heap size (in bytes)
   size_t MaxNewSize                               = 1006632960                                {product} {ergonomic}     Maximum new generation size (in bytes), max_uintx means set ergonomically
   size_t MinHeapDeltaBytes                        = 1048576                                   {product} {ergonomic}     The minimum change in heap space due to GC (in bytes)
   size_t MinHeapSize                              = 67108864                                  {product} {command line}  Minimum heap size (in bytes); zero means use ergonomics
    uintx NonNMethodCodeHeapSize                   = 7602480                                {pd product} {ergonomic}     Size of code heap with non-nmethods (in bytes)
    uintx NonProfiledCodeHeapSize                  = 122027880                              {pd product} {ergonomic}     Size of code heap with non-profiled methods (in bytes)
    uintx ProfiledCodeHeapSize                     = 122027880                              {pd product} {ergonomic}     Size of code heap with profiled methods (in bytes)
    uintx ReservedCodeCacheSize                    = 251658240                              {pd product} {ergonomic}     Reserved code cache size (in bytes) - maximum code cache size
     bool SegmentedCodeCache                       = true                                      {product} {ergonomic}     Use a segmented code cache
   size_t SoftMaxHeapSize                          = 1677721600                             {manageable} {ergonomic}     Soft limit for maximum heap size (in bytes)
     bool THPStackMitigation                       = false                                  {diagnostic} {ergonomic}     If THPs are unconditionally enabled on the system (mode "always"), the JVM will prevent THP from forming in thread stacks. When disabled, the absence of this mitigationallows THPs to form in thread stacks.
     bool UseCompressedOops                        = true                           {product lp64_product} {ergonomic}   Use 32-bit object references in 64-bit VM. lp64_product means flag is always constant in 32 bit VM
     bool UseG1GC                                  = true                                      {product} {ergonomic}     Use the Garbage-First garbage collector

Logging:
Log output configuration:
 #0: stdout all=warning uptime,level,tags foldmultilines=false
 #1: stderr all=off uptime,level,tags foldmultilines=false

Environment Variables:
CLASSPATH=
PATH=/usr/local/lib/nodejs/node-v18.17.0-linux-x64/bin:/usr/local/lib/nodejs/node-v18.17.0-linux-x64/bin:/home/cesar/.local/bin:/usr/local/sbin:/usr/local/bin:/usr/sbin:/usr/bin:/sbin:/bin:/usr/games:/usr/local/games:/snap/bin:/snap/bin
USERNAME=cesar
SHELL=/bin/bash
DISPLAY=:1
LANG=en_US.UTF-8
LC_ALL=C
LC_NUMERIC=en_CA.UTF-8
LC_TIME=en_CA.UTF-8
TERM=xterm-kitty

Active Locale:
LC_ALL=C
LC_COLLATE=C
LC_CTYPE=C
LC_MESSAGES=C
LC_MONETARY=C
LC_NUMERIC=C
LC_TIME=C

Signal Handlers:
   SIGSEGV: crash_handler in libjvm.so, mask=11100100010111111101111111111110, flags=SA_RESTART|SA_SIGINFO, unblocked
    SIGBUS: crash_handler in libjvm.so, mask=11100100010111111101111111111110, flags=SA_RESTART|SA_SIGINFO, unblocked
    SIGFPE: crash_handler in libjvm.so, mask=11100100010111111101111111111110, flags=SA_RESTART|SA_SIGINFO, unblocked
   SIGPIPE: javaSignalHandler in libjvm.so, mask=11100100010111111101111111111110, flags=SA_RESTART|SA_SIGINFO, unblocked
   SIGXFSZ: javaSignalHandler in libjvm.so, mask=11100100010111111101111111111110, flags=SA_RESTART|SA_SIGINFO, unblocked
    SIGILL: crash_handler in libjvm.so, mask=11100100010111111101111111111110, flags=SA_RESTART|SA_SIGINFO, unblocked
   SIGUSR2: SR_handler in libjvm.so, mask=00000000000000000000000000000000, flags=SA_RESTART|SA_SIGINFO, unblocked
    SIGHUP: UserHandler in libjvm.so, mask=11100100010111111101111111111110, flags=SA_RESTART|SA_SIGINFO, unblocked
    SIGINT: UserHandler in libjvm.so, mask=11100100010111111101111111111110, flags=SA_RESTART|SA_SIGINFO, unblocked
   SIGTERM: UserHandler in libjvm.so, mask=11100100010111111101111111111110, flags=SA_RESTART|SA_SIGINFO, unblocked
   SIGQUIT: UserHandler in libjvm.so, mask=11100100010111111101111111111110, flags=SA_RESTART|SA_SIGINFO, blocked
   SIGTRAP: crash_handler in libjvm.so, mask=11100100010111111101111111111110, flags=SA_RESTART|SA_SIGINFO, unblocked


Native Memory Tracking:

(Omitting categories weighting less than 1KB)

Total: reserved=3194158KB, committed=234046KB
       malloc: 99862KB #84960
       mmap:   reserved=3094296KB, committed=134184KB

-                 Java Heap (reserved=1638400KB, committed=80896KB)
                            (mmap: reserved=1638400KB, committed=80896KB, largest_committed=65536KB) 
 
-                     Class (reserved=148KB, committed=148KB)
                            (classes #1045)
                            (  instance classes #923, array classes #122)
                            (malloc=148KB #2855) (peak=148KB #2856) 
                            (  Metadata:   )
                            (    reserved=65536KB, committed=7360KB)
                            (    used=7242KB)
                            (    waste=118KB =1.60%)
                            (  Class space:)
                            (    reserved=1048576KB, committed=704KB)
                            (    used=638KB)
                            (    waste=66KB =9.40%)
 
-                    Thread (reserved=28871KB, committed=1443KB)
                            (threads #28)
                            (stack: reserved=28672KB, committed=1244KB, largest_committed=120KB)
                            (malloc=59KB #173) (peak=68KB #177) 
                            (arena=139KB #44) (peak=235KB #30)
 
-                      Code (reserved=248956KB, committed=10240KB)
                            (malloc=1272KB #37835) (peak=1272KB #37839) 
                            (mmap: reserved=247684KB, committed=8968KB, largest_committed=2496KB) 
                            (arena=0KB #0) (peak=1KB #1)
 
-                        GC (reserved=92774KB, committed=62358KB)
                            (malloc=27390KB #902) (peak=27391KB #900) 
                            (mmap: reserved=65384KB, committed=34968KB, largest_committed=32768KB) 
 
-                 GCCardSet (reserved=18KB, committed=18KB)
                            (malloc=18KB #240) (at peak) 
 
-                  Compiler (reserved=44575KB, committed=44575KB)
                            (malloc=39KB #175) (peak=50KB #171) 
                            (arena=44536KB #62) (peak=57032KB #64)
 
-                  Internal (reserved=12000KB, committed=12000KB)
                            (malloc=11964KB #34689) (peak=11964KB #34691) 
                            (mmap: reserved=36KB, committed=36KB, largest_committed=32KB) 
 
-                     Other (reserved=10KB, committed=10KB)
                            (malloc=10KB #2) (at peak) 
 
-                    Symbol (reserved=3190KB, committed=3190KB)
                            (malloc=912KB #2795) (at peak) 
                            (arena=2278KB #1) (at peak)
 
-    Native Memory Tracking (reserved=1336KB, committed=1336KB)
                            (malloc=8KB #82) (at peak) 
                            (tracking overhead=1328KB)
 
-               Arena Chunk (reserved=9337KB, committed=9337KB)
                            (malloc=9337KB #1719) (peak=59603KB #1666) 
 
-                    Module (reserved=199KB, committed=199KB)
                            (malloc=199KB #2079) (at peak) 
 
-                 Safepoint (reserved=8KB, committed=8KB)
                            (mmap: reserved=8KB, committed=8KB, largest_committed=8KB) 
 
-           Synchronization (reserved=164KB, committed=164KB)
                            (malloc=164KB #1229) (at peak) 
 
-            Serviceability (reserved=17KB, committed=17KB)
                            (malloc=17KB #9) (peak=17KB #13) 
 
-                 Metaspace (reserved=65549KB, committed=7373KB)
                            (malloc=13KB #10) (at peak) 
                            (mmap: reserved=65536KB, committed=7360KB, largest_committed=64KB) 
 
-      String Deduplication (reserved=1KB, committed=1KB)
                            (malloc=1KB #8) (at peak) 
 
-           Object Monitors (reserved=29KB, committed=29KB)
                            (malloc=29KB #143) (at peak) 
 
-                   Unknown (reserved=1048576KB, committed=704KB)
                            (mmap: reserved=1048576KB, committed=704KB, largest_committed=64KB) 
 
Preinit state:entries: 356 (primary: 356, empties: 7835), sum bytes: 14458, longest chain length: 1
pre-init mallocs: 391, pre-init reallocs: 2, pre-init frees: 35
MallocLimit: unset

Periodic native trim disabled

---------------  S Y S T E M  ---------------

OS:
DISTRIB_ID=Ubuntu
DISTRIB_RELEASE=22.04
DISTRIB_CODENAME=jammy
DISTRIB_DESCRIPTION="Ubuntu 22.04.3 LTS"
uname: Linux desktop 6.2.0-33-generic #33~22.04.1-Ubuntu SMP PREEMPT_DYNAMIC Thu Sep  7 10:33:52 UTC 2 x86_64
OS uptime: 2 days 21:54 hours
libc: glibc 2.35 NPTL 2.35 
rlimit (soft/hard): STACK 8192k/infinity , CORE 0k/infinity , NPROC 256033/256033 , NOFILE 1048576/1048576 , AS infinity/infinity , CPU infinity/infinity , DATA infinity/infinity , FSIZE infinity/infinity , MEMLOCK 8220428k/8220428k
load average: 15.36 18.51 12.51

/proc/meminfo:
MemTotal:       65763428 kB
MemFree:        13643768 kB
MemAvailable:   33303792 kB
Buffers:         2748884 kB
Cached:         16902668 kB
SwapCached:            0 kB
Active:          9824180 kB
Inactive:       40092548 kB
Active(anon):      13752 kB
Inactive(anon): 30736700 kB
Active(file):    9810428 kB
Inactive(file):  9355848 kB
Unevictable:        2064 kB
Mlocked:            2064 kB
SwapTotal:       1998844 kB
SwapFree:        1998844 kB
Zswap:                 0 kB
Zswapped:              0 kB
Dirty:            184040 kB
Writeback:             0 kB
AnonPages:      30267516 kB
Mapped:          1519028 kB
Shmem:            532844 kB
KReclaimable:    1216976 kB
Slab:            1612860 kB
SReclaimable:    1216976 kB
SUnreclaim:       395884 kB
KernelStack:       52896 kB
PageTables:       190404 kB
SecPageTables:         0 kB
NFS_Unstable:          0 kB
Bounce:                0 kB
WritebackTmp:          0 kB
CommitLimit:    34880556 kB
Committed_AS:   57449808 kB
VmallocTotal:   34359738367 kB
VmallocUsed:      149308 kB
VmallocChunk:          0 kB
Percpu:            21632 kB
HardwareCorrupted:     0 kB
AnonHugePages:         0 kB
ShmemHugePages:        0 kB
ShmemPmdMapped:        0 kB
FileHugePages:         0 kB
FilePmdMapped:         0 kB
HugePages_Total:       0
HugePages_Free:        0
HugePages_Rsvd:        0
HugePages_Surp:        0
Hugepagesize:       2048 kB
Hugetlb:               0 kB
DirectMap4k:     1747324 kB
DirectMap2M:    19150848 kB
DirectMap1G:    47185920 kB

/sys/kernel/mm/transparent_hugepage/enabled: always [madvise] never
/sys/kernel/mm/transparent_hugepage/defrag (defrag/compaction efforts parameter): always defer defer+madvise [madvise] never

Process Memory:
Virtual Size: 5008252K (peak: 5068452K)
Resident Set Size: 213868K (peak: 213868K) (anon: 186092K, file: 27776K, shmem: 0K)
Swapped out: 0K
C-Heap outstanding allocations: 101896K, retained: 11843K
glibc malloc tunables: (default)

/proc/sys/kernel/threads-max (system-wide limit on the number of threads): 512067
/proc/sys/vm/max_map_count (maximum number of memory map areas a process may have): 65530
/proc/sys/kernel/pid_max (system-wide limit on number of process identifiers): 4194304

container (cgroup) information:
container_type: cgroupv2
cpu_cpuset_cpus: not supported
cpu_memory_nodes: not supported
active_processor_count: 16
cpu_quota: not supported
cpu_period: not supported
cpu_shares: not supported
memory_limit_in_bytes: unlimited
memory_and_swap_limit_in_bytes: unlimited
memory_soft_limit_in_bytes: unlimited
memory_usage_in_bytes: 8720652 k
memory_max_usage_in_bytes: not supported
memory_swap_current_in_bytes: unlimited
memory_swap_max_limit_in_bytes: unlimited
maximum number of tasks: 76810
current number of tasks: 342

Steal ticks since vm start: 0
Steal ticks percentage since vm start:  0.000

CPU: total 16 (initial active 16) (16 cores per cpu, 2 threads per core) family 23 model 1 stepping 1 microcode 0x8001137, cx8, cmov, fxsr, ht, mmx, 3dnowpref, sse, sse2, sse3, ssse3, sse4a, sse4.1, sse4.2, popcnt, lzcnt, tsc, tscinvbit, avx, avx2, aes, clmul, bmi1, bmi2, adx, sha, fma, vzeroupper, clflush, clflushopt, rdtscp, f16c
CPU Model and flags from /proc/cpuinfo:
model name	: AMD Ryzen 7 1800X Eight-Core Processor
flags		: fpu vme de pse tsc msr pae mce cx8 apic sep mtrr pge mca cmov pat pse36 clflush mmx fxsr sse sse2 ht syscall nx mmxext fxsr_opt pdpe1gb rdtscp lm constant_tsc rep_good nopl nonstop_tsc cpuid extd_apicid aperfmperf rapl pni pclmulqdq monitor ssse3 fma cx16 sse4_1 sse4_2 movbe popcnt aes xsave avx f16c rdrand lahf_lm cmp_legacy svm extapic cr8_legacy abm sse4a misalignsse 3dnowprefetch osvw skinit wdt tce topoext perfctr_core perfctr_nb bpext perfctr_llc mwaitx cpb hw_pstate ssbd ibpb vmmcall fsgsbase bmi1 avx2 smep bmi2 rdseed adx smap clflushopt sha_ni xsaveopt xsavec xgetbv1 clzero irperf xsaveerptr arat npt lbrv svm_lock nrip_save tsc_scale vmcb_clean flushbyasid decodeassists pausefilter pfthreshold avic v_vmsave_vmload vgif overflow_recov succor smca sev

Online cpus: 0-15
Offline cpus: 
cache level: 1
cache type: Data
cache size: 32K
cache coherency line size: 64
cache level: 1
cache type: Instruction
cache size: 64K
cache coherency line size: 64
cache level: 2
cache type: Unified
cache size: 512K
cache coherency line size: 64
cache level: 3
cache type: Unified
cache size: 8192K
cache coherency line size: 64
BIOS frequency limitation: 3600000
Frequency switch latency (ns): 0
Available cpu frequencies: 3600000 3200000 2200000 
Maximum cpu frequency: 3600000
Minimum cpu frequency: 2200000
Current cpu frequency: 2178711
Available governors: conservative ondemand userspace powersave performance schedutil 
Current governor: schedutil
Core performance/turbo boost: 1

Memory: 4k page, physical 65763428k(33303792k free), swap 1998844k(1998844k free)
Page Sizes: 4k

vm_info: OpenJDK 64-Bit Server VM (fastdebug 22-internal-adhoc.cesar.tortugo-jdk) for linux-amd64 JRE (22-internal-adhoc.cesar.tortugo-jdk), built on 2023-09-30T00:26:44Z by "cesar" with gcc 11.4.0

END.
